[2.120s] Invoking command in '/home/robotica/turtle_bot_2/src/turtle_bot_2': AMENT_PREFIX_PATH=/home/robotica/turtle_bot_2/install/turtlebot_interfaces:${AMENT_PREFIX_PATH} CMAKE_PREFIX_PATH=/home/robotica/turtle_bot_2/install/turtlebot_interfaces LD_LIBRARY_PATH=/home/robotica/turtle_bot_2/install/turtlebot_interfaces/lib:${LD_LIBRARY_PATH} PYTHONPATH=/home/robotica/turtle_bot_2/build/turtle_bot_2/prefix_override:/home/robotica/turtle_bot_2/install/turtle_bot_2/lib/python3.10/site-packages:/home/robotica/turtle_bot_2/install/turtlebot_interfaces/local/lib/python3.10/dist-packages:${PYTHONPATH} /usr/bin/python3 setup.py egg_info --egg-base ../../build/turtle_bot_2 build --build-base /home/robotica/turtle_bot_2/build/turtle_bot_2/build install --record /home/robotica/turtle_bot_2/build/turtle_bot_2/install.log --single-version-externally-managed
[3.148s] running egg_info
[3.152s] writing ../../build/turtle_bot_2/turtle_bot_2.egg-info/PKG-INFO
[3.160s] writing dependency_links to ../../build/turtle_bot_2/turtle_bot_2.egg-info/dependency_links.txt
[3.161s] writing entry points to ../../build/turtle_bot_2/turtle_bot_2.egg-info/entry_points.txt
[3.162s] writing requirements to ../../build/turtle_bot_2/turtle_bot_2.egg-info/requires.txt
[3.163s] writing top-level names to ../../build/turtle_bot_2/turtle_bot_2.egg-info/top_level.txt
[3.178s] reading manifest file '../../build/turtle_bot_2/turtle_bot_2.egg-info/SOURCES.txt'
[3.181s] writing manifest file '../../build/turtle_bot_2/turtle_bot_2.egg-info/SOURCES.txt'
[3.182s] running build
[3.182s] running build_py
[3.182s] copying turtle_bot_2/turtle_bot_interface.py -> /home/robotica/turtle_bot_2/build/turtle_bot_2/build/lib/turtle_bot_2
[3.183s] running install
[3.185s] /usr/lib/python3/dist-packages/setuptools/command/install.py:34: SetuptoolsDeprecationWarning: setup.py install is deprecated. Use build and pip and other standards-based tools.
[3.185s]   warnings.warn(
[3.185s] running install_lib
[3.195s] copying /home/robotica/turtle_bot_2/build/turtle_bot_2/build/lib/turtle_bot_2/turtle_bot_interface.py -> /home/robotica/turtle_bot_2/install/turtle_bot_2/lib/python3.10/site-packages/turtle_bot_2
[3.201s] byte-compiling /home/robotica/turtle_bot_2/install/turtle_bot_2/lib/python3.10/site-packages/turtle_bot_2/turtle_bot_interface.py to turtle_bot_interface.cpython-310.pyc
[3.210s] running install_data
[3.213s] running install_egg_info
[3.221s] removing '/home/robotica/turtle_bot_2/install/turtle_bot_2/lib/python3.10/site-packages/turtle_bot_2-0.0.0-py3.10.egg-info' (and everything under it)
[3.222s] Copying ../../build/turtle_bot_2/turtle_bot_2.egg-info to /home/robotica/turtle_bot_2/install/turtle_bot_2/lib/python3.10/site-packages/turtle_bot_2-0.0.0-py3.10.egg-info
[3.230s] running install_scripts
[3.330s] Installing turtle_bot_interface script to /home/robotica/turtle_bot_2/install/turtle_bot_2/lib/turtle_bot_2
[3.336s] Installing turtle_bot_player script to /home/robotica/turtle_bot_2/install/turtle_bot_2/lib/turtle_bot_2
[3.336s] Installing turtle_bot_teleop script to /home/robotica/turtle_bot_2/install/turtle_bot_2/lib/turtle_bot_2
[3.337s] writing list of installed files to '/home/robotica/turtle_bot_2/build/turtle_bot_2/install.log'
[3.449s] Invoked command in '/home/robotica/turtle_bot_2/src/turtle_bot_2' returned '0': AMENT_PREFIX_PATH=/home/robotica/turtle_bot_2/install/turtlebot_interfaces:${AMENT_PREFIX_PATH} CMAKE_PREFIX_PATH=/home/robotica/turtle_bot_2/install/turtlebot_interfaces LD_LIBRARY_PATH=/home/robotica/turtle_bot_2/install/turtlebot_interfaces/lib:${LD_LIBRARY_PATH} PYTHONPATH=/home/robotica/turtle_bot_2/build/turtle_bot_2/prefix_override:/home/robotica/turtle_bot_2/install/turtle_bot_2/lib/python3.10/site-packages:/home/robotica/turtle_bot_2/install/turtlebot_interfaces/local/lib/python3.10/dist-packages:${PYTHONPATH} /usr/bin/python3 setup.py egg_info --egg-base ../../build/turtle_bot_2 build --build-base /home/robotica/turtle_bot_2/build/turtle_bot_2/build install --record /home/robotica/turtle_bot_2/build/turtle_bot_2/install.log --single-version-externally-managed
