[0.018s] Invoking command in '/home/robotica/Desktop/Taller1/turtle_bot_2/src/build/turtlebot_interfaces': CMAKE_PREFIX_PATH=${CMAKE_PREFIX_PATH}:/home/robotica/Desktop/Taller1/turtle_bot_2/src/install/turtle_bot_2:/opt/ros/humble /usr/bin/cmake --build /home/robotica/Desktop/Taller1/turtle_bot_2/src/build/turtlebot_interfaces -- -j1 -l1
[0.171s] [  9%] Built target turtlebot_interfaces_srv__rosidl_generator_c
[0.197s] [ 19%] Built target turtlebot_interfaces_srv__rosidl_typesupport_introspection_c
[0.231s] [ 29%] Built target turtlebot_interfaces_srv__rosidl_typesupport_c
[0.258s] [ 32%] Built target turtlebot_interfaces_srv__cpp
[0.288s] [ 41%] Built target turtlebot_interfaces_srv__rosidl_typesupport_fastrtps_cpp
[0.346s] [ 51%] Built target turtlebot_interfaces_srv__rosidl_typesupport_introspection_cpp
[0.467s] [ 61%] Built target turtlebot_interfaces_srv__rosidl_typesupport_cpp
[0.642s] [ 70%] Built target turtlebot_interfaces_srv__rosidl_typesupport_fastrtps_c
[0.797s] [ 70%] Built target turtlebot_interfaces_srv
[0.910s] [ 70%] Built target ament_cmake_python_copy_turtlebot_interfaces
[1.391s] running egg_info
[1.394s] writing turtlebot_interfaces.egg-info/PKG-INFO
[1.397s] writing dependency_links to turtlebot_interfaces.egg-info/dependency_links.txt
[1.400s] writing top-level names to turtlebot_interfaces.egg-info/top_level.txt
[1.406s] reading manifest file 'turtlebot_interfaces.egg-info/SOURCES.txt'
[1.409s] writing manifest file 'turtlebot_interfaces.egg-info/SOURCES.txt'
[1.535s] [ 70%] Built target ament_cmake_python_build_turtlebot_interfaces_egg
[1.585s] [ 74%] Built target turtlebot_interfaces_srv__py
[1.610s] [ 80%] Built target turtlebot_interfaces_srv__rosidl_generator_py
[1.658s] [ 87%] Built target turtlebot_interfaces__rosidl_typesupport_fastrtps_c__pyext
[1.694s] [ 93%] Built target turtlebot_interfaces__rosidl_typesupport_introspection_c__pyext
[1.739s] [100%] Built target turtlebot_interfaces__rosidl_typesupport_c__pyext
[1.770s] Invoked command in '/home/robotica/Desktop/Taller1/turtle_bot_2/src/build/turtlebot_interfaces' returned '0': CMAKE_PREFIX_PATH=${CMAKE_PREFIX_PATH}:/home/robotica/Desktop/Taller1/turtle_bot_2/src/install/turtle_bot_2:/opt/ros/humble /usr/bin/cmake --build /home/robotica/Desktop/Taller1/turtle_bot_2/src/build/turtlebot_interfaces -- -j1 -l1
[1.878s] Invoking command in '/home/robotica/Desktop/Taller1/turtle_bot_2/src/build/turtlebot_interfaces': CMAKE_PREFIX_PATH=${CMAKE_PREFIX_PATH}:/home/robotica/Desktop/Taller1/turtle_bot_2/src/install/turtle_bot_2:/opt/ros/humble /usr/bin/cmake --install /home/robotica/Desktop/Taller1/turtle_bot_2/src/build/turtlebot_interfaces
[1.901s] -- Install configuration: ""
[1.904s] -- Up-to-date: /home/robotica/Desktop/Taller1/turtle_bot_2/src/install/turtlebot_interfaces/share/ament_index/resource_index/rosidl_interfaces/turtlebot_interfaces
[1.906s] -- Up-to-date: /home/robotica/Desktop/Taller1/turtle_bot_2/src/install/turtlebot_interfaces/include/turtlebot_interfaces/turtlebot_interfaces
[1.908s] -- Up-to-date: /home/robotica/Desktop/Taller1/turtle_bot_2/src/install/turtlebot_interfaces/include/turtlebot_interfaces/turtlebot_interfaces/srv
[1.908s] -- Up-to-date: /home/robotica/Desktop/Taller1/turtle_bot_2/src/install/turtlebot_interfaces/include/turtlebot_interfaces/turtlebot_interfaces/srv/detail
[1.908s] -- Up-to-date: /home/robotica/Desktop/Taller1/turtle_bot_2/src/install/turtlebot_interfaces/include/turtlebot_interfaces/turtlebot_interfaces/srv/detail/reproducir__struct.h
[1.908s] -- Up-to-date: /home/robotica/Desktop/Taller1/turtle_bot_2/src/install/turtlebot_interfaces/include/turtlebot_interfaces/turtlebot_interfaces/srv/detail/reproducir__functions.h
[1.908s] -- Up-to-date: /home/robotica/Desktop/Taller1/turtle_bot_2/src/install/turtlebot_interfaces/include/turtlebot_interfaces/turtlebot_interfaces/srv/detail/reproducir__functions.c
[1.909s] -- Up-to-date: /home/robotica/Desktop/Taller1/turtle_bot_2/src/install/turtlebot_interfaces/include/turtlebot_interfaces/turtlebot_interfaces/srv/detail/reproducir__type_support.h
[1.909s] -- Up-to-date: /home/robotica/Desktop/Taller1/turtle_bot_2/src/install/turtlebot_interfaces/include/turtlebot_interfaces/turtlebot_interfaces/srv/reproducir.h
[1.910s] -- Up-to-date: /home/robotica/Desktop/Taller1/turtle_bot_2/src/install/turtlebot_interfaces/include/turtlebot_interfaces/turtlebot_interfaces/msg
[1.910s] -- Up-to-date: /home/robotica/Desktop/Taller1/turtle_bot_2/src/install/turtlebot_interfaces/include/turtlebot_interfaces/turtlebot_interfaces/msg/rosidl_generator_c__visibility_control.h
[1.910s] -- Up-to-date: /home/robotica/Desktop/Taller1/turtle_bot_2/src/install/turtlebot_interfaces/share/turtlebot_interfaces/environment/library_path.sh
[1.910s] -- Up-to-date: /home/robotica/Desktop/Taller1/turtle_bot_2/src/install/turtlebot_interfaces/share/turtlebot_interfaces/environment/library_path.dsv
[1.911s] -- Up-to-date: /home/robotica/Desktop/Taller1/turtle_bot_2/src/install/turtlebot_interfaces/lib/libturtlebot_interfaces__rosidl_generator_c.so
[1.914s] -- Up-to-date: /home/robotica/Desktop/Taller1/turtle_bot_2/src/install/turtlebot_interfaces/include/turtlebot_interfaces/turtlebot_interfaces
[1.914s] -- Up-to-date: /home/robotica/Desktop/Taller1/turtle_bot_2/src/install/turtlebot_interfaces/include/turtlebot_interfaces/turtlebot_interfaces/srv
[1.914s] -- Up-to-date: /home/robotica/Desktop/Taller1/turtle_bot_2/src/install/turtlebot_interfaces/include/turtlebot_interfaces/turtlebot_interfaces/srv/detail
[1.914s] -- Up-to-date: /home/robotica/Desktop/Taller1/turtle_bot_2/src/install/turtlebot_interfaces/include/turtlebot_interfaces/turtlebot_interfaces/srv/detail/reproducir__rosidl_typesupport_fastrtps_c.h
[1.914s] -- Up-to-date: /home/robotica/Desktop/Taller1/turtle_bot_2/src/install/turtlebot_interfaces/include/turtlebot_interfaces/turtlebot_interfaces/msg
[1.915s] -- Up-to-date: /home/robotica/Desktop/Taller1/turtle_bot_2/src/install/turtlebot_interfaces/include/turtlebot_interfaces/turtlebot_interfaces/msg/rosidl_typesupport_fastrtps_c__visibility_control.h
[1.915s] -- Up-to-date: /home/robotica/Desktop/Taller1/turtle_bot_2/src/install/turtlebot_interfaces/lib/libturtlebot_interfaces__rosidl_typesupport_fastrtps_c.so
[1.915s] -- Up-to-date: /home/robotica/Desktop/Taller1/turtle_bot_2/src/install/turtlebot_interfaces/include/turtlebot_interfaces/turtlebot_interfaces
[1.916s] -- Up-to-date: /home/robotica/Desktop/Taller1/turtle_bot_2/src/install/turtlebot_interfaces/include/turtlebot_interfaces/turtlebot_interfaces/srv
[1.916s] -- Up-to-date: /home/robotica/Desktop/Taller1/turtle_bot_2/src/install/turtlebot_interfaces/include/turtlebot_interfaces/turtlebot_interfaces/srv/detail
[1.916s] -- Up-to-date: /home/robotica/Desktop/Taller1/turtle_bot_2/src/install/turtlebot_interfaces/include/turtlebot_interfaces/turtlebot_interfaces/srv/detail/reproducir__rosidl_typesupport_introspection_c.h
[1.916s] -- Up-to-date: /home/robotica/Desktop/Taller1/turtle_bot_2/src/install/turtlebot_interfaces/include/turtlebot_interfaces/turtlebot_interfaces/srv/detail/reproducir__type_support.c
[1.916s] -- Up-to-date: /home/robotica/Desktop/Taller1/turtle_bot_2/src/install/turtlebot_interfaces/include/turtlebot_interfaces/turtlebot_interfaces/msg
[1.916s] -- Up-to-date: /home/robotica/Desktop/Taller1/turtle_bot_2/src/install/turtlebot_interfaces/include/turtlebot_interfaces/turtlebot_interfaces/msg/rosidl_typesupport_introspection_c__visibility_control.h
[1.917s] -- Up-to-date: /home/robotica/Desktop/Taller1/turtle_bot_2/src/install/turtlebot_interfaces/lib/libturtlebot_interfaces__rosidl_typesupport_introspection_c.so
[1.917s] -- Up-to-date: /home/robotica/Desktop/Taller1/turtle_bot_2/src/install/turtlebot_interfaces/lib/libturtlebot_interfaces__rosidl_typesupport_c.so
[1.918s] -- Up-to-date: /home/robotica/Desktop/Taller1/turtle_bot_2/src/install/turtlebot_interfaces/include/turtlebot_interfaces/turtlebot_interfaces
[1.918s] -- Up-to-date: /home/robotica/Desktop/Taller1/turtle_bot_2/src/install/turtlebot_interfaces/include/turtlebot_interfaces/turtlebot_interfaces/srv
[1.918s] -- Up-to-date: /home/robotica/Desktop/Taller1/turtle_bot_2/src/install/turtlebot_interfaces/include/turtlebot_interfaces/turtlebot_interfaces/srv/detail
[1.918s] -- Up-to-date: /home/robotica/Desktop/Taller1/turtle_bot_2/src/install/turtlebot_interfaces/include/turtlebot_interfaces/turtlebot_interfaces/srv/detail/reproducir__builder.hpp
[1.918s] -- Up-to-date: /home/robotica/Desktop/Taller1/turtle_bot_2/src/install/turtlebot_interfaces/include/turtlebot_interfaces/turtlebot_interfaces/srv/detail/reproducir__traits.hpp
[1.919s] -- Up-to-date: /home/robotica/Desktop/Taller1/turtle_bot_2/src/install/turtlebot_interfaces/include/turtlebot_interfaces/turtlebot_interfaces/srv/detail/reproducir__struct.hpp
[1.919s] -- Up-to-date: /home/robotica/Desktop/Taller1/turtle_bot_2/src/install/turtlebot_interfaces/include/turtlebot_interfaces/turtlebot_interfaces/srv/reproducir.hpp
[1.919s] -- Up-to-date: /home/robotica/Desktop/Taller1/turtle_bot_2/src/install/turtlebot_interfaces/include/turtlebot_interfaces/turtlebot_interfaces
[1.919s] -- Up-to-date: /home/robotica/Desktop/Taller1/turtle_bot_2/src/install/turtlebot_interfaces/include/turtlebot_interfaces/turtlebot_interfaces/srv
[1.922s] -- Up-to-date: /home/robotica/Desktop/Taller1/turtle_bot_2/src/install/turtlebot_interfaces/include/turtlebot_interfaces/turtlebot_interfaces/srv/detail
[1.922s] -- Up-to-date: /home/robotica/Desktop/Taller1/turtle_bot_2/src/install/turtlebot_interfaces/include/turtlebot_interfaces/turtlebot_interfaces/srv/detail/dds_fastrtps
[1.924s] -- Up-to-date: /home/robotica/Desktop/Taller1/turtle_bot_2/src/install/turtlebot_interfaces/include/turtlebot_interfaces/turtlebot_interfaces/srv/detail/reproducir__rosidl_typesupport_fastrtps_cpp.hpp
[1.942s] -- Up-to-date: /home/robotica/Desktop/Taller1/turtle_bot_2/src/install/turtlebot_interfaces/include/turtlebot_interfaces/turtlebot_interfaces/msg
[1.942s] -- Up-to-date: /home/robotica/Desktop/Taller1/turtle_bot_2/src/install/turtlebot_interfaces/include/turtlebot_interfaces/turtlebot_interfaces/msg/rosidl_typesupport_fastrtps_cpp__visibility_control.h
[1.946s] -- Up-to-date: /home/robotica/Desktop/Taller1/turtle_bot_2/src/install/turtlebot_interfaces/lib/libturtlebot_interfaces__rosidl_typesupport_fastrtps_cpp.so
[1.947s] -- Up-to-date: /home/robotica/Desktop/Taller1/turtle_bot_2/src/install/turtlebot_interfaces/include/turtlebot_interfaces/turtlebot_interfaces
[1.947s] -- Up-to-date: /home/robotica/Desktop/Taller1/turtle_bot_2/src/install/turtlebot_interfaces/include/turtlebot_interfaces/turtlebot_interfaces/srv
[1.947s] -- Up-to-date: /home/robotica/Desktop/Taller1/turtle_bot_2/src/install/turtlebot_interfaces/include/turtlebot_interfaces/turtlebot_interfaces/srv/detail
[1.947s] -- Up-to-date: /home/robotica/Desktop/Taller1/turtle_bot_2/src/install/turtlebot_interfaces/include/turtlebot_interfaces/turtlebot_interfaces/srv/detail/reproducir__rosidl_typesupport_introspection_cpp.hpp
[1.947s] -- Up-to-date: /home/robotica/Desktop/Taller1/turtle_bot_2/src/install/turtlebot_interfaces/include/turtlebot_interfaces/turtlebot_interfaces/srv/detail/reproducir__type_support.cpp
[1.948s] -- Up-to-date: /home/robotica/Desktop/Taller1/turtle_bot_2/src/install/turtlebot_interfaces/lib/libturtlebot_interfaces__rosidl_typesupport_introspection_cpp.so
[1.948s] -- Up-to-date: /home/robotica/Desktop/Taller1/turtle_bot_2/src/install/turtlebot_interfaces/lib/libturtlebot_interfaces__rosidl_typesupport_cpp.so
[1.948s] -- Up-to-date: /home/robotica/Desktop/Taller1/turtle_bot_2/src/install/turtlebot_interfaces/share/turtlebot_interfaces/environment/pythonpath.sh
[1.948s] -- Up-to-date: /home/robotica/Desktop/Taller1/turtle_bot_2/src/install/turtlebot_interfaces/share/turtlebot_interfaces/environment/pythonpath.dsv
[1.948s] -- Up-to-date: /home/robotica/Desktop/Taller1/turtle_bot_2/src/install/turtlebot_interfaces/local/lib/python3.10/dist-packages/turtlebot_interfaces-0.0.0-py3.10.egg-info
[1.949s] -- Installing: /home/robotica/Desktop/Taller1/turtle_bot_2/src/install/turtlebot_interfaces/local/lib/python3.10/dist-packages/turtlebot_interfaces-0.0.0-py3.10.egg-info/SOURCES.txt
[1.949s] -- Installing: /home/robotica/Desktop/Taller1/turtle_bot_2/src/install/turtlebot_interfaces/local/lib/python3.10/dist-packages/turtlebot_interfaces-0.0.0-py3.10.egg-info/PKG-INFO
[1.950s] -- Installing: /home/robotica/Desktop/Taller1/turtle_bot_2/src/install/turtlebot_interfaces/local/lib/python3.10/dist-packages/turtlebot_interfaces-0.0.0-py3.10.egg-info/dependency_links.txt
[1.950s] -- Installing: /home/robotica/Desktop/Taller1/turtle_bot_2/src/install/turtlebot_interfaces/local/lib/python3.10/dist-packages/turtlebot_interfaces-0.0.0-py3.10.egg-info/top_level.txt
[1.950s] -- Up-to-date: /home/robotica/Desktop/Taller1/turtle_bot_2/src/install/turtlebot_interfaces/local/lib/python3.10/dist-packages/turtlebot_interfaces
[1.950s] -- Up-to-date: /home/robotica/Desktop/Taller1/turtle_bot_2/src/install/turtlebot_interfaces/local/lib/python3.10/dist-packages/turtlebot_interfaces/turtlebot_interfaces_s__rosidl_typesupport_c.cpython-310-x86_64-linux-gnu.so
[1.950s] -- Up-to-date: /home/robotica/Desktop/Taller1/turtle_bot_2/src/install/turtlebot_interfaces/local/lib/python3.10/dist-packages/turtlebot_interfaces/_turtlebot_interfaces_s.ep.rosidl_typesupport_introspection_c.c
[1.951s] -- Up-to-date: /home/robotica/Desktop/Taller1/turtle_bot_2/src/install/turtlebot_interfaces/local/lib/python3.10/dist-packages/turtlebot_interfaces/srv
[1.951s] -- Up-to-date: /home/robotica/Desktop/Taller1/turtle_bot_2/src/install/turtlebot_interfaces/local/lib/python3.10/dist-packages/turtlebot_interfaces/srv/_reproducir.py
[1.951s] -- Up-to-date: /home/robotica/Desktop/Taller1/turtle_bot_2/src/install/turtlebot_interfaces/local/lib/python3.10/dist-packages/turtlebot_interfaces/srv/__init__.py
[1.951s] -- Up-to-date: /home/robotica/Desktop/Taller1/turtle_bot_2/src/install/turtlebot_interfaces/local/lib/python3.10/dist-packages/turtlebot_interfaces/srv/_reproducir_s.c
[1.951s] -- Up-to-date: /home/robotica/Desktop/Taller1/turtle_bot_2/src/install/turtlebot_interfaces/local/lib/python3.10/dist-packages/turtlebot_interfaces/libturtlebot_interfaces_srv__rosidl_generator_py.so
[1.951s] -- Up-to-date: /home/robotica/Desktop/Taller1/turtle_bot_2/src/install/turtlebot_interfaces/local/lib/python3.10/dist-packages/turtlebot_interfaces/turtlebot_interfaces_s__rosidl_typesupport_introspection_c.cpython-310-x86_64-linux-gnu.so
[1.952s] -- Up-to-date: /home/robotica/Desktop/Taller1/turtle_bot_2/src/install/turtlebot_interfaces/local/lib/python3.10/dist-packages/turtlebot_interfaces/_turtlebot_interfaces_s.ep.rosidl_typesupport_fastrtps_c.c
[1.952s] -- Up-to-date: /home/robotica/Desktop/Taller1/turtle_bot_2/src/install/turtlebot_interfaces/local/lib/python3.10/dist-packages/turtlebot_interfaces/turtlebot_interfaces_s__rosidl_typesupport_fastrtps_c.cpython-310-x86_64-linux-gnu.so
[1.952s] -- Up-to-date: /home/robotica/Desktop/Taller1/turtle_bot_2/src/install/turtlebot_interfaces/local/lib/python3.10/dist-packages/turtlebot_interfaces/__init__.py
[1.952s] -- Up-to-date: /home/robotica/Desktop/Taller1/turtle_bot_2/src/install/turtlebot_interfaces/local/lib/python3.10/dist-packages/turtlebot_interfaces/_turtlebot_interfaces_s.ep.rosidl_typesupport_c.c
[2.056s] Listing '/home/robotica/Desktop/Taller1/turtle_bot_2/src/install/turtlebot_interfaces/local/lib/python3.10/dist-packages/turtlebot_interfaces'...
[2.057s] Listing '/home/robotica/Desktop/Taller1/turtle_bot_2/src/install/turtlebot_interfaces/local/lib/python3.10/dist-packages/turtlebot_interfaces/srv'...
[2.089s] -- Up-to-date: /home/robotica/Desktop/Taller1/turtle_bot_2/src/install/turtlebot_interfaces/local/lib/python3.10/dist-packages/turtlebot_interfaces/turtlebot_interfaces_s__rosidl_typesupport_fastrtps_c.cpython-310-x86_64-linux-gnu.so
[2.089s] -- Up-to-date: /home/robotica/Desktop/Taller1/turtle_bot_2/src/install/turtlebot_interfaces/local/lib/python3.10/dist-packages/turtlebot_interfaces/turtlebot_interfaces_s__rosidl_typesupport_introspection_c.cpython-310-x86_64-linux-gnu.so
[2.090s] -- Up-to-date: /home/robotica/Desktop/Taller1/turtle_bot_2/src/install/turtlebot_interfaces/local/lib/python3.10/dist-packages/turtlebot_interfaces/turtlebot_interfaces_s__rosidl_typesupport_c.cpython-310-x86_64-linux-gnu.so
[2.091s] -- Up-to-date: /home/robotica/Desktop/Taller1/turtle_bot_2/src/install/turtlebot_interfaces/lib/libturtlebot_interfaces_srv__rosidl_generator_py.so
[2.091s] -- Up-to-date: /home/robotica/Desktop/Taller1/turtle_bot_2/src/install/turtlebot_interfaces/share/turtlebot_interfaces/srv/Reproducir.idl
[2.092s] -- Up-to-date: /home/robotica/Desktop/Taller1/turtle_bot_2/src/install/turtlebot_interfaces/share/turtlebot_interfaces/srv/Reproducir.srv
[2.092s] -- Up-to-date: /home/robotica/Desktop/Taller1/turtle_bot_2/src/install/turtlebot_interfaces/share/turtlebot_interfaces/srv/Reproducir_Request.msg
[2.092s] -- Up-to-date: /home/robotica/Desktop/Taller1/turtle_bot_2/src/install/turtlebot_interfaces/share/turtlebot_interfaces/srv/Reproducir_Response.msg
[2.093s] -- Up-to-date: /home/robotica/Desktop/Taller1/turtle_bot_2/src/install/turtlebot_interfaces/share/ament_index/resource_index/package_run_dependencies/turtlebot_interfaces
[2.093s] -- Up-to-date: /home/robotica/Desktop/Taller1/turtle_bot_2/src/install/turtlebot_interfaces/share/ament_index/resource_index/parent_prefix_path/turtlebot_interfaces
[2.093s] -- Up-to-date: /home/robotica/Desktop/Taller1/turtle_bot_2/src/install/turtlebot_interfaces/share/turtlebot_interfaces/environment/ament_prefix_path.sh
[2.094s] -- Up-to-date: /home/robotica/Desktop/Taller1/turtle_bot_2/src/install/turtlebot_interfaces/share/turtlebot_interfaces/environment/ament_prefix_path.dsv
[2.094s] -- Up-to-date: /home/robotica/Desktop/Taller1/turtle_bot_2/src/install/turtlebot_interfaces/share/turtlebot_interfaces/environment/path.sh
[2.094s] -- Up-to-date: /home/robotica/Desktop/Taller1/turtle_bot_2/src/install/turtlebot_interfaces/share/turtlebot_interfaces/environment/path.dsv
[2.094s] -- Up-to-date: /home/robotica/Desktop/Taller1/turtle_bot_2/src/install/turtlebot_interfaces/share/turtlebot_interfaces/local_setup.bash
[2.095s] -- Up-to-date: /home/robotica/Desktop/Taller1/turtle_bot_2/src/install/turtlebot_interfaces/share/turtlebot_interfaces/local_setup.sh
[2.095s] -- Up-to-date: /home/robotica/Desktop/Taller1/turtle_bot_2/src/install/turtlebot_interfaces/share/turtlebot_interfaces/local_setup.zsh
[2.095s] -- Up-to-date: /home/robotica/Desktop/Taller1/turtle_bot_2/src/install/turtlebot_interfaces/share/turtlebot_interfaces/local_setup.dsv
[2.095s] -- Installing: /home/robotica/Desktop/Taller1/turtle_bot_2/src/install/turtlebot_interfaces/share/turtlebot_interfaces/package.dsv
[2.097s] -- Up-to-date: /home/robotica/Desktop/Taller1/turtle_bot_2/src/install/turtlebot_interfaces/share/ament_index/resource_index/packages/turtlebot_interfaces
[2.098s] -- Up-to-date: /home/robotica/Desktop/Taller1/turtle_bot_2/src/install/turtlebot_interfaces/share/turtlebot_interfaces/cmake/export_turtlebot_interfaces_srv__rosidl_generator_cExport.cmake
[2.098s] -- Up-to-date: /home/robotica/Desktop/Taller1/turtle_bot_2/src/install/turtlebot_interfaces/share/turtlebot_interfaces/cmake/export_turtlebot_interfaces_srv__rosidl_generator_cExport-noconfig.cmake
[2.098s] -- Up-to-date: /home/robotica/Desktop/Taller1/turtle_bot_2/src/install/turtlebot_interfaces/share/turtlebot_interfaces/cmake/export_turtlebot_interfaces_srv__rosidl_typesupport_fastrtps_cExport.cmake
[2.098s] -- Up-to-date: /home/robotica/Desktop/Taller1/turtle_bot_2/src/install/turtlebot_interfaces/share/turtlebot_interfaces/cmake/export_turtlebot_interfaces_srv__rosidl_typesupport_fastrtps_cExport-noconfig.cmake
[2.104s] -- Up-to-date: /home/robotica/Desktop/Taller1/turtle_bot_2/src/install/turtlebot_interfaces/share/turtlebot_interfaces/cmake/turtlebot_interfaces_srv__rosidl_typesupport_introspection_cExport.cmake
[2.106s] -- Up-to-date: /home/robotica/Desktop/Taller1/turtle_bot_2/src/install/turtlebot_interfaces/share/turtlebot_interfaces/cmake/turtlebot_interfaces_srv__rosidl_typesupport_introspection_cExport-noconfig.cmake
[2.106s] -- Up-to-date: /home/robotica/Desktop/Taller1/turtle_bot_2/src/install/turtlebot_interfaces/share/turtlebot_interfaces/cmake/turtlebot_interfaces_srv__rosidl_typesupport_cExport.cmake
[2.106s] -- Up-to-date: /home/robotica/Desktop/Taller1/turtle_bot_2/src/install/turtlebot_interfaces/share/turtlebot_interfaces/cmake/turtlebot_interfaces_srv__rosidl_typesupport_cExport-noconfig.cmake
[2.106s] -- Up-to-date: /home/robotica/Desktop/Taller1/turtle_bot_2/src/install/turtlebot_interfaces/share/turtlebot_interfaces/cmake/export_turtlebot_interfaces_srv__rosidl_generator_cppExport.cmake
[2.111s] -- Up-to-date: /home/robotica/Desktop/Taller1/turtle_bot_2/src/install/turtlebot_interfaces/share/turtlebot_interfaces/cmake/export_turtlebot_interfaces_srv__rosidl_typesupport_fastrtps_cppExport.cmake
[2.111s] -- Up-to-date: /home/robotica/Desktop/Taller1/turtle_bot_2/src/install/turtlebot_interfaces/share/turtlebot_interfaces/cmake/export_turtlebot_interfaces_srv__rosidl_typesupport_fastrtps_cppExport-noconfig.cmake
[2.111s] -- Up-to-date: /home/robotica/Desktop/Taller1/turtle_bot_2/src/install/turtlebot_interfaces/share/turtlebot_interfaces/cmake/turtlebot_interfaces_srv__rosidl_typesupport_introspection_cppExport.cmake
[2.111s] -- Up-to-date: /home/robotica/Desktop/Taller1/turtle_bot_2/src/install/turtlebot_interfaces/share/turtlebot_interfaces/cmake/turtlebot_interfaces_srv__rosidl_typesupport_introspection_cppExport-noconfig.cmake
[2.114s] -- Up-to-date: /home/robotica/Desktop/Taller1/turtle_bot_2/src/install/turtlebot_interfaces/share/turtlebot_interfaces/cmake/turtlebot_interfaces_srv__rosidl_typesupport_cppExport.cmake
[2.115s] -- Up-to-date: /home/robotica/Desktop/Taller1/turtle_bot_2/src/install/turtlebot_interfaces/share/turtlebot_interfaces/cmake/turtlebot_interfaces_srv__rosidl_typesupport_cppExport-noconfig.cmake
[2.115s] -- Up-to-date: /home/robotica/Desktop/Taller1/turtle_bot_2/src/install/turtlebot_interfaces/share/turtlebot_interfaces/cmake/export_turtlebot_interfaces_srv__rosidl_generator_pyExport.cmake
[2.115s] -- Up-to-date: /home/robotica/Desktop/Taller1/turtle_bot_2/src/install/turtlebot_interfaces/share/turtlebot_interfaces/cmake/export_turtlebot_interfaces_srv__rosidl_generator_pyExport-noconfig.cmake
[2.115s] -- Up-to-date: /home/robotica/Desktop/Taller1/turtle_bot_2/src/install/turtlebot_interfaces/share/turtlebot_interfaces/cmake/rosidl_cmake-extras.cmake
[2.115s] -- Up-to-date: /home/robotica/Desktop/Taller1/turtle_bot_2/src/install/turtlebot_interfaces/share/turtlebot_interfaces/cmake/ament_cmake_export_include_directories-extras.cmake
[2.122s] -- Up-to-date: /home/robotica/Desktop/Taller1/turtle_bot_2/src/install/turtlebot_interfaces/share/turtlebot_interfaces/cmake/ament_cmake_export_libraries-extras.cmake
[2.122s] -- Up-to-date: /home/robotica/Desktop/Taller1/turtle_bot_2/src/install/turtlebot_interfaces/share/turtlebot_interfaces/cmake/ament_cmake_export_targets-extras.cmake
[2.123s] -- Up-to-date: /home/robotica/Desktop/Taller1/turtle_bot_2/src/install/turtlebot_interfaces/share/turtlebot_interfaces/cmake/rosidl_cmake_export_typesupport_targets-extras.cmake
[2.126s] -- Up-to-date: /home/robotica/Desktop/Taller1/turtle_bot_2/src/install/turtlebot_interfaces/share/turtlebot_interfaces/cmake/ament_cmake_export_dependencies-extras.cmake
[2.126s] -- Up-to-date: /home/robotica/Desktop/Taller1/turtle_bot_2/src/install/turtlebot_interfaces/share/turtlebot_interfaces/cmake/rosidl_cmake_export_typesupport_libraries-extras.cmake
[2.126s] -- Up-to-date: /home/robotica/Desktop/Taller1/turtle_bot_2/src/install/turtlebot_interfaces/share/turtlebot_interfaces/cmake/turtlebot_interfacesConfig.cmake
[2.127s] -- Up-to-date: /home/robotica/Desktop/Taller1/turtle_bot_2/src/install/turtlebot_interfaces/share/turtlebot_interfaces/cmake/turtlebot_interfacesConfig-version.cmake
[2.127s] -- Up-to-date: /home/robotica/Desktop/Taller1/turtle_bot_2/src/install/turtlebot_interfaces/share/turtlebot_interfaces/package.xml
[2.146s] Invoked command in '/home/robotica/Desktop/Taller1/turtle_bot_2/src/build/turtlebot_interfaces' returned '0': CMAKE_PREFIX_PATH=${CMAKE_PREFIX_PATH}:/home/robotica/Desktop/Taller1/turtle_bot_2/src/install/turtle_bot_2:/opt/ros/humble /usr/bin/cmake --install /home/robotica/Desktop/Taller1/turtle_bot_2/src/build/turtlebot_interfaces
