[5.489s] DEBUG:colcon:Command line arguments: ['/usr/bin/colcon', 'build']
[5.489s] DEBUG:colcon:Parsed command line arguments: Namespace(log_base=None, log_level=None, verb_name='build', build_base='build', install_base='install', merge_install=False, symlink_install=False, test_result_base=None, continue_on_error=False, executor='parallel', parallel_workers=1, event_handlers=None, ignore_user_meta=False, metas=['./colcon.meta'], base_paths=['.'], packages_ignore=None, packages_ignore_regex=None, paths=None, packages_up_to=None, packages_up_to_regex=None, packages_above=None, packages_above_and_dependencies=None, packages_above_depth=None, packages_select_by_dep=None, packages_skip_by_dep=None, packages_skip_up_to=None, packages_select_build_failed=False, packages_skip_build_finished=False, packages_select_test_failures=False, packages_skip_test_passed=False, packages_select=None, packages_skip=None, packages_select_regex=None, packages_skip_regex=None, packages_start=None, packages_end=None, allow_overriding=[], cmake_args=None, cmake_target=None, cmake_target_skip_unavailable=False, cmake_clean_cache=False, cmake_clean_first=False, cmake_force_configure=False, ament_cmake_args=None, catkin_cmake_args=None, catkin_skip_building_tests=False, verb_parser=<colcon_defaults.argument_parser.defaults.DefaultArgumentsDecorator object at 0x7f5ea8e30370>, verb_extension=<colcon_core.verb.build.BuildVerb object at 0x7f5ea976ff40>, main=<bound method BuildVerb.main of <colcon_core.verb.build.BuildVerb object at 0x7f5ea976ff40>>)
[5.793s] Level 1:colcon.colcon_core.package_discovery:discover_packages(colcon_meta) check parameters
[5.793s] Level 1:colcon.colcon_core.package_discovery:discover_packages(recursive) check parameters
[5.793s] Level 1:colcon.colcon_core.package_discovery:discover_packages(ignore) check parameters
[5.793s] Level 1:colcon.colcon_core.package_discovery:discover_packages(path) check parameters
[5.793s] Level 1:colcon.colcon_core.package_discovery:discover_packages(colcon_meta) discover
[5.793s] Level 1:colcon.colcon_core.package_discovery:discover_packages(recursive) discover
[5.793s] INFO:colcon.colcon_core.package_discovery:Crawling recursively for packages in '/home/robotica/Desktop/Taller1/turtle_bot_2/src'
[5.794s] Level 1:colcon.colcon_core.package_identification:_identify(.) by extensions ['ignore', 'ignore_ament_install']
[5.794s] Level 1:colcon.colcon_core.package_identification:_identify(.) by extension 'ignore'
[5.794s] Level 1:colcon.colcon_core.package_identification:_identify(.) by extension 'ignore_ament_install'
[5.794s] Level 1:colcon.colcon_core.package_identification:_identify(.) by extensions ['colcon_pkg']
[5.794s] Level 1:colcon.colcon_core.package_identification:_identify(.) by extension 'colcon_pkg'
[5.794s] Level 1:colcon.colcon_core.package_identification:_identify(.) by extensions ['colcon_meta']
[5.794s] Level 1:colcon.colcon_core.package_identification:_identify(.) by extension 'colcon_meta'
[5.794s] Level 1:colcon.colcon_core.package_identification:_identify(.) by extensions ['ros']
[5.830s] Level 1:colcon.colcon_core.package_identification:_identify(.) by extension 'ros'
[6.220s] Level 1:colcon.colcon_core.package_identification:_identify(.) by extensions ['cmake', 'python']
[6.220s] Level 1:colcon.colcon_core.package_identification:_identify(.) by extension 'cmake'
[6.220s] Level 1:colcon.colcon_core.package_identification:_identify(.) by extension 'python'
[6.220s] Level 1:colcon.colcon_core.package_identification:_identify(.) by extensions ['python_setup_py']
[6.221s] Level 1:colcon.colcon_core.package_identification:_identify(.) by extension 'python_setup_py'
[6.221s] Level 1:colcon.colcon_core.package_identification:_identify(build) by extensions ['ignore', 'ignore_ament_install']
[6.221s] Level 1:colcon.colcon_core.package_identification:_identify(build) by extension 'ignore'
[6.221s] Level 1:colcon.colcon_core.package_identification:_identify(build) ignored
[6.221s] Level 1:colcon.colcon_core.package_identification:_identify(install) by extensions ['ignore', 'ignore_ament_install']
[6.221s] Level 1:colcon.colcon_core.package_identification:_identify(install) by extension 'ignore'
[6.221s] Level 1:colcon.colcon_core.package_identification:_identify(install) ignored
[6.221s] Level 1:colcon.colcon_core.package_identification:_identify(log) by extensions ['ignore', 'ignore_ament_install']
[6.221s] Level 1:colcon.colcon_core.package_identification:_identify(log) by extension 'ignore'
[6.221s] Level 1:colcon.colcon_core.package_identification:_identify(log) ignored
[6.221s] Level 1:colcon.colcon_core.package_identification:_identify(turtle_bot_2) by extensions ['ignore', 'ignore_ament_install']
[6.222s] Level 1:colcon.colcon_core.package_identification:_identify(turtle_bot_2) by extension 'ignore'
[6.222s] Level 1:colcon.colcon_core.package_identification:_identify(turtle_bot_2) by extension 'ignore_ament_install'
[6.222s] Level 1:colcon.colcon_core.package_identification:_identify(turtle_bot_2) by extensions ['colcon_pkg']
[6.222s] Level 1:colcon.colcon_core.package_identification:_identify(turtle_bot_2) by extension 'colcon_pkg'
[6.222s] Level 1:colcon.colcon_core.package_identification:_identify(turtle_bot_2) by extensions ['colcon_meta']
[6.222s] Level 1:colcon.colcon_core.package_identification:_identify(turtle_bot_2) by extension 'colcon_meta'
[6.222s] Level 1:colcon.colcon_core.package_identification:_identify(turtle_bot_2) by extensions ['ros']
[6.254s] Level 1:colcon.colcon_core.package_identification:_identify(turtle_bot_2) by extension 'ros'
[6.314s] DEBUG:colcon.colcon_core.package_identification:Package 'turtle_bot_2' with type 'ros.ament_python' and name 'turtle_bot_2'
[6.314s] Level 1:colcon.colcon_core.package_identification:_identify(turtlebot_interfaces) by extensions ['ignore', 'ignore_ament_install']
[6.314s] Level 1:colcon.colcon_core.package_identification:_identify(turtlebot_interfaces) by extension 'ignore'
[6.314s] Level 1:colcon.colcon_core.package_identification:_identify(turtlebot_interfaces) by extension 'ignore_ament_install'
[6.314s] Level 1:colcon.colcon_core.package_identification:_identify(turtlebot_interfaces) by extensions ['colcon_pkg']
[6.314s] Level 1:colcon.colcon_core.package_identification:_identify(turtlebot_interfaces) by extension 'colcon_pkg'
[6.342s] Level 1:colcon.colcon_core.package_identification:_identify(turtlebot_interfaces) by extensions ['colcon_meta']
[6.342s] Level 1:colcon.colcon_core.package_identification:_identify(turtlebot_interfaces) by extension 'colcon_meta'
[6.342s] Level 1:colcon.colcon_core.package_identification:_identify(turtlebot_interfaces) by extensions ['ros']
[6.342s] Level 1:colcon.colcon_core.package_identification:_identify(turtlebot_interfaces) by extension 'ros'
[6.343s] DEBUG:colcon.colcon_core.package_identification:Package 'turtlebot_interfaces' with type 'ros.ament_cmake' and name 'turtlebot_interfaces'
[6.343s] Level 1:colcon.colcon_core.package_discovery:discover_packages(recursive) using defaults
[6.343s] Level 1:colcon.colcon_core.package_discovery:discover_packages(ignore) discover
[6.343s] Level 1:colcon.colcon_core.package_discovery:discover_packages(ignore) using defaults
[6.343s] Level 1:colcon.colcon_core.package_discovery:discover_packages(path) discover
[6.343s] Level 1:colcon.colcon_core.package_discovery:discover_packages(path) using defaults
[6.789s] Level 1:colcon.colcon_core.package_discovery:discover_packages(prefix_path) check parameters
[6.789s] Level 1:colcon.colcon_core.package_discovery:discover_packages(prefix_path) discover
[6.863s] DEBUG:colcon.colcon_installed_package_information.package_discovery:Found 284 installed packages in /opt/ros/humble
[6.895s] Level 1:colcon.colcon_core.package_discovery:discover_packages(prefix_path) using defaults
[8.317s] Level 5:colcon.colcon_core.verb:set package 'turtlebot_interfaces' build argument 'cmake_args' from command line to 'None'
[8.317s] Level 5:colcon.colcon_core.verb:set package 'turtlebot_interfaces' build argument 'cmake_target' from command line to 'None'
[8.317s] Level 5:colcon.colcon_core.verb:set package 'turtlebot_interfaces' build argument 'cmake_target_skip_unavailable' from command line to 'False'
[8.317s] Level 5:colcon.colcon_core.verb:set package 'turtlebot_interfaces' build argument 'cmake_clean_cache' from command line to 'False'
[8.317s] Level 5:colcon.colcon_core.verb:set package 'turtlebot_interfaces' build argument 'cmake_clean_first' from command line to 'False'
[8.317s] Level 5:colcon.colcon_core.verb:set package 'turtlebot_interfaces' build argument 'cmake_force_configure' from command line to 'False'
[8.317s] Level 5:colcon.colcon_core.verb:set package 'turtlebot_interfaces' build argument 'ament_cmake_args' from command line to 'None'
[8.317s] Level 5:colcon.colcon_core.verb:set package 'turtlebot_interfaces' build argument 'catkin_cmake_args' from command line to 'None'
[8.317s] Level 5:colcon.colcon_core.verb:set package 'turtlebot_interfaces' build argument 'catkin_skip_building_tests' from command line to 'False'
[8.317s] DEBUG:colcon.colcon_core.verb:Building package 'turtlebot_interfaces' with the following arguments: {'ament_cmake_args': None, 'build_base': '/home/robotica/Desktop/Taller1/turtle_bot_2/src/build/turtlebot_interfaces', 'catkin_cmake_args': None, 'catkin_skip_building_tests': False, 'cmake_args': None, 'cmake_clean_cache': False, 'cmake_clean_first': False, 'cmake_force_configure': False, 'cmake_target': None, 'cmake_target_skip_unavailable': False, 'install_base': '/home/robotica/Desktop/Taller1/turtle_bot_2/src/install/turtlebot_interfaces', 'merge_install': False, 'path': '/home/robotica/Desktop/Taller1/turtle_bot_2/src/turtlebot_interfaces', 'symlink_install': False, 'test_result_base': None}
[8.362s] Level 5:colcon.colcon_core.verb:set package 'turtle_bot_2' build argument 'cmake_args' from command line to 'None'
[8.363s] Level 5:colcon.colcon_core.verb:set package 'turtle_bot_2' build argument 'cmake_target' from command line to 'None'
[8.363s] Level 5:colcon.colcon_core.verb:set package 'turtle_bot_2' build argument 'cmake_target_skip_unavailable' from command line to 'False'
[8.363s] Level 5:colcon.colcon_core.verb:set package 'turtle_bot_2' build argument 'cmake_clean_cache' from command line to 'False'
[8.363s] Level 5:colcon.colcon_core.verb:set package 'turtle_bot_2' build argument 'cmake_clean_first' from command line to 'False'
[8.363s] Level 5:colcon.colcon_core.verb:set package 'turtle_bot_2' build argument 'cmake_force_configure' from command line to 'False'
[8.363s] Level 5:colcon.colcon_core.verb:set package 'turtle_bot_2' build argument 'ament_cmake_args' from command line to 'None'
[8.363s] Level 5:colcon.colcon_core.verb:set package 'turtle_bot_2' build argument 'catkin_cmake_args' from command line to 'None'
[8.363s] Level 5:colcon.colcon_core.verb:set package 'turtle_bot_2' build argument 'catkin_skip_building_tests' from command line to 'False'
[8.363s] DEBUG:colcon.colcon_core.verb:Building package 'turtle_bot_2' with the following arguments: {'ament_cmake_args': None, 'build_base': '/home/robotica/Desktop/Taller1/turtle_bot_2/src/build/turtle_bot_2', 'catkin_cmake_args': None, 'catkin_skip_building_tests': False, 'cmake_args': None, 'cmake_clean_cache': False, 'cmake_clean_first': False, 'cmake_force_configure': False, 'cmake_target': None, 'cmake_target_skip_unavailable': False, 'install_base': '/home/robotica/Desktop/Taller1/turtle_bot_2/src/install/turtle_bot_2', 'merge_install': False, 'path': '/home/robotica/Desktop/Taller1/turtle_bot_2/src/turtle_bot_2', 'symlink_install': False, 'test_result_base': None}
[8.364s] INFO:colcon.colcon_core.executor:Executing jobs using 'parallel' executor
[8.418s] DEBUG:colcon.colcon_parallel_executor.executor.parallel:run_until_complete
[8.418s] INFO:colcon.colcon_ros.task.ament_cmake.build:Building ROS package in '/home/robotica/Desktop/Taller1/turtle_bot_2/src/turtlebot_interfaces' with build type 'ament_cmake'
[8.418s] INFO:colcon.colcon_cmake.task.cmake.build:Building CMake package in '/home/robotica/Desktop/Taller1/turtle_bot_2/src/turtlebot_interfaces'
[8.484s] INFO:colcon.colcon_core.plugin_system:Skipping extension 'colcon_core.shell.bat': Not used on non-Windows systems
[8.484s] INFO:colcon.colcon_core.shell:Skip shell extension 'powershell' for command environment: Not usable outside of PowerShell
[8.484s] DEBUG:colcon.colcon_core.shell:Skip shell extension 'dsv' for command environment
[8.639s] DEBUG:colcon.colcon_core.event_handler.log_command:Invoking command in '/home/robotica/Desktop/Taller1/turtle_bot_2/src/build/turtlebot_interfaces': CMAKE_PREFIX_PATH=/opt/ros/humble /usr/bin/cmake --build /home/robotica/Desktop/Taller1/turtle_bot_2/src/build/turtlebot_interfaces -- -j1 -l1
[25.090s] DEBUG:colcon.colcon_core.event_handler.log_command:Invoked command in '/home/robotica/Desktop/Taller1/turtle_bot_2/src/build/turtlebot_interfaces' returned '0': CMAKE_PREFIX_PATH=/opt/ros/humble /usr/bin/cmake --build /home/robotica/Desktop/Taller1/turtle_bot_2/src/build/turtlebot_interfaces -- -j1 -l1
[26.942s] DEBUG:colcon.colcon_core.event_handler.log_command:Invoking command in '/home/robotica/Desktop/Taller1/turtle_bot_2/src/build/turtlebot_interfaces': CMAKE_PREFIX_PATH=/opt/ros/humble /usr/bin/cmake --install /home/robotica/Desktop/Taller1/turtle_bot_2/src/build/turtlebot_interfaces
[28.874s] Level 1:colcon.colcon_core.environment:create_environment_scripts_only(turtlebot_interfaces)
[28.883s] DEBUG:colcon.colcon_core.event_handler.log_command:Invoked command in '/home/robotica/Desktop/Taller1/turtle_bot_2/src/build/turtlebot_interfaces' returned '0': CMAKE_PREFIX_PATH=/opt/ros/humble /usr/bin/cmake --install /home/robotica/Desktop/Taller1/turtle_bot_2/src/build/turtlebot_interfaces
[29.093s] Level 1:colcon.colcon_core.environment:checking '/home/robotica/Desktop/Taller1/turtle_bot_2/src/install/turtlebot_interfaces' for CMake module files
[29.137s] Level 1:colcon.colcon_core.environment:checking '/home/robotica/Desktop/Taller1/turtle_bot_2/src/install/turtlebot_interfaces' for CMake config files
[29.137s] Level 1:colcon.colcon_core.shell:create_environment_hook('turtlebot_interfaces', 'cmake_prefix_path')
[29.181s] INFO:colcon.colcon_core.shell:Creating environment hook '/home/robotica/Desktop/Taller1/turtle_bot_2/src/install/turtlebot_interfaces/share/turtlebot_interfaces/hook/cmake_prefix_path.ps1'
[29.230s] INFO:colcon.colcon_core.shell:Creating environment descriptor '/home/robotica/Desktop/Taller1/turtle_bot_2/src/install/turtlebot_interfaces/share/turtlebot_interfaces/hook/cmake_prefix_path.dsv'
[29.266s] INFO:colcon.colcon_core.shell:Creating environment hook '/home/robotica/Desktop/Taller1/turtle_bot_2/src/install/turtlebot_interfaces/share/turtlebot_interfaces/hook/cmake_prefix_path.sh'
[29.290s] Level 1:colcon.colcon_core.environment:checking '/home/robotica/Desktop/Taller1/turtle_bot_2/src/install/turtlebot_interfaces/lib'
[29.309s] Level 1:colcon.colcon_core.shell:create_environment_hook('turtlebot_interfaces', 'ld_library_path_lib')
[29.366s] INFO:colcon.colcon_core.shell:Creating environment hook '/home/robotica/Desktop/Taller1/turtle_bot_2/src/install/turtlebot_interfaces/share/turtlebot_interfaces/hook/ld_library_path_lib.ps1'
[29.389s] INFO:colcon.colcon_core.shell:Creating environment descriptor '/home/robotica/Desktop/Taller1/turtle_bot_2/src/install/turtlebot_interfaces/share/turtlebot_interfaces/hook/ld_library_path_lib.dsv'
[29.417s] INFO:colcon.colcon_core.shell:Creating environment hook '/home/robotica/Desktop/Taller1/turtle_bot_2/src/install/turtlebot_interfaces/share/turtlebot_interfaces/hook/ld_library_path_lib.sh'
[29.430s] Level 1:colcon.colcon_core.environment:checking '/home/robotica/Desktop/Taller1/turtle_bot_2/src/install/turtlebot_interfaces/bin'
[29.430s] Level 1:colcon.colcon_core.environment:checking '/home/robotica/Desktop/Taller1/turtle_bot_2/src/install/turtlebot_interfaces/lib/pkgconfig/turtlebot_interfaces.pc'
[29.431s] Level 1:colcon.colcon_core.environment:checking '/home/robotica/Desktop/Taller1/turtle_bot_2/src/install/turtlebot_interfaces/lib/python3.10/site-packages'
[29.431s] Level 1:colcon.colcon_core.environment:checking '/home/robotica/Desktop/Taller1/turtle_bot_2/src/install/turtlebot_interfaces/bin'
[29.433s] INFO:colcon.colcon_core.shell:Creating package script '/home/robotica/Desktop/Taller1/turtle_bot_2/src/install/turtlebot_interfaces/share/turtlebot_interfaces/package.ps1'
[29.522s] INFO:colcon.colcon_core.shell:Creating package descriptor '/home/robotica/Desktop/Taller1/turtle_bot_2/src/install/turtlebot_interfaces/share/turtlebot_interfaces/package.dsv'
[29.523s] INFO:colcon.colcon_core.shell:Creating package script '/home/robotica/Desktop/Taller1/turtle_bot_2/src/install/turtlebot_interfaces/share/turtlebot_interfaces/package.sh'
[29.540s] INFO:colcon.colcon_core.shell:Creating package script '/home/robotica/Desktop/Taller1/turtle_bot_2/src/install/turtlebot_interfaces/share/turtlebot_interfaces/package.bash'
[29.594s] INFO:colcon.colcon_core.shell:Creating package script '/home/robotica/Desktop/Taller1/turtle_bot_2/src/install/turtlebot_interfaces/share/turtlebot_interfaces/package.zsh'
[29.595s] Level 1:colcon.colcon_core.environment:create_file_with_runtime_dependencies(/home/robotica/Desktop/Taller1/turtle_bot_2/src/install/turtlebot_interfaces/share/colcon-core/packages/turtlebot_interfaces)
[31.544s] Level 1:colcon.colcon_core.environment:create_environment_scripts_only(turtlebot_interfaces)
[31.598s] Level 1:colcon.colcon_core.environment:checking '/home/robotica/Desktop/Taller1/turtle_bot_2/src/install/turtlebot_interfaces' for CMake module files
[31.607s] Level 1:colcon.colcon_core.environment:checking '/home/robotica/Desktop/Taller1/turtle_bot_2/src/install/turtlebot_interfaces' for CMake config files
[31.607s] Level 1:colcon.colcon_core.shell:create_environment_hook('turtlebot_interfaces', 'cmake_prefix_path')
[31.660s] INFO:colcon.colcon_core.shell:Creating environment hook '/home/robotica/Desktop/Taller1/turtle_bot_2/src/install/turtlebot_interfaces/share/turtlebot_interfaces/hook/cmake_prefix_path.ps1'
[31.661s] INFO:colcon.colcon_core.shell:Creating environment descriptor '/home/robotica/Desktop/Taller1/turtle_bot_2/src/install/turtlebot_interfaces/share/turtlebot_interfaces/hook/cmake_prefix_path.dsv'
[31.736s] INFO:colcon.colcon_core.shell:Creating environment hook '/home/robotica/Desktop/Taller1/turtle_bot_2/src/install/turtlebot_interfaces/share/turtlebot_interfaces/hook/cmake_prefix_path.sh'
[31.824s] Level 1:colcon.colcon_core.environment:checking '/home/robotica/Desktop/Taller1/turtle_bot_2/src/install/turtlebot_interfaces/lib'
[31.846s] Level 1:colcon.colcon_core.shell:create_environment_hook('turtlebot_interfaces', 'ld_library_path_lib')
[31.848s] INFO:colcon.colcon_core.shell:Creating environment hook '/home/robotica/Desktop/Taller1/turtle_bot_2/src/install/turtlebot_interfaces/share/turtlebot_interfaces/hook/ld_library_path_lib.ps1'
[31.910s] INFO:colcon.colcon_core.shell:Creating environment descriptor '/home/robotica/Desktop/Taller1/turtle_bot_2/src/install/turtlebot_interfaces/share/turtlebot_interfaces/hook/ld_library_path_lib.dsv'
[31.915s] INFO:colcon.colcon_core.shell:Creating environment hook '/home/robotica/Desktop/Taller1/turtle_bot_2/src/install/turtlebot_interfaces/share/turtlebot_interfaces/hook/ld_library_path_lib.sh'
[31.951s] Level 1:colcon.colcon_core.environment:checking '/home/robotica/Desktop/Taller1/turtle_bot_2/src/install/turtlebot_interfaces/bin'
[31.951s] Level 1:colcon.colcon_core.environment:checking '/home/robotica/Desktop/Taller1/turtle_bot_2/src/install/turtlebot_interfaces/lib/pkgconfig/turtlebot_interfaces.pc'
[31.951s] Level 1:colcon.colcon_core.environment:checking '/home/robotica/Desktop/Taller1/turtle_bot_2/src/install/turtlebot_interfaces/lib/python3.10/site-packages'
[31.952s] Level 1:colcon.colcon_core.environment:checking '/home/robotica/Desktop/Taller1/turtle_bot_2/src/install/turtlebot_interfaces/bin'
[32.101s] INFO:colcon.colcon_core.shell:Creating package script '/home/robotica/Desktop/Taller1/turtle_bot_2/src/install/turtlebot_interfaces/share/turtlebot_interfaces/package.ps1'
[32.186s] INFO:colcon.colcon_core.shell:Creating package descriptor '/home/robotica/Desktop/Taller1/turtle_bot_2/src/install/turtlebot_interfaces/share/turtlebot_interfaces/package.dsv'
[32.213s] INFO:colcon.colcon_core.shell:Creating package script '/home/robotica/Desktop/Taller1/turtle_bot_2/src/install/turtlebot_interfaces/share/turtlebot_interfaces/package.sh'
[32.235s] INFO:colcon.colcon_core.shell:Creating package script '/home/robotica/Desktop/Taller1/turtle_bot_2/src/install/turtlebot_interfaces/share/turtlebot_interfaces/package.bash'
[32.254s] INFO:colcon.colcon_core.shell:Creating package script '/home/robotica/Desktop/Taller1/turtle_bot_2/src/install/turtlebot_interfaces/share/turtlebot_interfaces/package.zsh'
[32.268s] Level 1:colcon.colcon_core.environment:create_file_with_runtime_dependencies(/home/robotica/Desktop/Taller1/turtle_bot_2/src/install/turtlebot_interfaces/share/colcon-core/packages/turtlebot_interfaces)
[32.297s] INFO:colcon.colcon_ros.task.ament_python.build:Building ROS package in '/home/robotica/Desktop/Taller1/turtle_bot_2/src/turtle_bot_2' with build type 'ament_python'
[32.298s] Level 1:colcon.colcon_core.shell:create_environment_hook('turtle_bot_2', 'ament_prefix_path')
[32.300s] INFO:colcon.colcon_core.shell:Creating environment hook '/home/robotica/Desktop/Taller1/turtle_bot_2/src/install/turtle_bot_2/share/turtle_bot_2/hook/ament_prefix_path.ps1'
[32.343s] INFO:colcon.colcon_core.shell:Creating environment descriptor '/home/robotica/Desktop/Taller1/turtle_bot_2/src/install/turtle_bot_2/share/turtle_bot_2/hook/ament_prefix_path.dsv'
[32.344s] INFO:colcon.colcon_core.shell:Creating environment hook '/home/robotica/Desktop/Taller1/turtle_bot_2/src/install/turtle_bot_2/share/turtle_bot_2/hook/ament_prefix_path.sh'
[32.380s] INFO:colcon.colcon_core.shell:Skip shell extension 'powershell' for command environment: Not usable outside of PowerShell
[32.380s] DEBUG:colcon.colcon_core.shell:Skip shell extension 'dsv' for command environment
[39.139s] INFO:colcon.colcon_core.task.python.build:Building Python package in '/home/robotica/Desktop/Taller1/turtle_bot_2/src/turtle_bot_2'
[39.142s] INFO:colcon.colcon_core.shell:Skip shell extension 'powershell' for command environment: Not usable outside of PowerShell
[39.179s] DEBUG:colcon.colcon_core.shell:Skip shell extension 'dsv' for command environment
[44.057s] DEBUG:colcon.colcon_core.event_handler.log_command:Invoking command in '/home/robotica/Desktop/Taller1/turtle_bot_2/src/turtle_bot_2': AMENT_PREFIX_PATH=/home/robotica/Desktop/Taller1/turtle_bot_2/src/install/turtlebot_interfaces:${AMENT_PREFIX_PATH} CMAKE_PREFIX_PATH=/home/robotica/Desktop/Taller1/turtle_bot_2/src/install/turtlebot_interfaces LD_LIBRARY_PATH=/home/robotica/Desktop/Taller1/turtle_bot_2/src/install/turtlebot_interfaces/lib:${LD_LIBRARY_PATH} PYTHONPATH=/home/robotica/Desktop/Taller1/turtle_bot_2/src/build/turtle_bot_2/prefix_override:/home/robotica/Desktop/Taller1/turtle_bot_2/src/install/turtle_bot_2/lib/python3.10/site-packages:/home/robotica/Desktop/Taller1/turtle_bot_2/src/install/turtlebot_interfaces/local/lib/python3.10/dist-packages:${PYTHONPATH} /usr/bin/python3 setup.py egg_info --egg-base ../build/turtle_bot_2 build --build-base /home/robotica/Desktop/Taller1/turtle_bot_2/src/build/turtle_bot_2/build install --record /home/robotica/Desktop/Taller1/turtle_bot_2/src/build/turtle_bot_2/install.log --single-version-externally-managed
[48.875s] Level 1:colcon.colcon_core.environment:checking '/home/robotica/Desktop/Taller1/turtle_bot_2/src/install/turtle_bot_2' for CMake module files
[48.878s] DEBUG:colcon.colcon_core.event_handler.log_command:Invoked command in '/home/robotica/Desktop/Taller1/turtle_bot_2/src/turtle_bot_2' returned '0': AMENT_PREFIX_PATH=/home/robotica/Desktop/Taller1/turtle_bot_2/src/install/turtlebot_interfaces:${AMENT_PREFIX_PATH} CMAKE_PREFIX_PATH=/home/robotica/Desktop/Taller1/turtle_bot_2/src/install/turtlebot_interfaces LD_LIBRARY_PATH=/home/robotica/Desktop/Taller1/turtle_bot_2/src/install/turtlebot_interfaces/lib:${LD_LIBRARY_PATH} PYTHONPATH=/home/robotica/Desktop/Taller1/turtle_bot_2/src/build/turtle_bot_2/prefix_override:/home/robotica/Desktop/Taller1/turtle_bot_2/src/install/turtle_bot_2/lib/python3.10/site-packages:/home/robotica/Desktop/Taller1/turtle_bot_2/src/install/turtlebot_interfaces/local/lib/python3.10/dist-packages:${PYTHONPATH} /usr/bin/python3 setup.py egg_info --egg-base ../build/turtle_bot_2 build --build-base /home/robotica/Desktop/Taller1/turtle_bot_2/src/build/turtle_bot_2/build install --record /home/robotica/Desktop/Taller1/turtle_bot_2/src/build/turtle_bot_2/install.log --single-version-externally-managed
[48.903s] Level 1:colcon.colcon_core.environment:checking '/home/robotica/Desktop/Taller1/turtle_bot_2/src/install/turtle_bot_2' for CMake config files
[48.903s] Level 1:colcon.colcon_core.environment:checking '/home/robotica/Desktop/Taller1/turtle_bot_2/src/install/turtle_bot_2/lib'
[48.903s] Level 1:colcon.colcon_core.environment:checking '/home/robotica/Desktop/Taller1/turtle_bot_2/src/install/turtle_bot_2/bin'
[48.904s] Level 1:colcon.colcon_core.environment:checking '/home/robotica/Desktop/Taller1/turtle_bot_2/src/install/turtle_bot_2/lib/pkgconfig/turtle_bot_2.pc'
[48.904s] Level 1:colcon.colcon_core.environment:checking '/home/robotica/Desktop/Taller1/turtle_bot_2/src/install/turtle_bot_2/lib/python3.10/site-packages'
[48.904s] Level 1:colcon.colcon_core.shell:create_environment_hook('turtle_bot_2', 'pythonpath')
[48.906s] INFO:colcon.colcon_core.shell:Creating environment hook '/home/robotica/Desktop/Taller1/turtle_bot_2/src/install/turtle_bot_2/share/turtle_bot_2/hook/pythonpath.ps1'
[48.906s] INFO:colcon.colcon_core.shell:Creating environment descriptor '/home/robotica/Desktop/Taller1/turtle_bot_2/src/install/turtle_bot_2/share/turtle_bot_2/hook/pythonpath.dsv'
[48.970s] INFO:colcon.colcon_core.shell:Creating environment hook '/home/robotica/Desktop/Taller1/turtle_bot_2/src/install/turtle_bot_2/share/turtle_bot_2/hook/pythonpath.sh'
[48.976s] Level 1:colcon.colcon_core.environment:checking '/home/robotica/Desktop/Taller1/turtle_bot_2/src/install/turtle_bot_2/bin'
[48.976s] Level 1:colcon.colcon_core.environment:create_environment_scripts_only(turtle_bot_2)
[48.978s] INFO:colcon.colcon_core.shell:Creating package script '/home/robotica/Desktop/Taller1/turtle_bot_2/src/install/turtle_bot_2/share/turtle_bot_2/package.ps1'
[49.039s] INFO:colcon.colcon_core.shell:Creating package descriptor '/home/robotica/Desktop/Taller1/turtle_bot_2/src/install/turtle_bot_2/share/turtle_bot_2/package.dsv'
[49.052s] INFO:colcon.colcon_core.shell:Creating package script '/home/robotica/Desktop/Taller1/turtle_bot_2/src/install/turtle_bot_2/share/turtle_bot_2/package.sh'
[49.067s] INFO:colcon.colcon_core.shell:Creating package script '/home/robotica/Desktop/Taller1/turtle_bot_2/src/install/turtle_bot_2/share/turtle_bot_2/package.bash'
[49.067s] INFO:colcon.colcon_core.shell:Creating package script '/home/robotica/Desktop/Taller1/turtle_bot_2/src/install/turtle_bot_2/share/turtle_bot_2/package.zsh'
[49.082s] Level 1:colcon.colcon_core.environment:create_file_with_runtime_dependencies(/home/robotica/Desktop/Taller1/turtle_bot_2/src/install/turtle_bot_2/share/colcon-core/packages/turtle_bot_2)
[49.110s] DEBUG:colcon.colcon_parallel_executor.executor.parallel:closing loop
[49.116s] DEBUG:colcon.colcon_parallel_executor.executor.parallel:loop closed
[49.116s] DEBUG:colcon.colcon_parallel_executor.executor.parallel:run_until_complete finished with '0'
[49.116s] DEBUG:colcon.colcon_core.event_reactor:joining thread
[49.157s] INFO:colcon.colcon_core.plugin_system:Skipping extension 'colcon_notification.desktop_notification.terminal_notifier': Not used on non-Darwin systems
[49.158s] INFO:colcon.colcon_core.plugin_system:Skipping extension 'colcon_notification.desktop_notification.win32': Not used on non-Windows systems
[49.158s] INFO:colcon.colcon_notification.desktop_notification:Sending desktop notification using 'notify2'
[49.374s] DEBUG:colcon.colcon_core.event_reactor:joined thread
[49.376s] INFO:colcon.colcon_core.shell:Creating prefix script '/home/robotica/Desktop/Taller1/turtle_bot_2/src/install/local_setup.ps1'
[49.388s] INFO:colcon.colcon_core.shell:Creating prefix util module '/home/robotica/Desktop/Taller1/turtle_bot_2/src/install/_local_setup_util_ps1.py'
[49.446s] INFO:colcon.colcon_core.shell:Creating prefix chain script '/home/robotica/Desktop/Taller1/turtle_bot_2/src/install/setup.ps1'
[49.469s] INFO:colcon.colcon_core.shell:Creating prefix script '/home/robotica/Desktop/Taller1/turtle_bot_2/src/install/local_setup.sh'
[49.478s] INFO:colcon.colcon_core.shell:Creating prefix util module '/home/robotica/Desktop/Taller1/turtle_bot_2/src/install/_local_setup_util_sh.py'
[49.479s] INFO:colcon.colcon_core.shell:Creating prefix chain script '/home/robotica/Desktop/Taller1/turtle_bot_2/src/install/setup.sh'
[49.508s] INFO:colcon.colcon_core.shell:Creating prefix script '/home/robotica/Desktop/Taller1/turtle_bot_2/src/install/local_setup.bash'
[49.514s] INFO:colcon.colcon_core.shell:Creating prefix chain script '/home/robotica/Desktop/Taller1/turtle_bot_2/src/install/setup.bash'
[49.516s] INFO:colcon.colcon_core.shell:Creating prefix script '/home/robotica/Desktop/Taller1/turtle_bot_2/src/install/local_setup.zsh'
[49.558s] INFO:colcon.colcon_core.shell:Creating prefix chain script '/home/robotica/Desktop/Taller1/turtle_bot_2/src/install/setup.zsh'
