[0.111s] Invoking command in '/home/robotica/turtle_bot_2/build/turtlebot_interfaces': CMAKE_PREFIX_PATH=/opt/ros/humble /usr/bin/cmake --build /home/robotica/turtle_bot_2/build/turtlebot_interfaces -- -j1 -l1
[0.369s] [  3%] Built target turtlebot_interfaces_srv__cpp
[0.461s] [ 12%] Built target turtlebot_interfaces_srv__rosidl_typesupport_introspection_cpp
[0.563s] [ 22%] Built target turtlebot_interfaces_srv__rosidl_typesupport_cpp
[0.657s] [ 32%] Built target turtlebot_interfaces_srv__rosidl_generator_c
[0.732s] [ 41%] Built target turtlebot_interfaces_srv__rosidl_typesupport_fastrtps_c
[0.771s] [ 51%] Built target turtlebot_interfaces_srv__rosidl_typesupport_introspection_c
[0.810s] [ 61%] Built target turtlebot_interfaces_srv__rosidl_typesupport_c
[0.860s] [ 70%] Built target turtlebot_interfaces_srv__rosidl_typesupport_fastrtps_cpp
[0.898s] [ 70%] Built target turtlebot_interfaces_srv
[0.973s] [ 70%] Built target ament_cmake_python_copy_turtlebot_interfaces
[1.746s] running egg_info
[1.747s] writing turtlebot_interfaces.egg-info/PKG-INFO
[1.748s] writing dependency_links to turtlebot_interfaces.egg-info/dependency_links.txt
[1.753s] writing top-level names to turtlebot_interfaces.egg-info/top_level.txt
[1.760s] reading manifest file 'turtlebot_interfaces.egg-info/SOURCES.txt'
[1.764s] writing manifest file 'turtlebot_interfaces.egg-info/SOURCES.txt'
[1.868s] [ 70%] Built target ament_cmake_python_build_turtlebot_interfaces_egg
[1.944s] [ 74%] Built target turtlebot_interfaces_srv__py
[2.042s] [ 80%] Built target turtlebot_interfaces_srv__rosidl_generator_py
[2.159s] [ 87%] Built target turtlebot_interfaces__rosidl_typesupport_fastrtps_c__pyext
[2.241s] [ 93%] Built target turtlebot_interfaces__rosidl_typesupport_introspection_c__pyext
[2.336s] [100%] Built target turtlebot_interfaces__rosidl_typesupport_c__pyext
[2.373s] Invoked command in '/home/robotica/turtle_bot_2/build/turtlebot_interfaces' returned '0': CMAKE_PREFIX_PATH=/opt/ros/humble /usr/bin/cmake --build /home/robotica/turtle_bot_2/build/turtlebot_interfaces -- -j1 -l1
[2.609s] Invoking command in '/home/robotica/turtle_bot_2/build/turtlebot_interfaces': CMAKE_PREFIX_PATH=/opt/ros/humble /usr/bin/cmake --install /home/robotica/turtle_bot_2/build/turtlebot_interfaces
[2.640s] -- Install configuration: ""
[2.642s] -- Up-to-date: /home/robotica/turtle_bot_2/install/turtlebot_interfaces/share/ament_index/resource_index/rosidl_interfaces/turtlebot_interfaces
[2.642s] -- Up-to-date: /home/robotica/turtle_bot_2/install/turtlebot_interfaces/include/turtlebot_interfaces/turtlebot_interfaces
[2.644s] -- Up-to-date: /home/robotica/turtle_bot_2/install/turtlebot_interfaces/include/turtlebot_interfaces/turtlebot_interfaces/srv
[2.645s] -- Up-to-date: /home/robotica/turtle_bot_2/install/turtlebot_interfaces/include/turtlebot_interfaces/turtlebot_interfaces/srv/detail
[2.645s] -- Up-to-date: /home/robotica/turtle_bot_2/install/turtlebot_interfaces/include/turtlebot_interfaces/turtlebot_interfaces/srv/detail/reproducir__struct.h
[2.645s] -- Up-to-date: /home/robotica/turtle_bot_2/install/turtlebot_interfaces/include/turtlebot_interfaces/turtlebot_interfaces/srv/detail/reproducir__functions.h
[2.645s] -- Up-to-date: /home/robotica/turtle_bot_2/install/turtlebot_interfaces/include/turtlebot_interfaces/turtlebot_interfaces/srv/detail/reproducir__functions.c
[2.646s] -- Up-to-date: /home/robotica/turtle_bot_2/install/turtlebot_interfaces/include/turtlebot_interfaces/turtlebot_interfaces/srv/detail/reproducir__type_support.h
[2.648s] -- Up-to-date: /home/robotica/turtle_bot_2/install/turtlebot_interfaces/include/turtlebot_interfaces/turtlebot_interfaces/srv/reproducir.h
[2.648s] -- Up-to-date: /home/robotica/turtle_bot_2/install/turtlebot_interfaces/include/turtlebot_interfaces/turtlebot_interfaces/msg
[2.648s] -- Up-to-date: /home/robotica/turtle_bot_2/install/turtlebot_interfaces/include/turtlebot_interfaces/turtlebot_interfaces/msg/rosidl_generator_c__visibility_control.h
[2.649s] -- Up-to-date: /home/robotica/turtle_bot_2/install/turtlebot_interfaces/share/turtlebot_interfaces/environment/library_path.sh
[2.649s] -- Up-to-date: /home/robotica/turtle_bot_2/install/turtlebot_interfaces/share/turtlebot_interfaces/environment/library_path.dsv
[2.652s] -- Up-to-date: /home/robotica/turtle_bot_2/install/turtlebot_interfaces/lib/libturtlebot_interfaces__rosidl_generator_c.so
[2.654s] -- Up-to-date: /home/robotica/turtle_bot_2/install/turtlebot_interfaces/include/turtlebot_interfaces/turtlebot_interfaces
[2.654s] -- Up-to-date: /home/robotica/turtle_bot_2/install/turtlebot_interfaces/include/turtlebot_interfaces/turtlebot_interfaces/srv
[2.654s] -- Up-to-date: /home/robotica/turtle_bot_2/install/turtlebot_interfaces/include/turtlebot_interfaces/turtlebot_interfaces/srv/detail
[2.656s] -- Up-to-date: /home/robotica/turtle_bot_2/install/turtlebot_interfaces/include/turtlebot_interfaces/turtlebot_interfaces/srv/detail/reproducir__rosidl_typesupport_fastrtps_c.h
[2.657s] -- Up-to-date: /home/robotica/turtle_bot_2/install/turtlebot_interfaces/include/turtlebot_interfaces/turtlebot_interfaces/msg
[2.658s] -- Up-to-date: /home/robotica/turtle_bot_2/install/turtlebot_interfaces/include/turtlebot_interfaces/turtlebot_interfaces/msg/rosidl_typesupport_fastrtps_c__visibility_control.h
[2.660s] -- Up-to-date: /home/robotica/turtle_bot_2/install/turtlebot_interfaces/lib/libturtlebot_interfaces__rosidl_typesupport_fastrtps_c.so
[2.663s] -- Up-to-date: /home/robotica/turtle_bot_2/install/turtlebot_interfaces/include/turtlebot_interfaces/turtlebot_interfaces
[2.663s] -- Up-to-date: /home/robotica/turtle_bot_2/install/turtlebot_interfaces/include/turtlebot_interfaces/turtlebot_interfaces/srv
[2.663s] -- Up-to-date: /home/robotica/turtle_bot_2/install/turtlebot_interfaces/include/turtlebot_interfaces/turtlebot_interfaces/srv/detail
[2.664s] -- Up-to-date: /home/robotica/turtle_bot_2/install/turtlebot_interfaces/include/turtlebot_interfaces/turtlebot_interfaces/srv/detail/reproducir__rosidl_typesupport_introspection_c.h
[2.664s] -- Up-to-date: /home/robotica/turtle_bot_2/install/turtlebot_interfaces/include/turtlebot_interfaces/turtlebot_interfaces/srv/detail/reproducir__type_support.c
[2.664s] -- Up-to-date: /home/robotica/turtle_bot_2/install/turtlebot_interfaces/include/turtlebot_interfaces/turtlebot_interfaces/msg
[2.666s] -- Up-to-date: /home/robotica/turtle_bot_2/install/turtlebot_interfaces/include/turtlebot_interfaces/turtlebot_interfaces/msg/rosidl_typesupport_introspection_c__visibility_control.h
[2.666s] -- Up-to-date: /home/robotica/turtle_bot_2/install/turtlebot_interfaces/lib/libturtlebot_interfaces__rosidl_typesupport_introspection_c.so
[2.666s] -- Up-to-date: /home/robotica/turtle_bot_2/install/turtlebot_interfaces/lib/libturtlebot_interfaces__rosidl_typesupport_c.so
[2.670s] -- Up-to-date: /home/robotica/turtle_bot_2/install/turtlebot_interfaces/include/turtlebot_interfaces/turtlebot_interfaces
[2.670s] -- Up-to-date: /home/robotica/turtle_bot_2/install/turtlebot_interfaces/include/turtlebot_interfaces/turtlebot_interfaces/srv
[2.671s] -- Up-to-date: /home/robotica/turtle_bot_2/install/turtlebot_interfaces/include/turtlebot_interfaces/turtlebot_interfaces/srv/detail
[2.671s] -- Up-to-date: /home/robotica/turtle_bot_2/install/turtlebot_interfaces/include/turtlebot_interfaces/turtlebot_interfaces/srv/detail/reproducir__builder.hpp
[2.671s] -- Up-to-date: /home/robotica/turtle_bot_2/install/turtlebot_interfaces/include/turtlebot_interfaces/turtlebot_interfaces/srv/detail/reproducir__traits.hpp
[2.676s] -- Up-to-date: /home/robotica/turtle_bot_2/install/turtlebot_interfaces/include/turtlebot_interfaces/turtlebot_interfaces/srv/detail/reproducir__struct.hpp
[2.680s] -- Up-to-date: /home/robotica/turtle_bot_2/install/turtlebot_interfaces/include/turtlebot_interfaces/turtlebot_interfaces/srv/reproducir.hpp
[2.680s] -- Up-to-date: /home/robotica/turtle_bot_2/install/turtlebot_interfaces/include/turtlebot_interfaces/turtlebot_interfaces
[2.681s] -- Up-to-date: /home/robotica/turtle_bot_2/install/turtlebot_interfaces/include/turtlebot_interfaces/turtlebot_interfaces/srv
[2.681s] -- Up-to-date: /home/robotica/turtle_bot_2/install/turtlebot_interfaces/include/turtlebot_interfaces/turtlebot_interfaces/srv/detail
[2.681s] -- Up-to-date: /home/robotica/turtle_bot_2/install/turtlebot_interfaces/include/turtlebot_interfaces/turtlebot_interfaces/srv/detail/dds_fastrtps
[2.681s] -- Up-to-date: /home/robotica/turtle_bot_2/install/turtlebot_interfaces/include/turtlebot_interfaces/turtlebot_interfaces/srv/detail/reproducir__rosidl_typesupport_fastrtps_cpp.hpp
[2.681s] -- Up-to-date: /home/robotica/turtle_bot_2/install/turtlebot_interfaces/include/turtlebot_interfaces/turtlebot_interfaces/msg
[2.681s] -- Up-to-date: /home/robotica/turtle_bot_2/install/turtlebot_interfaces/include/turtlebot_interfaces/turtlebot_interfaces/msg/rosidl_typesupport_fastrtps_cpp__visibility_control.h
[2.682s] -- Up-to-date: /home/robotica/turtle_bot_2/install/turtlebot_interfaces/lib/libturtlebot_interfaces__rosidl_typesupport_fastrtps_cpp.so
[2.682s] -- Up-to-date: /home/robotica/turtle_bot_2/install/turtlebot_interfaces/include/turtlebot_interfaces/turtlebot_interfaces
[2.682s] -- Up-to-date: /home/robotica/turtle_bot_2/install/turtlebot_interfaces/include/turtlebot_interfaces/turtlebot_interfaces/srv
[2.683s] -- Up-to-date: /home/robotica/turtle_bot_2/install/turtlebot_interfaces/include/turtlebot_interfaces/turtlebot_interfaces/srv/detail
[2.683s] -- Up-to-date: /home/robotica/turtle_bot_2/install/turtlebot_interfaces/include/turtlebot_interfaces/turtlebot_interfaces/srv/detail/reproducir__rosidl_typesupport_introspection_cpp.hpp
[2.683s] -- Up-to-date: /home/robotica/turtle_bot_2/install/turtlebot_interfaces/include/turtlebot_interfaces/turtlebot_interfaces/srv/detail/reproducir__type_support.cpp
[2.684s] -- Up-to-date: /home/robotica/turtle_bot_2/install/turtlebot_interfaces/lib/libturtlebot_interfaces__rosidl_typesupport_introspection_cpp.so
[2.688s] -- Up-to-date: /home/robotica/turtle_bot_2/install/turtlebot_interfaces/lib/libturtlebot_interfaces__rosidl_typesupport_cpp.so
[2.692s] -- Up-to-date: /home/robotica/turtle_bot_2/install/turtlebot_interfaces/share/turtlebot_interfaces/environment/pythonpath.sh
[2.692s] -- Up-to-date: /home/robotica/turtle_bot_2/install/turtlebot_interfaces/share/turtlebot_interfaces/environment/pythonpath.dsv
[2.693s] -- Up-to-date: /home/robotica/turtle_bot_2/install/turtlebot_interfaces/local/lib/python3.10/dist-packages/turtlebot_interfaces-0.0.0-py3.10.egg-info
[2.693s] -- Installing: /home/robotica/turtle_bot_2/install/turtlebot_interfaces/local/lib/python3.10/dist-packages/turtlebot_interfaces-0.0.0-py3.10.egg-info/SOURCES.txt
[2.693s] -- Installing: /home/robotica/turtle_bot_2/install/turtlebot_interfaces/local/lib/python3.10/dist-packages/turtlebot_interfaces-0.0.0-py3.10.egg-info/PKG-INFO
[2.693s] -- Installing: /home/robotica/turtle_bot_2/install/turtlebot_interfaces/local/lib/python3.10/dist-packages/turtlebot_interfaces-0.0.0-py3.10.egg-info/dependency_links.txt
[2.694s] -- Installing: /home/robotica/turtle_bot_2/install/turtlebot_interfaces/local/lib/python3.10/dist-packages/turtlebot_interfaces-0.0.0-py3.10.egg-info/top_level.txt
[2.695s] -- Up-to-date: /home/robotica/turtle_bot_2/install/turtlebot_interfaces/local/lib/python3.10/dist-packages/turtlebot_interfaces
[2.695s] -- Up-to-date: /home/robotica/turtle_bot_2/install/turtlebot_interfaces/local/lib/python3.10/dist-packages/turtlebot_interfaces/turtlebot_interfaces_s__rosidl_typesupport_c.cpython-310-x86_64-linux-gnu.so
[2.695s] -- Up-to-date: /home/robotica/turtle_bot_2/install/turtlebot_interfaces/local/lib/python3.10/dist-packages/turtlebot_interfaces/_turtlebot_interfaces_s.ep.rosidl_typesupport_introspection_c.c
[2.696s] -- Up-to-date: /home/robotica/turtle_bot_2/install/turtlebot_interfaces/local/lib/python3.10/dist-packages/turtlebot_interfaces/srv
[2.696s] -- Up-to-date: /home/robotica/turtle_bot_2/install/turtlebot_interfaces/local/lib/python3.10/dist-packages/turtlebot_interfaces/srv/_reproducir.py
[2.696s] -- Up-to-date: /home/robotica/turtle_bot_2/install/turtlebot_interfaces/local/lib/python3.10/dist-packages/turtlebot_interfaces/srv/__init__.py
[2.698s] -- Up-to-date: /home/robotica/turtle_bot_2/install/turtlebot_interfaces/local/lib/python3.10/dist-packages/turtlebot_interfaces/srv/_reproducir_s.c
[2.698s] -- Up-to-date: /home/robotica/turtle_bot_2/install/turtlebot_interfaces/local/lib/python3.10/dist-packages/turtlebot_interfaces/libturtlebot_interfaces_srv__rosidl_generator_py.so
[2.698s] -- Up-to-date: /home/robotica/turtle_bot_2/install/turtlebot_interfaces/local/lib/python3.10/dist-packages/turtlebot_interfaces/turtlebot_interfaces_s__rosidl_typesupport_introspection_c.cpython-310-x86_64-linux-gnu.so
[2.699s] -- Up-to-date: /home/robotica/turtle_bot_2/install/turtlebot_interfaces/local/lib/python3.10/dist-packages/turtlebot_interfaces/_turtlebot_interfaces_s.ep.rosidl_typesupport_fastrtps_c.c
[2.700s] -- Up-to-date: /home/robotica/turtle_bot_2/install/turtlebot_interfaces/local/lib/python3.10/dist-packages/turtlebot_interfaces/turtlebot_interfaces_s__rosidl_typesupport_fastrtps_c.cpython-310-x86_64-linux-gnu.so
[2.700s] -- Up-to-date: /home/robotica/turtle_bot_2/install/turtlebot_interfaces/local/lib/python3.10/dist-packages/turtlebot_interfaces/__init__.py
[2.700s] -- Up-to-date: /home/robotica/turtle_bot_2/install/turtlebot_interfaces/local/lib/python3.10/dist-packages/turtlebot_interfaces/_turtlebot_interfaces_s.ep.rosidl_typesupport_c.c
[2.829s] Listing '/home/robotica/turtle_bot_2/install/turtlebot_interfaces/local/lib/python3.10/dist-packages/turtlebot_interfaces'...
[2.830s] Listing '/home/robotica/turtle_bot_2/install/turtlebot_interfaces/local/lib/python3.10/dist-packages/turtlebot_interfaces/srv'...
[2.844s] -- Up-to-date: /home/robotica/turtle_bot_2/install/turtlebot_interfaces/local/lib/python3.10/dist-packages/turtlebot_interfaces/turtlebot_interfaces_s__rosidl_typesupport_fastrtps_c.cpython-310-x86_64-linux-gnu.so
[2.846s] -- Up-to-date: /home/robotica/turtle_bot_2/install/turtlebot_interfaces/local/lib/python3.10/dist-packages/turtlebot_interfaces/turtlebot_interfaces_s__rosidl_typesupport_introspection_c.cpython-310-x86_64-linux-gnu.so
[2.849s] -- Up-to-date: /home/robotica/turtle_bot_2/install/turtlebot_interfaces/local/lib/python3.10/dist-packages/turtlebot_interfaces/turtlebot_interfaces_s__rosidl_typesupport_c.cpython-310-x86_64-linux-gnu.so
[2.850s] -- Up-to-date: /home/robotica/turtle_bot_2/install/turtlebot_interfaces/lib/libturtlebot_interfaces_srv__rosidl_generator_py.so
[2.852s] -- Up-to-date: /home/robotica/turtle_bot_2/install/turtlebot_interfaces/share/turtlebot_interfaces/srv/Reproducir.idl
[2.852s] -- Up-to-date: /home/robotica/turtle_bot_2/install/turtlebot_interfaces/share/turtlebot_interfaces/srv/Reproducir.srv
[2.857s] -- Up-to-date: /home/robotica/turtle_bot_2/install/turtlebot_interfaces/share/turtlebot_interfaces/srv/Reproducir_Request.msg
[2.857s] -- Up-to-date: /home/robotica/turtle_bot_2/install/turtlebot_interfaces/share/turtlebot_interfaces/srv/Reproducir_Response.msg
[2.858s] -- Up-to-date: /home/robotica/turtle_bot_2/install/turtlebot_interfaces/share/ament_index/resource_index/package_run_dependencies/turtlebot_interfaces
[2.858s] -- Up-to-date: /home/robotica/turtle_bot_2/install/turtlebot_interfaces/share/ament_index/resource_index/parent_prefix_path/turtlebot_interfaces
[2.860s] -- Up-to-date: /home/robotica/turtle_bot_2/install/turtlebot_interfaces/share/turtlebot_interfaces/environment/ament_prefix_path.sh
[2.860s] -- Up-to-date: /home/robotica/turtle_bot_2/install/turtlebot_interfaces/share/turtlebot_interfaces/environment/ament_prefix_path.dsv
[2.860s] -- Up-to-date: /home/robotica/turtle_bot_2/install/turtlebot_interfaces/share/turtlebot_interfaces/environment/path.sh
[2.861s] -- Up-to-date: /home/robotica/turtle_bot_2/install/turtlebot_interfaces/share/turtlebot_interfaces/environment/path.dsv
[2.864s] -- Up-to-date: /home/robotica/turtle_bot_2/install/turtlebot_interfaces/share/turtlebot_interfaces/local_setup.bash
[2.865s] -- Up-to-date: /home/robotica/turtle_bot_2/install/turtlebot_interfaces/share/turtlebot_interfaces/local_setup.sh
[2.866s] -- Up-to-date: /home/robotica/turtle_bot_2/install/turtlebot_interfaces/share/turtlebot_interfaces/local_setup.zsh
[2.867s] -- Up-to-date: /home/robotica/turtle_bot_2/install/turtlebot_interfaces/share/turtlebot_interfaces/local_setup.dsv
[2.869s] -- Installing: /home/robotica/turtle_bot_2/install/turtlebot_interfaces/share/turtlebot_interfaces/package.dsv
[2.872s] -- Up-to-date: /home/robotica/turtle_bot_2/install/turtlebot_interfaces/share/ament_index/resource_index/packages/turtlebot_interfaces
[2.875s] -- Up-to-date: /home/robotica/turtle_bot_2/install/turtlebot_interfaces/share/turtlebot_interfaces/cmake/export_turtlebot_interfaces_srv__rosidl_generator_cExport.cmake
[2.879s] -- Up-to-date: /home/robotica/turtle_bot_2/install/turtlebot_interfaces/share/turtlebot_interfaces/cmake/export_turtlebot_interfaces_srv__rosidl_generator_cExport-noconfig.cmake
[2.884s] -- Up-to-date: /home/robotica/turtle_bot_2/install/turtlebot_interfaces/share/turtlebot_interfaces/cmake/export_turtlebot_interfaces_srv__rosidl_typesupport_fastrtps_cExport.cmake
[2.887s] -- Up-to-date: /home/robotica/turtle_bot_2/install/turtlebot_interfaces/share/turtlebot_interfaces/cmake/export_turtlebot_interfaces_srv__rosidl_typesupport_fastrtps_cExport-noconfig.cmake
[2.890s] -- Up-to-date: /home/robotica/turtle_bot_2/install/turtlebot_interfaces/share/turtlebot_interfaces/cmake/turtlebot_interfaces_srv__rosidl_typesupport_introspection_cExport.cmake
[2.894s] -- Up-to-date: /home/robotica/turtle_bot_2/install/turtlebot_interfaces/share/turtlebot_interfaces/cmake/turtlebot_interfaces_srv__rosidl_typesupport_introspection_cExport-noconfig.cmake
[2.894s] -- Up-to-date: /home/robotica/turtle_bot_2/install/turtlebot_interfaces/share/turtlebot_interfaces/cmake/turtlebot_interfaces_srv__rosidl_typesupport_cExport.cmake
[2.894s] -- Up-to-date: /home/robotica/turtle_bot_2/install/turtlebot_interfaces/share/turtlebot_interfaces/cmake/turtlebot_interfaces_srv__rosidl_typesupport_cExport-noconfig.cmake
[2.901s] -- Up-to-date: /home/robotica/turtle_bot_2/install/turtlebot_interfaces/share/turtlebot_interfaces/cmake/export_turtlebot_interfaces_srv__rosidl_generator_cppExport.cmake
[2.901s] -- Up-to-date: /home/robotica/turtle_bot_2/install/turtlebot_interfaces/share/turtlebot_interfaces/cmake/export_turtlebot_interfaces_srv__rosidl_typesupport_fastrtps_cppExport.cmake
[2.901s] -- Up-to-date: /home/robotica/turtle_bot_2/install/turtlebot_interfaces/share/turtlebot_interfaces/cmake/export_turtlebot_interfaces_srv__rosidl_typesupport_fastrtps_cppExport-noconfig.cmake
[2.905s] -- Up-to-date: /home/robotica/turtle_bot_2/install/turtlebot_interfaces/share/turtlebot_interfaces/cmake/turtlebot_interfaces_srv__rosidl_typesupport_introspection_cppExport.cmake
[2.911s] -- Up-to-date: /home/robotica/turtle_bot_2/install/turtlebot_interfaces/share/turtlebot_interfaces/cmake/turtlebot_interfaces_srv__rosidl_typesupport_introspection_cppExport-noconfig.cmake
[2.911s] -- Up-to-date: /home/robotica/turtle_bot_2/install/turtlebot_interfaces/share/turtlebot_interfaces/cmake/turtlebot_interfaces_srv__rosidl_typesupport_cppExport.cmake
[2.911s] -- Up-to-date: /home/robotica/turtle_bot_2/install/turtlebot_interfaces/share/turtlebot_interfaces/cmake/turtlebot_interfaces_srv__rosidl_typesupport_cppExport-noconfig.cmake
[2.920s] -- Up-to-date: /home/robotica/turtle_bot_2/install/turtlebot_interfaces/share/turtlebot_interfaces/cmake/export_turtlebot_interfaces_srv__rosidl_generator_pyExport.cmake
[2.920s] -- Up-to-date: /home/robotica/turtle_bot_2/install/turtlebot_interfaces/share/turtlebot_interfaces/cmake/export_turtlebot_interfaces_srv__rosidl_generator_pyExport-noconfig.cmake
[2.920s] -- Up-to-date: /home/robotica/turtle_bot_2/install/turtlebot_interfaces/share/turtlebot_interfaces/cmake/rosidl_cmake-extras.cmake
[2.923s] -- Up-to-date: /home/robotica/turtle_bot_2/install/turtlebot_interfaces/share/turtlebot_interfaces/cmake/ament_cmake_export_include_directories-extras.cmake
[2.923s] -- Up-to-date: /home/robotica/turtle_bot_2/install/turtlebot_interfaces/share/turtlebot_interfaces/cmake/ament_cmake_export_libraries-extras.cmake
[2.923s] -- Up-to-date: /home/robotica/turtle_bot_2/install/turtlebot_interfaces/share/turtlebot_interfaces/cmake/ament_cmake_export_targets-extras.cmake
[2.923s] -- Up-to-date: /home/robotica/turtle_bot_2/install/turtlebot_interfaces/share/turtlebot_interfaces/cmake/rosidl_cmake_export_typesupport_targets-extras.cmake
[2.923s] -- Up-to-date: /home/robotica/turtle_bot_2/install/turtlebot_interfaces/share/turtlebot_interfaces/cmake/ament_cmake_export_dependencies-extras.cmake
[2.932s] -- Up-to-date: /home/robotica/turtle_bot_2/install/turtlebot_interfaces/share/turtlebot_interfaces/cmake/rosidl_cmake_export_typesupport_libraries-extras.cmake
[2.964s] -- Up-to-date: /home/robotica/turtle_bot_2/install/turtlebot_interfaces/share/turtlebot_interfaces/cmake/turtlebot_interfacesConfig.cmake
[2.966s] -- Up-to-date: /home/robotica/turtle_bot_2/install/turtlebot_interfaces/share/turtlebot_interfaces/cmake/turtlebot_interfacesConfig-version.cmake
[2.966s] -- Up-to-date: /home/robotica/turtle_bot_2/install/turtlebot_interfaces/share/turtlebot_interfaces/package.xml
[2.969s] Invoked command in '/home/robotica/turtle_bot_2/build/turtlebot_interfaces' returned '0': CMAKE_PREFIX_PATH=/opt/ros/humble /usr/bin/cmake --install /home/robotica/turtle_bot_2/build/turtlebot_interfaces
