/home/robotica/Desktop/Taller1/turtle_bot_2/src/install/turtle_bot_2/lib/python3.10/site-packages/turtle_bot_2/turtle_bot_player.py
/home/robotica/Desktop/Taller1/turtle_bot_2/src/install/turtle_bot_2/lib/python3.10/site-packages/turtle_bot_2/turtle_bot_interface.py
/home/robotica/Desktop/Taller1/turtle_bot_2/src/install/turtle_bot_2/lib/python3.10/site-packages/turtle_bot_2/__init__.py
/home/robotica/Desktop/Taller1/turtle_bot_2/src/install/turtle_bot_2/lib/python3.10/site-packages/turtle_bot_2/turtle_bot_teleop.py
/home/robotica/Desktop/Taller1/turtle_bot_2/src/install/turtle_bot_2/lib/python3.10/site-packages/turtle_bot_2/__pycache__/turtle_bot_player.cpython-310.pyc
/home/robotica/Desktop/Taller1/turtle_bot_2/src/install/turtle_bot_2/lib/python3.10/site-packages/turtle_bot_2/__pycache__/turtle_bot_interface.cpython-310.pyc
/home/robotica/Desktop/Taller1/turtle_bot_2/src/install/turtle_bot_2/lib/python3.10/site-packages/turtle_bot_2/__pycache__/__init__.cpython-310.pyc
/home/robotica/Desktop/Taller1/turtle_bot_2/src/install/turtle_bot_2/lib/python3.10/site-packages/turtle_bot_2/__pycache__/turtle_bot_teleop.cpython-310.pyc
/home/robotica/Desktop/Taller1/turtle_bot_2/src/install/turtle_bot_2/share/ament_index/resource_index/packages/turtle_bot_2
/home/robotica/Desktop/Taller1/turtle_bot_2/src/install/turtle_bot_2/share/turtle_bot_2/package.xml
/home/robotica/Desktop/Taller1/turtle_bot_2/src/install/turtle_bot_2/lib/python3.10/site-packages/turtle_bot_2-0.0.0-py3.10.egg-info/SOURCES.txt
/home/robotica/Desktop/Taller1/turtle_bot_2/src/install/turtle_bot_2/lib/python3.10/site-packages/turtle_bot_2-0.0.0-py3.10.egg-info/PKG-INFO
/home/robotica/Desktop/Taller1/turtle_bot_2/src/install/turtle_bot_2/lib/python3.10/site-packages/turtle_bot_2-0.0.0-py3.10.egg-info/entry_points.txt
/home/robotica/Desktop/Taller1/turtle_bot_2/src/install/turtle_bot_2/lib/python3.10/site-packages/turtle_bot_2-0.0.0-py3.10.egg-info/zip-safe
/home/robotica/Desktop/Taller1/turtle_bot_2/src/install/turtle_bot_2/lib/python3.10/site-packages/turtle_bot_2-0.0.0-py3.10.egg-info/dependency_links.txt
/home/robotica/Desktop/Taller1/turtle_bot_2/src/install/turtle_bot_2/lib/python3.10/site-packages/turtle_bot_2-0.0.0-py3.10.egg-info/requires.txt
/home/robotica/Desktop/Taller1/turtle_bot_2/src/install/turtle_bot_2/lib/python3.10/site-packages/turtle_bot_2-0.0.0-py3.10.egg-info/top_level.txt
/home/robotica/Desktop/Taller1/turtle_bot_2/src/install/turtle_bot_2/lib/turtle_bot_2/turtle_bot_interface
/home/robotica/Desktop/Taller1/turtle_bot_2/src/install/turtle_bot_2/lib/turtle_bot_2/turtle_bot_player
/home/robotica/Desktop/Taller1/turtle_bot_2/src/install/turtle_bot_2/lib/turtle_bot_2/turtle_bot_teleop
