[0.435s] DEBUG:colcon:Command line arguments: ['/usr/bin/colcon', 'build']
[0.435s] DEBUG:colcon:Parsed command line arguments: Namespace(log_base=None, log_level=None, verb_name='build', build_base='build', install_base='install', merge_install=False, symlink_install=False, test_result_base=None, continue_on_error=False, executor='parallel', parallel_workers=1, event_handlers=None, ignore_user_meta=False, metas=['./colcon.meta'], base_paths=['.'], packages_ignore=None, packages_ignore_regex=None, paths=None, packages_up_to=None, packages_up_to_regex=None, packages_above=None, packages_above_and_dependencies=None, packages_above_depth=None, packages_select_by_dep=None, packages_skip_by_dep=None, packages_skip_up_to=None, packages_select_build_failed=False, packages_skip_build_finished=False, packages_select_test_failures=False, packages_skip_test_passed=False, packages_select=None, packages_skip=None, packages_select_regex=None, packages_skip_regex=None, packages_start=None, packages_end=None, allow_overriding=[], cmake_args=None, cmake_target=None, cmake_target_skip_unavailable=False, cmake_clean_cache=False, cmake_clean_first=False, cmake_force_configure=False, ament_cmake_args=None, catkin_cmake_args=None, catkin_skip_building_tests=False, verb_parser=<colcon_defaults.argument_parser.defaults.DefaultArgumentsDecorator object at 0x7f3478233b20>, verb_extension=<colcon_core.verb.build.BuildVerb object at 0x7f3478b97640>, main=<bound method BuildVerb.main of <colcon_core.verb.build.BuildVerb object at 0x7f3478b97640>>)
[0.462s] Level 1:colcon.colcon_core.package_discovery:discover_packages(colcon_meta) check parameters
[0.462s] Level 1:colcon.colcon_core.package_discovery:discover_packages(recursive) check parameters
[0.463s] Level 1:colcon.colcon_core.package_discovery:discover_packages(ignore) check parameters
[0.463s] Level 1:colcon.colcon_core.package_discovery:discover_packages(path) check parameters
[0.463s] Level 1:colcon.colcon_core.package_discovery:discover_packages(colcon_meta) discover
[0.464s] Level 1:colcon.colcon_core.package_discovery:discover_packages(recursive) discover
[0.464s] INFO:colcon.colcon_core.package_discovery:Crawling recursively for packages in '/home/robotica/Desktop/Taller1/turtle_bot_2/src'
[0.464s] Level 1:colcon.colcon_core.package_identification:_identify(.) by extensions ['ignore', 'ignore_ament_install']
[0.465s] Level 1:colcon.colcon_core.package_identification:_identify(.) by extension 'ignore'
[0.465s] Level 1:colcon.colcon_core.package_identification:_identify(.) by extension 'ignore_ament_install'
[0.465s] Level 1:colcon.colcon_core.package_identification:_identify(.) by extensions ['colcon_pkg']
[0.466s] Level 1:colcon.colcon_core.package_identification:_identify(.) by extension 'colcon_pkg'
[0.466s] Level 1:colcon.colcon_core.package_identification:_identify(.) by extensions ['colcon_meta']
[0.466s] Level 1:colcon.colcon_core.package_identification:_identify(.) by extension 'colcon_meta'
[0.467s] Level 1:colcon.colcon_core.package_identification:_identify(.) by extensions ['ros']
[0.467s] Level 1:colcon.colcon_core.package_identification:_identify(.) by extension 'ros'
[0.515s] Level 1:colcon.colcon_core.package_identification:_identify(.) by extensions ['cmake', 'python']
[0.516s] Level 1:colcon.colcon_core.package_identification:_identify(.) by extension 'cmake'
[0.516s] Level 1:colcon.colcon_core.package_identification:_identify(.) by extension 'python'
[0.517s] Level 1:colcon.colcon_core.package_identification:_identify(.) by extensions ['python_setup_py']
[0.517s] Level 1:colcon.colcon_core.package_identification:_identify(.) by extension 'python_setup_py'
[0.517s] Level 1:colcon.colcon_core.package_identification:_identify(build) by extensions ['ignore', 'ignore_ament_install']
[0.518s] Level 1:colcon.colcon_core.package_identification:_identify(build) by extension 'ignore'
[0.518s] Level 1:colcon.colcon_core.package_identification:_identify(build) ignored
[0.518s] Level 1:colcon.colcon_core.package_identification:_identify(install) by extensions ['ignore', 'ignore_ament_install']
[0.519s] Level 1:colcon.colcon_core.package_identification:_identify(install) by extension 'ignore'
[0.519s] Level 1:colcon.colcon_core.package_identification:_identify(install) ignored
[0.519s] Level 1:colcon.colcon_core.package_identification:_identify(log) by extensions ['ignore', 'ignore_ament_install']
[0.520s] Level 1:colcon.colcon_core.package_identification:_identify(log) by extension 'ignore'
[0.520s] Level 1:colcon.colcon_core.package_identification:_identify(log) ignored
[0.520s] Level 1:colcon.colcon_core.package_identification:_identify(turtle_bot_2) by extensions ['ignore', 'ignore_ament_install']
[0.521s] Level 1:colcon.colcon_core.package_identification:_identify(turtle_bot_2) by extension 'ignore'
[0.521s] Level 1:colcon.colcon_core.package_identification:_identify(turtle_bot_2) by extension 'ignore_ament_install'
[0.521s] Level 1:colcon.colcon_core.package_identification:_identify(turtle_bot_2) by extensions ['colcon_pkg']
[0.522s] Level 1:colcon.colcon_core.package_identification:_identify(turtle_bot_2) by extension 'colcon_pkg'
[0.522s] Level 1:colcon.colcon_core.package_identification:_identify(turtle_bot_2) by extensions ['colcon_meta']
[0.522s] Level 1:colcon.colcon_core.package_identification:_identify(turtle_bot_2) by extension 'colcon_meta'
[0.522s] Level 1:colcon.colcon_core.package_identification:_identify(turtle_bot_2) by extensions ['ros']
[0.522s] Level 1:colcon.colcon_core.package_identification:_identify(turtle_bot_2) by extension 'ros'
[0.525s] DEBUG:colcon.colcon_core.package_identification:Package 'turtle_bot_2' with type 'ros.ament_python' and name 'turtle_bot_2'
[0.526s] Level 1:colcon.colcon_core.package_identification:_identify(turtlebot_interfaces) by extensions ['ignore', 'ignore_ament_install']
[0.526s] Level 1:colcon.colcon_core.package_identification:_identify(turtlebot_interfaces) by extension 'ignore'
[0.527s] Level 1:colcon.colcon_core.package_identification:_identify(turtlebot_interfaces) by extension 'ignore_ament_install'
[0.527s] Level 1:colcon.colcon_core.package_identification:_identify(turtlebot_interfaces) by extensions ['colcon_pkg']
[0.527s] Level 1:colcon.colcon_core.package_identification:_identify(turtlebot_interfaces) by extension 'colcon_pkg'
[0.528s] Level 1:colcon.colcon_core.package_identification:_identify(turtlebot_interfaces) by extensions ['colcon_meta']
[0.528s] Level 1:colcon.colcon_core.package_identification:_identify(turtlebot_interfaces) by extension 'colcon_meta'
[0.528s] Level 1:colcon.colcon_core.package_identification:_identify(turtlebot_interfaces) by extensions ['ros']
[0.529s] Level 1:colcon.colcon_core.package_identification:_identify(turtlebot_interfaces) by extension 'ros'
[0.530s] DEBUG:colcon.colcon_core.package_identification:Package 'turtlebot_interfaces' with type 'ros.ament_cmake' and name 'turtlebot_interfaces'
[0.530s] Level 1:colcon.colcon_core.package_discovery:discover_packages(recursive) using defaults
[0.530s] Level 1:colcon.colcon_core.package_discovery:discover_packages(ignore) discover
[0.531s] Level 1:colcon.colcon_core.package_discovery:discover_packages(ignore) using defaults
[0.531s] Level 1:colcon.colcon_core.package_discovery:discover_packages(path) discover
[0.531s] Level 1:colcon.colcon_core.package_discovery:discover_packages(path) using defaults
[0.563s] Level 1:colcon.colcon_core.package_discovery:discover_packages(prefix_path) check parameters
[0.564s] Level 1:colcon.colcon_core.package_discovery:discover_packages(prefix_path) discover
[0.568s] DEBUG:colcon.colcon_installed_package_information.package_discovery:Found 2 installed packages in /home/robotica/Desktop/Taller1/turtle_bot_2/src/install
[0.571s] DEBUG:colcon.colcon_installed_package_information.package_discovery:Found 284 installed packages in /opt/ros/humble
[0.574s] Level 1:colcon.colcon_core.package_discovery:discover_packages(prefix_path) using defaults
[0.718s] Level 5:colcon.colcon_core.verb:set package 'turtlebot_interfaces' build argument 'cmake_args' from command line to 'None'
[0.719s] Level 5:colcon.colcon_core.verb:set package 'turtlebot_interfaces' build argument 'cmake_target' from command line to 'None'
[0.719s] Level 5:colcon.colcon_core.verb:set package 'turtlebot_interfaces' build argument 'cmake_target_skip_unavailable' from command line to 'False'
[0.719s] Level 5:colcon.colcon_core.verb:set package 'turtlebot_interfaces' build argument 'cmake_clean_cache' from command line to 'False'
[0.720s] Level 5:colcon.colcon_core.verb:set package 'turtlebot_interfaces' build argument 'cmake_clean_first' from command line to 'False'
[0.720s] Level 5:colcon.colcon_core.verb:set package 'turtlebot_interfaces' build argument 'cmake_force_configure' from command line to 'False'
[0.720s] Level 5:colcon.colcon_core.verb:set package 'turtlebot_interfaces' build argument 'ament_cmake_args' from command line to 'None'
[0.720s] Level 5:colcon.colcon_core.verb:set package 'turtlebot_interfaces' build argument 'catkin_cmake_args' from command line to 'None'
[0.721s] Level 5:colcon.colcon_core.verb:set package 'turtlebot_interfaces' build argument 'catkin_skip_building_tests' from command line to 'False'
[0.721s] DEBUG:colcon.colcon_core.verb:Building package 'turtlebot_interfaces' with the following arguments: {'ament_cmake_args': None, 'build_base': '/home/robotica/Desktop/Taller1/turtle_bot_2/src/build/turtlebot_interfaces', 'catkin_cmake_args': None, 'catkin_skip_building_tests': False, 'cmake_args': None, 'cmake_clean_cache': False, 'cmake_clean_first': False, 'cmake_force_configure': False, 'cmake_target': None, 'cmake_target_skip_unavailable': False, 'install_base': '/home/robotica/Desktop/Taller1/turtle_bot_2/src/install/turtlebot_interfaces', 'merge_install': False, 'path': '/home/robotica/Desktop/Taller1/turtle_bot_2/src/turtlebot_interfaces', 'symlink_install': False, 'test_result_base': None}
[0.722s] Level 5:colcon.colcon_core.verb:set package 'turtle_bot_2' build argument 'cmake_args' from command line to 'None'
[0.723s] Level 5:colcon.colcon_core.verb:set package 'turtle_bot_2' build argument 'cmake_target' from command line to 'None'
[0.723s] Level 5:colcon.colcon_core.verb:set package 'turtle_bot_2' build argument 'cmake_target_skip_unavailable' from command line to 'False'
[0.723s] Level 5:colcon.colcon_core.verb:set package 'turtle_bot_2' build argument 'cmake_clean_cache' from command line to 'False'
[0.724s] Level 5:colcon.colcon_core.verb:set package 'turtle_bot_2' build argument 'cmake_clean_first' from command line to 'False'
[0.724s] Level 5:colcon.colcon_core.verb:set package 'turtle_bot_2' build argument 'cmake_force_configure' from command line to 'False'
[0.724s] Level 5:colcon.colcon_core.verb:set package 'turtle_bot_2' build argument 'ament_cmake_args' from command line to 'None'
[0.724s] Level 5:colcon.colcon_core.verb:set package 'turtle_bot_2' build argument 'catkin_cmake_args' from command line to 'None'
[0.725s] Level 5:colcon.colcon_core.verb:set package 'turtle_bot_2' build argument 'catkin_skip_building_tests' from command line to 'False'
[0.725s] DEBUG:colcon.colcon_core.verb:Building package 'turtle_bot_2' with the following arguments: {'ament_cmake_args': None, 'build_base': '/home/robotica/Desktop/Taller1/turtle_bot_2/src/build/turtle_bot_2', 'catkin_cmake_args': None, 'catkin_skip_building_tests': False, 'cmake_args': None, 'cmake_clean_cache': False, 'cmake_clean_first': False, 'cmake_force_configure': False, 'cmake_target': None, 'cmake_target_skip_unavailable': False, 'install_base': '/home/robotica/Desktop/Taller1/turtle_bot_2/src/install/turtle_bot_2', 'merge_install': False, 'path': '/home/robotica/Desktop/Taller1/turtle_bot_2/src/turtle_bot_2', 'symlink_install': False, 'test_result_base': None}
[0.726s] INFO:colcon.colcon_core.executor:Executing jobs using 'parallel' executor
[0.731s] DEBUG:colcon.colcon_parallel_executor.executor.parallel:run_until_complete
[0.731s] INFO:colcon.colcon_ros.task.ament_cmake.build:Building ROS package in '/home/robotica/Desktop/Taller1/turtle_bot_2/src/turtlebot_interfaces' with build type 'ament_cmake'
[0.731s] INFO:colcon.colcon_cmake.task.cmake.build:Building CMake package in '/home/robotica/Desktop/Taller1/turtle_bot_2/src/turtlebot_interfaces'
[0.739s] INFO:colcon.colcon_core.plugin_system:Skipping extension 'colcon_core.shell.bat': Not used on non-Windows systems
[0.739s] INFO:colcon.colcon_core.shell:Skip shell extension 'powershell' for command environment: Not usable outside of PowerShell
[0.740s] DEBUG:colcon.colcon_core.shell:Skip shell extension 'dsv' for command environment
[0.762s] DEBUG:colcon.colcon_core.event_handler.log_command:Invoking command in '/home/robotica/Desktop/Taller1/turtle_bot_2/src/build/turtlebot_interfaces': CMAKE_PREFIX_PATH=${CMAKE_PREFIX_PATH}:/home/robotica/Desktop/Taller1/turtle_bot_2/src/install/turtle_bot_2:/opt/ros/humble /usr/bin/cmake --build /home/robotica/Desktop/Taller1/turtle_bot_2/src/build/turtlebot_interfaces -- -j1 -l1
[1.899s] DEBUG:colcon.colcon_core.event_handler.log_command:Invoked command in '/home/robotica/Desktop/Taller1/turtle_bot_2/src/build/turtlebot_interfaces' returned '0': CMAKE_PREFIX_PATH=${CMAKE_PREFIX_PATH}:/home/robotica/Desktop/Taller1/turtle_bot_2/src/install/turtle_bot_2:/opt/ros/humble /usr/bin/cmake --build /home/robotica/Desktop/Taller1/turtle_bot_2/src/build/turtlebot_interfaces -- -j1 -l1
[1.968s] DEBUG:colcon.colcon_core.event_handler.log_command:Invoking command in '/home/robotica/Desktop/Taller1/turtle_bot_2/src/build/turtlebot_interfaces': CMAKE_PREFIX_PATH=${CMAKE_PREFIX_PATH}:/home/robotica/Desktop/Taller1/turtle_bot_2/src/install/turtle_bot_2:/opt/ros/humble /usr/bin/cmake --install /home/robotica/Desktop/Taller1/turtle_bot_2/src/build/turtlebot_interfaces
[2.174s] Level 1:colcon.colcon_core.environment:create_environment_scripts_only(turtlebot_interfaces)
[2.187s] DEBUG:colcon.colcon_core.event_handler.log_command:Invoked command in '/home/robotica/Desktop/Taller1/turtle_bot_2/src/build/turtlebot_interfaces' returned '0': CMAKE_PREFIX_PATH=${CMAKE_PREFIX_PATH}:/home/robotica/Desktop/Taller1/turtle_bot_2/src/install/turtle_bot_2:/opt/ros/humble /usr/bin/cmake --install /home/robotica/Desktop/Taller1/turtle_bot_2/src/build/turtlebot_interfaces
[2.191s] Level 1:colcon.colcon_core.environment:checking '/home/robotica/Desktop/Taller1/turtle_bot_2/src/install/turtlebot_interfaces' for CMake module files
[2.200s] Level 1:colcon.colcon_core.environment:checking '/home/robotica/Desktop/Taller1/turtle_bot_2/src/install/turtlebot_interfaces' for CMake config files
[2.200s] Level 1:colcon.colcon_core.shell:create_environment_hook('turtlebot_interfaces', 'cmake_prefix_path')
[2.202s] INFO:colcon.colcon_core.shell:Creating environment hook '/home/robotica/Desktop/Taller1/turtle_bot_2/src/install/turtlebot_interfaces/share/turtlebot_interfaces/hook/cmake_prefix_path.ps1'
[2.208s] INFO:colcon.colcon_core.shell:Creating environment descriptor '/home/robotica/Desktop/Taller1/turtle_bot_2/src/install/turtlebot_interfaces/share/turtlebot_interfaces/hook/cmake_prefix_path.dsv'
[2.208s] INFO:colcon.colcon_core.shell:Creating environment hook '/home/robotica/Desktop/Taller1/turtle_bot_2/src/install/turtlebot_interfaces/share/turtlebot_interfaces/hook/cmake_prefix_path.sh'
[2.210s] Level 1:colcon.colcon_core.environment:checking '/home/robotica/Desktop/Taller1/turtle_bot_2/src/install/turtlebot_interfaces/lib'
[2.210s] Level 1:colcon.colcon_core.shell:create_environment_hook('turtlebot_interfaces', 'ld_library_path_lib')
[2.211s] INFO:colcon.colcon_core.shell:Creating environment hook '/home/robotica/Desktop/Taller1/turtle_bot_2/src/install/turtlebot_interfaces/share/turtlebot_interfaces/hook/ld_library_path_lib.ps1'
[2.217s] INFO:colcon.colcon_core.shell:Creating environment descriptor '/home/robotica/Desktop/Taller1/turtle_bot_2/src/install/turtlebot_interfaces/share/turtlebot_interfaces/hook/ld_library_path_lib.dsv'
[2.218s] INFO:colcon.colcon_core.shell:Creating environment hook '/home/robotica/Desktop/Taller1/turtle_bot_2/src/install/turtlebot_interfaces/share/turtlebot_interfaces/hook/ld_library_path_lib.sh'
[2.218s] Level 1:colcon.colcon_core.environment:checking '/home/robotica/Desktop/Taller1/turtle_bot_2/src/install/turtlebot_interfaces/bin'
[2.218s] Level 1:colcon.colcon_core.environment:checking '/home/robotica/Desktop/Taller1/turtle_bot_2/src/install/turtlebot_interfaces/lib/pkgconfig/turtlebot_interfaces.pc'
[2.219s] Level 1:colcon.colcon_core.environment:checking '/home/robotica/Desktop/Taller1/turtle_bot_2/src/install/turtlebot_interfaces/lib/python3.10/site-packages'
[2.219s] Level 1:colcon.colcon_core.environment:checking '/home/robotica/Desktop/Taller1/turtle_bot_2/src/install/turtlebot_interfaces/bin'
[2.225s] INFO:colcon.colcon_core.shell:Creating package script '/home/robotica/Desktop/Taller1/turtle_bot_2/src/install/turtlebot_interfaces/share/turtlebot_interfaces/package.ps1'
[2.226s] INFO:colcon.colcon_core.shell:Creating package descriptor '/home/robotica/Desktop/Taller1/turtle_bot_2/src/install/turtlebot_interfaces/share/turtlebot_interfaces/package.dsv'
[2.228s] INFO:colcon.colcon_core.shell:Creating package script '/home/robotica/Desktop/Taller1/turtle_bot_2/src/install/turtlebot_interfaces/share/turtlebot_interfaces/package.sh'
[2.230s] INFO:colcon.colcon_core.shell:Creating package script '/home/robotica/Desktop/Taller1/turtle_bot_2/src/install/turtlebot_interfaces/share/turtlebot_interfaces/package.bash'
[2.236s] INFO:colcon.colcon_core.shell:Creating package script '/home/robotica/Desktop/Taller1/turtle_bot_2/src/install/turtlebot_interfaces/share/turtlebot_interfaces/package.zsh'
[2.237s] Level 1:colcon.colcon_core.environment:create_file_with_runtime_dependencies(/home/robotica/Desktop/Taller1/turtle_bot_2/src/install/turtlebot_interfaces/share/colcon-core/packages/turtlebot_interfaces)
[2.459s] Level 1:colcon.colcon_core.environment:create_environment_scripts_only(turtlebot_interfaces)
[2.461s] Level 1:colcon.colcon_core.environment:checking '/home/robotica/Desktop/Taller1/turtle_bot_2/src/install/turtlebot_interfaces' for CMake module files
[2.463s] Level 1:colcon.colcon_core.environment:checking '/home/robotica/Desktop/Taller1/turtle_bot_2/src/install/turtlebot_interfaces' for CMake config files
[2.463s] Level 1:colcon.colcon_core.shell:create_environment_hook('turtlebot_interfaces', 'cmake_prefix_path')
[2.472s] INFO:colcon.colcon_core.shell:Creating environment hook '/home/robotica/Desktop/Taller1/turtle_bot_2/src/install/turtlebot_interfaces/share/turtlebot_interfaces/hook/cmake_prefix_path.ps1'
[2.473s] INFO:colcon.colcon_core.shell:Creating environment descriptor '/home/robotica/Desktop/Taller1/turtle_bot_2/src/install/turtlebot_interfaces/share/turtlebot_interfaces/hook/cmake_prefix_path.dsv'
[2.476s] INFO:colcon.colcon_core.shell:Creating environment hook '/home/robotica/Desktop/Taller1/turtle_bot_2/src/install/turtlebot_interfaces/share/turtlebot_interfaces/hook/cmake_prefix_path.sh'
[2.478s] Level 1:colcon.colcon_core.environment:checking '/home/robotica/Desktop/Taller1/turtle_bot_2/src/install/turtlebot_interfaces/lib'
[2.480s] Level 1:colcon.colcon_core.shell:create_environment_hook('turtlebot_interfaces', 'ld_library_path_lib')
[2.484s] INFO:colcon.colcon_core.shell:Creating environment hook '/home/robotica/Desktop/Taller1/turtle_bot_2/src/install/turtlebot_interfaces/share/turtlebot_interfaces/hook/ld_library_path_lib.ps1'
[2.487s] INFO:colcon.colcon_core.shell:Creating environment descriptor '/home/robotica/Desktop/Taller1/turtle_bot_2/src/install/turtlebot_interfaces/share/turtlebot_interfaces/hook/ld_library_path_lib.dsv'
[2.489s] INFO:colcon.colcon_core.shell:Creating environment hook '/home/robotica/Desktop/Taller1/turtle_bot_2/src/install/turtlebot_interfaces/share/turtlebot_interfaces/hook/ld_library_path_lib.sh'
[2.490s] Level 1:colcon.colcon_core.environment:checking '/home/robotica/Desktop/Taller1/turtle_bot_2/src/install/turtlebot_interfaces/bin'
[2.491s] Level 1:colcon.colcon_core.environment:checking '/home/robotica/Desktop/Taller1/turtle_bot_2/src/install/turtlebot_interfaces/lib/pkgconfig/turtlebot_interfaces.pc'
[2.491s] Level 1:colcon.colcon_core.environment:checking '/home/robotica/Desktop/Taller1/turtle_bot_2/src/install/turtlebot_interfaces/lib/python3.10/site-packages'
[2.491s] Level 1:colcon.colcon_core.environment:checking '/home/robotica/Desktop/Taller1/turtle_bot_2/src/install/turtlebot_interfaces/bin'
[2.494s] INFO:colcon.colcon_core.shell:Creating package script '/home/robotica/Desktop/Taller1/turtle_bot_2/src/install/turtlebot_interfaces/share/turtlebot_interfaces/package.ps1'
[2.496s] INFO:colcon.colcon_core.shell:Creating package descriptor '/home/robotica/Desktop/Taller1/turtle_bot_2/src/install/turtlebot_interfaces/share/turtlebot_interfaces/package.dsv'
[2.498s] INFO:colcon.colcon_core.shell:Creating package script '/home/robotica/Desktop/Taller1/turtle_bot_2/src/install/turtlebot_interfaces/share/turtlebot_interfaces/package.sh'
[2.500s] INFO:colcon.colcon_core.shell:Creating package script '/home/robotica/Desktop/Taller1/turtle_bot_2/src/install/turtlebot_interfaces/share/turtlebot_interfaces/package.bash'
[2.501s] INFO:colcon.colcon_core.shell:Creating package script '/home/robotica/Desktop/Taller1/turtle_bot_2/src/install/turtlebot_interfaces/share/turtlebot_interfaces/package.zsh'
[2.503s] Level 1:colcon.colcon_core.environment:create_file_with_runtime_dependencies(/home/robotica/Desktop/Taller1/turtle_bot_2/src/install/turtlebot_interfaces/share/colcon-core/packages/turtlebot_interfaces)
[2.505s] INFO:colcon.colcon_ros.task.ament_python.build:Building ROS package in '/home/robotica/Desktop/Taller1/turtle_bot_2/src/turtle_bot_2' with build type 'ament_python'
[2.506s] Level 1:colcon.colcon_core.shell:create_environment_hook('turtle_bot_2', 'ament_prefix_path')
[2.508s] INFO:colcon.colcon_core.shell:Creating environment hook '/home/robotica/Desktop/Taller1/turtle_bot_2/src/install/turtle_bot_2/share/turtle_bot_2/hook/ament_prefix_path.ps1'
[2.510s] INFO:colcon.colcon_core.shell:Creating environment descriptor '/home/robotica/Desktop/Taller1/turtle_bot_2/src/install/turtle_bot_2/share/turtle_bot_2/hook/ament_prefix_path.dsv'
[2.511s] INFO:colcon.colcon_core.shell:Creating environment hook '/home/robotica/Desktop/Taller1/turtle_bot_2/src/install/turtle_bot_2/share/turtle_bot_2/hook/ament_prefix_path.sh'
[2.515s] INFO:colcon.colcon_core.shell:Skip shell extension 'powershell' for command environment: Not usable outside of PowerShell
[2.520s] DEBUG:colcon.colcon_core.shell:Skip shell extension 'dsv' for command environment
[3.140s] INFO:colcon.colcon_core.task.python.build:Building Python package in '/home/robotica/Desktop/Taller1/turtle_bot_2/src/turtle_bot_2'
[3.142s] INFO:colcon.colcon_core.shell:Skip shell extension 'powershell' for command environment: Not usable outside of PowerShell
[3.142s] DEBUG:colcon.colcon_core.shell:Skip shell extension 'dsv' for command environment
[3.713s] DEBUG:colcon.colcon_core.event_handler.log_command:Invoking command in '/home/robotica/Desktop/Taller1/turtle_bot_2/src/turtle_bot_2': PYTHONPATH=/home/robotica/Desktop/Taller1/turtle_bot_2/src/build/turtle_bot_2/prefix_override:/home/robotica/Desktop/Taller1/turtle_bot_2/src/install/turtle_bot_2/lib/python3.10/site-packages:${PYTHONPATH} /usr/bin/python3 setup.py egg_info --egg-base ../build/turtle_bot_2 build --build-base /home/robotica/Desktop/Taller1/turtle_bot_2/src/build/turtle_bot_2/build install --record /home/robotica/Desktop/Taller1/turtle_bot_2/src/build/turtle_bot_2/install.log --single-version-externally-managed
[4.257s] Level 1:colcon.colcon_core.environment:checking '/home/robotica/Desktop/Taller1/turtle_bot_2/src/install/turtle_bot_2' for CMake module files
[4.258s] DEBUG:colcon.colcon_core.event_handler.log_command:Invoked command in '/home/robotica/Desktop/Taller1/turtle_bot_2/src/turtle_bot_2' returned '0': PYTHONPATH=/home/robotica/Desktop/Taller1/turtle_bot_2/src/build/turtle_bot_2/prefix_override:/home/robotica/Desktop/Taller1/turtle_bot_2/src/install/turtle_bot_2/lib/python3.10/site-packages:${PYTHONPATH} /usr/bin/python3 setup.py egg_info --egg-base ../build/turtle_bot_2 build --build-base /home/robotica/Desktop/Taller1/turtle_bot_2/src/build/turtle_bot_2/build install --record /home/robotica/Desktop/Taller1/turtle_bot_2/src/build/turtle_bot_2/install.log --single-version-externally-managed
[4.260s] Level 1:colcon.colcon_core.environment:checking '/home/robotica/Desktop/Taller1/turtle_bot_2/src/install/turtle_bot_2' for CMake config files
[4.261s] Level 1:colcon.colcon_core.environment:checking '/home/robotica/Desktop/Taller1/turtle_bot_2/src/install/turtle_bot_2/lib'
[4.261s] Level 1:colcon.colcon_core.environment:checking '/home/robotica/Desktop/Taller1/turtle_bot_2/src/install/turtle_bot_2/bin'
[4.261s] Level 1:colcon.colcon_core.environment:checking '/home/robotica/Desktop/Taller1/turtle_bot_2/src/install/turtle_bot_2/lib/pkgconfig/turtle_bot_2.pc'
[4.262s] Level 1:colcon.colcon_core.environment:checking '/home/robotica/Desktop/Taller1/turtle_bot_2/src/install/turtle_bot_2/lib/python3.10/site-packages'
[4.262s] Level 1:colcon.colcon_core.shell:create_environment_hook('turtle_bot_2', 'pythonpath')
[4.265s] INFO:colcon.colcon_core.shell:Creating environment hook '/home/robotica/Desktop/Taller1/turtle_bot_2/src/install/turtle_bot_2/share/turtle_bot_2/hook/pythonpath.ps1'
[4.266s] INFO:colcon.colcon_core.shell:Creating environment descriptor '/home/robotica/Desktop/Taller1/turtle_bot_2/src/install/turtle_bot_2/share/turtle_bot_2/hook/pythonpath.dsv'
[4.268s] INFO:colcon.colcon_core.shell:Creating environment hook '/home/robotica/Desktop/Taller1/turtle_bot_2/src/install/turtle_bot_2/share/turtle_bot_2/hook/pythonpath.sh'
[4.270s] Level 1:colcon.colcon_core.environment:checking '/home/robotica/Desktop/Taller1/turtle_bot_2/src/install/turtle_bot_2/bin'
[4.270s] Level 1:colcon.colcon_core.environment:create_environment_scripts_only(turtle_bot_2)
[4.273s] INFO:colcon.colcon_core.shell:Creating package script '/home/robotica/Desktop/Taller1/turtle_bot_2/src/install/turtle_bot_2/share/turtle_bot_2/package.ps1'
[4.274s] INFO:colcon.colcon_core.shell:Creating package descriptor '/home/robotica/Desktop/Taller1/turtle_bot_2/src/install/turtle_bot_2/share/turtle_bot_2/package.dsv'
[4.276s] INFO:colcon.colcon_core.shell:Creating package script '/home/robotica/Desktop/Taller1/turtle_bot_2/src/install/turtle_bot_2/share/turtle_bot_2/package.sh'
[4.277s] INFO:colcon.colcon_core.shell:Creating package script '/home/robotica/Desktop/Taller1/turtle_bot_2/src/install/turtle_bot_2/share/turtle_bot_2/package.bash'
[4.278s] INFO:colcon.colcon_core.shell:Creating package script '/home/robotica/Desktop/Taller1/turtle_bot_2/src/install/turtle_bot_2/share/turtle_bot_2/package.zsh'
[4.280s] Level 1:colcon.colcon_core.environment:create_file_with_runtime_dependencies(/home/robotica/Desktop/Taller1/turtle_bot_2/src/install/turtle_bot_2/share/colcon-core/packages/turtle_bot_2)
[4.283s] DEBUG:colcon.colcon_parallel_executor.executor.parallel:closing loop
[4.283s] DEBUG:colcon.colcon_parallel_executor.executor.parallel:loop closed
[4.284s] DEBUG:colcon.colcon_parallel_executor.executor.parallel:run_until_complete finished with '0'
[4.284s] DEBUG:colcon.colcon_core.event_reactor:joining thread
[4.305s] INFO:colcon.colcon_core.plugin_system:Skipping extension 'colcon_notification.desktop_notification.terminal_notifier': Not used on non-Darwin systems
[4.307s] INFO:colcon.colcon_core.plugin_system:Skipping extension 'colcon_notification.desktop_notification.win32': Not used on non-Windows systems
[4.308s] INFO:colcon.colcon_notification.desktop_notification:Sending desktop notification using 'notify2'
[4.339s] DEBUG:colcon.colcon_core.event_reactor:joined thread
[4.342s] INFO:colcon.colcon_core.shell:Creating prefix script '/home/robotica/Desktop/Taller1/turtle_bot_2/src/install/local_setup.ps1'
[4.348s] INFO:colcon.colcon_core.shell:Creating prefix util module '/home/robotica/Desktop/Taller1/turtle_bot_2/src/install/_local_setup_util_ps1.py'
[4.351s] INFO:colcon.colcon_core.shell:Creating prefix chain script '/home/robotica/Desktop/Taller1/turtle_bot_2/src/install/setup.ps1'
[4.356s] INFO:colcon.colcon_core.shell:Creating prefix script '/home/robotica/Desktop/Taller1/turtle_bot_2/src/install/local_setup.sh'
[4.358s] INFO:colcon.colcon_core.shell:Creating prefix util module '/home/robotica/Desktop/Taller1/turtle_bot_2/src/install/_local_setup_util_sh.py'
[4.360s] INFO:colcon.colcon_core.shell:Creating prefix chain script '/home/robotica/Desktop/Taller1/turtle_bot_2/src/install/setup.sh'
[4.368s] INFO:colcon.colcon_core.shell:Creating prefix script '/home/robotica/Desktop/Taller1/turtle_bot_2/src/install/local_setup.bash'
[4.370s] INFO:colcon.colcon_core.shell:Creating prefix chain script '/home/robotica/Desktop/Taller1/turtle_bot_2/src/install/setup.bash'
[4.376s] INFO:colcon.colcon_core.shell:Creating prefix script '/home/robotica/Desktop/Taller1/turtle_bot_2/src/install/local_setup.zsh'
[4.378s] INFO:colcon.colcon_core.shell:Creating prefix chain script '/home/robotica/Desktop/Taller1/turtle_bot_2/src/install/setup.zsh'
