[0.025s] Invoking command in '/home/robotica/Desktop/Taller1/turtle_bot_2/src/build/turtlebot_interfaces': CMAKE_PREFIX_PATH=${CMAKE_PREFIX_PATH}:/home/robotica/Desktop/Taller1/turtle_bot_2/src/install/turtle_bot_2:/opt/ros/humble /usr/bin/cmake --build /home/robotica/Desktop/Taller1/turtle_bot_2/src/build/turtlebot_interfaces -- -j1 -l1
[0.140s] [  9%] Built target turtlebot_interfaces_srv__rosidl_generator_c
[0.174s] [ 19%] Built target turtlebot_interfaces_srv__rosidl_typesupport_introspection_c
[0.199s] [ 29%] Built target turtlebot_interfaces_srv__rosidl_typesupport_c
[0.220s] [ 32%] Built target turtlebot_interfaces_srv__cpp
[0.269s] [ 41%] Built target turtlebot_interfaces_srv__rosidl_typesupport_fastrtps_cpp
[0.296s] [ 51%] Built target turtlebot_interfaces_srv__rosidl_typesupport_introspection_cpp
[0.321s] [ 61%] Built target turtlebot_interfaces_srv__rosidl_typesupport_cpp
[0.374s] [ 70%] Built target turtlebot_interfaces_srv__rosidl_typesupport_fastrtps_c
[0.401s] [ 70%] Built target turtlebot_interfaces_srv
[0.475s] [ 70%] Built target ament_cmake_python_copy_turtlebot_interfaces
[0.881s] running egg_info
[0.884s] writing turtlebot_interfaces.egg-info/PKG-INFO
[0.887s] writing dependency_links to turtlebot_interfaces.egg-info/dependency_links.txt
[0.889s] writing top-level names to turtlebot_interfaces.egg-info/top_level.txt
[0.894s] reading manifest file 'turtlebot_interfaces.egg-info/SOURCES.txt'
[0.897s] writing manifest file 'turtlebot_interfaces.egg-info/SOURCES.txt'
[0.965s] [ 70%] Built target ament_cmake_python_build_turtlebot_interfaces_egg
[0.994s] [ 74%] Built target turtlebot_interfaces_srv__py
[1.020s] [ 80%] Built target turtlebot_interfaces_srv__rosidl_generator_py
[1.070s] [ 87%] Built target turtlebot_interfaces__rosidl_typesupport_fastrtps_c__pyext
[1.097s] [ 93%] Built target turtlebot_interfaces__rosidl_typesupport_introspection_c__pyext
[1.123s] [100%] Built target turtlebot_interfaces__rosidl_typesupport_c__pyext
[1.162s] Invoked command in '/home/robotica/Desktop/Taller1/turtle_bot_2/src/build/turtlebot_interfaces' returned '0': CMAKE_PREFIX_PATH=${CMAKE_PREFIX_PATH}:/home/robotica/Desktop/Taller1/turtle_bot_2/src/install/turtle_bot_2:/opt/ros/humble /usr/bin/cmake --build /home/robotica/Desktop/Taller1/turtle_bot_2/src/build/turtlebot_interfaces -- -j1 -l1
[1.231s] Invoking command in '/home/robotica/Desktop/Taller1/turtle_bot_2/src/build/turtlebot_interfaces': CMAKE_PREFIX_PATH=${CMAKE_PREFIX_PATH}:/home/robotica/Desktop/Taller1/turtle_bot_2/src/install/turtle_bot_2:/opt/ros/humble /usr/bin/cmake --install /home/robotica/Desktop/Taller1/turtle_bot_2/src/build/turtlebot_interfaces
[1.256s] -- Install configuration: ""
[1.258s] -- Up-to-date: /home/robotica/Desktop/Taller1/turtle_bot_2/src/install/turtlebot_interfaces/share/ament_index/resource_index/rosidl_interfaces/turtlebot_interfaces
[1.261s] -- Up-to-date: /home/robotica/Desktop/Taller1/turtle_bot_2/src/install/turtlebot_interfaces/include/turtlebot_interfaces/turtlebot_interfaces
[1.263s] -- Up-to-date: /home/robotica/Desktop/Taller1/turtle_bot_2/src/install/turtlebot_interfaces/include/turtlebot_interfaces/turtlebot_interfaces/srv
[1.263s] -- Up-to-date: /home/robotica/Desktop/Taller1/turtle_bot_2/src/install/turtlebot_interfaces/include/turtlebot_interfaces/turtlebot_interfaces/srv/detail
[1.263s] -- Up-to-date: /home/robotica/Desktop/Taller1/turtle_bot_2/src/install/turtlebot_interfaces/include/turtlebot_interfaces/turtlebot_interfaces/srv/detail/reproducir__struct.h
[1.264s] -- Up-to-date: /home/robotica/Desktop/Taller1/turtle_bot_2/src/install/turtlebot_interfaces/include/turtlebot_interfaces/turtlebot_interfaces/srv/detail/reproducir__functions.h
[1.264s] -- Up-to-date: /home/robotica/Desktop/Taller1/turtle_bot_2/src/install/turtlebot_interfaces/include/turtlebot_interfaces/turtlebot_interfaces/srv/detail/reproducir__functions.c
[1.264s] -- Up-to-date: /home/robotica/Desktop/Taller1/turtle_bot_2/src/install/turtlebot_interfaces/include/turtlebot_interfaces/turtlebot_interfaces/srv/detail/reproducir__type_support.h
[1.264s] -- Up-to-date: /home/robotica/Desktop/Taller1/turtle_bot_2/src/install/turtlebot_interfaces/include/turtlebot_interfaces/turtlebot_interfaces/srv/reproducir.h
[1.264s] -- Up-to-date: /home/robotica/Desktop/Taller1/turtle_bot_2/src/install/turtlebot_interfaces/include/turtlebot_interfaces/turtlebot_interfaces/msg
[1.264s] -- Up-to-date: /home/robotica/Desktop/Taller1/turtle_bot_2/src/install/turtlebot_interfaces/include/turtlebot_interfaces/turtlebot_interfaces/msg/rosidl_generator_c__visibility_control.h
[1.265s] -- Up-to-date: /home/robotica/Desktop/Taller1/turtle_bot_2/src/install/turtlebot_interfaces/share/turtlebot_interfaces/environment/library_path.sh
[1.265s] -- Up-to-date: /home/robotica/Desktop/Taller1/turtle_bot_2/src/install/turtlebot_interfaces/share/turtlebot_interfaces/environment/library_path.dsv
[1.265s] -- Up-to-date: /home/robotica/Desktop/Taller1/turtle_bot_2/src/install/turtlebot_interfaces/lib/libturtlebot_interfaces__rosidl_generator_c.so
[1.267s] -- Up-to-date: /home/robotica/Desktop/Taller1/turtle_bot_2/src/install/turtlebot_interfaces/include/turtlebot_interfaces/turtlebot_interfaces
[1.267s] -- Up-to-date: /home/robotica/Desktop/Taller1/turtle_bot_2/src/install/turtlebot_interfaces/include/turtlebot_interfaces/turtlebot_interfaces/srv
[1.267s] -- Up-to-date: /home/robotica/Desktop/Taller1/turtle_bot_2/src/install/turtlebot_interfaces/include/turtlebot_interfaces/turtlebot_interfaces/srv/detail
[1.267s] -- Up-to-date: /home/robotica/Desktop/Taller1/turtle_bot_2/src/install/turtlebot_interfaces/include/turtlebot_interfaces/turtlebot_interfaces/srv/detail/reproducir__rosidl_typesupport_fastrtps_c.h
[1.267s] -- Up-to-date: /home/robotica/Desktop/Taller1/turtle_bot_2/src/install/turtlebot_interfaces/include/turtlebot_interfaces/turtlebot_interfaces/msg
[1.268s] -- Up-to-date: /home/robotica/Desktop/Taller1/turtle_bot_2/src/install/turtlebot_interfaces/include/turtlebot_interfaces/turtlebot_interfaces/msg/rosidl_typesupport_fastrtps_c__visibility_control.h
[1.268s] -- Up-to-date: /home/robotica/Desktop/Taller1/turtle_bot_2/src/install/turtlebot_interfaces/lib/libturtlebot_interfaces__rosidl_typesupport_fastrtps_c.so
[1.268s] -- Up-to-date: /home/robotica/Desktop/Taller1/turtle_bot_2/src/install/turtlebot_interfaces/include/turtlebot_interfaces/turtlebot_interfaces
[1.269s] -- Up-to-date: /home/robotica/Desktop/Taller1/turtle_bot_2/src/install/turtlebot_interfaces/include/turtlebot_interfaces/turtlebot_interfaces/srv
[1.269s] -- Up-to-date: /home/robotica/Desktop/Taller1/turtle_bot_2/src/install/turtlebot_interfaces/include/turtlebot_interfaces/turtlebot_interfaces/srv/detail
[1.269s] -- Up-to-date: /home/robotica/Desktop/Taller1/turtle_bot_2/src/install/turtlebot_interfaces/include/turtlebot_interfaces/turtlebot_interfaces/srv/detail/reproducir__rosidl_typesupport_introspection_c.h
[1.269s] -- Up-to-date: /home/robotica/Desktop/Taller1/turtle_bot_2/src/install/turtlebot_interfaces/include/turtlebot_interfaces/turtlebot_interfaces/srv/detail/reproducir__type_support.c
[1.269s] -- Up-to-date: /home/robotica/Desktop/Taller1/turtle_bot_2/src/install/turtlebot_interfaces/include/turtlebot_interfaces/turtlebot_interfaces/msg
[1.269s] -- Up-to-date: /home/robotica/Desktop/Taller1/turtle_bot_2/src/install/turtlebot_interfaces/include/turtlebot_interfaces/turtlebot_interfaces/msg/rosidl_typesupport_introspection_c__visibility_control.h
[1.271s] -- Up-to-date: /home/robotica/Desktop/Taller1/turtle_bot_2/src/install/turtlebot_interfaces/lib/libturtlebot_interfaces__rosidl_typesupport_introspection_c.so
[1.272s] -- Up-to-date: /home/robotica/Desktop/Taller1/turtle_bot_2/src/install/turtlebot_interfaces/lib/libturtlebot_interfaces__rosidl_typesupport_c.so
[1.272s] -- Up-to-date: /home/robotica/Desktop/Taller1/turtle_bot_2/src/install/turtlebot_interfaces/include/turtlebot_interfaces/turtlebot_interfaces
[1.272s] -- Up-to-date: /home/robotica/Desktop/Taller1/turtle_bot_2/src/install/turtlebot_interfaces/include/turtlebot_interfaces/turtlebot_interfaces/srv
[1.272s] -- Up-to-date: /home/robotica/Desktop/Taller1/turtle_bot_2/src/install/turtlebot_interfaces/include/turtlebot_interfaces/turtlebot_interfaces/srv/detail
[1.272s] -- Up-to-date: /home/robotica/Desktop/Taller1/turtle_bot_2/src/install/turtlebot_interfaces/include/turtlebot_interfaces/turtlebot_interfaces/srv/detail/reproducir__builder.hpp
[1.273s] -- Up-to-date: /home/robotica/Desktop/Taller1/turtle_bot_2/src/install/turtlebot_interfaces/include/turtlebot_interfaces/turtlebot_interfaces/srv/detail/reproducir__traits.hpp
[1.273s] -- Up-to-date: /home/robotica/Desktop/Taller1/turtle_bot_2/src/install/turtlebot_interfaces/include/turtlebot_interfaces/turtlebot_interfaces/srv/detail/reproducir__struct.hpp
[1.273s] -- Up-to-date: /home/robotica/Desktop/Taller1/turtle_bot_2/src/install/turtlebot_interfaces/include/turtlebot_interfaces/turtlebot_interfaces/srv/reproducir.hpp
[1.273s] -- Up-to-date: /home/robotica/Desktop/Taller1/turtle_bot_2/src/install/turtlebot_interfaces/include/turtlebot_interfaces/turtlebot_interfaces
[1.273s] -- Up-to-date: /home/robotica/Desktop/Taller1/turtle_bot_2/src/install/turtlebot_interfaces/include/turtlebot_interfaces/turtlebot_interfaces/srv
[1.273s] -- Up-to-date: /home/robotica/Desktop/Taller1/turtle_bot_2/src/install/turtlebot_interfaces/include/turtlebot_interfaces/turtlebot_interfaces/srv/detail
[1.273s] -- Up-to-date: /home/robotica/Desktop/Taller1/turtle_bot_2/src/install/turtlebot_interfaces/include/turtlebot_interfaces/turtlebot_interfaces/srv/detail/dds_fastrtps
[1.274s] -- Up-to-date: /home/robotica/Desktop/Taller1/turtle_bot_2/src/install/turtlebot_interfaces/include/turtlebot_interfaces/turtlebot_interfaces/srv/detail/reproducir__rosidl_typesupport_fastrtps_cpp.hpp
[1.274s] -- Up-to-date: /home/robotica/Desktop/Taller1/turtle_bot_2/src/install/turtlebot_interfaces/include/turtlebot_interfaces/turtlebot_interfaces/msg
[1.274s] -- Up-to-date: /home/robotica/Desktop/Taller1/turtle_bot_2/src/install/turtlebot_interfaces/include/turtlebot_interfaces/turtlebot_interfaces/msg/rosidl_typesupport_fastrtps_cpp__visibility_control.h
[1.275s] -- Up-to-date: /home/robotica/Desktop/Taller1/turtle_bot_2/src/install/turtlebot_interfaces/lib/libturtlebot_interfaces__rosidl_typesupport_fastrtps_cpp.so
[1.279s] -- Up-to-date: /home/robotica/Desktop/Taller1/turtle_bot_2/src/install/turtlebot_interfaces/include/turtlebot_interfaces/turtlebot_interfaces
[1.279s] -- Up-to-date: /home/robotica/Desktop/Taller1/turtle_bot_2/src/install/turtlebot_interfaces/include/turtlebot_interfaces/turtlebot_interfaces/srv
[1.280s] -- Up-to-date: /home/robotica/Desktop/Taller1/turtle_bot_2/src/install/turtlebot_interfaces/include/turtlebot_interfaces/turtlebot_interfaces/srv/detail
[1.280s] -- Up-to-date: /home/robotica/Desktop/Taller1/turtle_bot_2/src/install/turtlebot_interfaces/include/turtlebot_interfaces/turtlebot_interfaces/srv/detail/reproducir__rosidl_typesupport_introspection_cpp.hpp
[1.287s] -- Up-to-date: /home/robotica/Desktop/Taller1/turtle_bot_2/src/install/turtlebot_interfaces/include/turtlebot_interfaces/turtlebot_interfaces/srv/detail/reproducir__type_support.cpp
[1.288s] -- Up-to-date: /home/robotica/Desktop/Taller1/turtle_bot_2/src/install/turtlebot_interfaces/lib/libturtlebot_interfaces__rosidl_typesupport_introspection_cpp.so
[1.288s] -- Up-to-date: /home/robotica/Desktop/Taller1/turtle_bot_2/src/install/turtlebot_interfaces/lib/libturtlebot_interfaces__rosidl_typesupport_cpp.so
[1.288s] -- Up-to-date: /home/robotica/Desktop/Taller1/turtle_bot_2/src/install/turtlebot_interfaces/share/turtlebot_interfaces/environment/pythonpath.sh
[1.288s] -- Up-to-date: /home/robotica/Desktop/Taller1/turtle_bot_2/src/install/turtlebot_interfaces/share/turtlebot_interfaces/environment/pythonpath.dsv
[1.289s] -- Up-to-date: /home/robotica/Desktop/Taller1/turtle_bot_2/src/install/turtlebot_interfaces/local/lib/python3.10/dist-packages/turtlebot_interfaces-0.0.0-py3.10.egg-info
[1.289s] -- Installing: /home/robotica/Desktop/Taller1/turtle_bot_2/src/install/turtlebot_interfaces/local/lib/python3.10/dist-packages/turtlebot_interfaces-0.0.0-py3.10.egg-info/SOURCES.txt
[1.289s] -- Installing: /home/robotica/Desktop/Taller1/turtle_bot_2/src/install/turtlebot_interfaces/local/lib/python3.10/dist-packages/turtlebot_interfaces-0.0.0-py3.10.egg-info/PKG-INFO
[1.289s] -- Installing: /home/robotica/Desktop/Taller1/turtle_bot_2/src/install/turtlebot_interfaces/local/lib/python3.10/dist-packages/turtlebot_interfaces-0.0.0-py3.10.egg-info/dependency_links.txt
[1.290s] -- Installing: /home/robotica/Desktop/Taller1/turtle_bot_2/src/install/turtlebot_interfaces/local/lib/python3.10/dist-packages/turtlebot_interfaces-0.0.0-py3.10.egg-info/top_level.txt
[1.291s] -- Up-to-date: /home/robotica/Desktop/Taller1/turtle_bot_2/src/install/turtlebot_interfaces/local/lib/python3.10/dist-packages/turtlebot_interfaces
[1.291s] -- Up-to-date: /home/robotica/Desktop/Taller1/turtle_bot_2/src/install/turtlebot_interfaces/local/lib/python3.10/dist-packages/turtlebot_interfaces/turtlebot_interfaces_s__rosidl_typesupport_c.cpython-310-x86_64-linux-gnu.so
[1.292s] -- Up-to-date: /home/robotica/Desktop/Taller1/turtle_bot_2/src/install/turtlebot_interfaces/local/lib/python3.10/dist-packages/turtlebot_interfaces/_turtlebot_interfaces_s.ep.rosidl_typesupport_introspection_c.c
[1.292s] -- Up-to-date: /home/robotica/Desktop/Taller1/turtle_bot_2/src/install/turtlebot_interfaces/local/lib/python3.10/dist-packages/turtlebot_interfaces/srv
[1.292s] -- Up-to-date: /home/robotica/Desktop/Taller1/turtle_bot_2/src/install/turtlebot_interfaces/local/lib/python3.10/dist-packages/turtlebot_interfaces/srv/_reproducir.py
[1.292s] -- Up-to-date: /home/robotica/Desktop/Taller1/turtle_bot_2/src/install/turtlebot_interfaces/local/lib/python3.10/dist-packages/turtlebot_interfaces/srv/__init__.py
[1.292s] -- Up-to-date: /home/robotica/Desktop/Taller1/turtle_bot_2/src/install/turtlebot_interfaces/local/lib/python3.10/dist-packages/turtlebot_interfaces/srv/_reproducir_s.c
[1.292s] -- Up-to-date: /home/robotica/Desktop/Taller1/turtle_bot_2/src/install/turtlebot_interfaces/local/lib/python3.10/dist-packages/turtlebot_interfaces/libturtlebot_interfaces_srv__rosidl_generator_py.so
[1.293s] -- Up-to-date: /home/robotica/Desktop/Taller1/turtle_bot_2/src/install/turtlebot_interfaces/local/lib/python3.10/dist-packages/turtlebot_interfaces/turtlebot_interfaces_s__rosidl_typesupport_introspection_c.cpython-310-x86_64-linux-gnu.so
[1.293s] -- Up-to-date: /home/robotica/Desktop/Taller1/turtle_bot_2/src/install/turtlebot_interfaces/local/lib/python3.10/dist-packages/turtlebot_interfaces/_turtlebot_interfaces_s.ep.rosidl_typesupport_fastrtps_c.c
[1.293s] -- Up-to-date: /home/robotica/Desktop/Taller1/turtle_bot_2/src/install/turtlebot_interfaces/local/lib/python3.10/dist-packages/turtlebot_interfaces/turtlebot_interfaces_s__rosidl_typesupport_fastrtps_c.cpython-310-x86_64-linux-gnu.so
[1.293s] -- Up-to-date: /home/robotica/Desktop/Taller1/turtle_bot_2/src/install/turtlebot_interfaces/local/lib/python3.10/dist-packages/turtlebot_interfaces/__init__.py
[1.293s] -- Up-to-date: /home/robotica/Desktop/Taller1/turtle_bot_2/src/install/turtlebot_interfaces/local/lib/python3.10/dist-packages/turtlebot_interfaces/_turtlebot_interfaces_s.ep.rosidl_typesupport_c.c
[1.388s] Listing '/home/robotica/Desktop/Taller1/turtle_bot_2/src/install/turtlebot_interfaces/local/lib/python3.10/dist-packages/turtlebot_interfaces'...
[1.388s] Listing '/home/robotica/Desktop/Taller1/turtle_bot_2/src/install/turtlebot_interfaces/local/lib/python3.10/dist-packages/turtlebot_interfaces/srv'...
[1.412s] -- Up-to-date: /home/robotica/Desktop/Taller1/turtle_bot_2/src/install/turtlebot_interfaces/local/lib/python3.10/dist-packages/turtlebot_interfaces/turtlebot_interfaces_s__rosidl_typesupport_fastrtps_c.cpython-310-x86_64-linux-gnu.so
[1.412s] -- Up-to-date: /home/robotica/Desktop/Taller1/turtle_bot_2/src/install/turtlebot_interfaces/local/lib/python3.10/dist-packages/turtlebot_interfaces/turtlebot_interfaces_s__rosidl_typesupport_introspection_c.cpython-310-x86_64-linux-gnu.so
[1.413s] -- Up-to-date: /home/robotica/Desktop/Taller1/turtle_bot_2/src/install/turtlebot_interfaces/local/lib/python3.10/dist-packages/turtlebot_interfaces/turtlebot_interfaces_s__rosidl_typesupport_c.cpython-310-x86_64-linux-gnu.so
[1.413s] -- Up-to-date: /home/robotica/Desktop/Taller1/turtle_bot_2/src/install/turtlebot_interfaces/lib/libturtlebot_interfaces_srv__rosidl_generator_py.so
[1.414s] -- Up-to-date: /home/robotica/Desktop/Taller1/turtle_bot_2/src/install/turtlebot_interfaces/share/turtlebot_interfaces/srv/Reproducir.idl
[1.414s] -- Up-to-date: /home/robotica/Desktop/Taller1/turtle_bot_2/src/install/turtlebot_interfaces/share/turtlebot_interfaces/srv/Reproducir.srv
[1.414s] -- Up-to-date: /home/robotica/Desktop/Taller1/turtle_bot_2/src/install/turtlebot_interfaces/share/turtlebot_interfaces/srv/Reproducir_Request.msg
[1.414s] -- Up-to-date: /home/robotica/Desktop/Taller1/turtle_bot_2/src/install/turtlebot_interfaces/share/turtlebot_interfaces/srv/Reproducir_Response.msg
[1.414s] -- Up-to-date: /home/robotica/Desktop/Taller1/turtle_bot_2/src/install/turtlebot_interfaces/share/ament_index/resource_index/package_run_dependencies/turtlebot_interfaces
[1.415s] -- Up-to-date: /home/robotica/Desktop/Taller1/turtle_bot_2/src/install/turtlebot_interfaces/share/ament_index/resource_index/parent_prefix_path/turtlebot_interfaces
[1.415s] -- Up-to-date: /home/robotica/Desktop/Taller1/turtle_bot_2/src/install/turtlebot_interfaces/share/turtlebot_interfaces/environment/ament_prefix_path.sh
[1.415s] -- Up-to-date: /home/robotica/Desktop/Taller1/turtle_bot_2/src/install/turtlebot_interfaces/share/turtlebot_interfaces/environment/ament_prefix_path.dsv
[1.415s] -- Up-to-date: /home/robotica/Desktop/Taller1/turtle_bot_2/src/install/turtlebot_interfaces/share/turtlebot_interfaces/environment/path.sh
[1.415s] -- Up-to-date: /home/robotica/Desktop/Taller1/turtle_bot_2/src/install/turtlebot_interfaces/share/turtlebot_interfaces/environment/path.dsv
[1.416s] -- Up-to-date: /home/robotica/Desktop/Taller1/turtle_bot_2/src/install/turtlebot_interfaces/share/turtlebot_interfaces/local_setup.bash
[1.416s] -- Up-to-date: /home/robotica/Desktop/Taller1/turtle_bot_2/src/install/turtlebot_interfaces/share/turtlebot_interfaces/local_setup.sh
[1.416s] -- Up-to-date: /home/robotica/Desktop/Taller1/turtle_bot_2/src/install/turtlebot_interfaces/share/turtlebot_interfaces/local_setup.zsh
[1.416s] -- Up-to-date: /home/robotica/Desktop/Taller1/turtle_bot_2/src/install/turtlebot_interfaces/share/turtlebot_interfaces/local_setup.dsv
[1.416s] -- Installing: /home/robotica/Desktop/Taller1/turtle_bot_2/src/install/turtlebot_interfaces/share/turtlebot_interfaces/package.dsv
[1.417s] -- Up-to-date: /home/robotica/Desktop/Taller1/turtle_bot_2/src/install/turtlebot_interfaces/share/ament_index/resource_index/packages/turtlebot_interfaces
[1.417s] -- Up-to-date: /home/robotica/Desktop/Taller1/turtle_bot_2/src/install/turtlebot_interfaces/share/turtlebot_interfaces/cmake/export_turtlebot_interfaces_srv__rosidl_generator_cExport.cmake
[1.417s] -- Up-to-date: /home/robotica/Desktop/Taller1/turtle_bot_2/src/install/turtlebot_interfaces/share/turtlebot_interfaces/cmake/export_turtlebot_interfaces_srv__rosidl_generator_cExport-noconfig.cmake
[1.417s] -- Up-to-date: /home/robotica/Desktop/Taller1/turtle_bot_2/src/install/turtlebot_interfaces/share/turtlebot_interfaces/cmake/export_turtlebot_interfaces_srv__rosidl_typesupport_fastrtps_cExport.cmake
[1.418s] -- Up-to-date: /home/robotica/Desktop/Taller1/turtle_bot_2/src/install/turtlebot_interfaces/share/turtlebot_interfaces/cmake/export_turtlebot_interfaces_srv__rosidl_typesupport_fastrtps_cExport-noconfig.cmake
[1.418s] -- Up-to-date: /home/robotica/Desktop/Taller1/turtle_bot_2/src/install/turtlebot_interfaces/share/turtlebot_interfaces/cmake/turtlebot_interfaces_srv__rosidl_typesupport_introspection_cExport.cmake
[1.418s] -- Up-to-date: /home/robotica/Desktop/Taller1/turtle_bot_2/src/install/turtlebot_interfaces/share/turtlebot_interfaces/cmake/turtlebot_interfaces_srv__rosidl_typesupport_introspection_cExport-noconfig.cmake
[1.419s] -- Up-to-date: /home/robotica/Desktop/Taller1/turtle_bot_2/src/install/turtlebot_interfaces/share/turtlebot_interfaces/cmake/turtlebot_interfaces_srv__rosidl_typesupport_cExport.cmake
[1.419s] -- Up-to-date: /home/robotica/Desktop/Taller1/turtle_bot_2/src/install/turtlebot_interfaces/share/turtlebot_interfaces/cmake/turtlebot_interfaces_srv__rosidl_typesupport_cExport-noconfig.cmake
[1.419s] -- Up-to-date: /home/robotica/Desktop/Taller1/turtle_bot_2/src/install/turtlebot_interfaces/share/turtlebot_interfaces/cmake/export_turtlebot_interfaces_srv__rosidl_generator_cppExport.cmake
[1.423s] -- Up-to-date: /home/robotica/Desktop/Taller1/turtle_bot_2/src/install/turtlebot_interfaces/share/turtlebot_interfaces/cmake/export_turtlebot_interfaces_srv__rosidl_typesupport_fastrtps_cppExport.cmake
[1.423s] -- Up-to-date: /home/robotica/Desktop/Taller1/turtle_bot_2/src/install/turtlebot_interfaces/share/turtlebot_interfaces/cmake/export_turtlebot_interfaces_srv__rosidl_typesupport_fastrtps_cppExport-noconfig.cmake
[1.423s] -- Up-to-date: /home/robotica/Desktop/Taller1/turtle_bot_2/src/install/turtlebot_interfaces/share/turtlebot_interfaces/cmake/turtlebot_interfaces_srv__rosidl_typesupport_introspection_cppExport.cmake
[1.423s] -- Up-to-date: /home/robotica/Desktop/Taller1/turtle_bot_2/src/install/turtlebot_interfaces/share/turtlebot_interfaces/cmake/turtlebot_interfaces_srv__rosidl_typesupport_introspection_cppExport-noconfig.cmake
[1.424s] -- Up-to-date: /home/robotica/Desktop/Taller1/turtle_bot_2/src/install/turtlebot_interfaces/share/turtlebot_interfaces/cmake/turtlebot_interfaces_srv__rosidl_typesupport_cppExport.cmake
[1.424s] -- Up-to-date: /home/robotica/Desktop/Taller1/turtle_bot_2/src/install/turtlebot_interfaces/share/turtlebot_interfaces/cmake/turtlebot_interfaces_srv__rosidl_typesupport_cppExport-noconfig.cmake
[1.424s] -- Up-to-date: /home/robotica/Desktop/Taller1/turtle_bot_2/src/install/turtlebot_interfaces/share/turtlebot_interfaces/cmake/export_turtlebot_interfaces_srv__rosidl_generator_pyExport.cmake
[1.424s] -- Up-to-date: /home/robotica/Desktop/Taller1/turtle_bot_2/src/install/turtlebot_interfaces/share/turtlebot_interfaces/cmake/export_turtlebot_interfaces_srv__rosidl_generator_pyExport-noconfig.cmake
[1.425s] -- Up-to-date: /home/robotica/Desktop/Taller1/turtle_bot_2/src/install/turtlebot_interfaces/share/turtlebot_interfaces/cmake/rosidl_cmake-extras.cmake
[1.425s] -- Up-to-date: /home/robotica/Desktop/Taller1/turtle_bot_2/src/install/turtlebot_interfaces/share/turtlebot_interfaces/cmake/ament_cmake_export_include_directories-extras.cmake
[1.425s] -- Up-to-date: /home/robotica/Desktop/Taller1/turtle_bot_2/src/install/turtlebot_interfaces/share/turtlebot_interfaces/cmake/ament_cmake_export_libraries-extras.cmake
[1.425s] -- Up-to-date: /home/robotica/Desktop/Taller1/turtle_bot_2/src/install/turtlebot_interfaces/share/turtlebot_interfaces/cmake/ament_cmake_export_targets-extras.cmake
[1.426s] -- Up-to-date: /home/robotica/Desktop/Taller1/turtle_bot_2/src/install/turtlebot_interfaces/share/turtlebot_interfaces/cmake/rosidl_cmake_export_typesupport_targets-extras.cmake
[1.426s] -- Up-to-date: /home/robotica/Desktop/Taller1/turtle_bot_2/src/install/turtlebot_interfaces/share/turtlebot_interfaces/cmake/ament_cmake_export_dependencies-extras.cmake
[1.426s] -- Up-to-date: /home/robotica/Desktop/Taller1/turtle_bot_2/src/install/turtlebot_interfaces/share/turtlebot_interfaces/cmake/rosidl_cmake_export_typesupport_libraries-extras.cmake
[1.435s] -- Up-to-date: /home/robotica/Desktop/Taller1/turtle_bot_2/src/install/turtlebot_interfaces/share/turtlebot_interfaces/cmake/turtlebot_interfacesConfig.cmake
[1.435s] -- Up-to-date: /home/robotica/Desktop/Taller1/turtle_bot_2/src/install/turtlebot_interfaces/share/turtlebot_interfaces/cmake/turtlebot_interfacesConfig-version.cmake
[1.435s] -- Up-to-date: /home/robotica/Desktop/Taller1/turtle_bot_2/src/install/turtlebot_interfaces/share/turtlebot_interfaces/package.xml
[1.449s] Invoked command in '/home/robotica/Desktop/Taller1/turtle_bot_2/src/build/turtlebot_interfaces' returned '0': CMAKE_PREFIX_PATH=${CMAKE_PREFIX_PATH}:/home/robotica/Desktop/Taller1/turtle_bot_2/src/install/turtle_bot_2:/opt/ros/humble /usr/bin/cmake --install /home/robotica/Desktop/Taller1/turtle_bot_2/src/build/turtlebot_interfaces
