[2.734s] Invoking command in '/home/robotica/turtle_bot_2/src/turtle_bot_2': AMENT_PREFIX_PATH=/home/robotica/turtle_bot_2/install/turtlebot_interfaces:${AMENT_PREFIX_PATH} CMAKE_PREFIX_PATH=/home/robotica/turtle_bot_2/install/turtlebot_interfaces LD_LIBRARY_PATH=/home/robotica/turtle_bot_2/install/turtlebot_interfaces/lib:${LD_LIBRARY_PATH} PYTHONPATH=/home/robotica/turtle_bot_2/build/turtle_bot_2/prefix_override:/home/robotica/turtle_bot_2/install/turtle_bot_2/lib/python3.10/site-packages:/home/robotica/turtle_bot_2/install/turtlebot_interfaces/local/lib/python3.10/dist-packages:${PYTHONPATH} /usr/bin/python3 setup.py egg_info --egg-base ../../build/turtle_bot_2 build --build-base /home/robotica/turtle_bot_2/build/turtle_bot_2/build install --record /home/robotica/turtle_bot_2/build/turtle_bot_2/install.log --single-version-externally-managed
[3.764s] running egg_info
[3.765s] writing ../../build/turtle_bot_2/turtle_bot_2.egg-info/PKG-INFO
[3.765s] writing dependency_links to ../../build/turtle_bot_2/turtle_bot_2.egg-info/dependency_links.txt
[3.766s] writing entry points to ../../build/turtle_bot_2/turtle_bot_2.egg-info/entry_points.txt
[3.767s] writing requirements to ../../build/turtle_bot_2/turtle_bot_2.egg-info/requires.txt
[3.768s] writing top-level names to ../../build/turtle_bot_2/turtle_bot_2.egg-info/top_level.txt
[3.774s] reading manifest file '../../build/turtle_bot_2/turtle_bot_2.egg-info/SOURCES.txt'
[3.776s] writing manifest file '../../build/turtle_bot_2/turtle_bot_2.egg-info/SOURCES.txt'
[3.779s] running build
[3.779s] running build_py
[3.780s] running install
[3.780s] /usr/lib/python3/dist-packages/setuptools/command/install.py:34: SetuptoolsDeprecationWarning: setup.py install is deprecated. Use build and pip and other standards-based tools.
[3.781s]   warnings.warn(
[3.781s] running install_lib
[3.787s] running install_data
[3.788s] running install_egg_info
[3.794s] removing '/home/robotica/turtle_bot_2/install/turtle_bot_2/lib/python3.10/site-packages/turtle_bot_2-0.0.0-py3.10.egg-info' (and everything under it)
[3.795s] Copying ../../build/turtle_bot_2/turtle_bot_2.egg-info to /home/robotica/turtle_bot_2/install/turtle_bot_2/lib/python3.10/site-packages/turtle_bot_2-0.0.0-py3.10.egg-info
[3.798s] running install_scripts
[3.856s] Installing turtle_bot_interface script to /home/robotica/turtle_bot_2/install/turtle_bot_2/lib/turtle_bot_2
[3.856s] Installing turtle_bot_player script to /home/robotica/turtle_bot_2/install/turtle_bot_2/lib/turtle_bot_2
[3.857s] Installing turtle_bot_teleop script to /home/robotica/turtle_bot_2/install/turtle_bot_2/lib/turtle_bot_2
[3.858s] writing list of installed files to '/home/robotica/turtle_bot_2/build/turtle_bot_2/install.log'
[3.934s] Invoked command in '/home/robotica/turtle_bot_2/src/turtle_bot_2' returned '0': AMENT_PREFIX_PATH=/home/robotica/turtle_bot_2/install/turtlebot_interfaces:${AMENT_PREFIX_PATH} CMAKE_PREFIX_PATH=/home/robotica/turtle_bot_2/install/turtlebot_interfaces LD_LIBRARY_PATH=/home/robotica/turtle_bot_2/install/turtlebot_interfaces/lib:${LD_LIBRARY_PATH} PYTHONPATH=/home/robotica/turtle_bot_2/build/turtle_bot_2/prefix_override:/home/robotica/turtle_bot_2/install/turtle_bot_2/lib/python3.10/site-packages:/home/robotica/turtle_bot_2/install/turtlebot_interfaces/local/lib/python3.10/dist-packages:${PYTHONPATH} /usr/bin/python3 setup.py egg_info --egg-base ../../build/turtle_bot_2 build --build-base /home/robotica/turtle_bot_2/build/turtle_bot_2/build install --record /home/robotica/turtle_bot_2/build/turtle_bot_2/install.log --single-version-externally-managed
