[1.176s] Invoking command in '/home/robotica/Desktop/Taller1/turtle_bot_2/src/turtle_bot_2': PYTHONPATH=/home/robotica/Desktop/Taller1/turtle_bot_2/src/build/turtle_bot_2/prefix_override:/home/robotica/Desktop/Taller1/turtle_bot_2/src/install/turtle_bot_2/lib/python3.10/site-packages:${PYTHONPATH} /usr/bin/python3 setup.py egg_info --egg-base ../build/turtle_bot_2 build --build-base /home/robotica/Desktop/Taller1/turtle_bot_2/src/build/turtle_bot_2/build install --record /home/robotica/Desktop/Taller1/turtle_bot_2/src/build/turtle_bot_2/install.log --single-version-externally-managed
[1.547s] running egg_info
[1.550s] writing ../build/turtle_bot_2/turtle_bot_2.egg-info/PKG-INFO
[1.552s] writing dependency_links to ../build/turtle_bot_2/turtle_bot_2.egg-info/dependency_links.txt
[1.554s] writing entry points to ../build/turtle_bot_2/turtle_bot_2.egg-info/entry_points.txt
[1.556s] writing requirements to ../build/turtle_bot_2/turtle_bot_2.egg-info/requires.txt
[1.558s] writing top-level names to ../build/turtle_bot_2/turtle_bot_2.egg-info/top_level.txt
[1.562s] reading manifest file '../build/turtle_bot_2/turtle_bot_2.egg-info/SOURCES.txt'
[1.578s] writing manifest file '../build/turtle_bot_2/turtle_bot_2.egg-info/SOURCES.txt'
[1.580s] running build
[1.581s] running build_py
[1.583s] copying turtle_bot_2/turtle_bot_interface.py -> /home/robotica/Desktop/Taller1/turtle_bot_2/src/build/turtle_bot_2/build/lib/turtle_bot_2
[1.585s] running install
[1.586s] /usr/lib/python3/dist-packages/setuptools/command/install.py:34: SetuptoolsDeprecationWarning: setup.py install is deprecated. Use build and pip and other standards-based tools.
[1.586s]   warnings.warn(
[1.586s] running install_lib
[1.589s] copying /home/robotica/Desktop/Taller1/turtle_bot_2/src/build/turtle_bot_2/build/lib/turtle_bot_2/turtle_bot_interface.py -> /home/robotica/Desktop/Taller1/turtle_bot_2/src/install/turtle_bot_2/lib/python3.10/site-packages/turtle_bot_2
[1.591s] byte-compiling /home/robotica/Desktop/Taller1/turtle_bot_2/src/install/turtle_bot_2/lib/python3.10/site-packages/turtle_bot_2/turtle_bot_interface.py to turtle_bot_interface.cpython-310.pyc
[1.598s] running install_data
[1.599s] running install_egg_info
[1.601s] removing '/home/robotica/Desktop/Taller1/turtle_bot_2/src/install/turtle_bot_2/lib/python3.10/site-packages/turtle_bot_2-0.0.0-py3.10.egg-info' (and everything under it)
[1.607s] Copying ../build/turtle_bot_2/turtle_bot_2.egg-info to /home/robotica/Desktop/Taller1/turtle_bot_2/src/install/turtle_bot_2/lib/python3.10/site-packages/turtle_bot_2-0.0.0-py3.10.egg-info
[1.609s] running install_scripts
[1.670s] Installing turtle_bot_interface script to /home/robotica/Desktop/Taller1/turtle_bot_2/src/install/turtle_bot_2/lib/turtle_bot_2
[1.672s] Installing turtle_bot_player script to /home/robotica/Desktop/Taller1/turtle_bot_2/src/install/turtle_bot_2/lib/turtle_bot_2
[1.676s] Installing turtle_bot_teleop script to /home/robotica/Desktop/Taller1/turtle_bot_2/src/install/turtle_bot_2/lib/turtle_bot_2
[1.678s] writing list of installed files to '/home/robotica/Desktop/Taller1/turtle_bot_2/src/build/turtle_bot_2/install.log'
[1.743s] Invoked command in '/home/robotica/Desktop/Taller1/turtle_bot_2/src/turtle_bot_2' returned '0': PYTHONPATH=/home/robotica/Desktop/Taller1/turtle_bot_2/src/build/turtle_bot_2/prefix_override:/home/robotica/Desktop/Taller1/turtle_bot_2/src/install/turtle_bot_2/lib/python3.10/site-packages:${PYTHONPATH} /usr/bin/python3 setup.py egg_info --egg-base ../build/turtle_bot_2 build --build-base /home/robotica/Desktop/Taller1/turtle_bot_2/src/build/turtle_bot_2/build install --record /home/robotica/Desktop/Taller1/turtle_bot_2/src/build/turtle_bot_2/install.log --single-version-externally-managed
