running egg_info
creating ../build/turtle_bot_2/turtle_bot_2.egg-info
writing ../build/turtle_bot_2/turtle_bot_2.egg-info/PKG-INFO
writing dependency_links to ../build/turtle_bot_2/turtle_bot_2.egg-info/dependency_links.txt
writing entry points to ../build/turtle_bot_2/turtle_bot_2.egg-info/entry_points.txt
writing requirements to ../build/turtle_bot_2/turtle_bot_2.egg-info/requires.txt
writing top-level names to ../build/turtle_bot_2/turtle_bot_2.egg-info/top_level.txt
writing manifest file '../build/turtle_bot_2/turtle_bot_2.egg-info/SOURCES.txt'
reading manifest file '../build/turtle_bot_2/turtle_bot_2.egg-info/SOURCES.txt'
writing manifest file '../build/turtle_bot_2/turtle_bot_2.egg-info/SOURCES.txt'
running build
running build_py
creating /home/robotica/Desktop/Taller1/turtle_bot_2/src/build/turtle_bot_2/build
creating /home/robotica/Desktop/Taller1/turtle_bot_2/src/build/turtle_bot_2/build/lib
creating /home/robotica/Desktop/Taller1/turtle_bot_2/src/build/turtle_bot_2/build/lib/turtle_bot_2
copying turtle_bot_2/turtle_bot_player.py -> /home/robotica/Desktop/Taller1/turtle_bot_2/src/build/turtle_bot_2/build/lib/turtle_bot_2
copying turtle_bot_2/turtle_bot_interface.py -> /home/robotica/Desktop/Taller1/turtle_bot_2/src/build/turtle_bot_2/build/lib/turtle_bot_2
copying turtle_bot_2/__init__.py -> /home/robotica/Desktop/Taller1/turtle_bot_2/src/build/turtle_bot_2/build/lib/turtle_bot_2
copying turtle_bot_2/turtle_bot_teleop.py -> /home/robotica/Desktop/Taller1/turtle_bot_2/src/build/turtle_bot_2/build/lib/turtle_bot_2
running install
/usr/lib/python3/dist-packages/setuptools/command/install.py:34: SetuptoolsDeprecationWarning: setup.py install is deprecated. Use build and pip and other standards-based tools.
  warnings.warn(
running install_lib
creating /home/robotica/Desktop/Taller1/turtle_bot_2/src/install/turtle_bot_2/lib/python3.10/site-packages/turtle_bot_2
copying /home/robotica/Desktop/Taller1/turtle_bot_2/src/build/turtle_bot_2/build/lib/turtle_bot_2/turtle_bot_player.py -> /home/robotica/Desktop/Taller1/turtle_bot_2/src/install/turtle_bot_2/lib/python3.10/site-packages/turtle_bot_2
copying /home/robotica/Desktop/Taller1/turtle_bot_2/src/build/turtle_bot_2/build/lib/turtle_bot_2/turtle_bot_interface.py -> /home/robotica/Desktop/Taller1/turtle_bot_2/src/install/turtle_bot_2/lib/python3.10/site-packages/turtle_bot_2
copying /home/robotica/Desktop/Taller1/turtle_bot_2/src/build/turtle_bot_2/build/lib/turtle_bot_2/__init__.py -> /home/robotica/Desktop/Taller1/turtle_bot_2/src/install/turtle_bot_2/lib/python3.10/site-packages/turtle_bot_2
copying /home/robotica/Desktop/Taller1/turtle_bot_2/src/build/turtle_bot_2/build/lib/turtle_bot_2/turtle_bot_teleop.py -> /home/robotica/Desktop/Taller1/turtle_bot_2/src/install/turtle_bot_2/lib/python3.10/site-packages/turtle_bot_2
byte-compiling /home/robotica/Desktop/Taller1/turtle_bot_2/src/install/turtle_bot_2/lib/python3.10/site-packages/turtle_bot_2/turtle_bot_player.py to turtle_bot_player.cpython-310.pyc
byte-compiling /home/robotica/Desktop/Taller1/turtle_bot_2/src/install/turtle_bot_2/lib/python3.10/site-packages/turtle_bot_2/turtle_bot_interface.py to turtle_bot_interface.cpython-310.pyc
byte-compiling /home/robotica/Desktop/Taller1/turtle_bot_2/src/install/turtle_bot_2/lib/python3.10/site-packages/turtle_bot_2/__init__.py to __init__.cpython-310.pyc
byte-compiling /home/robotica/Desktop/Taller1/turtle_bot_2/src/install/turtle_bot_2/lib/python3.10/site-packages/turtle_bot_2/turtle_bot_teleop.py to turtle_bot_teleop.cpython-310.pyc
running install_data
creating /home/robotica/Desktop/Taller1/turtle_bot_2/src/install/turtle_bot_2/share/ament_index
creating /home/robotica/Desktop/Taller1/turtle_bot_2/src/install/turtle_bot_2/share/ament_index/resource_index
creating /home/robotica/Desktop/Taller1/turtle_bot_2/src/install/turtle_bot_2/share/ament_index/resource_index/packages
copying resource/turtle_bot_2 -> /home/robotica/Desktop/Taller1/turtle_bot_2/src/install/turtle_bot_2/share/ament_index/resource_index/packages
copying package.xml -> /home/robotica/Desktop/Taller1/turtle_bot_2/src/install/turtle_bot_2/share/turtle_bot_2
running install_egg_info
Copying ../build/turtle_bot_2/turtle_bot_2.egg-info to /home/robotica/Desktop/Taller1/turtle_bot_2/src/install/turtle_bot_2/lib/python3.10/site-packages/turtle_bot_2-0.0.0-py3.10.egg-info
running install_scripts
Installing turtle_bot_interface script to /home/robotica/Desktop/Taller1/turtle_bot_2/src/install/turtle_bot_2/lib/turtle_bot_2
Installing turtle_bot_player script to /home/robotica/Desktop/Taller1/turtle_bot_2/src/install/turtle_bot_2/lib/turtle_bot_2
Installing turtle_bot_teleop script to /home/robotica/Desktop/Taller1/turtle_bot_2/src/install/turtle_bot_2/lib/turtle_bot_2
writing list of installed files to '/home/robotica/Desktop/Taller1/turtle_bot_2/src/build/turtle_bot_2/install.log'
