[1.035s] Invoking command in '/home/robotica/Desktop/Taller1/turtle_bot_2/src/turtle_bot_2': AMENT_PREFIX_PATH=/home/robotica/Desktop/Taller1/turtle_bot_2/src/install/turtlebot_interfaces:${AMENT_PREFIX_PATH} CMAKE_PREFIX_PATH=/home/robotica/Desktop/Taller1/turtle_bot_2/src/install/turtlebot_interfaces LD_LIBRARY_PATH=/home/robotica/Desktop/Taller1/turtle_bot_2/src/install/turtlebot_interfaces/lib:${LD_LIBRARY_PATH} PYTHONPATH=/home/robotica/Desktop/Taller1/turtle_bot_2/src/build/turtle_bot_2/prefix_override:/home/robotica/Desktop/Taller1/turtle_bot_2/src/install/turtle_bot_2/lib/python3.10/site-packages:/home/robotica/Desktop/Taller1/turtle_bot_2/src/install/turtlebot_interfaces/local/lib/python3.10/dist-packages:${PYTHONPATH} /usr/bin/python3 setup.py egg_info --egg-base ../build/turtle_bot_2 build --build-base /home/robotica/Desktop/Taller1/turtle_bot_2/src/build/turtle_bot_2/build install --record /home/robotica/Desktop/Taller1/turtle_bot_2/src/build/turtle_bot_2/install.log --single-version-externally-managed
[1.365s] running egg_info
[1.367s] creating ../build/turtle_bot_2/turtle_bot_2.egg-info
[1.368s] writing ../build/turtle_bot_2/turtle_bot_2.egg-info/PKG-INFO
[1.369s] writing dependency_links to ../build/turtle_bot_2/turtle_bot_2.egg-info/dependency_links.txt
[1.369s] writing entry points to ../build/turtle_bot_2/turtle_bot_2.egg-info/entry_points.txt
[1.370s] writing requirements to ../build/turtle_bot_2/turtle_bot_2.egg-info/requires.txt
[1.370s] writing top-level names to ../build/turtle_bot_2/turtle_bot_2.egg-info/top_level.txt
[1.370s] writing manifest file '../build/turtle_bot_2/turtle_bot_2.egg-info/SOURCES.txt'
[1.373s] reading manifest file '../build/turtle_bot_2/turtle_bot_2.egg-info/SOURCES.txt'
[1.375s] writing manifest file '../build/turtle_bot_2/turtle_bot_2.egg-info/SOURCES.txt'
[1.375s] running build
[1.375s] running build_py
[1.376s] creating /home/robotica/Desktop/Taller1/turtle_bot_2/src/build/turtle_bot_2/build
[1.376s] creating /home/robotica/Desktop/Taller1/turtle_bot_2/src/build/turtle_bot_2/build/lib
[1.376s] creating /home/robotica/Desktop/Taller1/turtle_bot_2/src/build/turtle_bot_2/build/lib/turtle_bot_2
[1.377s] copying turtle_bot_2/turtle_bot_player.py -> /home/robotica/Desktop/Taller1/turtle_bot_2/src/build/turtle_bot_2/build/lib/turtle_bot_2
[1.377s] copying turtle_bot_2/turtle_bot_interface.py -> /home/robotica/Desktop/Taller1/turtle_bot_2/src/build/turtle_bot_2/build/lib/turtle_bot_2
[1.377s] copying turtle_bot_2/__init__.py -> /home/robotica/Desktop/Taller1/turtle_bot_2/src/build/turtle_bot_2/build/lib/turtle_bot_2
[1.377s] copying turtle_bot_2/turtle_bot_teleop.py -> /home/robotica/Desktop/Taller1/turtle_bot_2/src/build/turtle_bot_2/build/lib/turtle_bot_2
[1.378s] running install
[1.390s] /usr/lib/python3/dist-packages/setuptools/command/install.py:34: SetuptoolsDeprecationWarning: setup.py install is deprecated. Use build and pip and other standards-based tools.
[1.390s]   warnings.warn(
[1.391s] running install_lib
[1.393s] creating /home/robotica/Desktop/Taller1/turtle_bot_2/src/install/turtle_bot_2/lib/python3.10/site-packages/turtle_bot_2
[1.393s] copying /home/robotica/Desktop/Taller1/turtle_bot_2/src/build/turtle_bot_2/build/lib/turtle_bot_2/turtle_bot_player.py -> /home/robotica/Desktop/Taller1/turtle_bot_2/src/install/turtle_bot_2/lib/python3.10/site-packages/turtle_bot_2
[1.393s] copying /home/robotica/Desktop/Taller1/turtle_bot_2/src/build/turtle_bot_2/build/lib/turtle_bot_2/turtle_bot_interface.py -> /home/robotica/Desktop/Taller1/turtle_bot_2/src/install/turtle_bot_2/lib/python3.10/site-packages/turtle_bot_2
[1.394s] copying /home/robotica/Desktop/Taller1/turtle_bot_2/src/build/turtle_bot_2/build/lib/turtle_bot_2/__init__.py -> /home/robotica/Desktop/Taller1/turtle_bot_2/src/install/turtle_bot_2/lib/python3.10/site-packages/turtle_bot_2
[1.394s] copying /home/robotica/Desktop/Taller1/turtle_bot_2/src/build/turtle_bot_2/build/lib/turtle_bot_2/turtle_bot_teleop.py -> /home/robotica/Desktop/Taller1/turtle_bot_2/src/install/turtle_bot_2/lib/python3.10/site-packages/turtle_bot_2
[1.395s] byte-compiling /home/robotica/Desktop/Taller1/turtle_bot_2/src/install/turtle_bot_2/lib/python3.10/site-packages/turtle_bot_2/turtle_bot_player.py to turtle_bot_player.cpython-310.pyc
[1.397s] byte-compiling /home/robotica/Desktop/Taller1/turtle_bot_2/src/install/turtle_bot_2/lib/python3.10/site-packages/turtle_bot_2/turtle_bot_interface.py to turtle_bot_interface.cpython-310.pyc
[1.399s] byte-compiling /home/robotica/Desktop/Taller1/turtle_bot_2/src/install/turtle_bot_2/lib/python3.10/site-packages/turtle_bot_2/__init__.py to __init__.cpython-310.pyc
[1.399s] byte-compiling /home/robotica/Desktop/Taller1/turtle_bot_2/src/install/turtle_bot_2/lib/python3.10/site-packages/turtle_bot_2/turtle_bot_teleop.py to turtle_bot_teleop.cpython-310.pyc
[1.400s] running install_data
[1.401s] creating /home/robotica/Desktop/Taller1/turtle_bot_2/src/install/turtle_bot_2/share/ament_index
[1.401s] creating /home/robotica/Desktop/Taller1/turtle_bot_2/src/install/turtle_bot_2/share/ament_index/resource_index
[1.401s] creating /home/robotica/Desktop/Taller1/turtle_bot_2/src/install/turtle_bot_2/share/ament_index/resource_index/packages
[1.402s] copying resource/turtle_bot_2 -> /home/robotica/Desktop/Taller1/turtle_bot_2/src/install/turtle_bot_2/share/ament_index/resource_index/packages
[1.403s] copying package.xml -> /home/robotica/Desktop/Taller1/turtle_bot_2/src/install/turtle_bot_2/share/turtle_bot_2
[1.403s] running install_egg_info
[1.405s] Copying ../build/turtle_bot_2/turtle_bot_2.egg-info to /home/robotica/Desktop/Taller1/turtle_bot_2/src/install/turtle_bot_2/lib/python3.10/site-packages/turtle_bot_2-0.0.0-py3.10.egg-info
[1.406s] running install_scripts
[1.432s] Installing turtle_bot_interface script to /home/robotica/Desktop/Taller1/turtle_bot_2/src/install/turtle_bot_2/lib/turtle_bot_2
[1.432s] Installing turtle_bot_player script to /home/robotica/Desktop/Taller1/turtle_bot_2/src/install/turtle_bot_2/lib/turtle_bot_2
[1.433s] Installing turtle_bot_teleop script to /home/robotica/Desktop/Taller1/turtle_bot_2/src/install/turtle_bot_2/lib/turtle_bot_2
[1.433s] writing list of installed files to '/home/robotica/Desktop/Taller1/turtle_bot_2/src/build/turtle_bot_2/install.log'
[1.499s] Invoked command in '/home/robotica/Desktop/Taller1/turtle_bot_2/src/turtle_bot_2' returned '0': AMENT_PREFIX_PATH=/home/robotica/Desktop/Taller1/turtle_bot_2/src/install/turtlebot_interfaces:${AMENT_PREFIX_PATH} CMAKE_PREFIX_PATH=/home/robotica/Desktop/Taller1/turtle_bot_2/src/install/turtlebot_interfaces LD_LIBRARY_PATH=/home/robotica/Desktop/Taller1/turtle_bot_2/src/install/turtlebot_interfaces/lib:${LD_LIBRARY_PATH} PYTHONPATH=/home/robotica/Desktop/Taller1/turtle_bot_2/src/build/turtle_bot_2/prefix_override:/home/robotica/Desktop/Taller1/turtle_bot_2/src/install/turtle_bot_2/lib/python3.10/site-packages:/home/robotica/Desktop/Taller1/turtle_bot_2/src/install/turtlebot_interfaces/local/lib/python3.10/dist-packages:${PYTHONPATH} /usr/bin/python3 setup.py egg_info --egg-base ../build/turtle_bot_2 build --build-base /home/robotica/Desktop/Taller1/turtle_bot_2/src/build/turtle_bot_2/build install --record /home/robotica/Desktop/Taller1/turtle_bot_2/src/build/turtle_bot_2/install.log --single-version-externally-managed
