[0.396s] DEBUG:colcon:Command line arguments: ['/usr/bin/colcon', 'build']
[0.396s] DEBUG:colcon:Parsed command line arguments: Namespace(log_base=None, log_level=None, verb_name='build', build_base='build', install_base='install', merge_install=False, symlink_install=False, test_result_base=None, continue_on_error=False, executor='parallel', parallel_workers=1, event_handlers=None, ignore_user_meta=False, metas=['./colcon.meta'], base_paths=['.'], packages_ignore=None, packages_ignore_regex=None, paths=None, packages_up_to=None, packages_up_to_regex=None, packages_above=None, packages_above_and_dependencies=None, packages_above_depth=None, packages_select_by_dep=None, packages_skip_by_dep=None, packages_skip_up_to=None, packages_select_build_failed=False, packages_skip_build_finished=False, packages_select_test_failures=False, packages_skip_test_passed=False, packages_select=None, packages_skip=None, packages_select_regex=None, packages_skip_regex=None, packages_start=None, packages_end=None, allow_overriding=[], cmake_args=None, cmake_target=None, cmake_target_skip_unavailable=False, cmake_clean_cache=False, cmake_clean_first=False, cmake_force_configure=False, ament_cmake_args=None, catkin_cmake_args=None, catkin_skip_building_tests=False, verb_parser=<colcon_defaults.argument_parser.defaults.DefaultArgumentsDecorator object at 0x7fda3cc138e0>, verb_extension=<colcon_core.verb.build.BuildVerb object at 0x7fda3d595cf0>, main=<bound method BuildVerb.main of <colcon_core.verb.build.BuildVerb object at 0x7fda3d595cf0>>)
[0.423s] Level 1:colcon.colcon_core.package_discovery:discover_packages(colcon_meta) check parameters
[0.423s] Level 1:colcon.colcon_core.package_discovery:discover_packages(recursive) check parameters
[0.424s] Level 1:colcon.colcon_core.package_discovery:discover_packages(ignore) check parameters
[0.424s] Level 1:colcon.colcon_core.package_discovery:discover_packages(path) check parameters
[0.424s] Level 1:colcon.colcon_core.package_discovery:discover_packages(colcon_meta) discover
[0.424s] Level 1:colcon.colcon_core.package_discovery:discover_packages(recursive) discover
[0.425s] INFO:colcon.colcon_core.package_discovery:Crawling recursively for packages in '/home/robotica/Desktop/Taller1/turtle_bot_2/src'
[0.425s] Level 1:colcon.colcon_core.package_identification:_identify(.) by extensions ['ignore', 'ignore_ament_install']
[0.425s] Level 1:colcon.colcon_core.package_identification:_identify(.) by extension 'ignore'
[0.425s] Level 1:colcon.colcon_core.package_identification:_identify(.) by extension 'ignore_ament_install'
[0.426s] Level 1:colcon.colcon_core.package_identification:_identify(.) by extensions ['colcon_pkg']
[0.426s] Level 1:colcon.colcon_core.package_identification:_identify(.) by extension 'colcon_pkg'
[0.426s] Level 1:colcon.colcon_core.package_identification:_identify(.) by extensions ['colcon_meta']
[0.427s] Level 1:colcon.colcon_core.package_identification:_identify(.) by extension 'colcon_meta'
[0.427s] Level 1:colcon.colcon_core.package_identification:_identify(.) by extensions ['ros']
[0.427s] Level 1:colcon.colcon_core.package_identification:_identify(.) by extension 'ros'
[0.456s] Level 1:colcon.colcon_core.package_identification:_identify(.) by extensions ['cmake', 'python']
[0.457s] Level 1:colcon.colcon_core.package_identification:_identify(.) by extension 'cmake'
[0.457s] Level 1:colcon.colcon_core.package_identification:_identify(.) by extension 'python'
[0.457s] Level 1:colcon.colcon_core.package_identification:_identify(.) by extensions ['python_setup_py']
[0.458s] Level 1:colcon.colcon_core.package_identification:_identify(.) by extension 'python_setup_py'
[0.458s] Level 1:colcon.colcon_core.package_identification:_identify(build) by extensions ['ignore', 'ignore_ament_install']
[0.458s] Level 1:colcon.colcon_core.package_identification:_identify(build) by extension 'ignore'
[0.459s] Level 1:colcon.colcon_core.package_identification:_identify(build) ignored
[0.459s] Level 1:colcon.colcon_core.package_identification:_identify(install) by extensions ['ignore', 'ignore_ament_install']
[0.459s] Level 1:colcon.colcon_core.package_identification:_identify(install) by extension 'ignore'
[0.460s] Level 1:colcon.colcon_core.package_identification:_identify(install) ignored
[0.460s] Level 1:colcon.colcon_core.package_identification:_identify(log) by extensions ['ignore', 'ignore_ament_install']
[0.460s] Level 1:colcon.colcon_core.package_identification:_identify(log) by extension 'ignore'
[0.461s] Level 1:colcon.colcon_core.package_identification:_identify(log) ignored
[0.461s] Level 1:colcon.colcon_core.package_identification:_identify(turtle_bot_2) by extensions ['ignore', 'ignore_ament_install']
[0.461s] Level 1:colcon.colcon_core.package_identification:_identify(turtle_bot_2) by extension 'ignore'
[0.462s] Level 1:colcon.colcon_core.package_identification:_identify(turtle_bot_2) by extension 'ignore_ament_install'
[0.462s] Level 1:colcon.colcon_core.package_identification:_identify(turtle_bot_2) by extensions ['colcon_pkg']
[0.462s] Level 1:colcon.colcon_core.package_identification:_identify(turtle_bot_2) by extension 'colcon_pkg'
[0.462s] Level 1:colcon.colcon_core.package_identification:_identify(turtle_bot_2) by extensions ['colcon_meta']
[0.463s] Level 1:colcon.colcon_core.package_identification:_identify(turtle_bot_2) by extension 'colcon_meta'
[0.463s] Level 1:colcon.colcon_core.package_identification:_identify(turtle_bot_2) by extensions ['ros']
[0.463s] Level 1:colcon.colcon_core.package_identification:_identify(turtle_bot_2) by extension 'ros'
[0.466s] DEBUG:colcon.colcon_core.package_identification:Package 'turtle_bot_2' with type 'ros.ament_python' and name 'turtle_bot_2'
[0.466s] Level 1:colcon.colcon_core.package_identification:_identify(turtlebot_interfaces) by extensions ['ignore', 'ignore_ament_install']
[0.467s] Level 1:colcon.colcon_core.package_identification:_identify(turtlebot_interfaces) by extension 'ignore'
[0.467s] Level 1:colcon.colcon_core.package_identification:_identify(turtlebot_interfaces) by extension 'ignore_ament_install'
[0.467s] Level 1:colcon.colcon_core.package_identification:_identify(turtlebot_interfaces) by extensions ['colcon_pkg']
[0.468s] Level 1:colcon.colcon_core.package_identification:_identify(turtlebot_interfaces) by extension 'colcon_pkg'
[0.468s] Level 1:colcon.colcon_core.package_identification:_identify(turtlebot_interfaces) by extensions ['colcon_meta']
[0.468s] Level 1:colcon.colcon_core.package_identification:_identify(turtlebot_interfaces) by extension 'colcon_meta'
[0.469s] Level 1:colcon.colcon_core.package_identification:_identify(turtlebot_interfaces) by extensions ['ros']
[0.469s] Level 1:colcon.colcon_core.package_identification:_identify(turtlebot_interfaces) by extension 'ros'
[0.470s] DEBUG:colcon.colcon_core.package_identification:Package 'turtlebot_interfaces' with type 'ros.ament_cmake' and name 'turtlebot_interfaces'
[0.473s] Level 1:colcon.colcon_core.package_discovery:discover_packages(recursive) using defaults
[0.473s] Level 1:colcon.colcon_core.package_discovery:discover_packages(ignore) discover
[0.473s] Level 1:colcon.colcon_core.package_discovery:discover_packages(ignore) using defaults
[0.473s] Level 1:colcon.colcon_core.package_discovery:discover_packages(path) discover
[0.474s] Level 1:colcon.colcon_core.package_discovery:discover_packages(path) using defaults
[0.518s] Level 1:colcon.colcon_core.package_discovery:discover_packages(prefix_path) check parameters
[0.519s] Level 1:colcon.colcon_core.package_discovery:discover_packages(prefix_path) discover
[0.528s] DEBUG:colcon.colcon_installed_package_information.package_discovery:Found 2 installed packages in /home/robotica/Desktop/Taller1/turtle_bot_2/src/install
[0.531s] DEBUG:colcon.colcon_installed_package_information.package_discovery:Found 284 installed packages in /opt/ros/humble
[0.534s] Level 1:colcon.colcon_core.package_discovery:discover_packages(prefix_path) using defaults
[0.616s] Level 5:colcon.colcon_core.verb:set package 'turtlebot_interfaces' build argument 'cmake_args' from command line to 'None'
[0.617s] Level 5:colcon.colcon_core.verb:set package 'turtlebot_interfaces' build argument 'cmake_target' from command line to 'None'
[0.617s] Level 5:colcon.colcon_core.verb:set package 'turtlebot_interfaces' build argument 'cmake_target_skip_unavailable' from command line to 'False'
[0.617s] Level 5:colcon.colcon_core.verb:set package 'turtlebot_interfaces' build argument 'cmake_clean_cache' from command line to 'False'
[0.617s] Level 5:colcon.colcon_core.verb:set package 'turtlebot_interfaces' build argument 'cmake_clean_first' from command line to 'False'
[0.618s] Level 5:colcon.colcon_core.verb:set package 'turtlebot_interfaces' build argument 'cmake_force_configure' from command line to 'False'
[0.618s] Level 5:colcon.colcon_core.verb:set package 'turtlebot_interfaces' build argument 'ament_cmake_args' from command line to 'None'
[0.618s] Level 5:colcon.colcon_core.verb:set package 'turtlebot_interfaces' build argument 'catkin_cmake_args' from command line to 'None'
[0.618s] Level 5:colcon.colcon_core.verb:set package 'turtlebot_interfaces' build argument 'catkin_skip_building_tests' from command line to 'False'
[0.619s] DEBUG:colcon.colcon_core.verb:Building package 'turtlebot_interfaces' with the following arguments: {'ament_cmake_args': None, 'build_base': '/home/robotica/Desktop/Taller1/turtle_bot_2/src/build/turtlebot_interfaces', 'catkin_cmake_args': None, 'catkin_skip_building_tests': False, 'cmake_args': None, 'cmake_clean_cache': False, 'cmake_clean_first': False, 'cmake_force_configure': False, 'cmake_target': None, 'cmake_target_skip_unavailable': False, 'install_base': '/home/robotica/Desktop/Taller1/turtle_bot_2/src/install/turtlebot_interfaces', 'merge_install': False, 'path': '/home/robotica/Desktop/Taller1/turtle_bot_2/src/turtlebot_interfaces', 'symlink_install': False, 'test_result_base': None}
[0.620s] Level 5:colcon.colcon_core.verb:set package 'turtle_bot_2' build argument 'cmake_args' from command line to 'None'
[0.621s] Level 5:colcon.colcon_core.verb:set package 'turtle_bot_2' build argument 'cmake_target' from command line to 'None'
[0.621s] Level 5:colcon.colcon_core.verb:set package 'turtle_bot_2' build argument 'cmake_target_skip_unavailable' from command line to 'False'
[0.621s] Level 5:colcon.colcon_core.verb:set package 'turtle_bot_2' build argument 'cmake_clean_cache' from command line to 'False'
[0.621s] Level 5:colcon.colcon_core.verb:set package 'turtle_bot_2' build argument 'cmake_clean_first' from command line to 'False'
[0.622s] Level 5:colcon.colcon_core.verb:set package 'turtle_bot_2' build argument 'cmake_force_configure' from command line to 'False'
[0.622s] Level 5:colcon.colcon_core.verb:set package 'turtle_bot_2' build argument 'ament_cmake_args' from command line to 'None'
[0.622s] Level 5:colcon.colcon_core.verb:set package 'turtle_bot_2' build argument 'catkin_cmake_args' from command line to 'None'
[0.622s] Level 5:colcon.colcon_core.verb:set package 'turtle_bot_2' build argument 'catkin_skip_building_tests' from command line to 'False'
[0.623s] DEBUG:colcon.colcon_core.verb:Building package 'turtle_bot_2' with the following arguments: {'ament_cmake_args': None, 'build_base': '/home/robotica/Desktop/Taller1/turtle_bot_2/src/build/turtle_bot_2', 'catkin_cmake_args': None, 'catkin_skip_building_tests': False, 'cmake_args': None, 'cmake_clean_cache': False, 'cmake_clean_first': False, 'cmake_force_configure': False, 'cmake_target': None, 'cmake_target_skip_unavailable': False, 'install_base': '/home/robotica/Desktop/Taller1/turtle_bot_2/src/install/turtle_bot_2', 'merge_install': False, 'path': '/home/robotica/Desktop/Taller1/turtle_bot_2/src/turtle_bot_2', 'symlink_install': False, 'test_result_base': None}
[0.624s] INFO:colcon.colcon_core.executor:Executing jobs using 'parallel' executor
[0.628s] DEBUG:colcon.colcon_parallel_executor.executor.parallel:run_until_complete
[0.629s] INFO:colcon.colcon_ros.task.ament_cmake.build:Building ROS package in '/home/robotica/Desktop/Taller1/turtle_bot_2/src/turtlebot_interfaces' with build type 'ament_cmake'
[0.629s] INFO:colcon.colcon_cmake.task.cmake.build:Building CMake package in '/home/robotica/Desktop/Taller1/turtle_bot_2/src/turtlebot_interfaces'
[0.636s] INFO:colcon.colcon_core.plugin_system:Skipping extension 'colcon_core.shell.bat': Not used on non-Windows systems
[0.637s] INFO:colcon.colcon_core.shell:Skip shell extension 'powershell' for command environment: Not usable outside of PowerShell
[0.637s] DEBUG:colcon.colcon_core.shell:Skip shell extension 'dsv' for command environment
[0.659s] DEBUG:colcon.colcon_core.event_handler.log_command:Invoking command in '/home/robotica/Desktop/Taller1/turtle_bot_2/src/build/turtlebot_interfaces': CMAKE_PREFIX_PATH=${CMAKE_PREFIX_PATH}:/home/robotica/Desktop/Taller1/turtle_bot_2/src/install/turtle_bot_2:/opt/ros/humble /usr/bin/cmake --build /home/robotica/Desktop/Taller1/turtle_bot_2/src/build/turtlebot_interfaces -- -j1 -l1
[2.083s] DEBUG:colcon.colcon_core.event_handler.log_command:Invoked command in '/home/robotica/Desktop/Taller1/turtle_bot_2/src/build/turtlebot_interfaces' returned '0': CMAKE_PREFIX_PATH=${CMAKE_PREFIX_PATH}:/home/robotica/Desktop/Taller1/turtle_bot_2/src/install/turtle_bot_2:/opt/ros/humble /usr/bin/cmake --build /home/robotica/Desktop/Taller1/turtle_bot_2/src/build/turtlebot_interfaces -- -j1 -l1
[2.161s] DEBUG:colcon.colcon_core.event_handler.log_command:Invoking command in '/home/robotica/Desktop/Taller1/turtle_bot_2/src/build/turtlebot_interfaces': CMAKE_PREFIX_PATH=${CMAKE_PREFIX_PATH}:/home/robotica/Desktop/Taller1/turtle_bot_2/src/install/turtle_bot_2:/opt/ros/humble /usr/bin/cmake --install /home/robotica/Desktop/Taller1/turtle_bot_2/src/build/turtlebot_interfaces
[2.379s] Level 1:colcon.colcon_core.environment:create_environment_scripts_only(turtlebot_interfaces)
[2.389s] DEBUG:colcon.colcon_core.event_handler.log_command:Invoked command in '/home/robotica/Desktop/Taller1/turtle_bot_2/src/build/turtlebot_interfaces' returned '0': CMAKE_PREFIX_PATH=${CMAKE_PREFIX_PATH}:/home/robotica/Desktop/Taller1/turtle_bot_2/src/install/turtle_bot_2:/opt/ros/humble /usr/bin/cmake --install /home/robotica/Desktop/Taller1/turtle_bot_2/src/build/turtlebot_interfaces
[2.402s] Level 1:colcon.colcon_core.environment:checking '/home/robotica/Desktop/Taller1/turtle_bot_2/src/install/turtlebot_interfaces' for CMake module files
[2.403s] Level 1:colcon.colcon_core.environment:checking '/home/robotica/Desktop/Taller1/turtle_bot_2/src/install/turtlebot_interfaces' for CMake config files
[2.403s] Level 1:colcon.colcon_core.shell:create_environment_hook('turtlebot_interfaces', 'cmake_prefix_path')
[2.405s] INFO:colcon.colcon_core.shell:Creating environment hook '/home/robotica/Desktop/Taller1/turtle_bot_2/src/install/turtlebot_interfaces/share/turtlebot_interfaces/hook/cmake_prefix_path.ps1'
[2.406s] INFO:colcon.colcon_core.shell:Creating environment descriptor '/home/robotica/Desktop/Taller1/turtle_bot_2/src/install/turtlebot_interfaces/share/turtlebot_interfaces/hook/cmake_prefix_path.dsv'
[2.412s] INFO:colcon.colcon_core.shell:Creating environment hook '/home/robotica/Desktop/Taller1/turtle_bot_2/src/install/turtlebot_interfaces/share/turtlebot_interfaces/hook/cmake_prefix_path.sh'
[2.415s] Level 1:colcon.colcon_core.environment:checking '/home/robotica/Desktop/Taller1/turtle_bot_2/src/install/turtlebot_interfaces/lib'
[2.415s] Level 1:colcon.colcon_core.shell:create_environment_hook('turtlebot_interfaces', 'ld_library_path_lib')
[2.419s] INFO:colcon.colcon_core.shell:Creating environment hook '/home/robotica/Desktop/Taller1/turtle_bot_2/src/install/turtlebot_interfaces/share/turtlebot_interfaces/hook/ld_library_path_lib.ps1'
[2.422s] INFO:colcon.colcon_core.shell:Creating environment descriptor '/home/robotica/Desktop/Taller1/turtle_bot_2/src/install/turtlebot_interfaces/share/turtlebot_interfaces/hook/ld_library_path_lib.dsv'
[2.423s] INFO:colcon.colcon_core.shell:Creating environment hook '/home/robotica/Desktop/Taller1/turtle_bot_2/src/install/turtlebot_interfaces/share/turtlebot_interfaces/hook/ld_library_path_lib.sh'
[2.424s] Level 1:colcon.colcon_core.environment:checking '/home/robotica/Desktop/Taller1/turtle_bot_2/src/install/turtlebot_interfaces/bin'
[2.425s] Level 1:colcon.colcon_core.environment:checking '/home/robotica/Desktop/Taller1/turtle_bot_2/src/install/turtlebot_interfaces/lib/pkgconfig/turtlebot_interfaces.pc'
[2.425s] Level 1:colcon.colcon_core.environment:checking '/home/robotica/Desktop/Taller1/turtle_bot_2/src/install/turtlebot_interfaces/lib/python3.10/site-packages'
[2.425s] Level 1:colcon.colcon_core.environment:checking '/home/robotica/Desktop/Taller1/turtle_bot_2/src/install/turtlebot_interfaces/bin'
[2.432s] INFO:colcon.colcon_core.shell:Creating package script '/home/robotica/Desktop/Taller1/turtle_bot_2/src/install/turtlebot_interfaces/share/turtlebot_interfaces/package.ps1'
[2.433s] INFO:colcon.colcon_core.shell:Creating package descriptor '/home/robotica/Desktop/Taller1/turtle_bot_2/src/install/turtlebot_interfaces/share/turtlebot_interfaces/package.dsv'
[2.435s] INFO:colcon.colcon_core.shell:Creating package script '/home/robotica/Desktop/Taller1/turtle_bot_2/src/install/turtlebot_interfaces/share/turtlebot_interfaces/package.sh'
[2.436s] INFO:colcon.colcon_core.shell:Creating package script '/home/robotica/Desktop/Taller1/turtle_bot_2/src/install/turtlebot_interfaces/share/turtlebot_interfaces/package.bash'
[2.442s] INFO:colcon.colcon_core.shell:Creating package script '/home/robotica/Desktop/Taller1/turtle_bot_2/src/install/turtlebot_interfaces/share/turtlebot_interfaces/package.zsh'
[2.443s] Level 1:colcon.colcon_core.environment:create_file_with_runtime_dependencies(/home/robotica/Desktop/Taller1/turtle_bot_2/src/install/turtlebot_interfaces/share/colcon-core/packages/turtlebot_interfaces)
[2.651s] Level 1:colcon.colcon_core.environment:create_environment_scripts_only(turtlebot_interfaces)
[2.654s] Level 1:colcon.colcon_core.environment:checking '/home/robotica/Desktop/Taller1/turtle_bot_2/src/install/turtlebot_interfaces' for CMake module files
[2.655s] Level 1:colcon.colcon_core.environment:checking '/home/robotica/Desktop/Taller1/turtle_bot_2/src/install/turtlebot_interfaces' for CMake config files
[2.656s] Level 1:colcon.colcon_core.shell:create_environment_hook('turtlebot_interfaces', 'cmake_prefix_path')
[2.658s] INFO:colcon.colcon_core.shell:Creating environment hook '/home/robotica/Desktop/Taller1/turtle_bot_2/src/install/turtlebot_interfaces/share/turtlebot_interfaces/hook/cmake_prefix_path.ps1'
[2.660s] INFO:colcon.colcon_core.shell:Creating environment descriptor '/home/robotica/Desktop/Taller1/turtle_bot_2/src/install/turtlebot_interfaces/share/turtlebot_interfaces/hook/cmake_prefix_path.dsv'
[2.661s] INFO:colcon.colcon_core.shell:Creating environment hook '/home/robotica/Desktop/Taller1/turtle_bot_2/src/install/turtlebot_interfaces/share/turtlebot_interfaces/hook/cmake_prefix_path.sh'
[2.663s] Level 1:colcon.colcon_core.environment:checking '/home/robotica/Desktop/Taller1/turtle_bot_2/src/install/turtlebot_interfaces/lib'
[2.663s] Level 1:colcon.colcon_core.shell:create_environment_hook('turtlebot_interfaces', 'ld_library_path_lib')
[2.665s] INFO:colcon.colcon_core.shell:Creating environment hook '/home/robotica/Desktop/Taller1/turtle_bot_2/src/install/turtlebot_interfaces/share/turtlebot_interfaces/hook/ld_library_path_lib.ps1'
[2.676s] INFO:colcon.colcon_core.shell:Creating environment descriptor '/home/robotica/Desktop/Taller1/turtle_bot_2/src/install/turtlebot_interfaces/share/turtlebot_interfaces/hook/ld_library_path_lib.dsv'
[2.679s] INFO:colcon.colcon_core.shell:Creating environment hook '/home/robotica/Desktop/Taller1/turtle_bot_2/src/install/turtlebot_interfaces/share/turtlebot_interfaces/hook/ld_library_path_lib.sh'
[2.682s] Level 1:colcon.colcon_core.environment:checking '/home/robotica/Desktop/Taller1/turtle_bot_2/src/install/turtlebot_interfaces/bin'
[2.683s] Level 1:colcon.colcon_core.environment:checking '/home/robotica/Desktop/Taller1/turtle_bot_2/src/install/turtlebot_interfaces/lib/pkgconfig/turtlebot_interfaces.pc'
[2.683s] Level 1:colcon.colcon_core.environment:checking '/home/robotica/Desktop/Taller1/turtle_bot_2/src/install/turtlebot_interfaces/lib/python3.10/site-packages'
[2.684s] Level 1:colcon.colcon_core.environment:checking '/home/robotica/Desktop/Taller1/turtle_bot_2/src/install/turtlebot_interfaces/bin'
[2.686s] INFO:colcon.colcon_core.shell:Creating package script '/home/robotica/Desktop/Taller1/turtle_bot_2/src/install/turtlebot_interfaces/share/turtlebot_interfaces/package.ps1'
[2.688s] INFO:colcon.colcon_core.shell:Creating package descriptor '/home/robotica/Desktop/Taller1/turtle_bot_2/src/install/turtlebot_interfaces/share/turtlebot_interfaces/package.dsv'
[2.689s] INFO:colcon.colcon_core.shell:Creating package script '/home/robotica/Desktop/Taller1/turtle_bot_2/src/install/turtlebot_interfaces/share/turtlebot_interfaces/package.sh'
[2.691s] INFO:colcon.colcon_core.shell:Creating package script '/home/robotica/Desktop/Taller1/turtle_bot_2/src/install/turtlebot_interfaces/share/turtlebot_interfaces/package.bash'
[2.692s] INFO:colcon.colcon_core.shell:Creating package script '/home/robotica/Desktop/Taller1/turtle_bot_2/src/install/turtlebot_interfaces/share/turtlebot_interfaces/package.zsh'
[2.694s] Level 1:colcon.colcon_core.environment:create_file_with_runtime_dependencies(/home/robotica/Desktop/Taller1/turtle_bot_2/src/install/turtlebot_interfaces/share/colcon-core/packages/turtlebot_interfaces)
[2.703s] INFO:colcon.colcon_ros.task.ament_python.build:Building ROS package in '/home/robotica/Desktop/Taller1/turtle_bot_2/src/turtle_bot_2' with build type 'ament_python'
[2.704s] Level 1:colcon.colcon_core.shell:create_environment_hook('turtle_bot_2', 'ament_prefix_path')
[2.706s] INFO:colcon.colcon_core.shell:Creating environment hook '/home/robotica/Desktop/Taller1/turtle_bot_2/src/install/turtle_bot_2/share/turtle_bot_2/hook/ament_prefix_path.ps1'
[2.715s] INFO:colcon.colcon_core.shell:Creating environment descriptor '/home/robotica/Desktop/Taller1/turtle_bot_2/src/install/turtle_bot_2/share/turtle_bot_2/hook/ament_prefix_path.dsv'
[2.717s] INFO:colcon.colcon_core.shell:Creating environment hook '/home/robotica/Desktop/Taller1/turtle_bot_2/src/install/turtle_bot_2/share/turtle_bot_2/hook/ament_prefix_path.sh'
[2.721s] INFO:colcon.colcon_core.shell:Skip shell extension 'powershell' for command environment: Not usable outside of PowerShell
[2.722s] DEBUG:colcon.colcon_core.shell:Skip shell extension 'dsv' for command environment
[3.237s] INFO:colcon.colcon_core.task.python.build:Building Python package in '/home/robotica/Desktop/Taller1/turtle_bot_2/src/turtle_bot_2'
[3.239s] INFO:colcon.colcon_core.shell:Skip shell extension 'powershell' for command environment: Not usable outside of PowerShell
[3.239s] DEBUG:colcon.colcon_core.shell:Skip shell extension 'dsv' for command environment
[3.851s] DEBUG:colcon.colcon_core.event_handler.log_command:Invoking command in '/home/robotica/Desktop/Taller1/turtle_bot_2/src/turtle_bot_2': PYTHONPATH=/home/robotica/Desktop/Taller1/turtle_bot_2/src/build/turtle_bot_2/prefix_override:/home/robotica/Desktop/Taller1/turtle_bot_2/src/install/turtle_bot_2/lib/python3.10/site-packages:${PYTHONPATH} /usr/bin/python3 setup.py egg_info --egg-base ../build/turtle_bot_2 build --build-base /home/robotica/Desktop/Taller1/turtle_bot_2/src/build/turtle_bot_2/build install --record /home/robotica/Desktop/Taller1/turtle_bot_2/src/build/turtle_bot_2/install.log --single-version-externally-managed
[4.381s] Level 1:colcon.colcon_core.environment:checking '/home/robotica/Desktop/Taller1/turtle_bot_2/src/install/turtle_bot_2' for CMake module files
[4.382s] DEBUG:colcon.colcon_core.event_handler.log_command:Invoked command in '/home/robotica/Desktop/Taller1/turtle_bot_2/src/turtle_bot_2' returned '0': PYTHONPATH=/home/robotica/Desktop/Taller1/turtle_bot_2/src/build/turtle_bot_2/prefix_override:/home/robotica/Desktop/Taller1/turtle_bot_2/src/install/turtle_bot_2/lib/python3.10/site-packages:${PYTHONPATH} /usr/bin/python3 setup.py egg_info --egg-base ../build/turtle_bot_2 build --build-base /home/robotica/Desktop/Taller1/turtle_bot_2/src/build/turtle_bot_2/build install --record /home/robotica/Desktop/Taller1/turtle_bot_2/src/build/turtle_bot_2/install.log --single-version-externally-managed
[4.393s] Level 1:colcon.colcon_core.environment:checking '/home/robotica/Desktop/Taller1/turtle_bot_2/src/install/turtle_bot_2' for CMake config files
[4.393s] Level 1:colcon.colcon_core.environment:checking '/home/robotica/Desktop/Taller1/turtle_bot_2/src/install/turtle_bot_2/lib'
[4.394s] Level 1:colcon.colcon_core.environment:checking '/home/robotica/Desktop/Taller1/turtle_bot_2/src/install/turtle_bot_2/bin'
[4.394s] Level 1:colcon.colcon_core.environment:checking '/home/robotica/Desktop/Taller1/turtle_bot_2/src/install/turtle_bot_2/lib/pkgconfig/turtle_bot_2.pc'
[4.395s] Level 1:colcon.colcon_core.environment:checking '/home/robotica/Desktop/Taller1/turtle_bot_2/src/install/turtle_bot_2/lib/python3.10/site-packages'
[4.397s] Level 1:colcon.colcon_core.shell:create_environment_hook('turtle_bot_2', 'pythonpath')
[4.401s] INFO:colcon.colcon_core.shell:Creating environment hook '/home/robotica/Desktop/Taller1/turtle_bot_2/src/install/turtle_bot_2/share/turtle_bot_2/hook/pythonpath.ps1'
[4.404s] INFO:colcon.colcon_core.shell:Creating environment descriptor '/home/robotica/Desktop/Taller1/turtle_bot_2/src/install/turtle_bot_2/share/turtle_bot_2/hook/pythonpath.dsv'
[4.406s] INFO:colcon.colcon_core.shell:Creating environment hook '/home/robotica/Desktop/Taller1/turtle_bot_2/src/install/turtle_bot_2/share/turtle_bot_2/hook/pythonpath.sh'
[4.408s] Level 1:colcon.colcon_core.environment:checking '/home/robotica/Desktop/Taller1/turtle_bot_2/src/install/turtle_bot_2/bin'
[4.408s] Level 1:colcon.colcon_core.environment:create_environment_scripts_only(turtle_bot_2)
[4.411s] INFO:colcon.colcon_core.shell:Creating package script '/home/robotica/Desktop/Taller1/turtle_bot_2/src/install/turtle_bot_2/share/turtle_bot_2/package.ps1'
[4.413s] INFO:colcon.colcon_core.shell:Creating package descriptor '/home/robotica/Desktop/Taller1/turtle_bot_2/src/install/turtle_bot_2/share/turtle_bot_2/package.dsv'
[4.415s] INFO:colcon.colcon_core.shell:Creating package script '/home/robotica/Desktop/Taller1/turtle_bot_2/src/install/turtle_bot_2/share/turtle_bot_2/package.sh'
[4.418s] INFO:colcon.colcon_core.shell:Creating package script '/home/robotica/Desktop/Taller1/turtle_bot_2/src/install/turtle_bot_2/share/turtle_bot_2/package.bash'
[4.420s] INFO:colcon.colcon_core.shell:Creating package script '/home/robotica/Desktop/Taller1/turtle_bot_2/src/install/turtle_bot_2/share/turtle_bot_2/package.zsh'
[4.422s] Level 1:colcon.colcon_core.environment:create_file_with_runtime_dependencies(/home/robotica/Desktop/Taller1/turtle_bot_2/src/install/turtle_bot_2/share/colcon-core/packages/turtle_bot_2)
[4.427s] DEBUG:colcon.colcon_parallel_executor.executor.parallel:closing loop
[4.427s] DEBUG:colcon.colcon_parallel_executor.executor.parallel:loop closed
[4.428s] DEBUG:colcon.colcon_parallel_executor.executor.parallel:run_until_complete finished with '0'
[4.428s] DEBUG:colcon.colcon_core.event_reactor:joining thread
[4.436s] INFO:colcon.colcon_core.plugin_system:Skipping extension 'colcon_notification.desktop_notification.terminal_notifier': Not used on non-Darwin systems
[4.441s] INFO:colcon.colcon_core.plugin_system:Skipping extension 'colcon_notification.desktop_notification.win32': Not used on non-Windows systems
[4.446s] INFO:colcon.colcon_notification.desktop_notification:Sending desktop notification using 'notify2'
[4.475s] DEBUG:colcon.colcon_core.event_reactor:joined thread
[4.477s] INFO:colcon.colcon_core.shell:Creating prefix script '/home/robotica/Desktop/Taller1/turtle_bot_2/src/install/local_setup.ps1'
[4.485s] INFO:colcon.colcon_core.shell:Creating prefix util module '/home/robotica/Desktop/Taller1/turtle_bot_2/src/install/_local_setup_util_ps1.py'
[4.492s] INFO:colcon.colcon_core.shell:Creating prefix chain script '/home/robotica/Desktop/Taller1/turtle_bot_2/src/install/setup.ps1'
[4.499s] INFO:colcon.colcon_core.shell:Creating prefix script '/home/robotica/Desktop/Taller1/turtle_bot_2/src/install/local_setup.sh'
[4.503s] INFO:colcon.colcon_core.shell:Creating prefix util module '/home/robotica/Desktop/Taller1/turtle_bot_2/src/install/_local_setup_util_sh.py'
[4.505s] INFO:colcon.colcon_core.shell:Creating prefix chain script '/home/robotica/Desktop/Taller1/turtle_bot_2/src/install/setup.sh'
[4.512s] INFO:colcon.colcon_core.shell:Creating prefix script '/home/robotica/Desktop/Taller1/turtle_bot_2/src/install/local_setup.bash'
[4.517s] INFO:colcon.colcon_core.shell:Creating prefix chain script '/home/robotica/Desktop/Taller1/turtle_bot_2/src/install/setup.bash'
[4.522s] INFO:colcon.colcon_core.shell:Creating prefix script '/home/robotica/Desktop/Taller1/turtle_bot_2/src/install/local_setup.zsh'
[4.524s] INFO:colcon.colcon_core.shell:Creating prefix chain script '/home/robotica/Desktop/Taller1/turtle_bot_2/src/install/setup.zsh'
