[1.718s] Invoking command in '/home/robotica/Desktop/Taller1/turtle_bot_2/src/turtle_bot_2': AMENT_PREFIX_PATH=/home/robotica/Desktop/Taller1/turtle_bot_2/src/install/turtlebot_interfaces:${AMENT_PREFIX_PATH} CMAKE_PREFIX_PATH=/home/robotica/Desktop/Taller1/turtle_bot_2/src/install/turtlebot_interfaces LD_LIBRARY_PATH=/home/robotica/Desktop/Taller1/turtle_bot_2/src/install/turtlebot_interfaces/lib:${LD_LIBRARY_PATH} PYTHONPATH=/home/robotica/Desktop/Taller1/turtle_bot_2/src/build/turtle_bot_2/prefix_override:/home/robotica/Desktop/Taller1/turtle_bot_2/src/install/turtle_bot_2/lib/python3.10/site-packages:/home/robotica/Desktop/Taller1/turtle_bot_2/src/install/turtlebot_interfaces/local/lib/python3.10/dist-packages:${PYTHONPATH} /usr/bin/python3 setup.py egg_info --egg-base ../build/turtle_bot_2 build --build-base /home/robotica/Desktop/Taller1/turtle_bot_2/src/build/turtle_bot_2/build install --record /home/robotica/Desktop/Taller1/turtle_bot_2/src/build/turtle_bot_2/install.log --single-version-externally-managed
[2.264s] running egg_info
[2.267s] writing ../build/turtle_bot_2/turtle_bot_2.egg-info/PKG-INFO
[2.270s] writing dependency_links to ../build/turtle_bot_2/turtle_bot_2.egg-info/dependency_links.txt
[2.272s] writing entry points to ../build/turtle_bot_2/turtle_bot_2.egg-info/entry_points.txt
[2.274s] writing requirements to ../build/turtle_bot_2/turtle_bot_2.egg-info/requires.txt
[2.276s] writing top-level names to ../build/turtle_bot_2/turtle_bot_2.egg-info/top_level.txt
[2.288s] reading manifest file '../build/turtle_bot_2/turtle_bot_2.egg-info/SOURCES.txt'
[2.294s] writing manifest file '../build/turtle_bot_2/turtle_bot_2.egg-info/SOURCES.txt'
[2.297s] running build
[2.298s] running build_py
[2.300s] running install
[2.301s] /usr/lib/python3/dist-packages/setuptools/command/install.py:34: SetuptoolsDeprecationWarning: setup.py install is deprecated. Use build and pip and other standards-based tools.
[2.302s]   warnings.warn(
[2.302s] running install_lib
[2.308s] running install_data
[2.310s] running install_egg_info
[2.313s] removing '/home/robotica/Desktop/Taller1/turtle_bot_2/src/install/turtle_bot_2/lib/python3.10/site-packages/turtle_bot_2-0.0.0-py3.10.egg-info' (and everything under it)
[2.320s] Copying ../build/turtle_bot_2/turtle_bot_2.egg-info to /home/robotica/Desktop/Taller1/turtle_bot_2/src/install/turtle_bot_2/lib/python3.10/site-packages/turtle_bot_2-0.0.0-py3.10.egg-info
[2.324s] running install_scripts
[2.387s] Installing turtle_bot_interface script to /home/robotica/Desktop/Taller1/turtle_bot_2/src/install/turtle_bot_2/lib/turtle_bot_2
[2.391s] Installing turtle_bot_player script to /home/robotica/Desktop/Taller1/turtle_bot_2/src/install/turtle_bot_2/lib/turtle_bot_2
[2.393s] Installing turtle_bot_teleop script to /home/robotica/Desktop/Taller1/turtle_bot_2/src/install/turtle_bot_2/lib/turtle_bot_2
[2.398s] writing list of installed files to '/home/robotica/Desktop/Taller1/turtle_bot_2/src/build/turtle_bot_2/install.log'
[2.514s] Invoked command in '/home/robotica/Desktop/Taller1/turtle_bot_2/src/turtle_bot_2' returned '0': AMENT_PREFIX_PATH=/home/robotica/Desktop/Taller1/turtle_bot_2/src/install/turtlebot_interfaces:${AMENT_PREFIX_PATH} CMAKE_PREFIX_PATH=/home/robotica/Desktop/Taller1/turtle_bot_2/src/install/turtlebot_interfaces LD_LIBRARY_PATH=/home/robotica/Desktop/Taller1/turtle_bot_2/src/install/turtlebot_interfaces/lib:${LD_LIBRARY_PATH} PYTHONPATH=/home/robotica/Desktop/Taller1/turtle_bot_2/src/build/turtle_bot_2/prefix_override:/home/robotica/Desktop/Taller1/turtle_bot_2/src/install/turtle_bot_2/lib/python3.10/site-packages:/home/robotica/Desktop/Taller1/turtle_bot_2/src/install/turtlebot_interfaces/local/lib/python3.10/dist-packages:${PYTHONPATH} /usr/bin/python3 setup.py egg_info --egg-base ../build/turtle_bot_2 build --build-base /home/robotica/Desktop/Taller1/turtle_bot_2/src/build/turtle_bot_2/build install --record /home/robotica/Desktop/Taller1/turtle_bot_2/src/build/turtle_bot_2/install.log --single-version-externally-managed
