[0.069s] Invoking command in '/home/robotica/turtle_bot_2/build/turtlebot_interfaces': CMAKE_PREFIX_PATH=/opt/ros/humble /usr/bin/cmake --build /home/robotica/turtle_bot_2/build/turtlebot_interfaces -- -j1 -l1
[0.243s] [  3%] Built target turtlebot_interfaces_srv__cpp
[0.286s] [ 12%] Built target turtlebot_interfaces_srv__rosidl_typesupport_cpp
[0.332s] [ 22%] Built target turtlebot_interfaces_srv__rosidl_generator_c
[0.372s] [ 32%] Built target turtlebot_interfaces_srv__rosidl_typesupport_fastrtps_c
[0.408s] [ 41%] Built target turtlebot_interfaces_srv__rosidl_typesupport_introspection_c
[0.455s] [ 51%] Built target turtlebot_interfaces_srv__rosidl_typesupport_c
[0.496s] [ 61%] Built target turtlebot_interfaces_srv__rosidl_typesupport_fastrtps_cpp
[0.544s] [ 70%] Built target turtlebot_interfaces_srv__rosidl_typesupport_introspection_cpp
[0.580s] [ 70%] Built target turtlebot_interfaces_srv
[0.636s] [ 70%] Built target ament_cmake_python_copy_turtlebot_interfaces
[1.318s] running egg_info
[1.321s] writing turtlebot_interfaces.egg-info/PKG-INFO
[1.322s] writing dependency_links to turtlebot_interfaces.egg-info/dependency_links.txt
[1.324s] writing top-level names to turtlebot_interfaces.egg-info/top_level.txt
[1.331s] reading manifest file 'turtlebot_interfaces.egg-info/SOURCES.txt'
[1.332s] writing manifest file 'turtlebot_interfaces.egg-info/SOURCES.txt'
[1.400s] [ 70%] Built target ament_cmake_python_build_turtlebot_interfaces_egg
[1.443s] [ 74%] Built target turtlebot_interfaces_srv__py
[1.484s] [ 80%] Built target turtlebot_interfaces_srv__rosidl_generator_py
[1.526s] [ 87%] Built target turtlebot_interfaces__rosidl_typesupport_fastrtps_c__pyext
[1.576s] [ 93%] Built target turtlebot_interfaces__rosidl_typesupport_introspection_c__pyext
[1.613s] [100%] Built target turtlebot_interfaces__rosidl_typesupport_c__pyext
[1.633s] Invoked command in '/home/robotica/turtle_bot_2/build/turtlebot_interfaces' returned '0': CMAKE_PREFIX_PATH=/opt/ros/humble /usr/bin/cmake --build /home/robotica/turtle_bot_2/build/turtlebot_interfaces -- -j1 -l1
[1.773s] Invoking command in '/home/robotica/turtle_bot_2/build/turtlebot_interfaces': CMAKE_PREFIX_PATH=/opt/ros/humble /usr/bin/cmake --install /home/robotica/turtle_bot_2/build/turtlebot_interfaces
[1.791s] -- Install configuration: ""
[1.791s] -- Up-to-date: /home/robotica/turtle_bot_2/install/turtlebot_interfaces/share/ament_index/resource_index/rosidl_interfaces/turtlebot_interfaces
[1.792s] -- Up-to-date: /home/robotica/turtle_bot_2/install/turtlebot_interfaces/include/turtlebot_interfaces/turtlebot_interfaces
[1.792s] -- Up-to-date: /home/robotica/turtle_bot_2/install/turtlebot_interfaces/include/turtlebot_interfaces/turtlebot_interfaces/srv
[1.792s] -- Up-to-date: /home/robotica/turtle_bot_2/install/turtlebot_interfaces/include/turtlebot_interfaces/turtlebot_interfaces/srv/detail
[1.792s] -- Up-to-date: /home/robotica/turtle_bot_2/install/turtlebot_interfaces/include/turtlebot_interfaces/turtlebot_interfaces/srv/detail/reproducir__struct.h
[1.794s] -- Up-to-date: /home/robotica/turtle_bot_2/install/turtlebot_interfaces/include/turtlebot_interfaces/turtlebot_interfaces/srv/detail/reproducir__functions.h
[1.794s] -- Up-to-date: /home/robotica/turtle_bot_2/install/turtlebot_interfaces/include/turtlebot_interfaces/turtlebot_interfaces/srv/detail/reproducir__functions.c
[1.794s] -- Up-to-date: /home/robotica/turtle_bot_2/install/turtlebot_interfaces/include/turtlebot_interfaces/turtlebot_interfaces/srv/detail/reproducir__type_support.h
[1.794s] -- Up-to-date: /home/robotica/turtle_bot_2/install/turtlebot_interfaces/include/turtlebot_interfaces/turtlebot_interfaces/srv/reproducir.h
[1.794s] -- Up-to-date: /home/robotica/turtle_bot_2/install/turtlebot_interfaces/include/turtlebot_interfaces/turtlebot_interfaces/msg
[1.794s] -- Up-to-date: /home/robotica/turtle_bot_2/install/turtlebot_interfaces/include/turtlebot_interfaces/turtlebot_interfaces/msg/rosidl_generator_c__visibility_control.h
[1.795s] -- Up-to-date: /home/robotica/turtle_bot_2/install/turtlebot_interfaces/share/turtlebot_interfaces/environment/library_path.sh
[1.796s] -- Up-to-date: /home/robotica/turtle_bot_2/install/turtlebot_interfaces/share/turtlebot_interfaces/environment/library_path.dsv
[1.796s] -- Up-to-date: /home/robotica/turtle_bot_2/install/turtlebot_interfaces/lib/libturtlebot_interfaces__rosidl_generator_c.so
[1.797s] -- Up-to-date: /home/robotica/turtle_bot_2/install/turtlebot_interfaces/include/turtlebot_interfaces/turtlebot_interfaces
[1.797s] -- Up-to-date: /home/robotica/turtle_bot_2/install/turtlebot_interfaces/include/turtlebot_interfaces/turtlebot_interfaces/srv
[1.799s] -- Up-to-date: /home/robotica/turtle_bot_2/install/turtlebot_interfaces/include/turtlebot_interfaces/turtlebot_interfaces/srv/detail
[1.800s] -- Up-to-date: /home/robotica/turtle_bot_2/install/turtlebot_interfaces/include/turtlebot_interfaces/turtlebot_interfaces/srv/detail/reproducir__rosidl_typesupport_fastrtps_c.h
[1.800s] -- Up-to-date: /home/robotica/turtle_bot_2/install/turtlebot_interfaces/include/turtlebot_interfaces/turtlebot_interfaces/msg
[1.800s] -- Up-to-date: /home/robotica/turtle_bot_2/install/turtlebot_interfaces/include/turtlebot_interfaces/turtlebot_interfaces/msg/rosidl_typesupport_fastrtps_c__visibility_control.h
[1.800s] -- Up-to-date: /home/robotica/turtle_bot_2/install/turtlebot_interfaces/lib/libturtlebot_interfaces__rosidl_typesupport_fastrtps_c.so
[1.801s] -- Up-to-date: /home/robotica/turtle_bot_2/install/turtlebot_interfaces/include/turtlebot_interfaces/turtlebot_interfaces
[1.801s] -- Up-to-date: /home/robotica/turtle_bot_2/install/turtlebot_interfaces/include/turtlebot_interfaces/turtlebot_interfaces/srv
[1.801s] -- Up-to-date: /home/robotica/turtle_bot_2/install/turtlebot_interfaces/include/turtlebot_interfaces/turtlebot_interfaces/srv/detail
[1.801s] -- Up-to-date: /home/robotica/turtle_bot_2/install/turtlebot_interfaces/include/turtlebot_interfaces/turtlebot_interfaces/srv/detail/reproducir__rosidl_typesupport_introspection_c.h
[1.803s] -- Up-to-date: /home/robotica/turtle_bot_2/install/turtlebot_interfaces/include/turtlebot_interfaces/turtlebot_interfaces/srv/detail/reproducir__type_support.c
[1.803s] -- Up-to-date: /home/robotica/turtle_bot_2/install/turtlebot_interfaces/include/turtlebot_interfaces/turtlebot_interfaces/msg
[1.803s] -- Up-to-date: /home/robotica/turtle_bot_2/install/turtlebot_interfaces/include/turtlebot_interfaces/turtlebot_interfaces/msg/rosidl_typesupport_introspection_c__visibility_control.h
[1.803s] -- Up-to-date: /home/robotica/turtle_bot_2/install/turtlebot_interfaces/lib/libturtlebot_interfaces__rosidl_typesupport_introspection_c.so
[1.804s] -- Up-to-date: /home/robotica/turtle_bot_2/install/turtlebot_interfaces/lib/libturtlebot_interfaces__rosidl_typesupport_c.so
[1.806s] -- Up-to-date: /home/robotica/turtle_bot_2/install/turtlebot_interfaces/include/turtlebot_interfaces/turtlebot_interfaces
[1.806s] -- Up-to-date: /home/robotica/turtle_bot_2/install/turtlebot_interfaces/include/turtlebot_interfaces/turtlebot_interfaces/srv
[1.806s] -- Up-to-date: /home/robotica/turtle_bot_2/install/turtlebot_interfaces/include/turtlebot_interfaces/turtlebot_interfaces/srv/detail
[1.806s] -- Up-to-date: /home/robotica/turtle_bot_2/install/turtlebot_interfaces/include/turtlebot_interfaces/turtlebot_interfaces/srv/detail/reproducir__builder.hpp
[1.807s] -- Up-to-date: /home/robotica/turtle_bot_2/install/turtlebot_interfaces/include/turtlebot_interfaces/turtlebot_interfaces/srv/detail/reproducir__traits.hpp
[1.807s] -- Up-to-date: /home/robotica/turtle_bot_2/install/turtlebot_interfaces/include/turtlebot_interfaces/turtlebot_interfaces/srv/detail/reproducir__struct.hpp
[1.807s] -- Up-to-date: /home/robotica/turtle_bot_2/install/turtlebot_interfaces/include/turtlebot_interfaces/turtlebot_interfaces/srv/reproducir.hpp
[1.807s] -- Up-to-date: /home/robotica/turtle_bot_2/install/turtlebot_interfaces/include/turtlebot_interfaces/turtlebot_interfaces
[1.808s] -- Up-to-date: /home/robotica/turtle_bot_2/install/turtlebot_interfaces/include/turtlebot_interfaces/turtlebot_interfaces/srv
[1.808s] -- Up-to-date: /home/robotica/turtle_bot_2/install/turtlebot_interfaces/include/turtlebot_interfaces/turtlebot_interfaces/srv/detail
[1.808s] -- Up-to-date: /home/robotica/turtle_bot_2/install/turtlebot_interfaces/include/turtlebot_interfaces/turtlebot_interfaces/srv/detail/dds_fastrtps
[1.810s] -- Up-to-date: /home/robotica/turtle_bot_2/install/turtlebot_interfaces/include/turtlebot_interfaces/turtlebot_interfaces/srv/detail/reproducir__rosidl_typesupport_fastrtps_cpp.hpp
[1.810s] -- Up-to-date: /home/robotica/turtle_bot_2/install/turtlebot_interfaces/include/turtlebot_interfaces/turtlebot_interfaces/msg
[1.810s] -- Up-to-date: /home/robotica/turtle_bot_2/install/turtlebot_interfaces/include/turtlebot_interfaces/turtlebot_interfaces/msg/rosidl_typesupport_fastrtps_cpp__visibility_control.h
[1.811s] -- Up-to-date: /home/robotica/turtle_bot_2/install/turtlebot_interfaces/lib/libturtlebot_interfaces__rosidl_typesupport_fastrtps_cpp.so
[1.812s] -- Up-to-date: /home/robotica/turtle_bot_2/install/turtlebot_interfaces/include/turtlebot_interfaces/turtlebot_interfaces
[1.812s] -- Up-to-date: /home/robotica/turtle_bot_2/install/turtlebot_interfaces/include/turtlebot_interfaces/turtlebot_interfaces/srv
[1.812s] -- Up-to-date: /home/robotica/turtle_bot_2/install/turtlebot_interfaces/include/turtlebot_interfaces/turtlebot_interfaces/srv/detail
[1.813s] -- Up-to-date: /home/robotica/turtle_bot_2/install/turtlebot_interfaces/include/turtlebot_interfaces/turtlebot_interfaces/srv/detail/reproducir__rosidl_typesupport_introspection_cpp.hpp
[1.813s] -- Up-to-date: /home/robotica/turtle_bot_2/install/turtlebot_interfaces/include/turtlebot_interfaces/turtlebot_interfaces/srv/detail/reproducir__type_support.cpp
[1.815s] -- Up-to-date: /home/robotica/turtle_bot_2/install/turtlebot_interfaces/lib/libturtlebot_interfaces__rosidl_typesupport_introspection_cpp.so
[1.816s] -- Up-to-date: /home/robotica/turtle_bot_2/install/turtlebot_interfaces/lib/libturtlebot_interfaces__rosidl_typesupport_cpp.so
[1.816s] -- Up-to-date: /home/robotica/turtle_bot_2/install/turtlebot_interfaces/share/turtlebot_interfaces/environment/pythonpath.sh
[1.817s] -- Up-to-date: /home/robotica/turtle_bot_2/install/turtlebot_interfaces/share/turtlebot_interfaces/environment/pythonpath.dsv
[1.817s] -- Up-to-date: /home/robotica/turtle_bot_2/install/turtlebot_interfaces/local/lib/python3.10/dist-packages/turtlebot_interfaces-0.0.0-py3.10.egg-info
[1.817s] -- Installing: /home/robotica/turtle_bot_2/install/turtlebot_interfaces/local/lib/python3.10/dist-packages/turtlebot_interfaces-0.0.0-py3.10.egg-info/SOURCES.txt
[1.817s] -- Installing: /home/robotica/turtle_bot_2/install/turtlebot_interfaces/local/lib/python3.10/dist-packages/turtlebot_interfaces-0.0.0-py3.10.egg-info/PKG-INFO
[1.820s] -- Installing: /home/robotica/turtle_bot_2/install/turtlebot_interfaces/local/lib/python3.10/dist-packages/turtlebot_interfaces-0.0.0-py3.10.egg-info/dependency_links.txt
[1.820s] -- Installing: /home/robotica/turtle_bot_2/install/turtlebot_interfaces/local/lib/python3.10/dist-packages/turtlebot_interfaces-0.0.0-py3.10.egg-info/top_level.txt
[1.821s] -- Up-to-date: /home/robotica/turtle_bot_2/install/turtlebot_interfaces/local/lib/python3.10/dist-packages/turtlebot_interfaces
[1.821s] -- Up-to-date: /home/robotica/turtle_bot_2/install/turtlebot_interfaces/local/lib/python3.10/dist-packages/turtlebot_interfaces/turtlebot_interfaces_s__rosidl_typesupport_c.cpython-310-x86_64-linux-gnu.so
[1.821s] -- Up-to-date: /home/robotica/turtle_bot_2/install/turtlebot_interfaces/local/lib/python3.10/dist-packages/turtlebot_interfaces/_turtlebot_interfaces_s.ep.rosidl_typesupport_introspection_c.c
[1.821s] -- Up-to-date: /home/robotica/turtle_bot_2/install/turtlebot_interfaces/local/lib/python3.10/dist-packages/turtlebot_interfaces/srv
[1.821s] -- Up-to-date: /home/robotica/turtle_bot_2/install/turtlebot_interfaces/local/lib/python3.10/dist-packages/turtlebot_interfaces/srv/_reproducir.py
[1.821s] -- Up-to-date: /home/robotica/turtle_bot_2/install/turtlebot_interfaces/local/lib/python3.10/dist-packages/turtlebot_interfaces/srv/__init__.py
[1.822s] -- Up-to-date: /home/robotica/turtle_bot_2/install/turtlebot_interfaces/local/lib/python3.10/dist-packages/turtlebot_interfaces/srv/_reproducir_s.c
[1.822s] -- Up-to-date: /home/robotica/turtle_bot_2/install/turtlebot_interfaces/local/lib/python3.10/dist-packages/turtlebot_interfaces/libturtlebot_interfaces_srv__rosidl_generator_py.so
[1.824s] -- Up-to-date: /home/robotica/turtle_bot_2/install/turtlebot_interfaces/local/lib/python3.10/dist-packages/turtlebot_interfaces/turtlebot_interfaces_s__rosidl_typesupport_introspection_c.cpython-310-x86_64-linux-gnu.so
[1.824s] -- Up-to-date: /home/robotica/turtle_bot_2/install/turtlebot_interfaces/local/lib/python3.10/dist-packages/turtlebot_interfaces/_turtlebot_interfaces_s.ep.rosidl_typesupport_fastrtps_c.c
[1.824s] -- Up-to-date: /home/robotica/turtle_bot_2/install/turtlebot_interfaces/local/lib/python3.10/dist-packages/turtlebot_interfaces/turtlebot_interfaces_s__rosidl_typesupport_fastrtps_c.cpython-310-x86_64-linux-gnu.so
[1.825s] -- Up-to-date: /home/robotica/turtle_bot_2/install/turtlebot_interfaces/local/lib/python3.10/dist-packages/turtlebot_interfaces/__init__.py
[1.825s] -- Up-to-date: /home/robotica/turtle_bot_2/install/turtlebot_interfaces/local/lib/python3.10/dist-packages/turtlebot_interfaces/_turtlebot_interfaces_s.ep.rosidl_typesupport_c.c
[1.914s] Listing '/home/robotica/turtle_bot_2/install/turtlebot_interfaces/local/lib/python3.10/dist-packages/turtlebot_interfaces'...
[1.914s] Listing '/home/robotica/turtle_bot_2/install/turtlebot_interfaces/local/lib/python3.10/dist-packages/turtlebot_interfaces/srv'...
[1.924s] -- Up-to-date: /home/robotica/turtle_bot_2/install/turtlebot_interfaces/local/lib/python3.10/dist-packages/turtlebot_interfaces/turtlebot_interfaces_s__rosidl_typesupport_fastrtps_c.cpython-310-x86_64-linux-gnu.so
[1.925s] -- Up-to-date: /home/robotica/turtle_bot_2/install/turtlebot_interfaces/local/lib/python3.10/dist-packages/turtlebot_interfaces/turtlebot_interfaces_s__rosidl_typesupport_introspection_c.cpython-310-x86_64-linux-gnu.so
[1.925s] -- Up-to-date: /home/robotica/turtle_bot_2/install/turtlebot_interfaces/local/lib/python3.10/dist-packages/turtlebot_interfaces/turtlebot_interfaces_s__rosidl_typesupport_c.cpython-310-x86_64-linux-gnu.so
[1.928s] -- Up-to-date: /home/robotica/turtle_bot_2/install/turtlebot_interfaces/lib/libturtlebot_interfaces_srv__rosidl_generator_py.so
[1.929s] -- Up-to-date: /home/robotica/turtle_bot_2/install/turtlebot_interfaces/share/turtlebot_interfaces/srv/Reproducir.idl
[1.929s] -- Up-to-date: /home/robotica/turtle_bot_2/install/turtlebot_interfaces/share/turtlebot_interfaces/srv/Reproducir.srv
[1.929s] -- Up-to-date: /home/robotica/turtle_bot_2/install/turtlebot_interfaces/share/turtlebot_interfaces/srv/Reproducir_Request.msg
[1.929s] -- Up-to-date: /home/robotica/turtle_bot_2/install/turtlebot_interfaces/share/turtlebot_interfaces/srv/Reproducir_Response.msg
[1.929s] -- Up-to-date: /home/robotica/turtle_bot_2/install/turtlebot_interfaces/share/ament_index/resource_index/package_run_dependencies/turtlebot_interfaces
[1.930s] -- Up-to-date: /home/robotica/turtle_bot_2/install/turtlebot_interfaces/share/ament_index/resource_index/parent_prefix_path/turtlebot_interfaces
[1.930s] -- Up-to-date: /home/robotica/turtle_bot_2/install/turtlebot_interfaces/share/turtlebot_interfaces/environment/ament_prefix_path.sh
[1.931s] -- Up-to-date: /home/robotica/turtle_bot_2/install/turtlebot_interfaces/share/turtlebot_interfaces/environment/ament_prefix_path.dsv
[1.931s] -- Up-to-date: /home/robotica/turtle_bot_2/install/turtlebot_interfaces/share/turtlebot_interfaces/environment/path.sh
[1.931s] -- Up-to-date: /home/robotica/turtle_bot_2/install/turtlebot_interfaces/share/turtlebot_interfaces/environment/path.dsv
[1.932s] -- Up-to-date: /home/robotica/turtle_bot_2/install/turtlebot_interfaces/share/turtlebot_interfaces/local_setup.bash
[1.932s] -- Up-to-date: /home/robotica/turtle_bot_2/install/turtlebot_interfaces/share/turtlebot_interfaces/local_setup.sh
[1.932s] -- Up-to-date: /home/robotica/turtle_bot_2/install/turtlebot_interfaces/share/turtlebot_interfaces/local_setup.zsh
[1.936s] -- Up-to-date: /home/robotica/turtle_bot_2/install/turtlebot_interfaces/share/turtlebot_interfaces/local_setup.dsv
[1.936s] -- Installing: /home/robotica/turtle_bot_2/install/turtlebot_interfaces/share/turtlebot_interfaces/package.dsv
[1.937s] -- Up-to-date: /home/robotica/turtle_bot_2/install/turtlebot_interfaces/share/ament_index/resource_index/packages/turtlebot_interfaces
[1.937s] -- Up-to-date: /home/robotica/turtle_bot_2/install/turtlebot_interfaces/share/turtlebot_interfaces/cmake/export_turtlebot_interfaces_srv__rosidl_generator_cExport.cmake
[1.937s] -- Up-to-date: /home/robotica/turtle_bot_2/install/turtlebot_interfaces/share/turtlebot_interfaces/cmake/export_turtlebot_interfaces_srv__rosidl_generator_cExport-noconfig.cmake
[1.937s] -- Up-to-date: /home/robotica/turtle_bot_2/install/turtlebot_interfaces/share/turtlebot_interfaces/cmake/export_turtlebot_interfaces_srv__rosidl_typesupport_fastrtps_cExport.cmake
[1.944s] -- Up-to-date: /home/robotica/turtle_bot_2/install/turtlebot_interfaces/share/turtlebot_interfaces/cmake/export_turtlebot_interfaces_srv__rosidl_typesupport_fastrtps_cExport-noconfig.cmake
[1.945s] -- Up-to-date: /home/robotica/turtle_bot_2/install/turtlebot_interfaces/share/turtlebot_interfaces/cmake/turtlebot_interfaces_srv__rosidl_typesupport_introspection_cExport.cmake
[1.945s] -- Up-to-date: /home/robotica/turtle_bot_2/install/turtlebot_interfaces/share/turtlebot_interfaces/cmake/turtlebot_interfaces_srv__rosidl_typesupport_introspection_cExport-noconfig.cmake
[1.946s] -- Up-to-date: /home/robotica/turtle_bot_2/install/turtlebot_interfaces/share/turtlebot_interfaces/cmake/turtlebot_interfaces_srv__rosidl_typesupport_cExport.cmake
[1.946s] -- Up-to-date: /home/robotica/turtle_bot_2/install/turtlebot_interfaces/share/turtlebot_interfaces/cmake/turtlebot_interfaces_srv__rosidl_typesupport_cExport-noconfig.cmake
[1.947s] -- Up-to-date: /home/robotica/turtle_bot_2/install/turtlebot_interfaces/share/turtlebot_interfaces/cmake/export_turtlebot_interfaces_srv__rosidl_generator_cppExport.cmake
[1.948s] -- Up-to-date: /home/robotica/turtle_bot_2/install/turtlebot_interfaces/share/turtlebot_interfaces/cmake/export_turtlebot_interfaces_srv__rosidl_typesupport_fastrtps_cppExport.cmake
[1.948s] -- Up-to-date: /home/robotica/turtle_bot_2/install/turtlebot_interfaces/share/turtlebot_interfaces/cmake/export_turtlebot_interfaces_srv__rosidl_typesupport_fastrtps_cppExport-noconfig.cmake
[1.949s] -- Up-to-date: /home/robotica/turtle_bot_2/install/turtlebot_interfaces/share/turtlebot_interfaces/cmake/turtlebot_interfaces_srv__rosidl_typesupport_introspection_cppExport.cmake
[1.949s] -- Up-to-date: /home/robotica/turtle_bot_2/install/turtlebot_interfaces/share/turtlebot_interfaces/cmake/turtlebot_interfaces_srv__rosidl_typesupport_introspection_cppExport-noconfig.cmake
[1.950s] -- Up-to-date: /home/robotica/turtle_bot_2/install/turtlebot_interfaces/share/turtlebot_interfaces/cmake/turtlebot_interfaces_srv__rosidl_typesupport_cppExport.cmake
[1.950s] -- Up-to-date: /home/robotica/turtle_bot_2/install/turtlebot_interfaces/share/turtlebot_interfaces/cmake/turtlebot_interfaces_srv__rosidl_typesupport_cppExport-noconfig.cmake
[1.951s] -- Up-to-date: /home/robotica/turtle_bot_2/install/turtlebot_interfaces/share/turtlebot_interfaces/cmake/export_turtlebot_interfaces_srv__rosidl_generator_pyExport.cmake
[1.952s] -- Up-to-date: /home/robotica/turtle_bot_2/install/turtlebot_interfaces/share/turtlebot_interfaces/cmake/export_turtlebot_interfaces_srv__rosidl_generator_pyExport-noconfig.cmake
[1.952s] -- Up-to-date: /home/robotica/turtle_bot_2/install/turtlebot_interfaces/share/turtlebot_interfaces/cmake/rosidl_cmake-extras.cmake
[1.952s] -- Up-to-date: /home/robotica/turtle_bot_2/install/turtlebot_interfaces/share/turtlebot_interfaces/cmake/ament_cmake_export_include_directories-extras.cmake
[1.952s] -- Up-to-date: /home/robotica/turtle_bot_2/install/turtlebot_interfaces/share/turtlebot_interfaces/cmake/ament_cmake_export_libraries-extras.cmake
[1.954s] -- Up-to-date: /home/robotica/turtle_bot_2/install/turtlebot_interfaces/share/turtlebot_interfaces/cmake/ament_cmake_export_targets-extras.cmake
[1.954s] -- Up-to-date: /home/robotica/turtle_bot_2/install/turtlebot_interfaces/share/turtlebot_interfaces/cmake/rosidl_cmake_export_typesupport_targets-extras.cmake
[1.954s] -- Up-to-date: /home/robotica/turtle_bot_2/install/turtlebot_interfaces/share/turtlebot_interfaces/cmake/ament_cmake_export_dependencies-extras.cmake
[1.954s] -- Up-to-date: /home/robotica/turtle_bot_2/install/turtlebot_interfaces/share/turtlebot_interfaces/cmake/rosidl_cmake_export_typesupport_libraries-extras.cmake
[1.955s] -- Up-to-date: /home/robotica/turtle_bot_2/install/turtlebot_interfaces/share/turtlebot_interfaces/cmake/turtlebot_interfacesConfig.cmake
[1.955s] -- Up-to-date: /home/robotica/turtle_bot_2/install/turtlebot_interfaces/share/turtlebot_interfaces/cmake/turtlebot_interfacesConfig-version.cmake
[1.957s] -- Up-to-date: /home/robotica/turtle_bot_2/install/turtlebot_interfaces/share/turtlebot_interfaces/package.xml
[1.967s] Invoked command in '/home/robotica/turtle_bot_2/build/turtlebot_interfaces' returned '0': CMAKE_PREFIX_PATH=/opt/ros/humble /usr/bin/cmake --install /home/robotica/turtle_bot_2/build/turtlebot_interfaces
