[0.026s] Invoking command in '/home/robotica/Desktop/Taller1/turtle_bot_2/src/build/turtlebot_interfaces': CMAKE_PREFIX_PATH=${CMAKE_PREFIX_PATH}:/home/robotica/Desktop/Taller1/turtle_bot_2/src/install/turtle_bot_2:/opt/ros/humble /usr/bin/cmake --build /home/robotica/Desktop/Taller1/turtle_bot_2/src/build/turtlebot_interfaces -- -j1 -l1
[0.162s] [  9%] Built target turtlebot_interfaces_srv__rosidl_generator_c
[0.214s] [ 19%] Built target turtlebot_interfaces_srv__rosidl_typesupport_introspection_c
[0.263s] [ 29%] Built target turtlebot_interfaces_srv__rosidl_typesupport_c
[0.286s] [ 32%] Built target turtlebot_interfaces_srv__cpp
[0.311s] [ 41%] Built target turtlebot_interfaces_srv__rosidl_typesupport_fastrtps_cpp
[0.375s] [ 51%] Built target turtlebot_interfaces_srv__rosidl_typesupport_introspection_cpp
[0.493s] [ 61%] Built target turtlebot_interfaces_srv__rosidl_typesupport_cpp
[0.595s] [ 70%] Built target turtlebot_interfaces_srv__rosidl_typesupport_fastrtps_c
[0.697s] [ 70%] Built target turtlebot_interfaces_srv
[0.806s] [ 70%] Built target ament_cmake_python_copy_turtlebot_interfaces
[1.234s] running egg_info
[1.240s] writing turtlebot_interfaces.egg-info/PKG-INFO
[1.246s] writing dependency_links to turtlebot_interfaces.egg-info/dependency_links.txt
[1.248s] writing top-level names to turtlebot_interfaces.egg-info/top_level.txt
[1.253s] reading manifest file 'turtlebot_interfaces.egg-info/SOURCES.txt'
[1.267s] writing manifest file 'turtlebot_interfaces.egg-info/SOURCES.txt'
[1.313s] [ 70%] Built target ament_cmake_python_build_turtlebot_interfaces_egg
[1.354s] [ 74%] Built target turtlebot_interfaces_srv__py
[1.380s] [ 80%] Built target turtlebot_interfaces_srv__rosidl_generator_py
[1.404s] [ 87%] Built target turtlebot_interfaces__rosidl_typesupport_fastrtps_c__pyext
[1.436s] [ 93%] Built target turtlebot_interfaces__rosidl_typesupport_introspection_c__pyext
[1.465s] [100%] Built target turtlebot_interfaces__rosidl_typesupport_c__pyext
[1.499s] Invoked command in '/home/robotica/Desktop/Taller1/turtle_bot_2/src/build/turtlebot_interfaces' returned '0': CMAKE_PREFIX_PATH=${CMAKE_PREFIX_PATH}:/home/robotica/Desktop/Taller1/turtle_bot_2/src/install/turtle_bot_2:/opt/ros/humble /usr/bin/cmake --build /home/robotica/Desktop/Taller1/turtle_bot_2/src/build/turtlebot_interfaces -- -j1 -l1
[1.596s] Invoking command in '/home/robotica/Desktop/Taller1/turtle_bot_2/src/build/turtlebot_interfaces': CMAKE_PREFIX_PATH=${CMAKE_PREFIX_PATH}:/home/robotica/Desktop/Taller1/turtle_bot_2/src/install/turtle_bot_2:/opt/ros/humble /usr/bin/cmake --install /home/robotica/Desktop/Taller1/turtle_bot_2/src/build/turtlebot_interfaces
[1.607s] -- Install configuration: ""
[1.609s] -- Up-to-date: /home/robotica/Desktop/Taller1/turtle_bot_2/src/install/turtlebot_interfaces/share/ament_index/resource_index/rosidl_interfaces/turtlebot_interfaces
[1.612s] -- Up-to-date: /home/robotica/Desktop/Taller1/turtle_bot_2/src/install/turtlebot_interfaces/include/turtlebot_interfaces/turtlebot_interfaces
[1.613s] -- Up-to-date: /home/robotica/Desktop/Taller1/turtle_bot_2/src/install/turtlebot_interfaces/include/turtlebot_interfaces/turtlebot_interfaces/srv
[1.613s] -- Up-to-date: /home/robotica/Desktop/Taller1/turtle_bot_2/src/install/turtlebot_interfaces/include/turtlebot_interfaces/turtlebot_interfaces/srv/detail
[1.615s] -- Up-to-date: /home/robotica/Desktop/Taller1/turtle_bot_2/src/install/turtlebot_interfaces/include/turtlebot_interfaces/turtlebot_interfaces/srv/detail/reproducir__struct.h
[1.615s] -- Up-to-date: /home/robotica/Desktop/Taller1/turtle_bot_2/src/install/turtlebot_interfaces/include/turtlebot_interfaces/turtlebot_interfaces/srv/detail/reproducir__functions.h
[1.615s] -- Up-to-date: /home/robotica/Desktop/Taller1/turtle_bot_2/src/install/turtlebot_interfaces/include/turtlebot_interfaces/turtlebot_interfaces/srv/detail/reproducir__functions.c
[1.615s] -- Up-to-date: /home/robotica/Desktop/Taller1/turtle_bot_2/src/install/turtlebot_interfaces/include/turtlebot_interfaces/turtlebot_interfaces/srv/detail/reproducir__type_support.h
[1.615s] -- Up-to-date: /home/robotica/Desktop/Taller1/turtle_bot_2/src/install/turtlebot_interfaces/include/turtlebot_interfaces/turtlebot_interfaces/srv/reproducir.h
[1.615s] -- Up-to-date: /home/robotica/Desktop/Taller1/turtle_bot_2/src/install/turtlebot_interfaces/include/turtlebot_interfaces/turtlebot_interfaces/msg
[1.616s] -- Up-to-date: /home/robotica/Desktop/Taller1/turtle_bot_2/src/install/turtlebot_interfaces/include/turtlebot_interfaces/turtlebot_interfaces/msg/rosidl_generator_c__visibility_control.h
[1.616s] -- Up-to-date: /home/robotica/Desktop/Taller1/turtle_bot_2/src/install/turtlebot_interfaces/share/turtlebot_interfaces/environment/library_path.sh
[1.616s] -- Up-to-date: /home/robotica/Desktop/Taller1/turtle_bot_2/src/install/turtlebot_interfaces/share/turtlebot_interfaces/environment/library_path.dsv
[1.617s] -- Up-to-date: /home/robotica/Desktop/Taller1/turtle_bot_2/src/install/turtlebot_interfaces/lib/libturtlebot_interfaces__rosidl_generator_c.so
[1.617s] -- Up-to-date: /home/robotica/Desktop/Taller1/turtle_bot_2/src/install/turtlebot_interfaces/include/turtlebot_interfaces/turtlebot_interfaces
[1.617s] -- Up-to-date: /home/robotica/Desktop/Taller1/turtle_bot_2/src/install/turtlebot_interfaces/include/turtlebot_interfaces/turtlebot_interfaces/srv
[1.617s] -- Up-to-date: /home/robotica/Desktop/Taller1/turtle_bot_2/src/install/turtlebot_interfaces/include/turtlebot_interfaces/turtlebot_interfaces/srv/detail
[1.617s] -- Up-to-date: /home/robotica/Desktop/Taller1/turtle_bot_2/src/install/turtlebot_interfaces/include/turtlebot_interfaces/turtlebot_interfaces/srv/detail/reproducir__rosidl_typesupport_fastrtps_c.h
[1.618s] -- Up-to-date: /home/robotica/Desktop/Taller1/turtle_bot_2/src/install/turtlebot_interfaces/include/turtlebot_interfaces/turtlebot_interfaces/msg
[1.618s] -- Up-to-date: /home/robotica/Desktop/Taller1/turtle_bot_2/src/install/turtlebot_interfaces/include/turtlebot_interfaces/turtlebot_interfaces/msg/rosidl_typesupport_fastrtps_c__visibility_control.h
[1.619s] -- Up-to-date: /home/robotica/Desktop/Taller1/turtle_bot_2/src/install/turtlebot_interfaces/lib/libturtlebot_interfaces__rosidl_typesupport_fastrtps_c.so
[1.619s] -- Up-to-date: /home/robotica/Desktop/Taller1/turtle_bot_2/src/install/turtlebot_interfaces/include/turtlebot_interfaces/turtlebot_interfaces
[1.619s] -- Up-to-date: /home/robotica/Desktop/Taller1/turtle_bot_2/src/install/turtlebot_interfaces/include/turtlebot_interfaces/turtlebot_interfaces/srv
[1.619s] -- Up-to-date: /home/robotica/Desktop/Taller1/turtle_bot_2/src/install/turtlebot_interfaces/include/turtlebot_interfaces/turtlebot_interfaces/srv/detail
[1.619s] -- Up-to-date: /home/robotica/Desktop/Taller1/turtle_bot_2/src/install/turtlebot_interfaces/include/turtlebot_interfaces/turtlebot_interfaces/srv/detail/reproducir__rosidl_typesupport_introspection_c.h
[1.620s] -- Up-to-date: /home/robotica/Desktop/Taller1/turtle_bot_2/src/install/turtlebot_interfaces/include/turtlebot_interfaces/turtlebot_interfaces/srv/detail/reproducir__type_support.c
[1.620s] -- Up-to-date: /home/robotica/Desktop/Taller1/turtle_bot_2/src/install/turtlebot_interfaces/include/turtlebot_interfaces/turtlebot_interfaces/msg
[1.622s] -- Up-to-date: /home/robotica/Desktop/Taller1/turtle_bot_2/src/install/turtlebot_interfaces/include/turtlebot_interfaces/turtlebot_interfaces/msg/rosidl_typesupport_introspection_c__visibility_control.h
[1.622s] -- Up-to-date: /home/robotica/Desktop/Taller1/turtle_bot_2/src/install/turtlebot_interfaces/lib/libturtlebot_interfaces__rosidl_typesupport_introspection_c.so
[1.623s] -- Up-to-date: /home/robotica/Desktop/Taller1/turtle_bot_2/src/install/turtlebot_interfaces/lib/libturtlebot_interfaces__rosidl_typesupport_c.so
[1.623s] -- Up-to-date: /home/robotica/Desktop/Taller1/turtle_bot_2/src/install/turtlebot_interfaces/include/turtlebot_interfaces/turtlebot_interfaces
[1.624s] -- Up-to-date: /home/robotica/Desktop/Taller1/turtle_bot_2/src/install/turtlebot_interfaces/include/turtlebot_interfaces/turtlebot_interfaces/srv
[1.624s] -- Up-to-date: /home/robotica/Desktop/Taller1/turtle_bot_2/src/install/turtlebot_interfaces/include/turtlebot_interfaces/turtlebot_interfaces/srv/detail
[1.624s] -- Up-to-date: /home/robotica/Desktop/Taller1/turtle_bot_2/src/install/turtlebot_interfaces/include/turtlebot_interfaces/turtlebot_interfaces/srv/detail/reproducir__builder.hpp
[1.624s] -- Up-to-date: /home/robotica/Desktop/Taller1/turtle_bot_2/src/install/turtlebot_interfaces/include/turtlebot_interfaces/turtlebot_interfaces/srv/detail/reproducir__traits.hpp
[1.624s] -- Up-to-date: /home/robotica/Desktop/Taller1/turtle_bot_2/src/install/turtlebot_interfaces/include/turtlebot_interfaces/turtlebot_interfaces/srv/detail/reproducir__struct.hpp
[1.624s] -- Up-to-date: /home/robotica/Desktop/Taller1/turtle_bot_2/src/install/turtlebot_interfaces/include/turtlebot_interfaces/turtlebot_interfaces/srv/reproducir.hpp
[1.625s] -- Up-to-date: /home/robotica/Desktop/Taller1/turtle_bot_2/src/install/turtlebot_interfaces/include/turtlebot_interfaces/turtlebot_interfaces
[1.625s] -- Up-to-date: /home/robotica/Desktop/Taller1/turtle_bot_2/src/install/turtlebot_interfaces/include/turtlebot_interfaces/turtlebot_interfaces/srv
[1.625s] -- Up-to-date: /home/robotica/Desktop/Taller1/turtle_bot_2/src/install/turtlebot_interfaces/include/turtlebot_interfaces/turtlebot_interfaces/srv/detail
[1.625s] -- Up-to-date: /home/robotica/Desktop/Taller1/turtle_bot_2/src/install/turtlebot_interfaces/include/turtlebot_interfaces/turtlebot_interfaces/srv/detail/dds_fastrtps
[1.625s] -- Up-to-date: /home/robotica/Desktop/Taller1/turtle_bot_2/src/install/turtlebot_interfaces/include/turtlebot_interfaces/turtlebot_interfaces/srv/detail/reproducir__rosidl_typesupport_fastrtps_cpp.hpp
[1.626s] -- Up-to-date: /home/robotica/Desktop/Taller1/turtle_bot_2/src/install/turtlebot_interfaces/include/turtlebot_interfaces/turtlebot_interfaces/msg
[1.626s] -- Up-to-date: /home/robotica/Desktop/Taller1/turtle_bot_2/src/install/turtlebot_interfaces/include/turtlebot_interfaces/turtlebot_interfaces/msg/rosidl_typesupport_fastrtps_cpp__visibility_control.h
[1.626s] -- Up-to-date: /home/robotica/Desktop/Taller1/turtle_bot_2/src/install/turtlebot_interfaces/lib/libturtlebot_interfaces__rosidl_typesupport_fastrtps_cpp.so
[1.627s] -- Up-to-date: /home/robotica/Desktop/Taller1/turtle_bot_2/src/install/turtlebot_interfaces/include/turtlebot_interfaces/turtlebot_interfaces
[1.635s] -- Up-to-date: /home/robotica/Desktop/Taller1/turtle_bot_2/src/install/turtlebot_interfaces/include/turtlebot_interfaces/turtlebot_interfaces/srv
[1.635s] -- Up-to-date: /home/robotica/Desktop/Taller1/turtle_bot_2/src/install/turtlebot_interfaces/include/turtlebot_interfaces/turtlebot_interfaces/srv/detail
[1.635s] -- Up-to-date: /home/robotica/Desktop/Taller1/turtle_bot_2/src/install/turtlebot_interfaces/include/turtlebot_interfaces/turtlebot_interfaces/srv/detail/reproducir__rosidl_typesupport_introspection_cpp.hpp
[1.635s] -- Up-to-date: /home/robotica/Desktop/Taller1/turtle_bot_2/src/install/turtlebot_interfaces/include/turtlebot_interfaces/turtlebot_interfaces/srv/detail/reproducir__type_support.cpp
[1.637s] -- Up-to-date: /home/robotica/Desktop/Taller1/turtle_bot_2/src/install/turtlebot_interfaces/lib/libturtlebot_interfaces__rosidl_typesupport_introspection_cpp.so
[1.641s] -- Up-to-date: /home/robotica/Desktop/Taller1/turtle_bot_2/src/install/turtlebot_interfaces/lib/libturtlebot_interfaces__rosidl_typesupport_cpp.so
[1.641s] -- Up-to-date: /home/robotica/Desktop/Taller1/turtle_bot_2/src/install/turtlebot_interfaces/share/turtlebot_interfaces/environment/pythonpath.sh
[1.643s] -- Up-to-date: /home/robotica/Desktop/Taller1/turtle_bot_2/src/install/turtlebot_interfaces/share/turtlebot_interfaces/environment/pythonpath.dsv
[1.643s] -- Up-to-date: /home/robotica/Desktop/Taller1/turtle_bot_2/src/install/turtlebot_interfaces/local/lib/python3.10/dist-packages/turtlebot_interfaces-0.0.0-py3.10.egg-info
[1.643s] -- Installing: /home/robotica/Desktop/Taller1/turtle_bot_2/src/install/turtlebot_interfaces/local/lib/python3.10/dist-packages/turtlebot_interfaces-0.0.0-py3.10.egg-info/SOURCES.txt
[1.643s] -- Installing: /home/robotica/Desktop/Taller1/turtle_bot_2/src/install/turtlebot_interfaces/local/lib/python3.10/dist-packages/turtlebot_interfaces-0.0.0-py3.10.egg-info/PKG-INFO
[1.644s] -- Installing: /home/robotica/Desktop/Taller1/turtle_bot_2/src/install/turtlebot_interfaces/local/lib/python3.10/dist-packages/turtlebot_interfaces-0.0.0-py3.10.egg-info/dependency_links.txt
[1.644s] -- Installing: /home/robotica/Desktop/Taller1/turtle_bot_2/src/install/turtlebot_interfaces/local/lib/python3.10/dist-packages/turtlebot_interfaces-0.0.0-py3.10.egg-info/top_level.txt
[1.644s] -- Up-to-date: /home/robotica/Desktop/Taller1/turtle_bot_2/src/install/turtlebot_interfaces/local/lib/python3.10/dist-packages/turtlebot_interfaces
[1.645s] -- Up-to-date: /home/robotica/Desktop/Taller1/turtle_bot_2/src/install/turtlebot_interfaces/local/lib/python3.10/dist-packages/turtlebot_interfaces/turtlebot_interfaces_s__rosidl_typesupport_c.cpython-310-x86_64-linux-gnu.so
[1.645s] -- Up-to-date: /home/robotica/Desktop/Taller1/turtle_bot_2/src/install/turtlebot_interfaces/local/lib/python3.10/dist-packages/turtlebot_interfaces/_turtlebot_interfaces_s.ep.rosidl_typesupport_introspection_c.c
[1.645s] -- Up-to-date: /home/robotica/Desktop/Taller1/turtle_bot_2/src/install/turtlebot_interfaces/local/lib/python3.10/dist-packages/turtlebot_interfaces/srv
[1.647s] -- Up-to-date: /home/robotica/Desktop/Taller1/turtle_bot_2/src/install/turtlebot_interfaces/local/lib/python3.10/dist-packages/turtlebot_interfaces/srv/_reproducir.py
[1.647s] -- Up-to-date: /home/robotica/Desktop/Taller1/turtle_bot_2/src/install/turtlebot_interfaces/local/lib/python3.10/dist-packages/turtlebot_interfaces/srv/__init__.py
[1.647s] -- Up-to-date: /home/robotica/Desktop/Taller1/turtle_bot_2/src/install/turtlebot_interfaces/local/lib/python3.10/dist-packages/turtlebot_interfaces/srv/_reproducir_s.c
[1.647s] -- Up-to-date: /home/robotica/Desktop/Taller1/turtle_bot_2/src/install/turtlebot_interfaces/local/lib/python3.10/dist-packages/turtlebot_interfaces/libturtlebot_interfaces_srv__rosidl_generator_py.so
[1.648s] -- Up-to-date: /home/robotica/Desktop/Taller1/turtle_bot_2/src/install/turtlebot_interfaces/local/lib/python3.10/dist-packages/turtlebot_interfaces/turtlebot_interfaces_s__rosidl_typesupport_introspection_c.cpython-310-x86_64-linux-gnu.so
[1.648s] -- Up-to-date: /home/robotica/Desktop/Taller1/turtle_bot_2/src/install/turtlebot_interfaces/local/lib/python3.10/dist-packages/turtlebot_interfaces/_turtlebot_interfaces_s.ep.rosidl_typesupport_fastrtps_c.c
[1.648s] -- Up-to-date: /home/robotica/Desktop/Taller1/turtle_bot_2/src/install/turtlebot_interfaces/local/lib/python3.10/dist-packages/turtlebot_interfaces/turtlebot_interfaces_s__rosidl_typesupport_fastrtps_c.cpython-310-x86_64-linux-gnu.so
[1.648s] -- Up-to-date: /home/robotica/Desktop/Taller1/turtle_bot_2/src/install/turtlebot_interfaces/local/lib/python3.10/dist-packages/turtlebot_interfaces/__init__.py
[1.648s] -- Up-to-date: /home/robotica/Desktop/Taller1/turtle_bot_2/src/install/turtlebot_interfaces/local/lib/python3.10/dist-packages/turtlebot_interfaces/_turtlebot_interfaces_s.ep.rosidl_typesupport_c.c
[1.768s] Listing '/home/robotica/Desktop/Taller1/turtle_bot_2/src/install/turtlebot_interfaces/local/lib/python3.10/dist-packages/turtlebot_interfaces'...
[1.768s] Listing '/home/robotica/Desktop/Taller1/turtle_bot_2/src/install/turtlebot_interfaces/local/lib/python3.10/dist-packages/turtlebot_interfaces/srv'...
[1.781s] -- Up-to-date: /home/robotica/Desktop/Taller1/turtle_bot_2/src/install/turtlebot_interfaces/local/lib/python3.10/dist-packages/turtlebot_interfaces/turtlebot_interfaces_s__rosidl_typesupport_fastrtps_c.cpython-310-x86_64-linux-gnu.so
[1.781s] -- Up-to-date: /home/robotica/Desktop/Taller1/turtle_bot_2/src/install/turtlebot_interfaces/local/lib/python3.10/dist-packages/turtlebot_interfaces/turtlebot_interfaces_s__rosidl_typesupport_introspection_c.cpython-310-x86_64-linux-gnu.so
[1.782s] -- Up-to-date: /home/robotica/Desktop/Taller1/turtle_bot_2/src/install/turtlebot_interfaces/local/lib/python3.10/dist-packages/turtlebot_interfaces/turtlebot_interfaces_s__rosidl_typesupport_c.cpython-310-x86_64-linux-gnu.so
[1.782s] -- Up-to-date: /home/robotica/Desktop/Taller1/turtle_bot_2/src/install/turtlebot_interfaces/lib/libturtlebot_interfaces_srv__rosidl_generator_py.so
[1.782s] -- Up-to-date: /home/robotica/Desktop/Taller1/turtle_bot_2/src/install/turtlebot_interfaces/share/turtlebot_interfaces/srv/Reproducir.idl
[1.783s] -- Up-to-date: /home/robotica/Desktop/Taller1/turtle_bot_2/src/install/turtlebot_interfaces/share/turtlebot_interfaces/srv/Reproducir.srv
[1.783s] -- Up-to-date: /home/robotica/Desktop/Taller1/turtle_bot_2/src/install/turtlebot_interfaces/share/turtlebot_interfaces/srv/Reproducir_Request.msg
[1.783s] -- Up-to-date: /home/robotica/Desktop/Taller1/turtle_bot_2/src/install/turtlebot_interfaces/share/turtlebot_interfaces/srv/Reproducir_Response.msg
[1.783s] -- Up-to-date: /home/robotica/Desktop/Taller1/turtle_bot_2/src/install/turtlebot_interfaces/share/ament_index/resource_index/package_run_dependencies/turtlebot_interfaces
[1.784s] -- Up-to-date: /home/robotica/Desktop/Taller1/turtle_bot_2/src/install/turtlebot_interfaces/share/ament_index/resource_index/parent_prefix_path/turtlebot_interfaces
[1.784s] -- Up-to-date: /home/robotica/Desktop/Taller1/turtle_bot_2/src/install/turtlebot_interfaces/share/turtlebot_interfaces/environment/ament_prefix_path.sh
[1.784s] -- Up-to-date: /home/robotica/Desktop/Taller1/turtle_bot_2/src/install/turtlebot_interfaces/share/turtlebot_interfaces/environment/ament_prefix_path.dsv
[1.784s] -- Up-to-date: /home/robotica/Desktop/Taller1/turtle_bot_2/src/install/turtlebot_interfaces/share/turtlebot_interfaces/environment/path.sh
[1.785s] -- Up-to-date: /home/robotica/Desktop/Taller1/turtle_bot_2/src/install/turtlebot_interfaces/share/turtlebot_interfaces/environment/path.dsv
[1.785s] -- Up-to-date: /home/robotica/Desktop/Taller1/turtle_bot_2/src/install/turtlebot_interfaces/share/turtlebot_interfaces/local_setup.bash
[1.785s] -- Up-to-date: /home/robotica/Desktop/Taller1/turtle_bot_2/src/install/turtlebot_interfaces/share/turtlebot_interfaces/local_setup.sh
[1.785s] -- Up-to-date: /home/robotica/Desktop/Taller1/turtle_bot_2/src/install/turtlebot_interfaces/share/turtlebot_interfaces/local_setup.zsh
[1.786s] -- Up-to-date: /home/robotica/Desktop/Taller1/turtle_bot_2/src/install/turtlebot_interfaces/share/turtlebot_interfaces/local_setup.dsv
[1.786s] -- Installing: /home/robotica/Desktop/Taller1/turtle_bot_2/src/install/turtlebot_interfaces/share/turtlebot_interfaces/package.dsv
[1.787s] -- Up-to-date: /home/robotica/Desktop/Taller1/turtle_bot_2/src/install/turtlebot_interfaces/share/ament_index/resource_index/packages/turtlebot_interfaces
[1.790s] -- Up-to-date: /home/robotica/Desktop/Taller1/turtle_bot_2/src/install/turtlebot_interfaces/share/turtlebot_interfaces/cmake/export_turtlebot_interfaces_srv__rosidl_generator_cExport.cmake
[1.791s] -- Up-to-date: /home/robotica/Desktop/Taller1/turtle_bot_2/src/install/turtlebot_interfaces/share/turtlebot_interfaces/cmake/export_turtlebot_interfaces_srv__rosidl_generator_cExport-noconfig.cmake
[1.791s] -- Up-to-date: /home/robotica/Desktop/Taller1/turtle_bot_2/src/install/turtlebot_interfaces/share/turtlebot_interfaces/cmake/export_turtlebot_interfaces_srv__rosidl_typesupport_fastrtps_cExport.cmake
[1.791s] -- Up-to-date: /home/robotica/Desktop/Taller1/turtle_bot_2/src/install/turtlebot_interfaces/share/turtlebot_interfaces/cmake/export_turtlebot_interfaces_srv__rosidl_typesupport_fastrtps_cExport-noconfig.cmake
[1.791s] -- Up-to-date: /home/robotica/Desktop/Taller1/turtle_bot_2/src/install/turtlebot_interfaces/share/turtlebot_interfaces/cmake/turtlebot_interfaces_srv__rosidl_typesupport_introspection_cExport.cmake
[1.792s] -- Up-to-date: /home/robotica/Desktop/Taller1/turtle_bot_2/src/install/turtlebot_interfaces/share/turtlebot_interfaces/cmake/turtlebot_interfaces_srv__rosidl_typesupport_introspection_cExport-noconfig.cmake
[1.792s] -- Up-to-date: /home/robotica/Desktop/Taller1/turtle_bot_2/src/install/turtlebot_interfaces/share/turtlebot_interfaces/cmake/turtlebot_interfaces_srv__rosidl_typesupport_cExport.cmake
[1.792s] -- Up-to-date: /home/robotica/Desktop/Taller1/turtle_bot_2/src/install/turtlebot_interfaces/share/turtlebot_interfaces/cmake/turtlebot_interfaces_srv__rosidl_typesupport_cExport-noconfig.cmake
[1.792s] -- Up-to-date: /home/robotica/Desktop/Taller1/turtle_bot_2/src/install/turtlebot_interfaces/share/turtlebot_interfaces/cmake/export_turtlebot_interfaces_srv__rosidl_generator_cppExport.cmake
[1.793s] -- Up-to-date: /home/robotica/Desktop/Taller1/turtle_bot_2/src/install/turtlebot_interfaces/share/turtlebot_interfaces/cmake/export_turtlebot_interfaces_srv__rosidl_typesupport_fastrtps_cppExport.cmake
[1.793s] -- Up-to-date: /home/robotica/Desktop/Taller1/turtle_bot_2/src/install/turtlebot_interfaces/share/turtlebot_interfaces/cmake/export_turtlebot_interfaces_srv__rosidl_typesupport_fastrtps_cppExport-noconfig.cmake
[1.793s] -- Up-to-date: /home/robotica/Desktop/Taller1/turtle_bot_2/src/install/turtlebot_interfaces/share/turtlebot_interfaces/cmake/turtlebot_interfaces_srv__rosidl_typesupport_introspection_cppExport.cmake
[1.793s] -- Up-to-date: /home/robotica/Desktop/Taller1/turtle_bot_2/src/install/turtlebot_interfaces/share/turtlebot_interfaces/cmake/turtlebot_interfaces_srv__rosidl_typesupport_introspection_cppExport-noconfig.cmake
[1.794s] -- Up-to-date: /home/robotica/Desktop/Taller1/turtle_bot_2/src/install/turtlebot_interfaces/share/turtlebot_interfaces/cmake/turtlebot_interfaces_srv__rosidl_typesupport_cppExport.cmake
[1.794s] -- Up-to-date: /home/robotica/Desktop/Taller1/turtle_bot_2/src/install/turtlebot_interfaces/share/turtlebot_interfaces/cmake/turtlebot_interfaces_srv__rosidl_typesupport_cppExport-noconfig.cmake
[1.794s] -- Up-to-date: /home/robotica/Desktop/Taller1/turtle_bot_2/src/install/turtlebot_interfaces/share/turtlebot_interfaces/cmake/export_turtlebot_interfaces_srv__rosidl_generator_pyExport.cmake
[1.795s] -- Up-to-date: /home/robotica/Desktop/Taller1/turtle_bot_2/src/install/turtlebot_interfaces/share/turtlebot_interfaces/cmake/export_turtlebot_interfaces_srv__rosidl_generator_pyExport-noconfig.cmake
[1.795s] -- Up-to-date: /home/robotica/Desktop/Taller1/turtle_bot_2/src/install/turtlebot_interfaces/share/turtlebot_interfaces/cmake/rosidl_cmake-extras.cmake
[1.795s] -- Up-to-date: /home/robotica/Desktop/Taller1/turtle_bot_2/src/install/turtlebot_interfaces/share/turtlebot_interfaces/cmake/ament_cmake_export_include_directories-extras.cmake
[1.795s] -- Up-to-date: /home/robotica/Desktop/Taller1/turtle_bot_2/src/install/turtlebot_interfaces/share/turtlebot_interfaces/cmake/ament_cmake_export_libraries-extras.cmake
[1.796s] -- Up-to-date: /home/robotica/Desktop/Taller1/turtle_bot_2/src/install/turtlebot_interfaces/share/turtlebot_interfaces/cmake/ament_cmake_export_targets-extras.cmake
[1.796s] -- Up-to-date: /home/robotica/Desktop/Taller1/turtle_bot_2/src/install/turtlebot_interfaces/share/turtlebot_interfaces/cmake/rosidl_cmake_export_typesupport_targets-extras.cmake
[1.796s] -- Up-to-date: /home/robotica/Desktop/Taller1/turtle_bot_2/src/install/turtlebot_interfaces/share/turtlebot_interfaces/cmake/ament_cmake_export_dependencies-extras.cmake
[1.797s] -- Up-to-date: /home/robotica/Desktop/Taller1/turtle_bot_2/src/install/turtlebot_interfaces/share/turtlebot_interfaces/cmake/rosidl_cmake_export_typesupport_libraries-extras.cmake
[1.797s] -- Up-to-date: /home/robotica/Desktop/Taller1/turtle_bot_2/src/install/turtlebot_interfaces/share/turtlebot_interfaces/cmake/turtlebot_interfacesConfig.cmake
[1.797s] -- Up-to-date: /home/robotica/Desktop/Taller1/turtle_bot_2/src/install/turtlebot_interfaces/share/turtlebot_interfaces/cmake/turtlebot_interfacesConfig-version.cmake
[1.797s] -- Up-to-date: /home/robotica/Desktop/Taller1/turtle_bot_2/src/install/turtlebot_interfaces/share/turtlebot_interfaces/package.xml
[1.803s] Invoked command in '/home/robotica/Desktop/Taller1/turtle_bot_2/src/build/turtlebot_interfaces' returned '0': CMAKE_PREFIX_PATH=${CMAKE_PREFIX_PATH}:/home/robotica/Desktop/Taller1/turtle_bot_2/src/install/turtle_bot_2:/opt/ros/humble /usr/bin/cmake --install /home/robotica/Desktop/Taller1/turtle_bot_2/src/build/turtlebot_interfaces
