[0.034s] Invoking command in '/home/robotica/turtle_bot_2/build/turtlebot_interfaces': CMAKE_PREFIX_PATH=/opt/ros/humble /usr/bin/cmake --build /home/robotica/turtle_bot_2/build/turtlebot_interfaces -- -j1 -l1
[0.151s] [  3%] Built target turtlebot_interfaces_srv__cpp
[0.196s] [ 12%] Built target turtlebot_interfaces_srv__rosidl_typesupport_cpp
[0.234s] [ 22%] Built target turtlebot_interfaces_srv__rosidl_generator_c
[0.276s] [ 32%] Built target turtlebot_interfaces_srv__rosidl_typesupport_fastrtps_c
[0.316s] [ 41%] Built target turtlebot_interfaces_srv__rosidl_typesupport_introspection_c
[0.352s] [ 51%] Built target turtlebot_interfaces_srv__rosidl_typesupport_c
[0.394s] [ 61%] Built target turtlebot_interfaces_srv__rosidl_typesupport_fastrtps_cpp
[0.440s] [ 70%] Built target turtlebot_interfaces_srv__rosidl_typesupport_introspection_cpp
[0.472s] [ 70%] Built target turtlebot_interfaces_srv
[0.525s] [ 70%] Built target ament_cmake_python_copy_turtlebot_interfaces
[1.828s] running egg_info
[1.833s] writing turtlebot_interfaces.egg-info/PKG-INFO
[1.834s] writing dependency_links to turtlebot_interfaces.egg-info/dependency_links.txt
[1.834s] writing top-level names to turtlebot_interfaces.egg-info/top_level.txt
[1.842s] reading manifest file 'turtlebot_interfaces.egg-info/SOURCES.txt'
[1.844s] writing manifest file 'turtlebot_interfaces.egg-info/SOURCES.txt'
[1.915s] [ 70%] Built target ament_cmake_python_build_turtlebot_interfaces_egg
[1.969s] [ 74%] Built target turtlebot_interfaces_srv__py
[2.092s] [ 80%] Built target turtlebot_interfaces_srv__rosidl_generator_py
[2.186s] [ 87%] Built target turtlebot_interfaces__rosidl_typesupport_fastrtps_c__pyext
[2.236s] [ 93%] Built target turtlebot_interfaces__rosidl_typesupport_introspection_c__pyext
[2.280s] [100%] Built target turtlebot_interfaces__rosidl_typesupport_c__pyext
[2.297s] Invoked command in '/home/robotica/turtle_bot_2/build/turtlebot_interfaces' returned '0': CMAKE_PREFIX_PATH=/opt/ros/humble /usr/bin/cmake --build /home/robotica/turtle_bot_2/build/turtlebot_interfaces -- -j1 -l1
[2.453s] Invoking command in '/home/robotica/turtle_bot_2/build/turtlebot_interfaces': CMAKE_PREFIX_PATH=/opt/ros/humble /usr/bin/cmake --install /home/robotica/turtle_bot_2/build/turtlebot_interfaces
[2.473s] -- Install configuration: ""
[2.473s] -- Up-to-date: /home/robotica/turtle_bot_2/install/turtlebot_interfaces/share/ament_index/resource_index/rosidl_interfaces/turtlebot_interfaces
[2.474s] -- Up-to-date: /home/robotica/turtle_bot_2/install/turtlebot_interfaces/include/turtlebot_interfaces/turtlebot_interfaces
[2.474s] -- Up-to-date: /home/robotica/turtle_bot_2/install/turtlebot_interfaces/include/turtlebot_interfaces/turtlebot_interfaces/srv
[2.474s] -- Up-to-date: /home/robotica/turtle_bot_2/install/turtlebot_interfaces/include/turtlebot_interfaces/turtlebot_interfaces/srv/detail
[2.474s] -- Up-to-date: /home/robotica/turtle_bot_2/install/turtlebot_interfaces/include/turtlebot_interfaces/turtlebot_interfaces/srv/detail/reproducir__struct.h
[2.475s] -- Up-to-date: /home/robotica/turtle_bot_2/install/turtlebot_interfaces/include/turtlebot_interfaces/turtlebot_interfaces/srv/detail/reproducir__functions.h
[2.476s] -- Up-to-date: /home/robotica/turtle_bot_2/install/turtlebot_interfaces/include/turtlebot_interfaces/turtlebot_interfaces/srv/detail/reproducir__functions.c
[2.476s] -- Up-to-date: /home/robotica/turtle_bot_2/install/turtlebot_interfaces/include/turtlebot_interfaces/turtlebot_interfaces/srv/detail/reproducir__type_support.h
[2.476s] -- Up-to-date: /home/robotica/turtle_bot_2/install/turtlebot_interfaces/include/turtlebot_interfaces/turtlebot_interfaces/srv/reproducir.h
[2.476s] -- Up-to-date: /home/robotica/turtle_bot_2/install/turtlebot_interfaces/include/turtlebot_interfaces/turtlebot_interfaces/msg
[2.480s] -- Up-to-date: /home/robotica/turtle_bot_2/install/turtlebot_interfaces/include/turtlebot_interfaces/turtlebot_interfaces/msg/rosidl_generator_c__visibility_control.h
[2.480s] -- Up-to-date: /home/robotica/turtle_bot_2/install/turtlebot_interfaces/share/turtlebot_interfaces/environment/library_path.sh
[2.480s] -- Up-to-date: /home/robotica/turtle_bot_2/install/turtlebot_interfaces/share/turtlebot_interfaces/environment/library_path.dsv
[2.481s] -- Up-to-date: /home/robotica/turtle_bot_2/install/turtlebot_interfaces/lib/libturtlebot_interfaces__rosidl_generator_c.so
[2.481s] -- Up-to-date: /home/robotica/turtle_bot_2/install/turtlebot_interfaces/include/turtlebot_interfaces/turtlebot_interfaces
[2.481s] -- Up-to-date: /home/robotica/turtle_bot_2/install/turtlebot_interfaces/include/turtlebot_interfaces/turtlebot_interfaces/srv
[2.482s] -- Up-to-date: /home/robotica/turtle_bot_2/install/turtlebot_interfaces/include/turtlebot_interfaces/turtlebot_interfaces/srv/detail
[2.482s] -- Up-to-date: /home/robotica/turtle_bot_2/install/turtlebot_interfaces/include/turtlebot_interfaces/turtlebot_interfaces/srv/detail/reproducir__rosidl_typesupport_fastrtps_c.h
[2.482s] -- Up-to-date: /home/robotica/turtle_bot_2/install/turtlebot_interfaces/include/turtlebot_interfaces/turtlebot_interfaces/msg
[2.482s] -- Up-to-date: /home/robotica/turtle_bot_2/install/turtlebot_interfaces/include/turtlebot_interfaces/turtlebot_interfaces/msg/rosidl_typesupport_fastrtps_c__visibility_control.h
[2.483s] -- Up-to-date: /home/robotica/turtle_bot_2/install/turtlebot_interfaces/lib/libturtlebot_interfaces__rosidl_typesupport_fastrtps_c.so
[2.484s] -- Up-to-date: /home/robotica/turtle_bot_2/install/turtlebot_interfaces/include/turtlebot_interfaces/turtlebot_interfaces
[2.487s] -- Up-to-date: /home/robotica/turtle_bot_2/install/turtlebot_interfaces/include/turtlebot_interfaces/turtlebot_interfaces/srv
[2.487s] -- Up-to-date: /home/robotica/turtle_bot_2/install/turtlebot_interfaces/include/turtlebot_interfaces/turtlebot_interfaces/srv/detail
[2.487s] -- Up-to-date: /home/robotica/turtle_bot_2/install/turtlebot_interfaces/include/turtlebot_interfaces/turtlebot_interfaces/srv/detail/reproducir__rosidl_typesupport_introspection_c.h
[2.487s] -- Up-to-date: /home/robotica/turtle_bot_2/install/turtlebot_interfaces/include/turtlebot_interfaces/turtlebot_interfaces/srv/detail/reproducir__type_support.c
[2.488s] -- Up-to-date: /home/robotica/turtle_bot_2/install/turtlebot_interfaces/include/turtlebot_interfaces/turtlebot_interfaces/msg
[2.488s] -- Up-to-date: /home/robotica/turtle_bot_2/install/turtlebot_interfaces/include/turtlebot_interfaces/turtlebot_interfaces/msg/rosidl_typesupport_introspection_c__visibility_control.h
[2.488s] -- Up-to-date: /home/robotica/turtle_bot_2/install/turtlebot_interfaces/lib/libturtlebot_interfaces__rosidl_typesupport_introspection_c.so
[2.489s] -- Up-to-date: /home/robotica/turtle_bot_2/install/turtlebot_interfaces/lib/libturtlebot_interfaces__rosidl_typesupport_c.so
[2.489s] -- Up-to-date: /home/robotica/turtle_bot_2/install/turtlebot_interfaces/include/turtlebot_interfaces/turtlebot_interfaces
[2.489s] -- Up-to-date: /home/robotica/turtle_bot_2/install/turtlebot_interfaces/include/turtlebot_interfaces/turtlebot_interfaces/srv
[2.492s] -- Up-to-date: /home/robotica/turtle_bot_2/install/turtlebot_interfaces/include/turtlebot_interfaces/turtlebot_interfaces/srv/detail
[2.492s] -- Up-to-date: /home/robotica/turtle_bot_2/install/turtlebot_interfaces/include/turtlebot_interfaces/turtlebot_interfaces/srv/detail/reproducir__builder.hpp
[2.492s] -- Up-to-date: /home/robotica/turtle_bot_2/install/turtlebot_interfaces/include/turtlebot_interfaces/turtlebot_interfaces/srv/detail/reproducir__traits.hpp
[2.492s] -- Up-to-date: /home/robotica/turtle_bot_2/install/turtlebot_interfaces/include/turtlebot_interfaces/turtlebot_interfaces/srv/detail/reproducir__struct.hpp
[2.493s] -- Up-to-date: /home/robotica/turtle_bot_2/install/turtlebot_interfaces/include/turtlebot_interfaces/turtlebot_interfaces/srv/reproducir.hpp
[2.493s] -- Up-to-date: /home/robotica/turtle_bot_2/install/turtlebot_interfaces/include/turtlebot_interfaces/turtlebot_interfaces
[2.493s] -- Up-to-date: /home/robotica/turtle_bot_2/install/turtlebot_interfaces/include/turtlebot_interfaces/turtlebot_interfaces/srv
[2.493s] -- Up-to-date: /home/robotica/turtle_bot_2/install/turtlebot_interfaces/include/turtlebot_interfaces/turtlebot_interfaces/srv/detail
[2.493s] -- Up-to-date: /home/robotica/turtle_bot_2/install/turtlebot_interfaces/include/turtlebot_interfaces/turtlebot_interfaces/srv/detail/dds_fastrtps
[2.494s] -- Up-to-date: /home/robotica/turtle_bot_2/install/turtlebot_interfaces/include/turtlebot_interfaces/turtlebot_interfaces/srv/detail/reproducir__rosidl_typesupport_fastrtps_cpp.hpp
[2.494s] -- Up-to-date: /home/robotica/turtle_bot_2/install/turtlebot_interfaces/include/turtlebot_interfaces/turtlebot_interfaces/msg
[2.494s] -- Up-to-date: /home/robotica/turtle_bot_2/install/turtlebot_interfaces/include/turtlebot_interfaces/turtlebot_interfaces/msg/rosidl_typesupport_fastrtps_cpp__visibility_control.h
[2.496s] -- Up-to-date: /home/robotica/turtle_bot_2/install/turtlebot_interfaces/lib/libturtlebot_interfaces__rosidl_typesupport_fastrtps_cpp.so
[2.496s] -- Up-to-date: /home/robotica/turtle_bot_2/install/turtlebot_interfaces/include/turtlebot_interfaces/turtlebot_interfaces
[2.496s] -- Up-to-date: /home/robotica/turtle_bot_2/install/turtlebot_interfaces/include/turtlebot_interfaces/turtlebot_interfaces/srv
[2.496s] -- Up-to-date: /home/robotica/turtle_bot_2/install/turtlebot_interfaces/include/turtlebot_interfaces/turtlebot_interfaces/srv/detail
[2.497s] -- Up-to-date: /home/robotica/turtle_bot_2/install/turtlebot_interfaces/include/turtlebot_interfaces/turtlebot_interfaces/srv/detail/reproducir__rosidl_typesupport_introspection_cpp.hpp
[2.497s] -- Up-to-date: /home/robotica/turtle_bot_2/install/turtlebot_interfaces/include/turtlebot_interfaces/turtlebot_interfaces/srv/detail/reproducir__type_support.cpp
[2.497s] -- Up-to-date: /home/robotica/turtle_bot_2/install/turtlebot_interfaces/lib/libturtlebot_interfaces__rosidl_typesupport_introspection_cpp.so
[2.499s] -- Up-to-date: /home/robotica/turtle_bot_2/install/turtlebot_interfaces/lib/libturtlebot_interfaces__rosidl_typesupport_cpp.so
[2.499s] -- Up-to-date: /home/robotica/turtle_bot_2/install/turtlebot_interfaces/share/turtlebot_interfaces/environment/pythonpath.sh
[2.500s] -- Up-to-date: /home/robotica/turtle_bot_2/install/turtlebot_interfaces/share/turtlebot_interfaces/environment/pythonpath.dsv
[2.500s] -- Up-to-date: /home/robotica/turtle_bot_2/install/turtlebot_interfaces/local/lib/python3.10/dist-packages/turtlebot_interfaces-0.0.0-py3.10.egg-info
[2.500s] -- Installing: /home/robotica/turtle_bot_2/install/turtlebot_interfaces/local/lib/python3.10/dist-packages/turtlebot_interfaces-0.0.0-py3.10.egg-info/SOURCES.txt
[2.502s] -- Installing: /home/robotica/turtle_bot_2/install/turtlebot_interfaces/local/lib/python3.10/dist-packages/turtlebot_interfaces-0.0.0-py3.10.egg-info/PKG-INFO
[2.502s] -- Installing: /home/robotica/turtle_bot_2/install/turtlebot_interfaces/local/lib/python3.10/dist-packages/turtlebot_interfaces-0.0.0-py3.10.egg-info/dependency_links.txt
[2.502s] -- Installing: /home/robotica/turtle_bot_2/install/turtlebot_interfaces/local/lib/python3.10/dist-packages/turtlebot_interfaces-0.0.0-py3.10.egg-info/top_level.txt
[2.503s] -- Up-to-date: /home/robotica/turtle_bot_2/install/turtlebot_interfaces/local/lib/python3.10/dist-packages/turtlebot_interfaces
[2.503s] -- Up-to-date: /home/robotica/turtle_bot_2/install/turtlebot_interfaces/local/lib/python3.10/dist-packages/turtlebot_interfaces/turtlebot_interfaces_s__rosidl_typesupport_c.cpython-310-x86_64-linux-gnu.so
[2.504s] -- Up-to-date: /home/robotica/turtle_bot_2/install/turtlebot_interfaces/local/lib/python3.10/dist-packages/turtlebot_interfaces/_turtlebot_interfaces_s.ep.rosidl_typesupport_introspection_c.c
[2.504s] -- Up-to-date: /home/robotica/turtle_bot_2/install/turtlebot_interfaces/local/lib/python3.10/dist-packages/turtlebot_interfaces/srv
[2.504s] -- Up-to-date: /home/robotica/turtle_bot_2/install/turtlebot_interfaces/local/lib/python3.10/dist-packages/turtlebot_interfaces/srv/_reproducir.py
[2.508s] -- Up-to-date: /home/robotica/turtle_bot_2/install/turtlebot_interfaces/local/lib/python3.10/dist-packages/turtlebot_interfaces/srv/__init__.py
[2.508s] -- Up-to-date: /home/robotica/turtle_bot_2/install/turtlebot_interfaces/local/lib/python3.10/dist-packages/turtlebot_interfaces/srv/_reproducir_s.c
[2.508s] -- Up-to-date: /home/robotica/turtle_bot_2/install/turtlebot_interfaces/local/lib/python3.10/dist-packages/turtlebot_interfaces/libturtlebot_interfaces_srv__rosidl_generator_py.so
[2.508s] -- Up-to-date: /home/robotica/turtle_bot_2/install/turtlebot_interfaces/local/lib/python3.10/dist-packages/turtlebot_interfaces/turtlebot_interfaces_s__rosidl_typesupport_introspection_c.cpython-310-x86_64-linux-gnu.so
[2.509s] -- Up-to-date: /home/robotica/turtle_bot_2/install/turtlebot_interfaces/local/lib/python3.10/dist-packages/turtlebot_interfaces/_turtlebot_interfaces_s.ep.rosidl_typesupport_fastrtps_c.c
[2.509s] -- Up-to-date: /home/robotica/turtle_bot_2/install/turtlebot_interfaces/local/lib/python3.10/dist-packages/turtlebot_interfaces/turtlebot_interfaces_s__rosidl_typesupport_fastrtps_c.cpython-310-x86_64-linux-gnu.so
[2.509s] -- Up-to-date: /home/robotica/turtle_bot_2/install/turtlebot_interfaces/local/lib/python3.10/dist-packages/turtlebot_interfaces/__init__.py
[2.509s] -- Up-to-date: /home/robotica/turtle_bot_2/install/turtlebot_interfaces/local/lib/python3.10/dist-packages/turtlebot_interfaces/_turtlebot_interfaces_s.ep.rosidl_typesupport_c.c
[2.588s] Listing '/home/robotica/turtle_bot_2/install/turtlebot_interfaces/local/lib/python3.10/dist-packages/turtlebot_interfaces'...
[2.589s] Listing '/home/robotica/turtle_bot_2/install/turtlebot_interfaces/local/lib/python3.10/dist-packages/turtlebot_interfaces/srv'...
[2.600s] -- Up-to-date: /home/robotica/turtle_bot_2/install/turtlebot_interfaces/local/lib/python3.10/dist-packages/turtlebot_interfaces/turtlebot_interfaces_s__rosidl_typesupport_fastrtps_c.cpython-310-x86_64-linux-gnu.so
[2.601s] -- Up-to-date: /home/robotica/turtle_bot_2/install/turtlebot_interfaces/local/lib/python3.10/dist-packages/turtlebot_interfaces/turtlebot_interfaces_s__rosidl_typesupport_introspection_c.cpython-310-x86_64-linux-gnu.so
[2.603s] -- Up-to-date: /home/robotica/turtle_bot_2/install/turtlebot_interfaces/local/lib/python3.10/dist-packages/turtlebot_interfaces/turtlebot_interfaces_s__rosidl_typesupport_c.cpython-310-x86_64-linux-gnu.so
[2.604s] -- Up-to-date: /home/robotica/turtle_bot_2/install/turtlebot_interfaces/lib/libturtlebot_interfaces_srv__rosidl_generator_py.so
[2.605s] -- Up-to-date: /home/robotica/turtle_bot_2/install/turtlebot_interfaces/share/turtlebot_interfaces/srv/Reproducir.idl
[2.606s] -- Up-to-date: /home/robotica/turtle_bot_2/install/turtlebot_interfaces/share/turtlebot_interfaces/srv/Reproducir.srv
[2.606s] -- Up-to-date: /home/robotica/turtle_bot_2/install/turtlebot_interfaces/share/turtlebot_interfaces/srv/Reproducir_Request.msg
[2.608s] -- Up-to-date: /home/robotica/turtle_bot_2/install/turtlebot_interfaces/share/turtlebot_interfaces/srv/Reproducir_Response.msg
[2.609s] -- Up-to-date: /home/robotica/turtle_bot_2/install/turtlebot_interfaces/share/ament_index/resource_index/package_run_dependencies/turtlebot_interfaces
[2.609s] -- Up-to-date: /home/robotica/turtle_bot_2/install/turtlebot_interfaces/share/ament_index/resource_index/parent_prefix_path/turtlebot_interfaces
[2.609s] -- Up-to-date: /home/robotica/turtle_bot_2/install/turtlebot_interfaces/share/turtlebot_interfaces/environment/ament_prefix_path.sh
[2.609s] -- Up-to-date: /home/robotica/turtle_bot_2/install/turtlebot_interfaces/share/turtlebot_interfaces/environment/ament_prefix_path.dsv
[2.609s] -- Up-to-date: /home/robotica/turtle_bot_2/install/turtlebot_interfaces/share/turtlebot_interfaces/environment/path.sh
[2.610s] -- Up-to-date: /home/robotica/turtle_bot_2/install/turtlebot_interfaces/share/turtlebot_interfaces/environment/path.dsv
[2.611s] -- Up-to-date: /home/robotica/turtle_bot_2/install/turtlebot_interfaces/share/turtlebot_interfaces/local_setup.bash
[2.612s] -- Up-to-date: /home/robotica/turtle_bot_2/install/turtlebot_interfaces/share/turtlebot_interfaces/local_setup.sh
[2.613s] -- Up-to-date: /home/robotica/turtle_bot_2/install/turtlebot_interfaces/share/turtlebot_interfaces/local_setup.zsh
[2.613s] -- Up-to-date: /home/robotica/turtle_bot_2/install/turtlebot_interfaces/share/turtlebot_interfaces/local_setup.dsv
[2.613s] -- Installing: /home/robotica/turtle_bot_2/install/turtlebot_interfaces/share/turtlebot_interfaces/package.dsv
[2.614s] -- Up-to-date: /home/robotica/turtle_bot_2/install/turtlebot_interfaces/share/ament_index/resource_index/packages/turtlebot_interfaces
[2.615s] -- Up-to-date: /home/robotica/turtle_bot_2/install/turtlebot_interfaces/share/turtlebot_interfaces/cmake/export_turtlebot_interfaces_srv__rosidl_generator_cExport.cmake
[2.617s] -- Up-to-date: /home/robotica/turtle_bot_2/install/turtlebot_interfaces/share/turtlebot_interfaces/cmake/export_turtlebot_interfaces_srv__rosidl_generator_cExport-noconfig.cmake
[2.618s] -- Up-to-date: /home/robotica/turtle_bot_2/install/turtlebot_interfaces/share/turtlebot_interfaces/cmake/export_turtlebot_interfaces_srv__rosidl_typesupport_fastrtps_cExport.cmake
[2.618s] -- Up-to-date: /home/robotica/turtle_bot_2/install/turtlebot_interfaces/share/turtlebot_interfaces/cmake/export_turtlebot_interfaces_srv__rosidl_typesupport_fastrtps_cExport-noconfig.cmake
[2.618s] -- Up-to-date: /home/robotica/turtle_bot_2/install/turtlebot_interfaces/share/turtlebot_interfaces/cmake/turtlebot_interfaces_srv__rosidl_typesupport_introspection_cExport.cmake
[2.620s] -- Up-to-date: /home/robotica/turtle_bot_2/install/turtlebot_interfaces/share/turtlebot_interfaces/cmake/turtlebot_interfaces_srv__rosidl_typesupport_introspection_cExport-noconfig.cmake
[2.621s] -- Up-to-date: /home/robotica/turtle_bot_2/install/turtlebot_interfaces/share/turtlebot_interfaces/cmake/turtlebot_interfaces_srv__rosidl_typesupport_cExport.cmake
[2.621s] -- Up-to-date: /home/robotica/turtle_bot_2/install/turtlebot_interfaces/share/turtlebot_interfaces/cmake/turtlebot_interfaces_srv__rosidl_typesupport_cExport-noconfig.cmake
[2.622s] -- Up-to-date: /home/robotica/turtle_bot_2/install/turtlebot_interfaces/share/turtlebot_interfaces/cmake/export_turtlebot_interfaces_srv__rosidl_generator_cppExport.cmake
[2.623s] -- Up-to-date: /home/robotica/turtle_bot_2/install/turtlebot_interfaces/share/turtlebot_interfaces/cmake/export_turtlebot_interfaces_srv__rosidl_typesupport_fastrtps_cppExport.cmake
[2.623s] -- Up-to-date: /home/robotica/turtle_bot_2/install/turtlebot_interfaces/share/turtlebot_interfaces/cmake/export_turtlebot_interfaces_srv__rosidl_typesupport_fastrtps_cppExport-noconfig.cmake
[2.623s] -- Up-to-date: /home/robotica/turtle_bot_2/install/turtlebot_interfaces/share/turtlebot_interfaces/cmake/turtlebot_interfaces_srv__rosidl_typesupport_introspection_cppExport.cmake
[2.624s] -- Up-to-date: /home/robotica/turtle_bot_2/install/turtlebot_interfaces/share/turtlebot_interfaces/cmake/turtlebot_interfaces_srv__rosidl_typesupport_introspection_cppExport-noconfig.cmake
[2.624s] -- Up-to-date: /home/robotica/turtle_bot_2/install/turtlebot_interfaces/share/turtlebot_interfaces/cmake/turtlebot_interfaces_srv__rosidl_typesupport_cppExport.cmake
[2.627s] -- Up-to-date: /home/robotica/turtle_bot_2/install/turtlebot_interfaces/share/turtlebot_interfaces/cmake/turtlebot_interfaces_srv__rosidl_typesupport_cppExport-noconfig.cmake
[2.627s] -- Up-to-date: /home/robotica/turtle_bot_2/install/turtlebot_interfaces/share/turtlebot_interfaces/cmake/export_turtlebot_interfaces_srv__rosidl_generator_pyExport.cmake
[2.627s] -- Up-to-date: /home/robotica/turtle_bot_2/install/turtlebot_interfaces/share/turtlebot_interfaces/cmake/export_turtlebot_interfaces_srv__rosidl_generator_pyExport-noconfig.cmake
[2.628s] -- Up-to-date: /home/robotica/turtle_bot_2/install/turtlebot_interfaces/share/turtlebot_interfaces/cmake/rosidl_cmake-extras.cmake
[2.628s] -- Up-to-date: /home/robotica/turtle_bot_2/install/turtlebot_interfaces/share/turtlebot_interfaces/cmake/ament_cmake_export_include_directories-extras.cmake
[2.630s] -- Up-to-date: /home/robotica/turtle_bot_2/install/turtlebot_interfaces/share/turtlebot_interfaces/cmake/ament_cmake_export_libraries-extras.cmake
[2.630s] -- Up-to-date: /home/robotica/turtle_bot_2/install/turtlebot_interfaces/share/turtlebot_interfaces/cmake/ament_cmake_export_targets-extras.cmake
[2.630s] -- Up-to-date: /home/robotica/turtle_bot_2/install/turtlebot_interfaces/share/turtlebot_interfaces/cmake/rosidl_cmake_export_typesupport_targets-extras.cmake
[2.630s] -- Up-to-date: /home/robotica/turtle_bot_2/install/turtlebot_interfaces/share/turtlebot_interfaces/cmake/ament_cmake_export_dependencies-extras.cmake
[2.630s] -- Up-to-date: /home/robotica/turtle_bot_2/install/turtlebot_interfaces/share/turtlebot_interfaces/cmake/rosidl_cmake_export_typesupport_libraries-extras.cmake
[2.631s] -- Up-to-date: /home/robotica/turtle_bot_2/install/turtlebot_interfaces/share/turtlebot_interfaces/cmake/turtlebot_interfacesConfig.cmake
[2.633s] -- Up-to-date: /home/robotica/turtle_bot_2/install/turtlebot_interfaces/share/turtlebot_interfaces/cmake/turtlebot_interfacesConfig-version.cmake
[2.633s] -- Up-to-date: /home/robotica/turtle_bot_2/install/turtlebot_interfaces/share/turtlebot_interfaces/package.xml
[2.645s] Invoked command in '/home/robotica/turtle_bot_2/build/turtlebot_interfaces' returned '0': CMAKE_PREFIX_PATH=/opt/ros/humble /usr/bin/cmake --install /home/robotica/turtle_bot_2/build/turtlebot_interfaces
