[0.043s] Invoking command in '/home/robotica/turtle_bot_2/build/turtlebot_interfaces': CMAKE_PREFIX_PATH=/opt/ros/humble /usr/bin/cmake --build /home/robotica/turtle_bot_2/build/turtlebot_interfaces -- -j1 -l1
[0.161s] [  3%] Built target turtlebot_interfaces_srv__cpp
[0.200s] [ 12%] Built target turtlebot_interfaces_srv__rosidl_typesupport_cpp
[0.246s] [ 22%] Built target turtlebot_interfaces_srv__rosidl_generator_c
[0.308s] [ 32%] Built target turtlebot_interfaces_srv__rosidl_typesupport_fastrtps_c
[0.353s] [ 41%] Built target turtlebot_interfaces_srv__rosidl_typesupport_introspection_c
[0.389s] [ 51%] Built target turtlebot_interfaces_srv__rosidl_typesupport_c
[0.438s] [ 61%] Built target turtlebot_interfaces_srv__rosidl_typesupport_fastrtps_cpp
[0.481s] [ 70%] Built target turtlebot_interfaces_srv__rosidl_typesupport_introspection_cpp
[0.519s] [ 70%] Built target turtlebot_interfaces_srv
[0.578s] [ 70%] Built target ament_cmake_python_copy_turtlebot_interfaces
[1.264s] running egg_info
[1.267s] writing turtlebot_interfaces.egg-info/PKG-INFO
[1.268s] writing dependency_links to turtlebot_interfaces.egg-info/dependency_links.txt
[1.270s] writing top-level names to turtlebot_interfaces.egg-info/top_level.txt
[1.278s] reading manifest file 'turtlebot_interfaces.egg-info/SOURCES.txt'
[1.285s] writing manifest file 'turtlebot_interfaces.egg-info/SOURCES.txt'
[1.366s] [ 70%] Built target ament_cmake_python_build_turtlebot_interfaces_egg
[1.404s] [ 74%] Built target turtlebot_interfaces_srv__py
[1.458s] [ 80%] Built target turtlebot_interfaces_srv__rosidl_generator_py
[1.506s] [ 87%] Built target turtlebot_interfaces__rosidl_typesupport_fastrtps_c__pyext
[1.560s] [ 93%] Built target turtlebot_interfaces__rosidl_typesupport_introspection_c__pyext
[1.601s] [100%] Built target turtlebot_interfaces__rosidl_typesupport_c__pyext
[1.627s] Invoked command in '/home/robotica/turtle_bot_2/build/turtlebot_interfaces' returned '0': CMAKE_PREFIX_PATH=/opt/ros/humble /usr/bin/cmake --build /home/robotica/turtle_bot_2/build/turtlebot_interfaces -- -j1 -l1
[1.781s] Invoking command in '/home/robotica/turtle_bot_2/build/turtlebot_interfaces': CMAKE_PREFIX_PATH=/opt/ros/humble /usr/bin/cmake --install /home/robotica/turtle_bot_2/build/turtlebot_interfaces
[1.800s] -- Install configuration: ""
[1.800s] -- Up-to-date: /home/robotica/turtle_bot_2/install/turtlebot_interfaces/share/ament_index/resource_index/rosidl_interfaces/turtlebot_interfaces
[1.801s] -- Up-to-date: /home/robotica/turtle_bot_2/install/turtlebot_interfaces/include/turtlebot_interfaces/turtlebot_interfaces
[1.801s] -- Up-to-date: /home/robotica/turtle_bot_2/install/turtlebot_interfaces/include/turtlebot_interfaces/turtlebot_interfaces/srv
[1.801s] -- Up-to-date: /home/robotica/turtle_bot_2/install/turtlebot_interfaces/include/turtlebot_interfaces/turtlebot_interfaces/srv/detail
[1.803s] -- Up-to-date: /home/robotica/turtle_bot_2/install/turtlebot_interfaces/include/turtlebot_interfaces/turtlebot_interfaces/srv/detail/reproducir__struct.h
[1.804s] -- Up-to-date: /home/robotica/turtle_bot_2/install/turtlebot_interfaces/include/turtlebot_interfaces/turtlebot_interfaces/srv/detail/reproducir__functions.h
[1.804s] -- Up-to-date: /home/robotica/turtle_bot_2/install/turtlebot_interfaces/include/turtlebot_interfaces/turtlebot_interfaces/srv/detail/reproducir__functions.c
[1.804s] -- Up-to-date: /home/robotica/turtle_bot_2/install/turtlebot_interfaces/include/turtlebot_interfaces/turtlebot_interfaces/srv/detail/reproducir__type_support.h
[1.804s] -- Up-to-date: /home/robotica/turtle_bot_2/install/turtlebot_interfaces/include/turtlebot_interfaces/turtlebot_interfaces/srv/reproducir.h
[1.804s] -- Up-to-date: /home/robotica/turtle_bot_2/install/turtlebot_interfaces/include/turtlebot_interfaces/turtlebot_interfaces/msg
[1.804s] -- Up-to-date: /home/robotica/turtle_bot_2/install/turtlebot_interfaces/include/turtlebot_interfaces/turtlebot_interfaces/msg/rosidl_generator_c__visibility_control.h
[1.805s] -- Up-to-date: /home/robotica/turtle_bot_2/install/turtlebot_interfaces/share/turtlebot_interfaces/environment/library_path.sh
[1.807s] -- Up-to-date: /home/robotica/turtle_bot_2/install/turtlebot_interfaces/share/turtlebot_interfaces/environment/library_path.dsv
[1.808s] -- Up-to-date: /home/robotica/turtle_bot_2/install/turtlebot_interfaces/lib/libturtlebot_interfaces__rosidl_generator_c.so
[1.808s] -- Up-to-date: /home/robotica/turtle_bot_2/install/turtlebot_interfaces/include/turtlebot_interfaces/turtlebot_interfaces
[1.809s] -- Up-to-date: /home/robotica/turtle_bot_2/install/turtlebot_interfaces/include/turtlebot_interfaces/turtlebot_interfaces/srv
[1.809s] -- Up-to-date: /home/robotica/turtle_bot_2/install/turtlebot_interfaces/include/turtlebot_interfaces/turtlebot_interfaces/srv/detail
[1.813s] -- Up-to-date: /home/robotica/turtle_bot_2/install/turtlebot_interfaces/include/turtlebot_interfaces/turtlebot_interfaces/srv/detail/reproducir__rosidl_typesupport_fastrtps_c.h
[1.813s] -- Up-to-date: /home/robotica/turtle_bot_2/install/turtlebot_interfaces/include/turtlebot_interfaces/turtlebot_interfaces/msg
[1.814s] -- Up-to-date: /home/robotica/turtle_bot_2/install/turtlebot_interfaces/include/turtlebot_interfaces/turtlebot_interfaces/msg/rosidl_typesupport_fastrtps_c__visibility_control.h
[1.814s] -- Up-to-date: /home/robotica/turtle_bot_2/install/turtlebot_interfaces/lib/libturtlebot_interfaces__rosidl_typesupport_fastrtps_c.so
[1.814s] -- Up-to-date: /home/robotica/turtle_bot_2/install/turtlebot_interfaces/include/turtlebot_interfaces/turtlebot_interfaces
[1.815s] -- Up-to-date: /home/robotica/turtle_bot_2/install/turtlebot_interfaces/include/turtlebot_interfaces/turtlebot_interfaces/srv
[1.815s] -- Up-to-date: /home/robotica/turtle_bot_2/install/turtlebot_interfaces/include/turtlebot_interfaces/turtlebot_interfaces/srv/detail
[1.815s] -- Up-to-date: /home/robotica/turtle_bot_2/install/turtlebot_interfaces/include/turtlebot_interfaces/turtlebot_interfaces/srv/detail/reproducir__rosidl_typesupport_introspection_c.h
[1.815s] -- Up-to-date: /home/robotica/turtle_bot_2/install/turtlebot_interfaces/include/turtlebot_interfaces/turtlebot_interfaces/srv/detail/reproducir__type_support.c
[1.815s] -- Up-to-date: /home/robotica/turtle_bot_2/install/turtlebot_interfaces/include/turtlebot_interfaces/turtlebot_interfaces/msg
[1.815s] -- Up-to-date: /home/robotica/turtle_bot_2/install/turtlebot_interfaces/include/turtlebot_interfaces/turtlebot_interfaces/msg/rosidl_typesupport_introspection_c__visibility_control.h
[1.816s] -- Up-to-date: /home/robotica/turtle_bot_2/install/turtlebot_interfaces/lib/libturtlebot_interfaces__rosidl_typesupport_introspection_c.so
[1.816s] -- Up-to-date: /home/robotica/turtle_bot_2/install/turtlebot_interfaces/lib/libturtlebot_interfaces__rosidl_typesupport_c.so
[1.817s] -- Up-to-date: /home/robotica/turtle_bot_2/install/turtlebot_interfaces/include/turtlebot_interfaces/turtlebot_interfaces
[1.817s] -- Up-to-date: /home/robotica/turtle_bot_2/install/turtlebot_interfaces/include/turtlebot_interfaces/turtlebot_interfaces/srv
[1.819s] -- Up-to-date: /home/robotica/turtle_bot_2/install/turtlebot_interfaces/include/turtlebot_interfaces/turtlebot_interfaces/srv/detail
[1.819s] -- Up-to-date: /home/robotica/turtle_bot_2/install/turtlebot_interfaces/include/turtlebot_interfaces/turtlebot_interfaces/srv/detail/reproducir__builder.hpp
[1.819s] -- Up-to-date: /home/robotica/turtle_bot_2/install/turtlebot_interfaces/include/turtlebot_interfaces/turtlebot_interfaces/srv/detail/reproducir__traits.hpp
[1.820s] -- Up-to-date: /home/robotica/turtle_bot_2/install/turtlebot_interfaces/include/turtlebot_interfaces/turtlebot_interfaces/srv/detail/reproducir__struct.hpp
[1.820s] -- Up-to-date: /home/robotica/turtle_bot_2/install/turtlebot_interfaces/include/turtlebot_interfaces/turtlebot_interfaces/srv/reproducir.hpp
[1.820s] -- Up-to-date: /home/robotica/turtle_bot_2/install/turtlebot_interfaces/include/turtlebot_interfaces/turtlebot_interfaces
[1.820s] -- Up-to-date: /home/robotica/turtle_bot_2/install/turtlebot_interfaces/include/turtlebot_interfaces/turtlebot_interfaces/srv
[1.820s] -- Up-to-date: /home/robotica/turtle_bot_2/install/turtlebot_interfaces/include/turtlebot_interfaces/turtlebot_interfaces/srv/detail
[1.820s] -- Up-to-date: /home/robotica/turtle_bot_2/install/turtlebot_interfaces/include/turtlebot_interfaces/turtlebot_interfaces/srv/detail/dds_fastrtps
[1.821s] -- Up-to-date: /home/robotica/turtle_bot_2/install/turtlebot_interfaces/include/turtlebot_interfaces/turtlebot_interfaces/srv/detail/reproducir__rosidl_typesupport_fastrtps_cpp.hpp
[1.821s] -- Up-to-date: /home/robotica/turtle_bot_2/install/turtlebot_interfaces/include/turtlebot_interfaces/turtlebot_interfaces/msg
[1.825s] -- Up-to-date: /home/robotica/turtle_bot_2/install/turtlebot_interfaces/include/turtlebot_interfaces/turtlebot_interfaces/msg/rosidl_typesupport_fastrtps_cpp__visibility_control.h
[1.826s] -- Up-to-date: /home/robotica/turtle_bot_2/install/turtlebot_interfaces/lib/libturtlebot_interfaces__rosidl_typesupport_fastrtps_cpp.so
[1.826s] -- Up-to-date: /home/robotica/turtle_bot_2/install/turtlebot_interfaces/include/turtlebot_interfaces/turtlebot_interfaces
[1.826s] -- Up-to-date: /home/robotica/turtle_bot_2/install/turtlebot_interfaces/include/turtlebot_interfaces/turtlebot_interfaces/srv
[1.827s] -- Up-to-date: /home/robotica/turtle_bot_2/install/turtlebot_interfaces/include/turtlebot_interfaces/turtlebot_interfaces/srv/detail
[1.827s] -- Up-to-date: /home/robotica/turtle_bot_2/install/turtlebot_interfaces/include/turtlebot_interfaces/turtlebot_interfaces/srv/detail/reproducir__rosidl_typesupport_introspection_cpp.hpp
[1.827s] -- Up-to-date: /home/robotica/turtle_bot_2/install/turtlebot_interfaces/include/turtlebot_interfaces/turtlebot_interfaces/srv/detail/reproducir__type_support.cpp
[1.827s] -- Up-to-date: /home/robotica/turtle_bot_2/install/turtlebot_interfaces/lib/libturtlebot_interfaces__rosidl_typesupport_introspection_cpp.so
[1.828s] -- Up-to-date: /home/robotica/turtle_bot_2/install/turtlebot_interfaces/lib/libturtlebot_interfaces__rosidl_typesupport_cpp.so
[1.828s] -- Up-to-date: /home/robotica/turtle_bot_2/install/turtlebot_interfaces/share/turtlebot_interfaces/environment/pythonpath.sh
[1.828s] -- Up-to-date: /home/robotica/turtle_bot_2/install/turtlebot_interfaces/share/turtlebot_interfaces/environment/pythonpath.dsv
[1.829s] -- Up-to-date: /home/robotica/turtle_bot_2/install/turtlebot_interfaces/local/lib/python3.10/dist-packages/turtlebot_interfaces-0.0.0-py3.10.egg-info
[1.829s] -- Installing: /home/robotica/turtle_bot_2/install/turtlebot_interfaces/local/lib/python3.10/dist-packages/turtlebot_interfaces-0.0.0-py3.10.egg-info/SOURCES.txt
[1.832s] -- Installing: /home/robotica/turtle_bot_2/install/turtlebot_interfaces/local/lib/python3.10/dist-packages/turtlebot_interfaces-0.0.0-py3.10.egg-info/PKG-INFO
[1.832s] -- Installing: /home/robotica/turtle_bot_2/install/turtlebot_interfaces/local/lib/python3.10/dist-packages/turtlebot_interfaces-0.0.0-py3.10.egg-info/dependency_links.txt
[1.832s] -- Installing: /home/robotica/turtle_bot_2/install/turtlebot_interfaces/local/lib/python3.10/dist-packages/turtlebot_interfaces-0.0.0-py3.10.egg-info/top_level.txt
[1.833s] -- Up-to-date: /home/robotica/turtle_bot_2/install/turtlebot_interfaces/local/lib/python3.10/dist-packages/turtlebot_interfaces
[1.833s] -- Up-to-date: /home/robotica/turtle_bot_2/install/turtlebot_interfaces/local/lib/python3.10/dist-packages/turtlebot_interfaces/turtlebot_interfaces_s__rosidl_typesupport_c.cpython-310-x86_64-linux-gnu.so
[1.833s] -- Up-to-date: /home/robotica/turtle_bot_2/install/turtlebot_interfaces/local/lib/python3.10/dist-packages/turtlebot_interfaces/_turtlebot_interfaces_s.ep.rosidl_typesupport_introspection_c.c
[1.833s] -- Up-to-date: /home/robotica/turtle_bot_2/install/turtlebot_interfaces/local/lib/python3.10/dist-packages/turtlebot_interfaces/srv
[1.833s] -- Up-to-date: /home/robotica/turtle_bot_2/install/turtlebot_interfaces/local/lib/python3.10/dist-packages/turtlebot_interfaces/srv/_reproducir.py
[1.834s] -- Up-to-date: /home/robotica/turtle_bot_2/install/turtlebot_interfaces/local/lib/python3.10/dist-packages/turtlebot_interfaces/srv/__init__.py
[1.834s] -- Up-to-date: /home/robotica/turtle_bot_2/install/turtlebot_interfaces/local/lib/python3.10/dist-packages/turtlebot_interfaces/srv/_reproducir_s.c
[1.834s] -- Up-to-date: /home/robotica/turtle_bot_2/install/turtlebot_interfaces/local/lib/python3.10/dist-packages/turtlebot_interfaces/libturtlebot_interfaces_srv__rosidl_generator_py.so
[1.834s] -- Up-to-date: /home/robotica/turtle_bot_2/install/turtlebot_interfaces/local/lib/python3.10/dist-packages/turtlebot_interfaces/turtlebot_interfaces_s__rosidl_typesupport_introspection_c.cpython-310-x86_64-linux-gnu.so
[1.836s] -- Up-to-date: /home/robotica/turtle_bot_2/install/turtlebot_interfaces/local/lib/python3.10/dist-packages/turtlebot_interfaces/_turtlebot_interfaces_s.ep.rosidl_typesupport_fastrtps_c.c
[1.836s] -- Up-to-date: /home/robotica/turtle_bot_2/install/turtlebot_interfaces/local/lib/python3.10/dist-packages/turtlebot_interfaces/turtlebot_interfaces_s__rosidl_typesupport_fastrtps_c.cpython-310-x86_64-linux-gnu.so
[1.836s] -- Up-to-date: /home/robotica/turtle_bot_2/install/turtlebot_interfaces/local/lib/python3.10/dist-packages/turtlebot_interfaces/__init__.py
[1.836s] -- Up-to-date: /home/robotica/turtle_bot_2/install/turtlebot_interfaces/local/lib/python3.10/dist-packages/turtlebot_interfaces/_turtlebot_interfaces_s.ep.rosidl_typesupport_c.c
[1.921s] Listing '/home/robotica/turtle_bot_2/install/turtlebot_interfaces/local/lib/python3.10/dist-packages/turtlebot_interfaces'...
[1.921s] Listing '/home/robotica/turtle_bot_2/install/turtlebot_interfaces/local/lib/python3.10/dist-packages/turtlebot_interfaces/srv'...
[1.938s] -- Up-to-date: /home/robotica/turtle_bot_2/install/turtlebot_interfaces/local/lib/python3.10/dist-packages/turtlebot_interfaces/turtlebot_interfaces_s__rosidl_typesupport_fastrtps_c.cpython-310-x86_64-linux-gnu.so
[1.938s] -- Up-to-date: /home/robotica/turtle_bot_2/install/turtlebot_interfaces/local/lib/python3.10/dist-packages/turtlebot_interfaces/turtlebot_interfaces_s__rosidl_typesupport_introspection_c.cpython-310-x86_64-linux-gnu.so
[1.940s] -- Up-to-date: /home/robotica/turtle_bot_2/install/turtlebot_interfaces/local/lib/python3.10/dist-packages/turtlebot_interfaces/turtlebot_interfaces_s__rosidl_typesupport_c.cpython-310-x86_64-linux-gnu.so
[1.944s] -- Up-to-date: /home/robotica/turtle_bot_2/install/turtlebot_interfaces/lib/libturtlebot_interfaces_srv__rosidl_generator_py.so
[1.944s] -- Up-to-date: /home/robotica/turtle_bot_2/install/turtlebot_interfaces/share/turtlebot_interfaces/srv/Reproducir.idl
[1.944s] -- Up-to-date: /home/robotica/turtle_bot_2/install/turtlebot_interfaces/share/turtlebot_interfaces/srv/Reproducir.srv
[1.945s] -- Up-to-date: /home/robotica/turtle_bot_2/install/turtlebot_interfaces/share/turtlebot_interfaces/srv/Reproducir_Request.msg
[1.945s] -- Up-to-date: /home/robotica/turtle_bot_2/install/turtlebot_interfaces/share/turtlebot_interfaces/srv/Reproducir_Response.msg
[1.948s] -- Up-to-date: /home/robotica/turtle_bot_2/install/turtlebot_interfaces/share/ament_index/resource_index/package_run_dependencies/turtlebot_interfaces
[1.948s] -- Up-to-date: /home/robotica/turtle_bot_2/install/turtlebot_interfaces/share/ament_index/resource_index/parent_prefix_path/turtlebot_interfaces
[1.948s] -- Up-to-date: /home/robotica/turtle_bot_2/install/turtlebot_interfaces/share/turtlebot_interfaces/environment/ament_prefix_path.sh
[1.949s] -- Up-to-date: /home/robotica/turtle_bot_2/install/turtlebot_interfaces/share/turtlebot_interfaces/environment/ament_prefix_path.dsv
[1.949s] -- Up-to-date: /home/robotica/turtle_bot_2/install/turtlebot_interfaces/share/turtlebot_interfaces/environment/path.sh
[1.949s] -- Up-to-date: /home/robotica/turtle_bot_2/install/turtlebot_interfaces/share/turtlebot_interfaces/environment/path.dsv
[1.949s] -- Up-to-date: /home/robotica/turtle_bot_2/install/turtlebot_interfaces/share/turtlebot_interfaces/local_setup.bash
[1.951s] -- Up-to-date: /home/robotica/turtle_bot_2/install/turtlebot_interfaces/share/turtlebot_interfaces/local_setup.sh
[1.951s] -- Up-to-date: /home/robotica/turtle_bot_2/install/turtlebot_interfaces/share/turtlebot_interfaces/local_setup.zsh
[1.952s] -- Up-to-date: /home/robotica/turtle_bot_2/install/turtlebot_interfaces/share/turtlebot_interfaces/local_setup.dsv
[1.952s] -- Installing: /home/robotica/turtle_bot_2/install/turtlebot_interfaces/share/turtlebot_interfaces/package.dsv
[1.952s] -- Up-to-date: /home/robotica/turtle_bot_2/install/turtlebot_interfaces/share/ament_index/resource_index/packages/turtlebot_interfaces
[1.953s] -- Up-to-date: /home/robotica/turtle_bot_2/install/turtlebot_interfaces/share/turtlebot_interfaces/cmake/export_turtlebot_interfaces_srv__rosidl_generator_cExport.cmake
[1.953s] -- Up-to-date: /home/robotica/turtle_bot_2/install/turtlebot_interfaces/share/turtlebot_interfaces/cmake/export_turtlebot_interfaces_srv__rosidl_generator_cExport-noconfig.cmake
[1.954s] -- Up-to-date: /home/robotica/turtle_bot_2/install/turtlebot_interfaces/share/turtlebot_interfaces/cmake/export_turtlebot_interfaces_srv__rosidl_typesupport_fastrtps_cExport.cmake
[1.963s] -- Up-to-date: /home/robotica/turtle_bot_2/install/turtlebot_interfaces/share/turtlebot_interfaces/cmake/export_turtlebot_interfaces_srv__rosidl_typesupport_fastrtps_cExport-noconfig.cmake
[1.964s] -- Up-to-date: /home/robotica/turtle_bot_2/install/turtlebot_interfaces/share/turtlebot_interfaces/cmake/turtlebot_interfaces_srv__rosidl_typesupport_introspection_cExport.cmake
[1.966s] -- Up-to-date: /home/robotica/turtle_bot_2/install/turtlebot_interfaces/share/turtlebot_interfaces/cmake/turtlebot_interfaces_srv__rosidl_typesupport_introspection_cExport-noconfig.cmake
[1.967s] -- Up-to-date: /home/robotica/turtle_bot_2/install/turtlebot_interfaces/share/turtlebot_interfaces/cmake/turtlebot_interfaces_srv__rosidl_typesupport_cExport.cmake
[1.967s] -- Up-to-date: /home/robotica/turtle_bot_2/install/turtlebot_interfaces/share/turtlebot_interfaces/cmake/turtlebot_interfaces_srv__rosidl_typesupport_cExport-noconfig.cmake
[1.967s] -- Up-to-date: /home/robotica/turtle_bot_2/install/turtlebot_interfaces/share/turtlebot_interfaces/cmake/export_turtlebot_interfaces_srv__rosidl_generator_cppExport.cmake
[1.967s] -- Up-to-date: /home/robotica/turtle_bot_2/install/turtlebot_interfaces/share/turtlebot_interfaces/cmake/export_turtlebot_interfaces_srv__rosidl_typesupport_fastrtps_cppExport.cmake
[1.968s] -- Up-to-date: /home/robotica/turtle_bot_2/install/turtlebot_interfaces/share/turtlebot_interfaces/cmake/export_turtlebot_interfaces_srv__rosidl_typesupport_fastrtps_cppExport-noconfig.cmake
[1.973s] -- Up-to-date: /home/robotica/turtle_bot_2/install/turtlebot_interfaces/share/turtlebot_interfaces/cmake/turtlebot_interfaces_srv__rosidl_typesupport_introspection_cppExport.cmake
[1.973s] -- Up-to-date: /home/robotica/turtle_bot_2/install/turtlebot_interfaces/share/turtlebot_interfaces/cmake/turtlebot_interfaces_srv__rosidl_typesupport_introspection_cppExport-noconfig.cmake
[1.974s] -- Up-to-date: /home/robotica/turtle_bot_2/install/turtlebot_interfaces/share/turtlebot_interfaces/cmake/turtlebot_interfaces_srv__rosidl_typesupport_cppExport.cmake
[1.974s] -- Up-to-date: /home/robotica/turtle_bot_2/install/turtlebot_interfaces/share/turtlebot_interfaces/cmake/turtlebot_interfaces_srv__rosidl_typesupport_cppExport-noconfig.cmake
[1.974s] -- Up-to-date: /home/robotica/turtle_bot_2/install/turtlebot_interfaces/share/turtlebot_interfaces/cmake/export_turtlebot_interfaces_srv__rosidl_generator_pyExport.cmake
[1.975s] -- Up-to-date: /home/robotica/turtle_bot_2/install/turtlebot_interfaces/share/turtlebot_interfaces/cmake/export_turtlebot_interfaces_srv__rosidl_generator_pyExport-noconfig.cmake
[1.975s] -- Up-to-date: /home/robotica/turtle_bot_2/install/turtlebot_interfaces/share/turtlebot_interfaces/cmake/rosidl_cmake-extras.cmake
[1.975s] -- Up-to-date: /home/robotica/turtle_bot_2/install/turtlebot_interfaces/share/turtlebot_interfaces/cmake/ament_cmake_export_include_directories-extras.cmake
[1.975s] -- Up-to-date: /home/robotica/turtle_bot_2/install/turtlebot_interfaces/share/turtlebot_interfaces/cmake/ament_cmake_export_libraries-extras.cmake
[1.975s] -- Up-to-date: /home/robotica/turtle_bot_2/install/turtlebot_interfaces/share/turtlebot_interfaces/cmake/ament_cmake_export_targets-extras.cmake
[1.976s] -- Up-to-date: /home/robotica/turtle_bot_2/install/turtlebot_interfaces/share/turtlebot_interfaces/cmake/rosidl_cmake_export_typesupport_targets-extras.cmake
[1.976s] -- Up-to-date: /home/robotica/turtle_bot_2/install/turtlebot_interfaces/share/turtlebot_interfaces/cmake/ament_cmake_export_dependencies-extras.cmake
[1.976s] -- Up-to-date: /home/robotica/turtle_bot_2/install/turtlebot_interfaces/share/turtlebot_interfaces/cmake/rosidl_cmake_export_typesupport_libraries-extras.cmake
[1.977s] -- Up-to-date: /home/robotica/turtle_bot_2/install/turtlebot_interfaces/share/turtlebot_interfaces/cmake/turtlebot_interfacesConfig.cmake
[1.977s] -- Up-to-date: /home/robotica/turtle_bot_2/install/turtlebot_interfaces/share/turtlebot_interfaces/cmake/turtlebot_interfacesConfig-version.cmake
[1.977s] -- Up-to-date: /home/robotica/turtle_bot_2/install/turtlebot_interfaces/share/turtlebot_interfaces/package.xml
[1.993s] Invoked command in '/home/robotica/turtle_bot_2/build/turtlebot_interfaces' returned '0': CMAKE_PREFIX_PATH=/opt/ros/humble /usr/bin/cmake --install /home/robotica/turtle_bot_2/build/turtlebot_interfaces
