[1.105s] DEBUG:colcon:Command line arguments: ['/usr/bin/colcon', 'build']
[1.105s] DEBUG:colcon:Parsed command line arguments: Namespace(log_base=None, log_level=None, verb_name='build', build_base='build', install_base='install', merge_install=False, symlink_install=False, test_result_base=None, continue_on_error=False, executor='parallel', parallel_workers=1, event_handlers=None, ignore_user_meta=False, metas=['./colcon.meta'], base_paths=['.'], packages_ignore=None, packages_ignore_regex=None, paths=None, packages_up_to=None, packages_up_to_regex=None, packages_above=None, packages_above_and_dependencies=None, packages_above_depth=None, packages_select_by_dep=None, packages_skip_by_dep=None, packages_skip_up_to=None, packages_select_build_failed=False, packages_skip_build_finished=False, packages_select_test_failures=False, packages_skip_test_passed=False, packages_select=None, packages_skip=None, packages_select_regex=None, packages_skip_regex=None, packages_start=None, packages_end=None, allow_overriding=[], cmake_args=None, cmake_target=None, cmake_target_skip_unavailable=False, cmake_clean_cache=False, cmake_clean_first=False, cmake_force_configure=False, ament_cmake_args=None, catkin_cmake_args=None, catkin_skip_building_tests=False, verb_parser=<colcon_defaults.argument_parser.defaults.DefaultArgumentsDecorator object at 0x7f87e54be5f0>, verb_extension=<colcon_core.verb.build.BuildVerb object at 0x7f87e5d42e60>, main=<bound method BuildVerb.main of <colcon_core.verb.build.BuildVerb object at 0x7f87e5d42e60>>)
[1.333s] Level 1:colcon.colcon_core.package_discovery:discover_packages(colcon_meta) check parameters
[1.333s] Level 1:colcon.colcon_core.package_discovery:discover_packages(recursive) check parameters
[1.333s] Level 1:colcon.colcon_core.package_discovery:discover_packages(ignore) check parameters
[1.333s] Level 1:colcon.colcon_core.package_discovery:discover_packages(path) check parameters
[1.333s] Level 1:colcon.colcon_core.package_discovery:discover_packages(colcon_meta) discover
[1.333s] Level 1:colcon.colcon_core.package_discovery:discover_packages(recursive) discover
[1.333s] INFO:colcon.colcon_core.package_discovery:Crawling recursively for packages in '/home/robotica/turtle_bot_2'
[1.333s] Level 1:colcon.colcon_core.package_identification:_identify(.) by extensions ['ignore', 'ignore_ament_install']
[1.334s] Level 1:colcon.colcon_core.package_identification:_identify(.) by extension 'ignore'
[1.334s] Level 1:colcon.colcon_core.package_identification:_identify(.) by extension 'ignore_ament_install'
[1.334s] Level 1:colcon.colcon_core.package_identification:_identify(.) by extensions ['colcon_pkg']
[1.334s] Level 1:colcon.colcon_core.package_identification:_identify(.) by extension 'colcon_pkg'
[1.334s] Level 1:colcon.colcon_core.package_identification:_identify(.) by extensions ['colcon_meta']
[1.334s] Level 1:colcon.colcon_core.package_identification:_identify(.) by extension 'colcon_meta'
[1.346s] Level 1:colcon.colcon_core.package_identification:_identify(.) by extensions ['ros']
[1.346s] Level 1:colcon.colcon_core.package_identification:_identify(.) by extension 'ros'
[1.400s] Level 1:colcon.colcon_core.package_identification:_identify(.) by extensions ['cmake', 'python']
[1.401s] Level 1:colcon.colcon_core.package_identification:_identify(.) by extension 'cmake'
[1.401s] Level 1:colcon.colcon_core.package_identification:_identify(.) by extension 'python'
[1.401s] Level 1:colcon.colcon_core.package_identification:_identify(.) by extensions ['python_setup_py']
[1.401s] Level 1:colcon.colcon_core.package_identification:_identify(.) by extension 'python_setup_py'
[1.401s] Level 1:colcon.colcon_core.package_identification:_identify(build) by extensions ['ignore', 'ignore_ament_install']
[1.401s] Level 1:colcon.colcon_core.package_identification:_identify(build) by extension 'ignore'
[1.401s] Level 1:colcon.colcon_core.package_identification:_identify(build) ignored
[1.401s] Level 1:colcon.colcon_core.package_identification:_identify(install) by extensions ['ignore', 'ignore_ament_install']
[1.401s] Level 1:colcon.colcon_core.package_identification:_identify(install) by extension 'ignore'
[1.401s] Level 1:colcon.colcon_core.package_identification:_identify(install) ignored
[1.401s] Level 1:colcon.colcon_core.package_identification:_identify(log) by extensions ['ignore', 'ignore_ament_install']
[1.402s] Level 1:colcon.colcon_core.package_identification:_identify(log) by extension 'ignore'
[1.402s] Level 1:colcon.colcon_core.package_identification:_identify(log) ignored
[1.402s] Level 1:colcon.colcon_core.package_identification:_identify(src) by extensions ['ignore', 'ignore_ament_install']
[1.402s] Level 1:colcon.colcon_core.package_identification:_identify(src) by extension 'ignore'
[1.402s] Level 1:colcon.colcon_core.package_identification:_identify(src) by extension 'ignore_ament_install'
[1.402s] Level 1:colcon.colcon_core.package_identification:_identify(src) by extensions ['colcon_pkg']
[1.416s] Level 1:colcon.colcon_core.package_identification:_identify(src) by extension 'colcon_pkg'
[1.416s] Level 1:colcon.colcon_core.package_identification:_identify(src) by extensions ['colcon_meta']
[1.416s] Level 1:colcon.colcon_core.package_identification:_identify(src) by extension 'colcon_meta'
[1.416s] Level 1:colcon.colcon_core.package_identification:_identify(src) by extensions ['ros']
[1.416s] Level 1:colcon.colcon_core.package_identification:_identify(src) by extension 'ros'
[1.416s] Level 1:colcon.colcon_core.package_identification:_identify(src) by extensions ['cmake', 'python']
[1.416s] Level 1:colcon.colcon_core.package_identification:_identify(src) by extension 'cmake'
[1.416s] Level 1:colcon.colcon_core.package_identification:_identify(src) by extension 'python'
[1.416s] Level 1:colcon.colcon_core.package_identification:_identify(src) by extensions ['python_setup_py']
[1.416s] Level 1:colcon.colcon_core.package_identification:_identify(src) by extension 'python_setup_py'
[1.417s] Level 1:colcon.colcon_core.package_identification:_identify(src/turtle_bot_2) by extensions ['ignore', 'ignore_ament_install']
[1.417s] Level 1:colcon.colcon_core.package_identification:_identify(src/turtle_bot_2) by extension 'ignore'
[1.422s] Level 1:colcon.colcon_core.package_identification:_identify(src/turtle_bot_2) by extension 'ignore_ament_install'
[1.422s] Level 1:colcon.colcon_core.package_identification:_identify(src/turtle_bot_2) by extensions ['colcon_pkg']
[1.422s] Level 1:colcon.colcon_core.package_identification:_identify(src/turtle_bot_2) by extension 'colcon_pkg'
[1.422s] Level 1:colcon.colcon_core.package_identification:_identify(src/turtle_bot_2) by extensions ['colcon_meta']
[1.423s] Level 1:colcon.colcon_core.package_identification:_identify(src/turtle_bot_2) by extension 'colcon_meta'
[1.423s] Level 1:colcon.colcon_core.package_identification:_identify(src/turtle_bot_2) by extensions ['ros']
[1.423s] Level 1:colcon.colcon_core.package_identification:_identify(src/turtle_bot_2) by extension 'ros'
[1.426s] DEBUG:colcon.colcon_core.package_identification:Package 'src/turtle_bot_2' with type 'ros.ament_python' and name 'turtle_bot_2'
[1.426s] Level 1:colcon.colcon_core.package_identification:_identify(src/turtlebot_interfaces) by extensions ['ignore', 'ignore_ament_install']
[1.437s] Level 1:colcon.colcon_core.package_identification:_identify(src/turtlebot_interfaces) by extension 'ignore'
[1.438s] Level 1:colcon.colcon_core.package_identification:_identify(src/turtlebot_interfaces) by extension 'ignore_ament_install'
[1.438s] Level 1:colcon.colcon_core.package_identification:_identify(src/turtlebot_interfaces) by extensions ['colcon_pkg']
[1.438s] Level 1:colcon.colcon_core.package_identification:_identify(src/turtlebot_interfaces) by extension 'colcon_pkg'
[1.438s] Level 1:colcon.colcon_core.package_identification:_identify(src/turtlebot_interfaces) by extensions ['colcon_meta']
[1.438s] Level 1:colcon.colcon_core.package_identification:_identify(src/turtlebot_interfaces) by extension 'colcon_meta'
[1.438s] Level 1:colcon.colcon_core.package_identification:_identify(src/turtlebot_interfaces) by extensions ['ros']
[1.438s] Level 1:colcon.colcon_core.package_identification:_identify(src/turtlebot_interfaces) by extension 'ros'
[1.441s] DEBUG:colcon.colcon_core.package_identification:Package 'src/turtlebot_interfaces' with type 'ros.ament_cmake' and name 'turtlebot_interfaces'
[1.441s] Level 1:colcon.colcon_core.package_discovery:discover_packages(recursive) using defaults
[1.441s] Level 1:colcon.colcon_core.package_discovery:discover_packages(ignore) discover
[1.441s] Level 1:colcon.colcon_core.package_discovery:discover_packages(ignore) using defaults
[1.441s] Level 1:colcon.colcon_core.package_discovery:discover_packages(path) discover
[1.441s] Level 1:colcon.colcon_core.package_discovery:discover_packages(path) using defaults
[1.594s] Level 1:colcon.colcon_core.package_discovery:discover_packages(prefix_path) check parameters
[1.594s] Level 1:colcon.colcon_core.package_discovery:discover_packages(prefix_path) discover
[1.618s] DEBUG:colcon.colcon_installed_package_information.package_discovery:Found 284 installed packages in /opt/ros/humble
[1.629s] Level 1:colcon.colcon_core.package_discovery:discover_packages(prefix_path) using defaults
[1.921s] Level 5:colcon.colcon_core.verb:set package 'turtlebot_interfaces' build argument 'cmake_args' from command line to 'None'
[1.921s] Level 5:colcon.colcon_core.verb:set package 'turtlebot_interfaces' build argument 'cmake_target' from command line to 'None'
[1.921s] Level 5:colcon.colcon_core.verb:set package 'turtlebot_interfaces' build argument 'cmake_target_skip_unavailable' from command line to 'False'
[1.921s] Level 5:colcon.colcon_core.verb:set package 'turtlebot_interfaces' build argument 'cmake_clean_cache' from command line to 'False'
[1.921s] Level 5:colcon.colcon_core.verb:set package 'turtlebot_interfaces' build argument 'cmake_clean_first' from command line to 'False'
[1.921s] Level 5:colcon.colcon_core.verb:set package 'turtlebot_interfaces' build argument 'cmake_force_configure' from command line to 'False'
[1.921s] Level 5:colcon.colcon_core.verb:set package 'turtlebot_interfaces' build argument 'ament_cmake_args' from command line to 'None'
[1.921s] Level 5:colcon.colcon_core.verb:set package 'turtlebot_interfaces' build argument 'catkin_cmake_args' from command line to 'None'
[1.921s] Level 5:colcon.colcon_core.verb:set package 'turtlebot_interfaces' build argument 'catkin_skip_building_tests' from command line to 'False'
[1.921s] DEBUG:colcon.colcon_core.verb:Building package 'turtlebot_interfaces' with the following arguments: {'ament_cmake_args': None, 'build_base': '/home/robotica/turtle_bot_2/build/turtlebot_interfaces', 'catkin_cmake_args': None, 'catkin_skip_building_tests': False, 'cmake_args': None, 'cmake_clean_cache': False, 'cmake_clean_first': False, 'cmake_force_configure': False, 'cmake_target': None, 'cmake_target_skip_unavailable': False, 'install_base': '/home/robotica/turtle_bot_2/install/turtlebot_interfaces', 'merge_install': False, 'path': '/home/robotica/turtle_bot_2/src/turtlebot_interfaces', 'symlink_install': False, 'test_result_base': None}
[1.927s] Level 5:colcon.colcon_core.verb:set package 'turtle_bot_2' build argument 'cmake_args' from command line to 'None'
[1.927s] Level 5:colcon.colcon_core.verb:set package 'turtle_bot_2' build argument 'cmake_target' from command line to 'None'
[1.927s] Level 5:colcon.colcon_core.verb:set package 'turtle_bot_2' build argument 'cmake_target_skip_unavailable' from command line to 'False'
[1.927s] Level 5:colcon.colcon_core.verb:set package 'turtle_bot_2' build argument 'cmake_clean_cache' from command line to 'False'
[1.927s] Level 5:colcon.colcon_core.verb:set package 'turtle_bot_2' build argument 'cmake_clean_first' from command line to 'False'
[1.927s] Level 5:colcon.colcon_core.verb:set package 'turtle_bot_2' build argument 'cmake_force_configure' from command line to 'False'
[1.927s] Level 5:colcon.colcon_core.verb:set package 'turtle_bot_2' build argument 'ament_cmake_args' from command line to 'None'
[1.927s] Level 5:colcon.colcon_core.verb:set package 'turtle_bot_2' build argument 'catkin_cmake_args' from command line to 'None'
[1.927s] Level 5:colcon.colcon_core.verb:set package 'turtle_bot_2' build argument 'catkin_skip_building_tests' from command line to 'False'
[1.927s] DEBUG:colcon.colcon_core.verb:Building package 'turtle_bot_2' with the following arguments: {'ament_cmake_args': None, 'build_base': '/home/robotica/turtle_bot_2/build/turtle_bot_2', 'catkin_cmake_args': None, 'catkin_skip_building_tests': False, 'cmake_args': None, 'cmake_clean_cache': False, 'cmake_clean_first': False, 'cmake_force_configure': False, 'cmake_target': None, 'cmake_target_skip_unavailable': False, 'install_base': '/home/robotica/turtle_bot_2/install/turtle_bot_2', 'merge_install': False, 'path': '/home/robotica/turtle_bot_2/src/turtle_bot_2', 'symlink_install': False, 'test_result_base': None}
[1.928s] INFO:colcon.colcon_core.executor:Executing jobs using 'parallel' executor
[1.943s] DEBUG:colcon.colcon_parallel_executor.executor.parallel:run_until_complete
[1.943s] INFO:colcon.colcon_ros.task.ament_cmake.build:Building ROS package in '/home/robotica/turtle_bot_2/src/turtlebot_interfaces' with build type 'ament_cmake'
[1.943s] INFO:colcon.colcon_cmake.task.cmake.build:Building CMake package in '/home/robotica/turtle_bot_2/src/turtlebot_interfaces'
[1.953s] INFO:colcon.colcon_core.plugin_system:Skipping extension 'colcon_core.shell.bat': Not used on non-Windows systems
[1.953s] INFO:colcon.colcon_core.shell:Skip shell extension 'powershell' for command environment: Not usable outside of PowerShell
[1.953s] DEBUG:colcon.colcon_core.shell:Skip shell extension 'dsv' for command environment
[1.983s] DEBUG:colcon.colcon_core.event_handler.log_command:Invoking command in '/home/robotica/turtle_bot_2/build/turtlebot_interfaces': CMAKE_PREFIX_PATH=/opt/ros/humble /usr/bin/cmake --build /home/robotica/turtle_bot_2/build/turtlebot_interfaces -- -j1 -l1
[3.542s] DEBUG:colcon.colcon_core.event_handler.log_command:Invoked command in '/home/robotica/turtle_bot_2/build/turtlebot_interfaces' returned '0': CMAKE_PREFIX_PATH=/opt/ros/humble /usr/bin/cmake --build /home/robotica/turtle_bot_2/build/turtlebot_interfaces -- -j1 -l1
[3.708s] DEBUG:colcon.colcon_core.event_handler.log_command:Invoking command in '/home/robotica/turtle_bot_2/build/turtlebot_interfaces': CMAKE_PREFIX_PATH=/opt/ros/humble /usr/bin/cmake --install /home/robotica/turtle_bot_2/build/turtlebot_interfaces
[3.878s] Level 1:colcon.colcon_core.environment:create_environment_scripts_only(turtlebot_interfaces)
[3.887s] DEBUG:colcon.colcon_core.event_handler.log_command:Invoked command in '/home/robotica/turtle_bot_2/build/turtlebot_interfaces' returned '0': CMAKE_PREFIX_PATH=/opt/ros/humble /usr/bin/cmake --install /home/robotica/turtle_bot_2/build/turtlebot_interfaces
[3.889s] Level 1:colcon.colcon_core.environment:checking '/home/robotica/turtle_bot_2/install/turtlebot_interfaces' for CMake module files
[3.894s] Level 1:colcon.colcon_core.environment:checking '/home/robotica/turtle_bot_2/install/turtlebot_interfaces' for CMake config files
[3.894s] Level 1:colcon.colcon_core.shell:create_environment_hook('turtlebot_interfaces', 'cmake_prefix_path')
[3.896s] INFO:colcon.colcon_core.shell:Creating environment hook '/home/robotica/turtle_bot_2/install/turtlebot_interfaces/share/turtlebot_interfaces/hook/cmake_prefix_path.ps1'
[3.900s] INFO:colcon.colcon_core.shell:Creating environment descriptor '/home/robotica/turtle_bot_2/install/turtlebot_interfaces/share/turtlebot_interfaces/hook/cmake_prefix_path.dsv'
[3.900s] INFO:colcon.colcon_core.shell:Creating environment hook '/home/robotica/turtle_bot_2/install/turtlebot_interfaces/share/turtlebot_interfaces/hook/cmake_prefix_path.sh'
[3.902s] Level 1:colcon.colcon_core.environment:checking '/home/robotica/turtle_bot_2/install/turtlebot_interfaces/lib'
[3.903s] Level 1:colcon.colcon_core.shell:create_environment_hook('turtlebot_interfaces', 'ld_library_path_lib')
[3.904s] INFO:colcon.colcon_core.shell:Creating environment hook '/home/robotica/turtle_bot_2/install/turtlebot_interfaces/share/turtlebot_interfaces/hook/ld_library_path_lib.ps1'
[3.909s] INFO:colcon.colcon_core.shell:Creating environment descriptor '/home/robotica/turtle_bot_2/install/turtlebot_interfaces/share/turtlebot_interfaces/hook/ld_library_path_lib.dsv'
[3.910s] INFO:colcon.colcon_core.shell:Creating environment hook '/home/robotica/turtle_bot_2/install/turtlebot_interfaces/share/turtlebot_interfaces/hook/ld_library_path_lib.sh'
[3.910s] Level 1:colcon.colcon_core.environment:checking '/home/robotica/turtle_bot_2/install/turtlebot_interfaces/bin'
[3.910s] Level 1:colcon.colcon_core.environment:checking '/home/robotica/turtle_bot_2/install/turtlebot_interfaces/lib/pkgconfig/turtlebot_interfaces.pc'
[3.911s] Level 1:colcon.colcon_core.environment:checking '/home/robotica/turtle_bot_2/install/turtlebot_interfaces/lib/python3.10/site-packages'
[3.911s] Level 1:colcon.colcon_core.environment:checking '/home/robotica/turtle_bot_2/install/turtlebot_interfaces/bin'
[3.923s] INFO:colcon.colcon_core.shell:Creating package script '/home/robotica/turtle_bot_2/install/turtlebot_interfaces/share/turtlebot_interfaces/package.ps1'
[3.924s] INFO:colcon.colcon_core.shell:Creating package descriptor '/home/robotica/turtle_bot_2/install/turtlebot_interfaces/share/turtlebot_interfaces/package.dsv'
[3.928s] INFO:colcon.colcon_core.shell:Creating package script '/home/robotica/turtle_bot_2/install/turtlebot_interfaces/share/turtlebot_interfaces/package.sh'
[3.929s] INFO:colcon.colcon_core.shell:Creating package script '/home/robotica/turtle_bot_2/install/turtlebot_interfaces/share/turtlebot_interfaces/package.bash'
[3.930s] INFO:colcon.colcon_core.shell:Creating package script '/home/robotica/turtle_bot_2/install/turtlebot_interfaces/share/turtlebot_interfaces/package.zsh'
[3.934s] Level 1:colcon.colcon_core.environment:create_file_with_runtime_dependencies(/home/robotica/turtle_bot_2/install/turtlebot_interfaces/share/colcon-core/packages/turtlebot_interfaces)
[4.064s] Level 1:colcon.colcon_core.environment:create_environment_scripts_only(turtlebot_interfaces)
[4.071s] Level 1:colcon.colcon_core.environment:checking '/home/robotica/turtle_bot_2/install/turtlebot_interfaces' for CMake module files
[4.072s] Level 1:colcon.colcon_core.environment:checking '/home/robotica/turtle_bot_2/install/turtlebot_interfaces' for CMake config files
[4.073s] Level 1:colcon.colcon_core.shell:create_environment_hook('turtlebot_interfaces', 'cmake_prefix_path')
[4.079s] INFO:colcon.colcon_core.shell:Creating environment hook '/home/robotica/turtle_bot_2/install/turtlebot_interfaces/share/turtlebot_interfaces/hook/cmake_prefix_path.ps1'
[4.081s] INFO:colcon.colcon_core.shell:Creating environment descriptor '/home/robotica/turtle_bot_2/install/turtlebot_interfaces/share/turtlebot_interfaces/hook/cmake_prefix_path.dsv'
[4.081s] INFO:colcon.colcon_core.shell:Creating environment hook '/home/robotica/turtle_bot_2/install/turtlebot_interfaces/share/turtlebot_interfaces/hook/cmake_prefix_path.sh'
[4.083s] Level 1:colcon.colcon_core.environment:checking '/home/robotica/turtle_bot_2/install/turtlebot_interfaces/lib'
[4.083s] Level 1:colcon.colcon_core.shell:create_environment_hook('turtlebot_interfaces', 'ld_library_path_lib')
[4.084s] INFO:colcon.colcon_core.shell:Creating environment hook '/home/robotica/turtle_bot_2/install/turtlebot_interfaces/share/turtlebot_interfaces/hook/ld_library_path_lib.ps1'
[4.090s] INFO:colcon.colcon_core.shell:Creating environment descriptor '/home/robotica/turtle_bot_2/install/turtlebot_interfaces/share/turtlebot_interfaces/hook/ld_library_path_lib.dsv'
[4.091s] INFO:colcon.colcon_core.shell:Creating environment hook '/home/robotica/turtle_bot_2/install/turtlebot_interfaces/share/turtlebot_interfaces/hook/ld_library_path_lib.sh'
[4.091s] Level 1:colcon.colcon_core.environment:checking '/home/robotica/turtle_bot_2/install/turtlebot_interfaces/bin'
[4.091s] Level 1:colcon.colcon_core.environment:checking '/home/robotica/turtle_bot_2/install/turtlebot_interfaces/lib/pkgconfig/turtlebot_interfaces.pc'
[4.092s] Level 1:colcon.colcon_core.environment:checking '/home/robotica/turtle_bot_2/install/turtlebot_interfaces/lib/python3.10/site-packages'
[4.092s] Level 1:colcon.colcon_core.environment:checking '/home/robotica/turtle_bot_2/install/turtlebot_interfaces/bin'
[4.096s] INFO:colcon.colcon_core.shell:Creating package script '/home/robotica/turtle_bot_2/install/turtlebot_interfaces/share/turtlebot_interfaces/package.ps1'
[4.098s] INFO:colcon.colcon_core.shell:Creating package descriptor '/home/robotica/turtle_bot_2/install/turtlebot_interfaces/share/turtlebot_interfaces/package.dsv'
[4.099s] INFO:colcon.colcon_core.shell:Creating package script '/home/robotica/turtle_bot_2/install/turtlebot_interfaces/share/turtlebot_interfaces/package.sh'
[4.101s] INFO:colcon.colcon_core.shell:Creating package script '/home/robotica/turtle_bot_2/install/turtlebot_interfaces/share/turtlebot_interfaces/package.bash'
[4.101s] INFO:colcon.colcon_core.shell:Creating package script '/home/robotica/turtle_bot_2/install/turtlebot_interfaces/share/turtlebot_interfaces/package.zsh'
[4.106s] Level 1:colcon.colcon_core.environment:create_file_with_runtime_dependencies(/home/robotica/turtle_bot_2/install/turtlebot_interfaces/share/colcon-core/packages/turtlebot_interfaces)
[4.107s] INFO:colcon.colcon_ros.task.ament_python.build:Building ROS package in '/home/robotica/turtle_bot_2/src/turtle_bot_2' with build type 'ament_python'
[4.108s] Level 1:colcon.colcon_core.shell:create_environment_hook('turtle_bot_2', 'ament_prefix_path')
[4.110s] INFO:colcon.colcon_core.shell:Creating environment hook '/home/robotica/turtle_bot_2/install/turtle_bot_2/share/turtle_bot_2/hook/ament_prefix_path.ps1'
[4.110s] INFO:colcon.colcon_core.shell:Creating environment descriptor '/home/robotica/turtle_bot_2/install/turtle_bot_2/share/turtle_bot_2/hook/ament_prefix_path.dsv'
[4.113s] INFO:colcon.colcon_core.shell:Creating environment hook '/home/robotica/turtle_bot_2/install/turtle_bot_2/share/turtle_bot_2/hook/ament_prefix_path.sh'
[4.115s] INFO:colcon.colcon_core.shell:Skip shell extension 'powershell' for command environment: Not usable outside of PowerShell
[4.116s] DEBUG:colcon.colcon_core.shell:Skip shell extension 'dsv' for command environment
[4.883s] INFO:colcon.colcon_core.task.python.build:Building Python package in '/home/robotica/turtle_bot_2/src/turtle_bot_2'
[4.885s] INFO:colcon.colcon_core.shell:Skip shell extension 'powershell' for command environment: Not usable outside of PowerShell
[4.885s] DEBUG:colcon.colcon_core.shell:Skip shell extension 'dsv' for command environment
[5.820s] DEBUG:colcon.colcon_core.event_handler.log_command:Invoking command in '/home/robotica/turtle_bot_2/src/turtle_bot_2': AMENT_PREFIX_PATH=/home/robotica/turtle_bot_2/install/turtlebot_interfaces:${AMENT_PREFIX_PATH} CMAKE_PREFIX_PATH=/home/robotica/turtle_bot_2/install/turtlebot_interfaces LD_LIBRARY_PATH=/home/robotica/turtle_bot_2/install/turtlebot_interfaces/lib:${LD_LIBRARY_PATH} PYTHONPATH=/home/robotica/turtle_bot_2/build/turtle_bot_2/prefix_override:/home/robotica/turtle_bot_2/install/turtle_bot_2/lib/python3.10/site-packages:/home/robotica/turtle_bot_2/install/turtlebot_interfaces/local/lib/python3.10/dist-packages:${PYTHONPATH} /usr/bin/python3 setup.py egg_info --egg-base ../../build/turtle_bot_2 build --build-base /home/robotica/turtle_bot_2/build/turtle_bot_2/build install --record /home/robotica/turtle_bot_2/build/turtle_bot_2/install.log --single-version-externally-managed
[6.717s] Level 1:colcon.colcon_core.environment:checking '/home/robotica/turtle_bot_2/install/turtle_bot_2' for CMake module files
[6.721s] DEBUG:colcon.colcon_core.event_handler.log_command:Invoked command in '/home/robotica/turtle_bot_2/src/turtle_bot_2' returned '0': AMENT_PREFIX_PATH=/home/robotica/turtle_bot_2/install/turtlebot_interfaces:${AMENT_PREFIX_PATH} CMAKE_PREFIX_PATH=/home/robotica/turtle_bot_2/install/turtlebot_interfaces LD_LIBRARY_PATH=/home/robotica/turtle_bot_2/install/turtlebot_interfaces/lib:${LD_LIBRARY_PATH} PYTHONPATH=/home/robotica/turtle_bot_2/build/turtle_bot_2/prefix_override:/home/robotica/turtle_bot_2/install/turtle_bot_2/lib/python3.10/site-packages:/home/robotica/turtle_bot_2/install/turtlebot_interfaces/local/lib/python3.10/dist-packages:${PYTHONPATH} /usr/bin/python3 setup.py egg_info --egg-base ../../build/turtle_bot_2 build --build-base /home/robotica/turtle_bot_2/build/turtle_bot_2/build install --record /home/robotica/turtle_bot_2/build/turtle_bot_2/install.log --single-version-externally-managed
[6.722s] Level 1:colcon.colcon_core.environment:checking '/home/robotica/turtle_bot_2/install/turtle_bot_2' for CMake config files
[6.723s] Level 1:colcon.colcon_core.environment:checking '/home/robotica/turtle_bot_2/install/turtle_bot_2/lib'
[6.723s] Level 1:colcon.colcon_core.environment:checking '/home/robotica/turtle_bot_2/install/turtle_bot_2/bin'
[6.723s] Level 1:colcon.colcon_core.environment:checking '/home/robotica/turtle_bot_2/install/turtle_bot_2/lib/pkgconfig/turtle_bot_2.pc'
[6.723s] Level 1:colcon.colcon_core.environment:checking '/home/robotica/turtle_bot_2/install/turtle_bot_2/lib/python3.10/site-packages'
[6.723s] Level 1:colcon.colcon_core.shell:create_environment_hook('turtle_bot_2', 'pythonpath')
[6.725s] INFO:colcon.colcon_core.shell:Creating environment hook '/home/robotica/turtle_bot_2/install/turtle_bot_2/share/turtle_bot_2/hook/pythonpath.ps1'
[6.730s] INFO:colcon.colcon_core.shell:Creating environment descriptor '/home/robotica/turtle_bot_2/install/turtle_bot_2/share/turtle_bot_2/hook/pythonpath.dsv'
[6.731s] INFO:colcon.colcon_core.shell:Creating environment hook '/home/robotica/turtle_bot_2/install/turtle_bot_2/share/turtle_bot_2/hook/pythonpath.sh'
[6.733s] Level 1:colcon.colcon_core.environment:checking '/home/robotica/turtle_bot_2/install/turtle_bot_2/bin'
[6.734s] Level 1:colcon.colcon_core.environment:create_environment_scripts_only(turtle_bot_2)
[6.738s] INFO:colcon.colcon_core.shell:Creating package script '/home/robotica/turtle_bot_2/install/turtle_bot_2/share/turtle_bot_2/package.ps1'
[6.742s] INFO:colcon.colcon_core.shell:Creating package descriptor '/home/robotica/turtle_bot_2/install/turtle_bot_2/share/turtle_bot_2/package.dsv'
[6.743s] INFO:colcon.colcon_core.shell:Creating package script '/home/robotica/turtle_bot_2/install/turtle_bot_2/share/turtle_bot_2/package.sh'
[6.743s] INFO:colcon.colcon_core.shell:Creating package script '/home/robotica/turtle_bot_2/install/turtle_bot_2/share/turtle_bot_2/package.bash'
[6.744s] INFO:colcon.colcon_core.shell:Creating package script '/home/robotica/turtle_bot_2/install/turtle_bot_2/share/turtle_bot_2/package.zsh'
[6.744s] Level 1:colcon.colcon_core.environment:create_file_with_runtime_dependencies(/home/robotica/turtle_bot_2/install/turtle_bot_2/share/colcon-core/packages/turtle_bot_2)
[6.747s] DEBUG:colcon.colcon_parallel_executor.executor.parallel:closing loop
[6.747s] DEBUG:colcon.colcon_parallel_executor.executor.parallel:loop closed
[6.747s] DEBUG:colcon.colcon_parallel_executor.executor.parallel:run_until_complete finished with '0'
[6.747s] DEBUG:colcon.colcon_core.event_reactor:joining thread
[6.763s] INFO:colcon.colcon_core.plugin_system:Skipping extension 'colcon_notification.desktop_notification.terminal_notifier': Not used on non-Darwin systems
[6.763s] INFO:colcon.colcon_core.plugin_system:Skipping extension 'colcon_notification.desktop_notification.win32': Not used on non-Windows systems
[6.763s] INFO:colcon.colcon_notification.desktop_notification:Sending desktop notification using 'notify2'
[6.785s] DEBUG:colcon.colcon_core.event_reactor:joined thread
[6.788s] INFO:colcon.colcon_core.shell:Creating prefix script '/home/robotica/turtle_bot_2/install/local_setup.ps1'
[6.790s] INFO:colcon.colcon_core.shell:Creating prefix util module '/home/robotica/turtle_bot_2/install/_local_setup_util_ps1.py'
[6.800s] INFO:colcon.colcon_core.shell:Creating prefix chain script '/home/robotica/turtle_bot_2/install/setup.ps1'
[6.806s] INFO:colcon.colcon_core.shell:Creating prefix script '/home/robotica/turtle_bot_2/install/local_setup.sh'
[6.808s] INFO:colcon.colcon_core.shell:Creating prefix util module '/home/robotica/turtle_bot_2/install/_local_setup_util_sh.py'
[6.809s] INFO:colcon.colcon_core.shell:Creating prefix chain script '/home/robotica/turtle_bot_2/install/setup.sh'
[6.819s] INFO:colcon.colcon_core.shell:Creating prefix script '/home/robotica/turtle_bot_2/install/local_setup.bash'
[6.820s] INFO:colcon.colcon_core.shell:Creating prefix chain script '/home/robotica/turtle_bot_2/install/setup.bash'
[6.822s] INFO:colcon.colcon_core.shell:Creating prefix script '/home/robotica/turtle_bot_2/install/local_setup.zsh'
[6.828s] INFO:colcon.colcon_core.shell:Creating prefix chain script '/home/robotica/turtle_bot_2/install/setup.zsh'
