[0.896s] DEBUG:colcon:Command line arguments: ['/usr/bin/colcon', 'build']
[0.896s] DEBUG:colcon:Parsed command line arguments: Namespace(log_base=None, log_level=None, verb_name='build', build_base='build', install_base='install', merge_install=False, symlink_install=False, test_result_base=None, continue_on_error=False, executor='parallel', parallel_workers=1, event_handlers=None, ignore_user_meta=False, metas=['./colcon.meta'], base_paths=['.'], packages_ignore=None, packages_ignore_regex=None, paths=None, packages_up_to=None, packages_up_to_regex=None, packages_above=None, packages_above_and_dependencies=None, packages_above_depth=None, packages_select_by_dep=None, packages_skip_by_dep=None, packages_skip_up_to=None, packages_select_build_failed=False, packages_skip_build_finished=False, packages_select_test_failures=False, packages_skip_test_passed=False, packages_select=None, packages_skip=None, packages_select_regex=None, packages_skip_regex=None, packages_start=None, packages_end=None, allow_overriding=[], cmake_args=None, cmake_target=None, cmake_target_skip_unavailable=False, cmake_clean_cache=False, cmake_clean_first=False, cmake_force_configure=False, ament_cmake_args=None, catkin_cmake_args=None, catkin_skip_building_tests=False, verb_parser=<colcon_defaults.argument_parser.defaults.DefaultArgumentsDecorator object at 0x7f03699aa620>, verb_extension=<colcon_core.verb.build.BuildVerb object at 0x7f036a252e60>, main=<bound method BuildVerb.main of <colcon_core.verb.build.BuildVerb object at 0x7f036a252e60>>)
[0.974s] Level 1:colcon.colcon_core.package_discovery:discover_packages(colcon_meta) check parameters
[0.974s] Level 1:colcon.colcon_core.package_discovery:discover_packages(recursive) check parameters
[0.974s] Level 1:colcon.colcon_core.package_discovery:discover_packages(ignore) check parameters
[0.974s] Level 1:colcon.colcon_core.package_discovery:discover_packages(path) check parameters
[0.974s] Level 1:colcon.colcon_core.package_discovery:discover_packages(colcon_meta) discover
[0.974s] Level 1:colcon.colcon_core.package_discovery:discover_packages(recursive) discover
[0.974s] INFO:colcon.colcon_core.package_discovery:Crawling recursively for packages in '/home/robotica/turtle_bot_2'
[0.974s] Level 1:colcon.colcon_core.package_identification:_identify(.) by extensions ['ignore', 'ignore_ament_install']
[0.975s] Level 1:colcon.colcon_core.package_identification:_identify(.) by extension 'ignore'
[0.975s] Level 1:colcon.colcon_core.package_identification:_identify(.) by extension 'ignore_ament_install'
[0.975s] Level 1:colcon.colcon_core.package_identification:_identify(.) by extensions ['colcon_pkg']
[0.975s] Level 1:colcon.colcon_core.package_identification:_identify(.) by extension 'colcon_pkg'
[0.975s] Level 1:colcon.colcon_core.package_identification:_identify(.) by extensions ['colcon_meta']
[0.975s] Level 1:colcon.colcon_core.package_identification:_identify(.) by extension 'colcon_meta'
[0.975s] Level 1:colcon.colcon_core.package_identification:_identify(.) by extensions ['ros']
[0.975s] Level 1:colcon.colcon_core.package_identification:_identify(.) by extension 'ros'
[1.004s] Level 1:colcon.colcon_core.package_identification:_identify(.) by extensions ['cmake', 'python']
[1.004s] Level 1:colcon.colcon_core.package_identification:_identify(.) by extension 'cmake'
[1.004s] Level 1:colcon.colcon_core.package_identification:_identify(.) by extension 'python'
[1.004s] Level 1:colcon.colcon_core.package_identification:_identify(.) by extensions ['python_setup_py']
[1.004s] Level 1:colcon.colcon_core.package_identification:_identify(.) by extension 'python_setup_py'
[1.004s] Level 1:colcon.colcon_core.package_identification:_identify(build) by extensions ['ignore', 'ignore_ament_install']
[1.004s] Level 1:colcon.colcon_core.package_identification:_identify(build) by extension 'ignore'
[1.004s] Level 1:colcon.colcon_core.package_identification:_identify(build) ignored
[1.004s] Level 1:colcon.colcon_core.package_identification:_identify(install) by extensions ['ignore', 'ignore_ament_install']
[1.004s] Level 1:colcon.colcon_core.package_identification:_identify(install) by extension 'ignore'
[1.005s] Level 1:colcon.colcon_core.package_identification:_identify(install) ignored
[1.005s] Level 1:colcon.colcon_core.package_identification:_identify(log) by extensions ['ignore', 'ignore_ament_install']
[1.005s] Level 1:colcon.colcon_core.package_identification:_identify(log) by extension 'ignore'
[1.005s] Level 1:colcon.colcon_core.package_identification:_identify(log) ignored
[1.005s] Level 1:colcon.colcon_core.package_identification:_identify(src) by extensions ['ignore', 'ignore_ament_install']
[1.005s] Level 1:colcon.colcon_core.package_identification:_identify(src) by extension 'ignore'
[1.005s] Level 1:colcon.colcon_core.package_identification:_identify(src) by extension 'ignore_ament_install'
[1.005s] Level 1:colcon.colcon_core.package_identification:_identify(src) by extensions ['colcon_pkg']
[1.005s] Level 1:colcon.colcon_core.package_identification:_identify(src) by extension 'colcon_pkg'
[1.005s] Level 1:colcon.colcon_core.package_identification:_identify(src) by extensions ['colcon_meta']
[1.005s] Level 1:colcon.colcon_core.package_identification:_identify(src) by extension 'colcon_meta'
[1.005s] Level 1:colcon.colcon_core.package_identification:_identify(src) by extensions ['ros']
[1.005s] Level 1:colcon.colcon_core.package_identification:_identify(src) by extension 'ros'
[1.005s] Level 1:colcon.colcon_core.package_identification:_identify(src) by extensions ['cmake', 'python']
[1.005s] Level 1:colcon.colcon_core.package_identification:_identify(src) by extension 'cmake'
[1.005s] Level 1:colcon.colcon_core.package_identification:_identify(src) by extension 'python'
[1.006s] Level 1:colcon.colcon_core.package_identification:_identify(src) by extensions ['python_setup_py']
[1.006s] Level 1:colcon.colcon_core.package_identification:_identify(src) by extension 'python_setup_py'
[1.006s] Level 1:colcon.colcon_core.package_identification:_identify(src/turtle_bot_2) by extensions ['ignore', 'ignore_ament_install']
[1.006s] Level 1:colcon.colcon_core.package_identification:_identify(src/turtle_bot_2) by extension 'ignore'
[1.006s] Level 1:colcon.colcon_core.package_identification:_identify(src/turtle_bot_2) by extension 'ignore_ament_install'
[1.006s] Level 1:colcon.colcon_core.package_identification:_identify(src/turtle_bot_2) by extensions ['colcon_pkg']
[1.006s] Level 1:colcon.colcon_core.package_identification:_identify(src/turtle_bot_2) by extension 'colcon_pkg'
[1.006s] Level 1:colcon.colcon_core.package_identification:_identify(src/turtle_bot_2) by extensions ['colcon_meta']
[1.006s] Level 1:colcon.colcon_core.package_identification:_identify(src/turtle_bot_2) by extension 'colcon_meta'
[1.006s] Level 1:colcon.colcon_core.package_identification:_identify(src/turtle_bot_2) by extensions ['ros']
[1.006s] Level 1:colcon.colcon_core.package_identification:_identify(src/turtle_bot_2) by extension 'ros'
[1.013s] DEBUG:colcon.colcon_core.package_identification:Package 'src/turtle_bot_2' with type 'ros.ament_python' and name 'turtle_bot_2'
[1.013s] Level 1:colcon.colcon_core.package_identification:_identify(src/turtlebot_interfaces) by extensions ['ignore', 'ignore_ament_install']
[1.013s] Level 1:colcon.colcon_core.package_identification:_identify(src/turtlebot_interfaces) by extension 'ignore'
[1.013s] Level 1:colcon.colcon_core.package_identification:_identify(src/turtlebot_interfaces) by extension 'ignore_ament_install'
[1.013s] Level 1:colcon.colcon_core.package_identification:_identify(src/turtlebot_interfaces) by extensions ['colcon_pkg']
[1.013s] Level 1:colcon.colcon_core.package_identification:_identify(src/turtlebot_interfaces) by extension 'colcon_pkg'
[1.014s] Level 1:colcon.colcon_core.package_identification:_identify(src/turtlebot_interfaces) by extensions ['colcon_meta']
[1.014s] Level 1:colcon.colcon_core.package_identification:_identify(src/turtlebot_interfaces) by extension 'colcon_meta'
[1.014s] Level 1:colcon.colcon_core.package_identification:_identify(src/turtlebot_interfaces) by extensions ['ros']
[1.014s] Level 1:colcon.colcon_core.package_identification:_identify(src/turtlebot_interfaces) by extension 'ros'
[1.019s] DEBUG:colcon.colcon_core.package_identification:Package 'src/turtlebot_interfaces' with type 'ros.ament_cmake' and name 'turtlebot_interfaces'
[1.020s] Level 1:colcon.colcon_core.package_discovery:discover_packages(recursive) using defaults
[1.020s] Level 1:colcon.colcon_core.package_discovery:discover_packages(ignore) discover
[1.020s] Level 1:colcon.colcon_core.package_discovery:discover_packages(ignore) using defaults
[1.020s] Level 1:colcon.colcon_core.package_discovery:discover_packages(path) discover
[1.020s] Level 1:colcon.colcon_core.package_discovery:discover_packages(path) using defaults
[1.084s] Level 1:colcon.colcon_core.package_discovery:discover_packages(prefix_path) check parameters
[1.084s] Level 1:colcon.colcon_core.package_discovery:discover_packages(prefix_path) discover
[1.092s] DEBUG:colcon.colcon_installed_package_information.package_discovery:Found 284 installed packages in /opt/ros/humble
[1.095s] Level 1:colcon.colcon_core.package_discovery:discover_packages(prefix_path) using defaults
[1.282s] Level 5:colcon.colcon_core.verb:set package 'turtlebot_interfaces' build argument 'cmake_args' from command line to 'None'
[1.282s] Level 5:colcon.colcon_core.verb:set package 'turtlebot_interfaces' build argument 'cmake_target' from command line to 'None'
[1.282s] Level 5:colcon.colcon_core.verb:set package 'turtlebot_interfaces' build argument 'cmake_target_skip_unavailable' from command line to 'False'
[1.282s] Level 5:colcon.colcon_core.verb:set package 'turtlebot_interfaces' build argument 'cmake_clean_cache' from command line to 'False'
[1.282s] Level 5:colcon.colcon_core.verb:set package 'turtlebot_interfaces' build argument 'cmake_clean_first' from command line to 'False'
[1.282s] Level 5:colcon.colcon_core.verb:set package 'turtlebot_interfaces' build argument 'cmake_force_configure' from command line to 'False'
[1.282s] Level 5:colcon.colcon_core.verb:set package 'turtlebot_interfaces' build argument 'ament_cmake_args' from command line to 'None'
[1.282s] Level 5:colcon.colcon_core.verb:set package 'turtlebot_interfaces' build argument 'catkin_cmake_args' from command line to 'None'
[1.282s] Level 5:colcon.colcon_core.verb:set package 'turtlebot_interfaces' build argument 'catkin_skip_building_tests' from command line to 'False'
[1.282s] DEBUG:colcon.colcon_core.verb:Building package 'turtlebot_interfaces' with the following arguments: {'ament_cmake_args': None, 'build_base': '/home/robotica/turtle_bot_2/build/turtlebot_interfaces', 'catkin_cmake_args': None, 'catkin_skip_building_tests': False, 'cmake_args': None, 'cmake_clean_cache': False, 'cmake_clean_first': False, 'cmake_force_configure': False, 'cmake_target': None, 'cmake_target_skip_unavailable': False, 'install_base': '/home/robotica/turtle_bot_2/install/turtlebot_interfaces', 'merge_install': False, 'path': '/home/robotica/turtle_bot_2/src/turtlebot_interfaces', 'symlink_install': False, 'test_result_base': None}
[1.288s] Level 5:colcon.colcon_core.verb:set package 'turtle_bot_2' build argument 'cmake_args' from command line to 'None'
[1.288s] Level 5:colcon.colcon_core.verb:set package 'turtle_bot_2' build argument 'cmake_target' from command line to 'None'
[1.288s] Level 5:colcon.colcon_core.verb:set package 'turtle_bot_2' build argument 'cmake_target_skip_unavailable' from command line to 'False'
[1.288s] Level 5:colcon.colcon_core.verb:set package 'turtle_bot_2' build argument 'cmake_clean_cache' from command line to 'False'
[1.288s] Level 5:colcon.colcon_core.verb:set package 'turtle_bot_2' build argument 'cmake_clean_first' from command line to 'False'
[1.288s] Level 5:colcon.colcon_core.verb:set package 'turtle_bot_2' build argument 'cmake_force_configure' from command line to 'False'
[1.288s] Level 5:colcon.colcon_core.verb:set package 'turtle_bot_2' build argument 'ament_cmake_args' from command line to 'None'
[1.288s] Level 5:colcon.colcon_core.verb:set package 'turtle_bot_2' build argument 'catkin_cmake_args' from command line to 'None'
[1.288s] Level 5:colcon.colcon_core.verb:set package 'turtle_bot_2' build argument 'catkin_skip_building_tests' from command line to 'False'
[1.288s] DEBUG:colcon.colcon_core.verb:Building package 'turtle_bot_2' with the following arguments: {'ament_cmake_args': None, 'build_base': '/home/robotica/turtle_bot_2/build/turtle_bot_2', 'catkin_cmake_args': None, 'catkin_skip_building_tests': False, 'cmake_args': None, 'cmake_clean_cache': False, 'cmake_clean_first': False, 'cmake_force_configure': False, 'cmake_target': None, 'cmake_target_skip_unavailable': False, 'install_base': '/home/robotica/turtle_bot_2/install/turtle_bot_2', 'merge_install': False, 'path': '/home/robotica/turtle_bot_2/src/turtle_bot_2', 'symlink_install': False, 'test_result_base': None}
[1.289s] INFO:colcon.colcon_core.executor:Executing jobs using 'parallel' executor
[1.298s] DEBUG:colcon.colcon_parallel_executor.executor.parallel:run_until_complete
[1.298s] INFO:colcon.colcon_ros.task.ament_cmake.build:Building ROS package in '/home/robotica/turtle_bot_2/src/turtlebot_interfaces' with build type 'ament_cmake'
[1.298s] INFO:colcon.colcon_cmake.task.cmake.build:Building CMake package in '/home/robotica/turtle_bot_2/src/turtlebot_interfaces'
[1.311s] INFO:colcon.colcon_core.plugin_system:Skipping extension 'colcon_core.shell.bat': Not used on non-Windows systems
[1.312s] INFO:colcon.colcon_core.shell:Skip shell extension 'powershell' for command environment: Not usable outside of PowerShell
[1.312s] DEBUG:colcon.colcon_core.shell:Skip shell extension 'dsv' for command environment
[1.334s] DEBUG:colcon.colcon_core.event_handler.log_command:Invoking command in '/home/robotica/turtle_bot_2/build/turtlebot_interfaces': CMAKE_PREFIX_PATH=/opt/ros/humble /usr/bin/cmake --build /home/robotica/turtle_bot_2/build/turtlebot_interfaces -- -j1 -l1
[3.294s] DEBUG:colcon.colcon_core.event_handler.log_command:Invoked command in '/home/robotica/turtle_bot_2/build/turtlebot_interfaces' returned '0': CMAKE_PREFIX_PATH=/opt/ros/humble /usr/bin/cmake --build /home/robotica/turtle_bot_2/build/turtlebot_interfaces -- -j1 -l1
[3.429s] DEBUG:colcon.colcon_core.event_handler.log_command:Invoking command in '/home/robotica/turtle_bot_2/build/turtlebot_interfaces': CMAKE_PREFIX_PATH=/opt/ros/humble /usr/bin/cmake --install /home/robotica/turtle_bot_2/build/turtlebot_interfaces
[3.603s] Level 1:colcon.colcon_core.environment:create_environment_scripts_only(turtlebot_interfaces)
[3.612s] DEBUG:colcon.colcon_core.event_handler.log_command:Invoked command in '/home/robotica/turtle_bot_2/build/turtlebot_interfaces' returned '0': CMAKE_PREFIX_PATH=/opt/ros/humble /usr/bin/cmake --install /home/robotica/turtle_bot_2/build/turtlebot_interfaces
[3.618s] Level 1:colcon.colcon_core.environment:checking '/home/robotica/turtle_bot_2/install/turtlebot_interfaces' for CMake module files
[3.624s] Level 1:colcon.colcon_core.environment:checking '/home/robotica/turtle_bot_2/install/turtlebot_interfaces' for CMake config files
[3.625s] Level 1:colcon.colcon_core.shell:create_environment_hook('turtlebot_interfaces', 'cmake_prefix_path')
[3.627s] INFO:colcon.colcon_core.shell:Creating environment hook '/home/robotica/turtle_bot_2/install/turtlebot_interfaces/share/turtlebot_interfaces/hook/cmake_prefix_path.ps1'
[3.632s] INFO:colcon.colcon_core.shell:Creating environment descriptor '/home/robotica/turtle_bot_2/install/turtlebot_interfaces/share/turtlebot_interfaces/hook/cmake_prefix_path.dsv'
[3.635s] INFO:colcon.colcon_core.shell:Creating environment hook '/home/robotica/turtle_bot_2/install/turtlebot_interfaces/share/turtlebot_interfaces/hook/cmake_prefix_path.sh'
[3.636s] Level 1:colcon.colcon_core.environment:checking '/home/robotica/turtle_bot_2/install/turtlebot_interfaces/lib'
[3.636s] Level 1:colcon.colcon_core.shell:create_environment_hook('turtlebot_interfaces', 'ld_library_path_lib')
[3.638s] INFO:colcon.colcon_core.shell:Creating environment hook '/home/robotica/turtle_bot_2/install/turtlebot_interfaces/share/turtlebot_interfaces/hook/ld_library_path_lib.ps1'
[3.643s] INFO:colcon.colcon_core.shell:Creating environment descriptor '/home/robotica/turtle_bot_2/install/turtlebot_interfaces/share/turtlebot_interfaces/hook/ld_library_path_lib.dsv'
[3.643s] INFO:colcon.colcon_core.shell:Creating environment hook '/home/robotica/turtle_bot_2/install/turtlebot_interfaces/share/turtlebot_interfaces/hook/ld_library_path_lib.sh'
[3.644s] Level 1:colcon.colcon_core.environment:checking '/home/robotica/turtle_bot_2/install/turtlebot_interfaces/bin'
[3.644s] Level 1:colcon.colcon_core.environment:checking '/home/robotica/turtle_bot_2/install/turtlebot_interfaces/lib/pkgconfig/turtlebot_interfaces.pc'
[3.644s] Level 1:colcon.colcon_core.environment:checking '/home/robotica/turtle_bot_2/install/turtlebot_interfaces/lib/python3.10/site-packages'
[3.644s] Level 1:colcon.colcon_core.environment:checking '/home/robotica/turtle_bot_2/install/turtlebot_interfaces/bin'
[3.651s] INFO:colcon.colcon_core.shell:Creating package script '/home/robotica/turtle_bot_2/install/turtlebot_interfaces/share/turtlebot_interfaces/package.ps1'
[3.652s] INFO:colcon.colcon_core.shell:Creating package descriptor '/home/robotica/turtle_bot_2/install/turtlebot_interfaces/share/turtlebot_interfaces/package.dsv'
[3.653s] INFO:colcon.colcon_core.shell:Creating package script '/home/robotica/turtle_bot_2/install/turtlebot_interfaces/share/turtlebot_interfaces/package.sh'
[3.659s] INFO:colcon.colcon_core.shell:Creating package script '/home/robotica/turtle_bot_2/install/turtlebot_interfaces/share/turtlebot_interfaces/package.bash'
[3.660s] INFO:colcon.colcon_core.shell:Creating package script '/home/robotica/turtle_bot_2/install/turtlebot_interfaces/share/turtlebot_interfaces/package.zsh'
[3.661s] Level 1:colcon.colcon_core.environment:create_file_with_runtime_dependencies(/home/robotica/turtle_bot_2/install/turtlebot_interfaces/share/colcon-core/packages/turtlebot_interfaces)
[3.785s] Level 1:colcon.colcon_core.environment:create_environment_scripts_only(turtlebot_interfaces)
[3.800s] Level 1:colcon.colcon_core.environment:checking '/home/robotica/turtle_bot_2/install/turtlebot_interfaces' for CMake module files
[3.801s] Level 1:colcon.colcon_core.environment:checking '/home/robotica/turtle_bot_2/install/turtlebot_interfaces' for CMake config files
[3.801s] Level 1:colcon.colcon_core.shell:create_environment_hook('turtlebot_interfaces', 'cmake_prefix_path')
[3.807s] INFO:colcon.colcon_core.shell:Creating environment hook '/home/robotica/turtle_bot_2/install/turtlebot_interfaces/share/turtlebot_interfaces/hook/cmake_prefix_path.ps1'
[3.808s] INFO:colcon.colcon_core.shell:Creating environment descriptor '/home/robotica/turtle_bot_2/install/turtlebot_interfaces/share/turtlebot_interfaces/hook/cmake_prefix_path.dsv'
[3.808s] INFO:colcon.colcon_core.shell:Creating environment hook '/home/robotica/turtle_bot_2/install/turtlebot_interfaces/share/turtlebot_interfaces/hook/cmake_prefix_path.sh'
[3.809s] Level 1:colcon.colcon_core.environment:checking '/home/robotica/turtle_bot_2/install/turtlebot_interfaces/lib'
[3.809s] Level 1:colcon.colcon_core.shell:create_environment_hook('turtlebot_interfaces', 'ld_library_path_lib')
[3.810s] INFO:colcon.colcon_core.shell:Creating environment hook '/home/robotica/turtle_bot_2/install/turtlebot_interfaces/share/turtlebot_interfaces/hook/ld_library_path_lib.ps1'
[3.815s] INFO:colcon.colcon_core.shell:Creating environment descriptor '/home/robotica/turtle_bot_2/install/turtlebot_interfaces/share/turtlebot_interfaces/hook/ld_library_path_lib.dsv'
[3.816s] INFO:colcon.colcon_core.shell:Creating environment hook '/home/robotica/turtle_bot_2/install/turtlebot_interfaces/share/turtlebot_interfaces/hook/ld_library_path_lib.sh'
[3.816s] Level 1:colcon.colcon_core.environment:checking '/home/robotica/turtle_bot_2/install/turtlebot_interfaces/bin'
[3.816s] Level 1:colcon.colcon_core.environment:checking '/home/robotica/turtle_bot_2/install/turtlebot_interfaces/lib/pkgconfig/turtlebot_interfaces.pc'
[3.817s] Level 1:colcon.colcon_core.environment:checking '/home/robotica/turtle_bot_2/install/turtlebot_interfaces/lib/python3.10/site-packages'
[3.817s] Level 1:colcon.colcon_core.environment:checking '/home/robotica/turtle_bot_2/install/turtlebot_interfaces/bin'
[3.821s] INFO:colcon.colcon_core.shell:Creating package script '/home/robotica/turtle_bot_2/install/turtlebot_interfaces/share/turtlebot_interfaces/package.ps1'
[3.826s] INFO:colcon.colcon_core.shell:Creating package descriptor '/home/robotica/turtle_bot_2/install/turtlebot_interfaces/share/turtlebot_interfaces/package.dsv'
[3.827s] INFO:colcon.colcon_core.shell:Creating package script '/home/robotica/turtle_bot_2/install/turtlebot_interfaces/share/turtlebot_interfaces/package.sh'
[3.828s] INFO:colcon.colcon_core.shell:Creating package script '/home/robotica/turtle_bot_2/install/turtlebot_interfaces/share/turtlebot_interfaces/package.bash'
[3.828s] INFO:colcon.colcon_core.shell:Creating package script '/home/robotica/turtle_bot_2/install/turtlebot_interfaces/share/turtlebot_interfaces/package.zsh'
[3.831s] Level 1:colcon.colcon_core.environment:create_file_with_runtime_dependencies(/home/robotica/turtle_bot_2/install/turtlebot_interfaces/share/colcon-core/packages/turtlebot_interfaces)
[3.832s] INFO:colcon.colcon_ros.task.ament_python.build:Building ROS package in '/home/robotica/turtle_bot_2/src/turtle_bot_2' with build type 'ament_python'
[3.832s] Level 1:colcon.colcon_core.shell:create_environment_hook('turtle_bot_2', 'ament_prefix_path')
[3.834s] INFO:colcon.colcon_core.shell:Creating environment hook '/home/robotica/turtle_bot_2/install/turtle_bot_2/share/turtle_bot_2/hook/ament_prefix_path.ps1'
[3.838s] INFO:colcon.colcon_core.shell:Creating environment descriptor '/home/robotica/turtle_bot_2/install/turtle_bot_2/share/turtle_bot_2/hook/ament_prefix_path.dsv'
[3.838s] INFO:colcon.colcon_core.shell:Creating environment hook '/home/robotica/turtle_bot_2/install/turtle_bot_2/share/turtle_bot_2/hook/ament_prefix_path.sh'
[3.841s] INFO:colcon.colcon_core.shell:Skip shell extension 'powershell' for command environment: Not usable outside of PowerShell
[3.841s] DEBUG:colcon.colcon_core.shell:Skip shell extension 'dsv' for command environment
[4.593s] INFO:colcon.colcon_core.task.python.build:Building Python package in '/home/robotica/turtle_bot_2/src/turtle_bot_2'
[4.595s] INFO:colcon.colcon_core.shell:Skip shell extension 'powershell' for command environment: Not usable outside of PowerShell
[4.599s] DEBUG:colcon.colcon_core.shell:Skip shell extension 'dsv' for command environment
[5.524s] DEBUG:colcon.colcon_core.event_handler.log_command:Invoking command in '/home/robotica/turtle_bot_2/src/turtle_bot_2': AMENT_PREFIX_PATH=/home/robotica/turtle_bot_2/install/turtlebot_interfaces:${AMENT_PREFIX_PATH} CMAKE_PREFIX_PATH=/home/robotica/turtle_bot_2/install/turtlebot_interfaces LD_LIBRARY_PATH=/home/robotica/turtle_bot_2/install/turtlebot_interfaces/lib:${LD_LIBRARY_PATH} PYTHONPATH=/home/robotica/turtle_bot_2/build/turtle_bot_2/prefix_override:/home/robotica/turtle_bot_2/install/turtle_bot_2/lib/python3.10/site-packages:/home/robotica/turtle_bot_2/install/turtlebot_interfaces/local/lib/python3.10/dist-packages:${PYTHONPATH} /usr/bin/python3 setup.py egg_info --egg-base ../../build/turtle_bot_2 build --build-base /home/robotica/turtle_bot_2/build/turtle_bot_2/build install --record /home/robotica/turtle_bot_2/build/turtle_bot_2/install.log --single-version-externally-managed
[6.386s] Level 1:colcon.colcon_core.environment:checking '/home/robotica/turtle_bot_2/install/turtle_bot_2' for CMake module files
[6.386s] Level 1:colcon.colcon_core.environment:checking '/home/robotica/turtle_bot_2/install/turtle_bot_2' for CMake config files
[6.391s] DEBUG:colcon.colcon_core.event_handler.log_command:Invoked command in '/home/robotica/turtle_bot_2/src/turtle_bot_2' returned '0': AMENT_PREFIX_PATH=/home/robotica/turtle_bot_2/install/turtlebot_interfaces:${AMENT_PREFIX_PATH} CMAKE_PREFIX_PATH=/home/robotica/turtle_bot_2/install/turtlebot_interfaces LD_LIBRARY_PATH=/home/robotica/turtle_bot_2/install/turtlebot_interfaces/lib:${LD_LIBRARY_PATH} PYTHONPATH=/home/robotica/turtle_bot_2/build/turtle_bot_2/prefix_override:/home/robotica/turtle_bot_2/install/turtle_bot_2/lib/python3.10/site-packages:/home/robotica/turtle_bot_2/install/turtlebot_interfaces/local/lib/python3.10/dist-packages:${PYTHONPATH} /usr/bin/python3 setup.py egg_info --egg-base ../../build/turtle_bot_2 build --build-base /home/robotica/turtle_bot_2/build/turtle_bot_2/build install --record /home/robotica/turtle_bot_2/build/turtle_bot_2/install.log --single-version-externally-managed
[6.392s] Level 1:colcon.colcon_core.environment:checking '/home/robotica/turtle_bot_2/install/turtle_bot_2/lib'
[6.392s] Level 1:colcon.colcon_core.environment:checking '/home/robotica/turtle_bot_2/install/turtle_bot_2/bin'
[6.392s] Level 1:colcon.colcon_core.environment:checking '/home/robotica/turtle_bot_2/install/turtle_bot_2/lib/pkgconfig/turtle_bot_2.pc'
[6.392s] Level 1:colcon.colcon_core.environment:checking '/home/robotica/turtle_bot_2/install/turtle_bot_2/lib/python3.10/site-packages'
[6.392s] Level 1:colcon.colcon_core.shell:create_environment_hook('turtle_bot_2', 'pythonpath')
[6.396s] INFO:colcon.colcon_core.shell:Creating environment hook '/home/robotica/turtle_bot_2/install/turtle_bot_2/share/turtle_bot_2/hook/pythonpath.ps1'
[6.399s] INFO:colcon.colcon_core.shell:Creating environment descriptor '/home/robotica/turtle_bot_2/install/turtle_bot_2/share/turtle_bot_2/hook/pythonpath.dsv'
[6.399s] INFO:colcon.colcon_core.shell:Creating environment hook '/home/robotica/turtle_bot_2/install/turtle_bot_2/share/turtle_bot_2/hook/pythonpath.sh'
[6.400s] Level 1:colcon.colcon_core.environment:checking '/home/robotica/turtle_bot_2/install/turtle_bot_2/bin'
[6.400s] Level 1:colcon.colcon_core.environment:create_environment_scripts_only(turtle_bot_2)
[6.402s] INFO:colcon.colcon_core.shell:Creating package script '/home/robotica/turtle_bot_2/install/turtle_bot_2/share/turtle_bot_2/package.ps1'
[6.404s] INFO:colcon.colcon_core.shell:Creating package descriptor '/home/robotica/turtle_bot_2/install/turtle_bot_2/share/turtle_bot_2/package.dsv'
[6.405s] INFO:colcon.colcon_core.shell:Creating package script '/home/robotica/turtle_bot_2/install/turtle_bot_2/share/turtle_bot_2/package.sh'
[6.407s] INFO:colcon.colcon_core.shell:Creating package script '/home/robotica/turtle_bot_2/install/turtle_bot_2/share/turtle_bot_2/package.bash'
[6.407s] INFO:colcon.colcon_core.shell:Creating package script '/home/robotica/turtle_bot_2/install/turtle_bot_2/share/turtle_bot_2/package.zsh'
[6.407s] Level 1:colcon.colcon_core.environment:create_file_with_runtime_dependencies(/home/robotica/turtle_bot_2/install/turtle_bot_2/share/colcon-core/packages/turtle_bot_2)
[6.412s] DEBUG:colcon.colcon_parallel_executor.executor.parallel:closing loop
[6.412s] DEBUG:colcon.colcon_parallel_executor.executor.parallel:loop closed
[6.412s] DEBUG:colcon.colcon_parallel_executor.executor.parallel:run_until_complete finished with '0'
[6.412s] DEBUG:colcon.colcon_core.event_reactor:joining thread
[6.420s] INFO:colcon.colcon_core.plugin_system:Skipping extension 'colcon_notification.desktop_notification.terminal_notifier': Not used on non-Darwin systems
[6.421s] INFO:colcon.colcon_core.plugin_system:Skipping extension 'colcon_notification.desktop_notification.win32': Not used on non-Windows systems
[6.421s] INFO:colcon.colcon_notification.desktop_notification:Sending desktop notification using 'notify2'
[6.460s] DEBUG:colcon.colcon_core.event_reactor:joined thread
[6.462s] INFO:colcon.colcon_core.shell:Creating prefix script '/home/robotica/turtle_bot_2/install/local_setup.ps1'
[6.465s] INFO:colcon.colcon_core.shell:Creating prefix util module '/home/robotica/turtle_bot_2/install/_local_setup_util_ps1.py'
[6.471s] INFO:colcon.colcon_core.shell:Creating prefix chain script '/home/robotica/turtle_bot_2/install/setup.ps1'
[6.479s] INFO:colcon.colcon_core.shell:Creating prefix script '/home/robotica/turtle_bot_2/install/local_setup.sh'
[6.484s] INFO:colcon.colcon_core.shell:Creating prefix util module '/home/robotica/turtle_bot_2/install/_local_setup_util_sh.py'
[6.484s] INFO:colcon.colcon_core.shell:Creating prefix chain script '/home/robotica/turtle_bot_2/install/setup.sh'
[6.489s] INFO:colcon.colcon_core.shell:Creating prefix script '/home/robotica/turtle_bot_2/install/local_setup.bash'
[6.491s] INFO:colcon.colcon_core.shell:Creating prefix chain script '/home/robotica/turtle_bot_2/install/setup.bash'
[6.497s] INFO:colcon.colcon_core.shell:Creating prefix script '/home/robotica/turtle_bot_2/install/local_setup.zsh'
[6.498s] INFO:colcon.colcon_core.shell:Creating prefix chain script '/home/robotica/turtle_bot_2/install/setup.zsh'
