[1.186s] DEBUG:colcon:Command line arguments: ['/usr/bin/colcon', 'build']
[1.186s] DEBUG:colcon:Parsed command line arguments: Namespace(log_base=None, log_level=None, verb_name='build', build_base='build', install_base='install', merge_install=False, symlink_install=False, test_result_base=None, continue_on_error=False, executor='parallel', parallel_workers=1, event_handlers=None, ignore_user_meta=False, metas=['./colcon.meta'], base_paths=['.'], packages_ignore=None, packages_ignore_regex=None, paths=None, packages_up_to=None, packages_up_to_regex=None, packages_above=None, packages_above_and_dependencies=None, packages_above_depth=None, packages_select_by_dep=None, packages_skip_by_dep=None, packages_skip_up_to=None, packages_select_build_failed=False, packages_skip_build_finished=False, packages_select_test_failures=False, packages_skip_test_passed=False, packages_select=None, packages_skip=None, packages_select_regex=None, packages_skip_regex=None, packages_start=None, packages_end=None, allow_overriding=[], cmake_args=None, cmake_target=None, cmake_target_skip_unavailable=False, cmake_clean_cache=False, cmake_clean_first=False, cmake_force_configure=False, ament_cmake_args=None, catkin_cmake_args=None, catkin_skip_building_tests=False, verb_parser=<colcon_defaults.argument_parser.defaults.DefaultArgumentsDecorator object at 0x7f589f7323b0>, verb_extension=<colcon_core.verb.build.BuildVerb object at 0x7f589ff467d0>, main=<bound method BuildVerb.main of <colcon_core.verb.build.BuildVerb object at 0x7f589ff467d0>>)
[1.275s] Level 1:colcon.colcon_core.package_discovery:discover_packages(colcon_meta) check parameters
[1.275s] Level 1:colcon.colcon_core.package_discovery:discover_packages(recursive) check parameters
[1.275s] Level 1:colcon.colcon_core.package_discovery:discover_packages(ignore) check parameters
[1.275s] Level 1:colcon.colcon_core.package_discovery:discover_packages(path) check parameters
[1.275s] Level 1:colcon.colcon_core.package_discovery:discover_packages(colcon_meta) discover
[1.275s] Level 1:colcon.colcon_core.package_discovery:discover_packages(recursive) discover
[1.275s] INFO:colcon.colcon_core.package_discovery:Crawling recursively for packages in '/home/robotica/turtle_bot_2'
[1.275s] Level 1:colcon.colcon_core.package_identification:_identify(.) by extensions ['ignore', 'ignore_ament_install']
[1.275s] Level 1:colcon.colcon_core.package_identification:_identify(.) by extension 'ignore'
[1.276s] Level 1:colcon.colcon_core.package_identification:_identify(.) by extension 'ignore_ament_install'
[1.276s] Level 1:colcon.colcon_core.package_identification:_identify(.) by extensions ['colcon_pkg']
[1.276s] Level 1:colcon.colcon_core.package_identification:_identify(.) by extension 'colcon_pkg'
[1.276s] Level 1:colcon.colcon_core.package_identification:_identify(.) by extensions ['colcon_meta']
[1.276s] Level 1:colcon.colcon_core.package_identification:_identify(.) by extension 'colcon_meta'
[1.276s] Level 1:colcon.colcon_core.package_identification:_identify(.) by extensions ['ros']
[1.276s] Level 1:colcon.colcon_core.package_identification:_identify(.) by extension 'ros'
[1.308s] Level 1:colcon.colcon_core.package_identification:_identify(.) by extensions ['cmake', 'python']
[1.308s] Level 1:colcon.colcon_core.package_identification:_identify(.) by extension 'cmake'
[1.308s] Level 1:colcon.colcon_core.package_identification:_identify(.) by extension 'python'
[1.308s] Level 1:colcon.colcon_core.package_identification:_identify(.) by extensions ['python_setup_py']
[1.308s] Level 1:colcon.colcon_core.package_identification:_identify(.) by extension 'python_setup_py'
[1.308s] Level 1:colcon.colcon_core.package_identification:_identify(build) by extensions ['ignore', 'ignore_ament_install']
[1.308s] Level 1:colcon.colcon_core.package_identification:_identify(build) by extension 'ignore'
[1.308s] Level 1:colcon.colcon_core.package_identification:_identify(build) ignored
[1.308s] Level 1:colcon.colcon_core.package_identification:_identify(install) by extensions ['ignore', 'ignore_ament_install']
[1.308s] Level 1:colcon.colcon_core.package_identification:_identify(install) by extension 'ignore'
[1.308s] Level 1:colcon.colcon_core.package_identification:_identify(install) ignored
[1.309s] Level 1:colcon.colcon_core.package_identification:_identify(log) by extensions ['ignore', 'ignore_ament_install']
[1.309s] Level 1:colcon.colcon_core.package_identification:_identify(log) by extension 'ignore'
[1.309s] Level 1:colcon.colcon_core.package_identification:_identify(log) ignored
[1.309s] Level 1:colcon.colcon_core.package_identification:_identify(src) by extensions ['ignore', 'ignore_ament_install']
[1.309s] Level 1:colcon.colcon_core.package_identification:_identify(src) by extension 'ignore'
[1.309s] Level 1:colcon.colcon_core.package_identification:_identify(src) by extension 'ignore_ament_install'
[1.309s] Level 1:colcon.colcon_core.package_identification:_identify(src) by extensions ['colcon_pkg']
[1.309s] Level 1:colcon.colcon_core.package_identification:_identify(src) by extension 'colcon_pkg'
[1.309s] Level 1:colcon.colcon_core.package_identification:_identify(src) by extensions ['colcon_meta']
[1.309s] Level 1:colcon.colcon_core.package_identification:_identify(src) by extension 'colcon_meta'
[1.309s] Level 1:colcon.colcon_core.package_identification:_identify(src) by extensions ['ros']
[1.309s] Level 1:colcon.colcon_core.package_identification:_identify(src) by extension 'ros'
[1.309s] Level 1:colcon.colcon_core.package_identification:_identify(src) by extensions ['cmake', 'python']
[1.309s] Level 1:colcon.colcon_core.package_identification:_identify(src) by extension 'cmake'
[1.310s] Level 1:colcon.colcon_core.package_identification:_identify(src) by extension 'python'
[1.310s] Level 1:colcon.colcon_core.package_identification:_identify(src) by extensions ['python_setup_py']
[1.310s] Level 1:colcon.colcon_core.package_identification:_identify(src) by extension 'python_setup_py'
[1.310s] Level 1:colcon.colcon_core.package_identification:_identify(src/turtle_bot_2) by extensions ['ignore', 'ignore_ament_install']
[1.310s] Level 1:colcon.colcon_core.package_identification:_identify(src/turtle_bot_2) by extension 'ignore'
[1.314s] Level 1:colcon.colcon_core.package_identification:_identify(src/turtle_bot_2) by extension 'ignore_ament_install'
[1.314s] Level 1:colcon.colcon_core.package_identification:_identify(src/turtle_bot_2) by extensions ['colcon_pkg']
[1.314s] Level 1:colcon.colcon_core.package_identification:_identify(src/turtle_bot_2) by extension 'colcon_pkg'
[1.314s] Level 1:colcon.colcon_core.package_identification:_identify(src/turtle_bot_2) by extensions ['colcon_meta']
[1.314s] Level 1:colcon.colcon_core.package_identification:_identify(src/turtle_bot_2) by extension 'colcon_meta'
[1.314s] Level 1:colcon.colcon_core.package_identification:_identify(src/turtle_bot_2) by extensions ['ros']
[1.314s] Level 1:colcon.colcon_core.package_identification:_identify(src/turtle_bot_2) by extension 'ros'
[1.317s] DEBUG:colcon.colcon_core.package_identification:Package 'src/turtle_bot_2' with type 'ros.ament_python' and name 'turtle_bot_2'
[1.317s] Level 1:colcon.colcon_core.package_identification:_identify(src/turtlebot_interfaces) by extensions ['ignore', 'ignore_ament_install']
[1.317s] Level 1:colcon.colcon_core.package_identification:_identify(src/turtlebot_interfaces) by extension 'ignore'
[1.317s] Level 1:colcon.colcon_core.package_identification:_identify(src/turtlebot_interfaces) by extension 'ignore_ament_install'
[1.318s] Level 1:colcon.colcon_core.package_identification:_identify(src/turtlebot_interfaces) by extensions ['colcon_pkg']
[1.318s] Level 1:colcon.colcon_core.package_identification:_identify(src/turtlebot_interfaces) by extension 'colcon_pkg'
[1.318s] Level 1:colcon.colcon_core.package_identification:_identify(src/turtlebot_interfaces) by extensions ['colcon_meta']
[1.318s] Level 1:colcon.colcon_core.package_identification:_identify(src/turtlebot_interfaces) by extension 'colcon_meta'
[1.318s] Level 1:colcon.colcon_core.package_identification:_identify(src/turtlebot_interfaces) by extensions ['ros']
[1.318s] Level 1:colcon.colcon_core.package_identification:_identify(src/turtlebot_interfaces) by extension 'ros'
[1.324s] DEBUG:colcon.colcon_core.package_identification:Package 'src/turtlebot_interfaces' with type 'ros.ament_cmake' and name 'turtlebot_interfaces'
[1.324s] Level 1:colcon.colcon_core.package_discovery:discover_packages(recursive) using defaults
[1.324s] Level 1:colcon.colcon_core.package_discovery:discover_packages(ignore) discover
[1.324s] Level 1:colcon.colcon_core.package_discovery:discover_packages(ignore) using defaults
[1.324s] Level 1:colcon.colcon_core.package_discovery:discover_packages(path) discover
[1.324s] Level 1:colcon.colcon_core.package_discovery:discover_packages(path) using defaults
[1.388s] Level 1:colcon.colcon_core.package_discovery:discover_packages(prefix_path) check parameters
[1.388s] Level 1:colcon.colcon_core.package_discovery:discover_packages(prefix_path) discover
[1.396s] DEBUG:colcon.colcon_installed_package_information.package_discovery:Found 284 installed packages in /opt/ros/humble
[1.404s] Level 1:colcon.colcon_core.package_discovery:discover_packages(prefix_path) using defaults
[1.596s] Level 5:colcon.colcon_core.verb:set package 'turtlebot_interfaces' build argument 'cmake_args' from command line to 'None'
[1.596s] Level 5:colcon.colcon_core.verb:set package 'turtlebot_interfaces' build argument 'cmake_target' from command line to 'None'
[1.596s] Level 5:colcon.colcon_core.verb:set package 'turtlebot_interfaces' build argument 'cmake_target_skip_unavailable' from command line to 'False'
[1.596s] Level 5:colcon.colcon_core.verb:set package 'turtlebot_interfaces' build argument 'cmake_clean_cache' from command line to 'False'
[1.596s] Level 5:colcon.colcon_core.verb:set package 'turtlebot_interfaces' build argument 'cmake_clean_first' from command line to 'False'
[1.596s] Level 5:colcon.colcon_core.verb:set package 'turtlebot_interfaces' build argument 'cmake_force_configure' from command line to 'False'
[1.596s] Level 5:colcon.colcon_core.verb:set package 'turtlebot_interfaces' build argument 'ament_cmake_args' from command line to 'None'
[1.596s] Level 5:colcon.colcon_core.verb:set package 'turtlebot_interfaces' build argument 'catkin_cmake_args' from command line to 'None'
[1.596s] Level 5:colcon.colcon_core.verb:set package 'turtlebot_interfaces' build argument 'catkin_skip_building_tests' from command line to 'False'
[1.596s] DEBUG:colcon.colcon_core.verb:Building package 'turtlebot_interfaces' with the following arguments: {'ament_cmake_args': None, 'build_base': '/home/robotica/turtle_bot_2/build/turtlebot_interfaces', 'catkin_cmake_args': None, 'catkin_skip_building_tests': False, 'cmake_args': None, 'cmake_clean_cache': False, 'cmake_clean_first': False, 'cmake_force_configure': False, 'cmake_target': None, 'cmake_target_skip_unavailable': False, 'install_base': '/home/robotica/turtle_bot_2/install/turtlebot_interfaces', 'merge_install': False, 'path': '/home/robotica/turtle_bot_2/src/turtlebot_interfaces', 'symlink_install': False, 'test_result_base': None}
[1.597s] Level 5:colcon.colcon_core.verb:set package 'turtle_bot_2' build argument 'cmake_args' from command line to 'None'
[1.597s] Level 5:colcon.colcon_core.verb:set package 'turtle_bot_2' build argument 'cmake_target' from command line to 'None'
[1.598s] Level 5:colcon.colcon_core.verb:set package 'turtle_bot_2' build argument 'cmake_target_skip_unavailable' from command line to 'False'
[1.598s] Level 5:colcon.colcon_core.verb:set package 'turtle_bot_2' build argument 'cmake_clean_cache' from command line to 'False'
[1.598s] Level 5:colcon.colcon_core.verb:set package 'turtle_bot_2' build argument 'cmake_clean_first' from command line to 'False'
[1.598s] Level 5:colcon.colcon_core.verb:set package 'turtle_bot_2' build argument 'cmake_force_configure' from command line to 'False'
[1.598s] Level 5:colcon.colcon_core.verb:set package 'turtle_bot_2' build argument 'ament_cmake_args' from command line to 'None'
[1.598s] Level 5:colcon.colcon_core.verb:set package 'turtle_bot_2' build argument 'catkin_cmake_args' from command line to 'None'
[1.598s] Level 5:colcon.colcon_core.verb:set package 'turtle_bot_2' build argument 'catkin_skip_building_tests' from command line to 'False'
[1.598s] DEBUG:colcon.colcon_core.verb:Building package 'turtle_bot_2' with the following arguments: {'ament_cmake_args': None, 'build_base': '/home/robotica/turtle_bot_2/build/turtle_bot_2', 'catkin_cmake_args': None, 'catkin_skip_building_tests': False, 'cmake_args': None, 'cmake_clean_cache': False, 'cmake_clean_first': False, 'cmake_force_configure': False, 'cmake_target': None, 'cmake_target_skip_unavailable': False, 'install_base': '/home/robotica/turtle_bot_2/install/turtle_bot_2', 'merge_install': False, 'path': '/home/robotica/turtle_bot_2/src/turtle_bot_2', 'symlink_install': False, 'test_result_base': None}
[1.603s] INFO:colcon.colcon_core.executor:Executing jobs using 'parallel' executor
[1.611s] DEBUG:colcon.colcon_parallel_executor.executor.parallel:run_until_complete
[1.611s] INFO:colcon.colcon_ros.task.ament_cmake.build:Building ROS package in '/home/robotica/turtle_bot_2/src/turtlebot_interfaces' with build type 'ament_cmake'
[1.611s] INFO:colcon.colcon_cmake.task.cmake.build:Building CMake package in '/home/robotica/turtle_bot_2/src/turtlebot_interfaces'
[1.621s] INFO:colcon.colcon_core.plugin_system:Skipping extension 'colcon_core.shell.bat': Not used on non-Windows systems
[1.621s] INFO:colcon.colcon_core.shell:Skip shell extension 'powershell' for command environment: Not usable outside of PowerShell
[1.621s] DEBUG:colcon.colcon_core.shell:Skip shell extension 'dsv' for command environment
[1.660s] DEBUG:colcon.colcon_core.event_handler.log_command:Invoking command in '/home/robotica/turtle_bot_2/build/turtlebot_interfaces': CMAKE_PREFIX_PATH=/opt/ros/humble /usr/bin/cmake --build /home/robotica/turtle_bot_2/build/turtlebot_interfaces -- -j1 -l1
[3.415s] DEBUG:colcon.colcon_core.event_handler.log_command:Invoked command in '/home/robotica/turtle_bot_2/build/turtlebot_interfaces' returned '0': CMAKE_PREFIX_PATH=/opt/ros/humble /usr/bin/cmake --build /home/robotica/turtle_bot_2/build/turtlebot_interfaces -- -j1 -l1
[3.556s] DEBUG:colcon.colcon_core.event_handler.log_command:Invoking command in '/home/robotica/turtle_bot_2/build/turtlebot_interfaces': CMAKE_PREFIX_PATH=/opt/ros/humble /usr/bin/cmake --install /home/robotica/turtle_bot_2/build/turtlebot_interfaces
[3.742s] Level 1:colcon.colcon_core.environment:create_environment_scripts_only(turtlebot_interfaces)
[3.751s] DEBUG:colcon.colcon_core.event_handler.log_command:Invoked command in '/home/robotica/turtle_bot_2/build/turtlebot_interfaces' returned '0': CMAKE_PREFIX_PATH=/opt/ros/humble /usr/bin/cmake --install /home/robotica/turtle_bot_2/build/turtlebot_interfaces
[3.753s] Level 1:colcon.colcon_core.environment:checking '/home/robotica/turtle_bot_2/install/turtlebot_interfaces' for CMake module files
[3.758s] Level 1:colcon.colcon_core.environment:checking '/home/robotica/turtle_bot_2/install/turtlebot_interfaces' for CMake config files
[3.759s] Level 1:colcon.colcon_core.shell:create_environment_hook('turtlebot_interfaces', 'cmake_prefix_path')
[3.761s] INFO:colcon.colcon_core.shell:Creating environment hook '/home/robotica/turtle_bot_2/install/turtlebot_interfaces/share/turtlebot_interfaces/hook/cmake_prefix_path.ps1'
[3.766s] INFO:colcon.colcon_core.shell:Creating environment descriptor '/home/robotica/turtle_bot_2/install/turtlebot_interfaces/share/turtlebot_interfaces/hook/cmake_prefix_path.dsv'
[3.767s] INFO:colcon.colcon_core.shell:Creating environment hook '/home/robotica/turtle_bot_2/install/turtlebot_interfaces/share/turtlebot_interfaces/hook/cmake_prefix_path.sh'
[3.768s] Level 1:colcon.colcon_core.environment:checking '/home/robotica/turtle_bot_2/install/turtlebot_interfaces/lib'
[3.768s] Level 1:colcon.colcon_core.shell:create_environment_hook('turtlebot_interfaces', 'ld_library_path_lib')
[3.770s] INFO:colcon.colcon_core.shell:Creating environment hook '/home/robotica/turtle_bot_2/install/turtlebot_interfaces/share/turtlebot_interfaces/hook/ld_library_path_lib.ps1'
[3.775s] INFO:colcon.colcon_core.shell:Creating environment descriptor '/home/robotica/turtle_bot_2/install/turtlebot_interfaces/share/turtlebot_interfaces/hook/ld_library_path_lib.dsv'
[3.775s] INFO:colcon.colcon_core.shell:Creating environment hook '/home/robotica/turtle_bot_2/install/turtlebot_interfaces/share/turtlebot_interfaces/hook/ld_library_path_lib.sh'
[3.775s] Level 1:colcon.colcon_core.environment:checking '/home/robotica/turtle_bot_2/install/turtlebot_interfaces/bin'
[3.775s] Level 1:colcon.colcon_core.environment:checking '/home/robotica/turtle_bot_2/install/turtlebot_interfaces/lib/pkgconfig/turtlebot_interfaces.pc'
[3.776s] Level 1:colcon.colcon_core.environment:checking '/home/robotica/turtle_bot_2/install/turtlebot_interfaces/lib/python3.10/site-packages'
[3.776s] Level 1:colcon.colcon_core.environment:checking '/home/robotica/turtle_bot_2/install/turtlebot_interfaces/bin'
[3.786s] INFO:colcon.colcon_core.shell:Creating package script '/home/robotica/turtle_bot_2/install/turtlebot_interfaces/share/turtlebot_interfaces/package.ps1'
[3.791s] INFO:colcon.colcon_core.shell:Creating package descriptor '/home/robotica/turtle_bot_2/install/turtlebot_interfaces/share/turtlebot_interfaces/package.dsv'
[3.792s] INFO:colcon.colcon_core.shell:Creating package script '/home/robotica/turtle_bot_2/install/turtlebot_interfaces/share/turtlebot_interfaces/package.sh'
[3.793s] INFO:colcon.colcon_core.shell:Creating package script '/home/robotica/turtle_bot_2/install/turtlebot_interfaces/share/turtlebot_interfaces/package.bash'
[3.795s] INFO:colcon.colcon_core.shell:Creating package script '/home/robotica/turtle_bot_2/install/turtlebot_interfaces/share/turtlebot_interfaces/package.zsh'
[3.798s] Level 1:colcon.colcon_core.environment:create_file_with_runtime_dependencies(/home/robotica/turtle_bot_2/install/turtlebot_interfaces/share/colcon-core/packages/turtlebot_interfaces)
[3.920s] Level 1:colcon.colcon_core.environment:create_environment_scripts_only(turtlebot_interfaces)
[3.927s] Level 1:colcon.colcon_core.environment:checking '/home/robotica/turtle_bot_2/install/turtlebot_interfaces' for CMake module files
[3.928s] Level 1:colcon.colcon_core.environment:checking '/home/robotica/turtle_bot_2/install/turtlebot_interfaces' for CMake config files
[3.928s] Level 1:colcon.colcon_core.shell:create_environment_hook('turtlebot_interfaces', 'cmake_prefix_path')
[3.935s] INFO:colcon.colcon_core.shell:Creating environment hook '/home/robotica/turtle_bot_2/install/turtlebot_interfaces/share/turtlebot_interfaces/hook/cmake_prefix_path.ps1'
[3.940s] INFO:colcon.colcon_core.shell:Creating environment descriptor '/home/robotica/turtle_bot_2/install/turtlebot_interfaces/share/turtlebot_interfaces/hook/cmake_prefix_path.dsv'
[3.940s] INFO:colcon.colcon_core.shell:Creating environment hook '/home/robotica/turtle_bot_2/install/turtlebot_interfaces/share/turtlebot_interfaces/hook/cmake_prefix_path.sh'
[3.942s] Level 1:colcon.colcon_core.environment:checking '/home/robotica/turtle_bot_2/install/turtlebot_interfaces/lib'
[3.942s] Level 1:colcon.colcon_core.shell:create_environment_hook('turtlebot_interfaces', 'ld_library_path_lib')
[3.944s] INFO:colcon.colcon_core.shell:Creating environment hook '/home/robotica/turtle_bot_2/install/turtlebot_interfaces/share/turtlebot_interfaces/hook/ld_library_path_lib.ps1'
[3.950s] INFO:colcon.colcon_core.shell:Creating environment descriptor '/home/robotica/turtle_bot_2/install/turtlebot_interfaces/share/turtlebot_interfaces/hook/ld_library_path_lib.dsv'
[3.951s] INFO:colcon.colcon_core.shell:Creating environment hook '/home/robotica/turtle_bot_2/install/turtlebot_interfaces/share/turtlebot_interfaces/hook/ld_library_path_lib.sh'
[3.951s] Level 1:colcon.colcon_core.environment:checking '/home/robotica/turtle_bot_2/install/turtlebot_interfaces/bin'
[3.951s] Level 1:colcon.colcon_core.environment:checking '/home/robotica/turtle_bot_2/install/turtlebot_interfaces/lib/pkgconfig/turtlebot_interfaces.pc'
[3.951s] Level 1:colcon.colcon_core.environment:checking '/home/robotica/turtle_bot_2/install/turtlebot_interfaces/lib/python3.10/site-packages'
[3.952s] Level 1:colcon.colcon_core.environment:checking '/home/robotica/turtle_bot_2/install/turtlebot_interfaces/bin'
[3.954s] INFO:colcon.colcon_core.shell:Creating package script '/home/robotica/turtle_bot_2/install/turtlebot_interfaces/share/turtlebot_interfaces/package.ps1'
[3.959s] INFO:colcon.colcon_core.shell:Creating package descriptor '/home/robotica/turtle_bot_2/install/turtlebot_interfaces/share/turtlebot_interfaces/package.dsv'
[3.960s] INFO:colcon.colcon_core.shell:Creating package script '/home/robotica/turtle_bot_2/install/turtlebot_interfaces/share/turtlebot_interfaces/package.sh'
[3.960s] INFO:colcon.colcon_core.shell:Creating package script '/home/robotica/turtle_bot_2/install/turtlebot_interfaces/share/turtlebot_interfaces/package.bash'
[3.961s] INFO:colcon.colcon_core.shell:Creating package script '/home/robotica/turtle_bot_2/install/turtlebot_interfaces/share/turtlebot_interfaces/package.zsh'
[3.961s] Level 1:colcon.colcon_core.environment:create_file_with_runtime_dependencies(/home/robotica/turtle_bot_2/install/turtlebot_interfaces/share/colcon-core/packages/turtlebot_interfaces)
[3.963s] INFO:colcon.colcon_ros.task.ament_python.build:Building ROS package in '/home/robotica/turtle_bot_2/src/turtle_bot_2' with build type 'ament_python'
[3.977s] Level 1:colcon.colcon_core.shell:create_environment_hook('turtle_bot_2', 'ament_prefix_path')
[3.979s] INFO:colcon.colcon_core.shell:Creating environment hook '/home/robotica/turtle_bot_2/install/turtle_bot_2/share/turtle_bot_2/hook/ament_prefix_path.ps1'
[3.987s] INFO:colcon.colcon_core.shell:Creating environment descriptor '/home/robotica/turtle_bot_2/install/turtle_bot_2/share/turtle_bot_2/hook/ament_prefix_path.dsv'
[3.988s] INFO:colcon.colcon_core.shell:Creating environment hook '/home/robotica/turtle_bot_2/install/turtle_bot_2/share/turtle_bot_2/hook/ament_prefix_path.sh'
[3.995s] INFO:colcon.colcon_core.shell:Skip shell extension 'powershell' for command environment: Not usable outside of PowerShell
[3.995s] DEBUG:colcon.colcon_core.shell:Skip shell extension 'dsv' for command environment
[4.769s] INFO:colcon.colcon_core.task.python.build:Building Python package in '/home/robotica/turtle_bot_2/src/turtle_bot_2'
[4.774s] INFO:colcon.colcon_core.shell:Skip shell extension 'powershell' for command environment: Not usable outside of PowerShell
[4.774s] DEBUG:colcon.colcon_core.shell:Skip shell extension 'dsv' for command environment
[5.740s] DEBUG:colcon.colcon_core.event_handler.log_command:Invoking command in '/home/robotica/turtle_bot_2/src/turtle_bot_2': AMENT_PREFIX_PATH=/home/robotica/turtle_bot_2/install/turtlebot_interfaces:${AMENT_PREFIX_PATH} CMAKE_PREFIX_PATH=/home/robotica/turtle_bot_2/install/turtlebot_interfaces LD_LIBRARY_PATH=/home/robotica/turtle_bot_2/install/turtlebot_interfaces/lib:${LD_LIBRARY_PATH} PYTHONPATH=/home/robotica/turtle_bot_2/build/turtle_bot_2/prefix_override:/home/robotica/turtle_bot_2/install/turtle_bot_2/lib/python3.10/site-packages:/home/robotica/turtle_bot_2/install/turtlebot_interfaces/local/lib/python3.10/dist-packages:${PYTHONPATH} /usr/bin/python3 setup.py egg_info --egg-base ../../build/turtle_bot_2 build --build-base /home/robotica/turtle_bot_2/build/turtle_bot_2/build install --record /home/robotica/turtle_bot_2/build/turtle_bot_2/install.log --single-version-externally-managed
[6.613s] Level 1:colcon.colcon_core.environment:checking '/home/robotica/turtle_bot_2/install/turtle_bot_2' for CMake module files
[6.618s] DEBUG:colcon.colcon_core.event_handler.log_command:Invoked command in '/home/robotica/turtle_bot_2/src/turtle_bot_2' returned '0': AMENT_PREFIX_PATH=/home/robotica/turtle_bot_2/install/turtlebot_interfaces:${AMENT_PREFIX_PATH} CMAKE_PREFIX_PATH=/home/robotica/turtle_bot_2/install/turtlebot_interfaces LD_LIBRARY_PATH=/home/robotica/turtle_bot_2/install/turtlebot_interfaces/lib:${LD_LIBRARY_PATH} PYTHONPATH=/home/robotica/turtle_bot_2/build/turtle_bot_2/prefix_override:/home/robotica/turtle_bot_2/install/turtle_bot_2/lib/python3.10/site-packages:/home/robotica/turtle_bot_2/install/turtlebot_interfaces/local/lib/python3.10/dist-packages:${PYTHONPATH} /usr/bin/python3 setup.py egg_info --egg-base ../../build/turtle_bot_2 build --build-base /home/robotica/turtle_bot_2/build/turtle_bot_2/build install --record /home/robotica/turtle_bot_2/build/turtle_bot_2/install.log --single-version-externally-managed
[6.622s] Level 1:colcon.colcon_core.environment:checking '/home/robotica/turtle_bot_2/install/turtle_bot_2' for CMake config files
[6.623s] Level 1:colcon.colcon_core.environment:checking '/home/robotica/turtle_bot_2/install/turtle_bot_2/lib'
[6.623s] Level 1:colcon.colcon_core.environment:checking '/home/robotica/turtle_bot_2/install/turtle_bot_2/bin'
[6.623s] Level 1:colcon.colcon_core.environment:checking '/home/robotica/turtle_bot_2/install/turtle_bot_2/lib/pkgconfig/turtle_bot_2.pc'
[6.623s] Level 1:colcon.colcon_core.environment:checking '/home/robotica/turtle_bot_2/install/turtle_bot_2/lib/python3.10/site-packages'
[6.623s] Level 1:colcon.colcon_core.shell:create_environment_hook('turtle_bot_2', 'pythonpath')
[6.625s] INFO:colcon.colcon_core.shell:Creating environment hook '/home/robotica/turtle_bot_2/install/turtle_bot_2/share/turtle_bot_2/hook/pythonpath.ps1'
[6.629s] INFO:colcon.colcon_core.shell:Creating environment descriptor '/home/robotica/turtle_bot_2/install/turtle_bot_2/share/turtle_bot_2/hook/pythonpath.dsv'
[6.630s] INFO:colcon.colcon_core.shell:Creating environment hook '/home/robotica/turtle_bot_2/install/turtle_bot_2/share/turtle_bot_2/hook/pythonpath.sh'
[6.631s] Level 1:colcon.colcon_core.environment:checking '/home/robotica/turtle_bot_2/install/turtle_bot_2/bin'
[6.631s] Level 1:colcon.colcon_core.environment:create_environment_scripts_only(turtle_bot_2)
[6.633s] INFO:colcon.colcon_core.shell:Creating package script '/home/robotica/turtle_bot_2/install/turtle_bot_2/share/turtle_bot_2/package.ps1'
[6.637s] INFO:colcon.colcon_core.shell:Creating package descriptor '/home/robotica/turtle_bot_2/install/turtle_bot_2/share/turtle_bot_2/package.dsv'
[6.638s] INFO:colcon.colcon_core.shell:Creating package script '/home/robotica/turtle_bot_2/install/turtle_bot_2/share/turtle_bot_2/package.sh'
[6.639s] INFO:colcon.colcon_core.shell:Creating package script '/home/robotica/turtle_bot_2/install/turtle_bot_2/share/turtle_bot_2/package.bash'
[6.642s] INFO:colcon.colcon_core.shell:Creating package script '/home/robotica/turtle_bot_2/install/turtle_bot_2/share/turtle_bot_2/package.zsh'
[6.643s] Level 1:colcon.colcon_core.environment:create_file_with_runtime_dependencies(/home/robotica/turtle_bot_2/install/turtle_bot_2/share/colcon-core/packages/turtle_bot_2)
[6.644s] DEBUG:colcon.colcon_parallel_executor.executor.parallel:closing loop
[6.644s] DEBUG:colcon.colcon_parallel_executor.executor.parallel:loop closed
[6.644s] DEBUG:colcon.colcon_parallel_executor.executor.parallel:run_until_complete finished with '0'
[6.644s] DEBUG:colcon.colcon_core.event_reactor:joining thread
[6.673s] INFO:colcon.colcon_core.plugin_system:Skipping extension 'colcon_notification.desktop_notification.terminal_notifier': Not used on non-Darwin systems
[6.673s] INFO:colcon.colcon_core.plugin_system:Skipping extension 'colcon_notification.desktop_notification.win32': Not used on non-Windows systems
[6.673s] INFO:colcon.colcon_notification.desktop_notification:Sending desktop notification using 'notify2'
[6.703s] DEBUG:colcon.colcon_core.event_reactor:joined thread
[6.705s] INFO:colcon.colcon_core.shell:Creating prefix script '/home/robotica/turtle_bot_2/install/local_setup.ps1'
[6.710s] INFO:colcon.colcon_core.shell:Creating prefix util module '/home/robotica/turtle_bot_2/install/_local_setup_util_ps1.py'
[6.713s] INFO:colcon.colcon_core.shell:Creating prefix chain script '/home/robotica/turtle_bot_2/install/setup.ps1'
[6.726s] INFO:colcon.colcon_core.shell:Creating prefix script '/home/robotica/turtle_bot_2/install/local_setup.sh'
[6.727s] INFO:colcon.colcon_core.shell:Creating prefix util module '/home/robotica/turtle_bot_2/install/_local_setup_util_sh.py'
[6.730s] INFO:colcon.colcon_core.shell:Creating prefix chain script '/home/robotica/turtle_bot_2/install/setup.sh'
[6.741s] INFO:colcon.colcon_core.shell:Creating prefix script '/home/robotica/turtle_bot_2/install/local_setup.bash'
[6.742s] INFO:colcon.colcon_core.shell:Creating prefix chain script '/home/robotica/turtle_bot_2/install/setup.bash'
[6.746s] INFO:colcon.colcon_core.shell:Creating prefix script '/home/robotica/turtle_bot_2/install/local_setup.zsh'
[6.747s] INFO:colcon.colcon_core.shell:Creating prefix chain script '/home/robotica/turtle_bot_2/install/setup.zsh'
