[0.678s] DEBUG:colcon:Command line arguments: ['/usr/bin/colcon', 'build']
[0.678s] DEBUG:colcon:Parsed command line arguments: Namespace(log_base=None, log_level=None, verb_name='build', build_base='build', install_base='install', merge_install=False, symlink_install=False, test_result_base=None, continue_on_error=False, executor='parallel', parallel_workers=1, event_handlers=None, ignore_user_meta=False, metas=['./colcon.meta'], base_paths=['.'], packages_ignore=None, packages_ignore_regex=None, paths=None, packages_up_to=None, packages_up_to_regex=None, packages_above=None, packages_above_and_dependencies=None, packages_above_depth=None, packages_select_by_dep=None, packages_skip_by_dep=None, packages_skip_up_to=None, packages_select_build_failed=False, packages_skip_build_finished=False, packages_select_test_failures=False, packages_skip_test_passed=False, packages_select=None, packages_skip=None, packages_select_regex=None, packages_skip_regex=None, packages_start=None, packages_end=None, allow_overriding=[], cmake_args=None, cmake_target=None, cmake_target_skip_unavailable=False, cmake_clean_cache=False, cmake_clean_first=False, cmake_force_configure=False, ament_cmake_args=None, catkin_cmake_args=None, catkin_skip_building_tests=False, verb_parser=<colcon_defaults.argument_parser.defaults.DefaultArgumentsDecorator object at 0x7f0be59dc190>, verb_extension=<colcon_core.verb.build.BuildVerb object at 0x7f0be632bf10>, main=<bound method BuildVerb.main of <colcon_core.verb.build.BuildVerb object at 0x7f0be632bf10>>)
[0.716s] Level 1:colcon.colcon_core.package_discovery:discover_packages(colcon_meta) check parameters
[0.717s] Level 1:colcon.colcon_core.package_discovery:discover_packages(recursive) check parameters
[0.717s] Level 1:colcon.colcon_core.package_discovery:discover_packages(ignore) check parameters
[0.717s] Level 1:colcon.colcon_core.package_discovery:discover_packages(path) check parameters
[0.717s] Level 1:colcon.colcon_core.package_discovery:discover_packages(colcon_meta) discover
[0.718s] Level 1:colcon.colcon_core.package_discovery:discover_packages(recursive) discover
[0.718s] INFO:colcon.colcon_core.package_discovery:Crawling recursively for packages in '/home/robotica/Desktop/Taller1/turtle_bot_2/src'
[0.718s] Level 1:colcon.colcon_core.package_identification:_identify(.) by extensions ['ignore', 'ignore_ament_install']
[0.719s] Level 1:colcon.colcon_core.package_identification:_identify(.) by extension 'ignore'
[0.719s] Level 1:colcon.colcon_core.package_identification:_identify(.) by extension 'ignore_ament_install'
[0.719s] Level 1:colcon.colcon_core.package_identification:_identify(.) by extensions ['colcon_pkg']
[0.720s] Level 1:colcon.colcon_core.package_identification:_identify(.) by extension 'colcon_pkg'
[0.720s] Level 1:colcon.colcon_core.package_identification:_identify(.) by extensions ['colcon_meta']
[0.720s] Level 1:colcon.colcon_core.package_identification:_identify(.) by extension 'colcon_meta'
[0.721s] Level 1:colcon.colcon_core.package_identification:_identify(.) by extensions ['ros']
[0.721s] Level 1:colcon.colcon_core.package_identification:_identify(.) by extension 'ros'
[0.759s] Level 1:colcon.colcon_core.package_identification:_identify(.) by extensions ['cmake', 'python']
[0.760s] Level 1:colcon.colcon_core.package_identification:_identify(.) by extension 'cmake'
[0.760s] Level 1:colcon.colcon_core.package_identification:_identify(.) by extension 'python'
[0.761s] Level 1:colcon.colcon_core.package_identification:_identify(.) by extensions ['python_setup_py']
[0.761s] Level 1:colcon.colcon_core.package_identification:_identify(.) by extension 'python_setup_py'
[0.762s] Level 1:colcon.colcon_core.package_identification:_identify(build) by extensions ['ignore', 'ignore_ament_install']
[0.762s] Level 1:colcon.colcon_core.package_identification:_identify(build) by extension 'ignore'
[0.762s] Level 1:colcon.colcon_core.package_identification:_identify(build) ignored
[0.763s] Level 1:colcon.colcon_core.package_identification:_identify(install) by extensions ['ignore', 'ignore_ament_install']
[0.763s] Level 1:colcon.colcon_core.package_identification:_identify(install) by extension 'ignore'
[0.764s] Level 1:colcon.colcon_core.package_identification:_identify(install) ignored
[0.764s] Level 1:colcon.colcon_core.package_identification:_identify(log) by extensions ['ignore', 'ignore_ament_install']
[0.764s] Level 1:colcon.colcon_core.package_identification:_identify(log) by extension 'ignore'
[0.765s] Level 1:colcon.colcon_core.package_identification:_identify(log) ignored
[0.765s] Level 1:colcon.colcon_core.package_identification:_identify(turtle_bot_2) by extensions ['ignore', 'ignore_ament_install']
[0.765s] Level 1:colcon.colcon_core.package_identification:_identify(turtle_bot_2) by extension 'ignore'
[0.766s] Level 1:colcon.colcon_core.package_identification:_identify(turtle_bot_2) by extension 'ignore_ament_install'
[0.766s] Level 1:colcon.colcon_core.package_identification:_identify(turtle_bot_2) by extensions ['colcon_pkg']
[0.766s] Level 1:colcon.colcon_core.package_identification:_identify(turtle_bot_2) by extension 'colcon_pkg'
[0.766s] Level 1:colcon.colcon_core.package_identification:_identify(turtle_bot_2) by extensions ['colcon_meta']
[0.766s] Level 1:colcon.colcon_core.package_identification:_identify(turtle_bot_2) by extension 'colcon_meta'
[0.766s] Level 1:colcon.colcon_core.package_identification:_identify(turtle_bot_2) by extensions ['ros']
[0.766s] Level 1:colcon.colcon_core.package_identification:_identify(turtle_bot_2) by extension 'ros'
[0.771s] DEBUG:colcon.colcon_core.package_identification:Package 'turtle_bot_2' with type 'ros.ament_python' and name 'turtle_bot_2'
[0.772s] Level 1:colcon.colcon_core.package_identification:_identify(turtlebot_interfaces) by extensions ['ignore', 'ignore_ament_install']
[0.772s] Level 1:colcon.colcon_core.package_identification:_identify(turtlebot_interfaces) by extension 'ignore'
[0.772s] Level 1:colcon.colcon_core.package_identification:_identify(turtlebot_interfaces) by extension 'ignore_ament_install'
[0.773s] Level 1:colcon.colcon_core.package_identification:_identify(turtlebot_interfaces) by extensions ['colcon_pkg']
[0.773s] Level 1:colcon.colcon_core.package_identification:_identify(turtlebot_interfaces) by extension 'colcon_pkg'
[0.773s] Level 1:colcon.colcon_core.package_identification:_identify(turtlebot_interfaces) by extensions ['colcon_meta']
[0.774s] Level 1:colcon.colcon_core.package_identification:_identify(turtlebot_interfaces) by extension 'colcon_meta'
[0.774s] Level 1:colcon.colcon_core.package_identification:_identify(turtlebot_interfaces) by extensions ['ros']
[0.774s] Level 1:colcon.colcon_core.package_identification:_identify(turtlebot_interfaces) by extension 'ros'
[0.775s] DEBUG:colcon.colcon_core.package_identification:Package 'turtlebot_interfaces' with type 'ros.ament_cmake' and name 'turtlebot_interfaces'
[0.775s] Level 1:colcon.colcon_core.package_discovery:discover_packages(recursive) using defaults
[0.776s] Level 1:colcon.colcon_core.package_discovery:discover_packages(ignore) discover
[0.776s] Level 1:colcon.colcon_core.package_discovery:discover_packages(ignore) using defaults
[0.776s] Level 1:colcon.colcon_core.package_discovery:discover_packages(path) discover
[0.777s] Level 1:colcon.colcon_core.package_discovery:discover_packages(path) using defaults
[0.810s] Level 1:colcon.colcon_core.package_discovery:discover_packages(prefix_path) check parameters
[0.811s] Level 1:colcon.colcon_core.package_discovery:discover_packages(prefix_path) discover
[0.816s] DEBUG:colcon.colcon_installed_package_information.package_discovery:Found 284 installed packages in /opt/ros/humble
[0.818s] Level 1:colcon.colcon_core.package_discovery:discover_packages(prefix_path) using defaults
[0.951s] Level 5:colcon.colcon_core.verb:set package 'turtlebot_interfaces' build argument 'cmake_args' from command line to 'None'
[0.952s] Level 5:colcon.colcon_core.verb:set package 'turtlebot_interfaces' build argument 'cmake_target' from command line to 'None'
[0.952s] Level 5:colcon.colcon_core.verb:set package 'turtlebot_interfaces' build argument 'cmake_target_skip_unavailable' from command line to 'False'
[0.952s] Level 5:colcon.colcon_core.verb:set package 'turtlebot_interfaces' build argument 'cmake_clean_cache' from command line to 'False'
[0.952s] Level 5:colcon.colcon_core.verb:set package 'turtlebot_interfaces' build argument 'cmake_clean_first' from command line to 'False'
[0.953s] Level 5:colcon.colcon_core.verb:set package 'turtlebot_interfaces' build argument 'cmake_force_configure' from command line to 'False'
[0.953s] Level 5:colcon.colcon_core.verb:set package 'turtlebot_interfaces' build argument 'ament_cmake_args' from command line to 'None'
[0.953s] Level 5:colcon.colcon_core.verb:set package 'turtlebot_interfaces' build argument 'catkin_cmake_args' from command line to 'None'
[0.953s] Level 5:colcon.colcon_core.verb:set package 'turtlebot_interfaces' build argument 'catkin_skip_building_tests' from command line to 'False'
[0.954s] DEBUG:colcon.colcon_core.verb:Building package 'turtlebot_interfaces' with the following arguments: {'ament_cmake_args': None, 'build_base': '/home/robotica/Desktop/Taller1/turtle_bot_2/src/build/turtlebot_interfaces', 'catkin_cmake_args': None, 'catkin_skip_building_tests': False, 'cmake_args': None, 'cmake_clean_cache': False, 'cmake_clean_first': False, 'cmake_force_configure': False, 'cmake_target': None, 'cmake_target_skip_unavailable': False, 'install_base': '/home/robotica/Desktop/Taller1/turtle_bot_2/src/install/turtlebot_interfaces', 'merge_install': False, 'path': '/home/robotica/Desktop/Taller1/turtle_bot_2/src/turtlebot_interfaces', 'symlink_install': False, 'test_result_base': None}
[0.956s] Level 5:colcon.colcon_core.verb:set package 'turtle_bot_2' build argument 'cmake_args' from command line to 'None'
[0.956s] Level 5:colcon.colcon_core.verb:set package 'turtle_bot_2' build argument 'cmake_target' from command line to 'None'
[0.956s] Level 5:colcon.colcon_core.verb:set package 'turtle_bot_2' build argument 'cmake_target_skip_unavailable' from command line to 'False'
[0.956s] Level 5:colcon.colcon_core.verb:set package 'turtle_bot_2' build argument 'cmake_clean_cache' from command line to 'False'
[0.957s] Level 5:colcon.colcon_core.verb:set package 'turtle_bot_2' build argument 'cmake_clean_first' from command line to 'False'
[0.957s] Level 5:colcon.colcon_core.verb:set package 'turtle_bot_2' build argument 'cmake_force_configure' from command line to 'False'
[0.957s] Level 5:colcon.colcon_core.verb:set package 'turtle_bot_2' build argument 'ament_cmake_args' from command line to 'None'
[0.957s] Level 5:colcon.colcon_core.verb:set package 'turtle_bot_2' build argument 'catkin_cmake_args' from command line to 'None'
[0.958s] Level 5:colcon.colcon_core.verb:set package 'turtle_bot_2' build argument 'catkin_skip_building_tests' from command line to 'False'
[0.958s] DEBUG:colcon.colcon_core.verb:Building package 'turtle_bot_2' with the following arguments: {'ament_cmake_args': None, 'build_base': '/home/robotica/Desktop/Taller1/turtle_bot_2/src/build/turtle_bot_2', 'catkin_cmake_args': None, 'catkin_skip_building_tests': False, 'cmake_args': None, 'cmake_clean_cache': False, 'cmake_clean_first': False, 'cmake_force_configure': False, 'cmake_target': None, 'cmake_target_skip_unavailable': False, 'install_base': '/home/robotica/Desktop/Taller1/turtle_bot_2/src/install/turtle_bot_2', 'merge_install': False, 'path': '/home/robotica/Desktop/Taller1/turtle_bot_2/src/turtle_bot_2', 'symlink_install': False, 'test_result_base': None}
[0.959s] INFO:colcon.colcon_core.executor:Executing jobs using 'parallel' executor
[0.964s] DEBUG:colcon.colcon_parallel_executor.executor.parallel:run_until_complete
[0.964s] INFO:colcon.colcon_ros.task.ament_cmake.build:Building ROS package in '/home/robotica/Desktop/Taller1/turtle_bot_2/src/turtlebot_interfaces' with build type 'ament_cmake'
[0.964s] INFO:colcon.colcon_cmake.task.cmake.build:Building CMake package in '/home/robotica/Desktop/Taller1/turtle_bot_2/src/turtlebot_interfaces'
[0.970s] INFO:colcon.colcon_core.plugin_system:Skipping extension 'colcon_core.shell.bat': Not used on non-Windows systems
[0.972s] INFO:colcon.colcon_core.shell:Skip shell extension 'powershell' for command environment: Not usable outside of PowerShell
[0.972s] DEBUG:colcon.colcon_core.shell:Skip shell extension 'dsv' for command environment
[0.986s] DEBUG:colcon.colcon_core.event_handler.log_command:Invoking command in '/home/robotica/Desktop/Taller1/turtle_bot_2/src/build/turtlebot_interfaces': CMAKE_PREFIX_PATH=/opt/ros/humble /usr/bin/cmake --build /home/robotica/Desktop/Taller1/turtle_bot_2/src/build/turtlebot_interfaces -- -j1 -l1
[2.963s] DEBUG:colcon.colcon_core.event_handler.log_command:Invoked command in '/home/robotica/Desktop/Taller1/turtle_bot_2/src/build/turtlebot_interfaces' returned '0': CMAKE_PREFIX_PATH=/opt/ros/humble /usr/bin/cmake --build /home/robotica/Desktop/Taller1/turtle_bot_2/src/build/turtlebot_interfaces -- -j1 -l1
[3.105s] DEBUG:colcon.colcon_core.event_handler.log_command:Invoking command in '/home/robotica/Desktop/Taller1/turtle_bot_2/src/build/turtlebot_interfaces': CMAKE_PREFIX_PATH=/opt/ros/humble /usr/bin/cmake --install /home/robotica/Desktop/Taller1/turtle_bot_2/src/build/turtlebot_interfaces
[3.364s] Level 1:colcon.colcon_core.environment:create_environment_scripts_only(turtlebot_interfaces)
[3.374s] DEBUG:colcon.colcon_core.event_handler.log_command:Invoked command in '/home/robotica/Desktop/Taller1/turtle_bot_2/src/build/turtlebot_interfaces' returned '0': CMAKE_PREFIX_PATH=/opt/ros/humble /usr/bin/cmake --install /home/robotica/Desktop/Taller1/turtle_bot_2/src/build/turtlebot_interfaces
[3.375s] Level 1:colcon.colcon_core.environment:checking '/home/robotica/Desktop/Taller1/turtle_bot_2/src/install/turtlebot_interfaces' for CMake module files
[3.376s] Level 1:colcon.colcon_core.environment:checking '/home/robotica/Desktop/Taller1/turtle_bot_2/src/install/turtlebot_interfaces' for CMake config files
[3.376s] Level 1:colcon.colcon_core.shell:create_environment_hook('turtlebot_interfaces', 'cmake_prefix_path')
[3.385s] INFO:colcon.colcon_core.shell:Creating environment hook '/home/robotica/Desktop/Taller1/turtle_bot_2/src/install/turtlebot_interfaces/share/turtlebot_interfaces/hook/cmake_prefix_path.ps1'
[3.394s] INFO:colcon.colcon_core.shell:Creating environment descriptor '/home/robotica/Desktop/Taller1/turtle_bot_2/src/install/turtlebot_interfaces/share/turtlebot_interfaces/hook/cmake_prefix_path.dsv'
[3.394s] INFO:colcon.colcon_core.shell:Creating environment hook '/home/robotica/Desktop/Taller1/turtle_bot_2/src/install/turtlebot_interfaces/share/turtlebot_interfaces/hook/cmake_prefix_path.sh'
[3.396s] Level 1:colcon.colcon_core.environment:checking '/home/robotica/Desktop/Taller1/turtle_bot_2/src/install/turtlebot_interfaces/lib'
[3.396s] Level 1:colcon.colcon_core.shell:create_environment_hook('turtlebot_interfaces', 'ld_library_path_lib')
[3.401s] INFO:colcon.colcon_core.shell:Creating environment hook '/home/robotica/Desktop/Taller1/turtle_bot_2/src/install/turtlebot_interfaces/share/turtlebot_interfaces/hook/ld_library_path_lib.ps1'
[3.402s] INFO:colcon.colcon_core.shell:Creating environment descriptor '/home/robotica/Desktop/Taller1/turtle_bot_2/src/install/turtlebot_interfaces/share/turtlebot_interfaces/hook/ld_library_path_lib.dsv'
[3.403s] INFO:colcon.colcon_core.shell:Creating environment hook '/home/robotica/Desktop/Taller1/turtle_bot_2/src/install/turtlebot_interfaces/share/turtlebot_interfaces/hook/ld_library_path_lib.sh'
[3.403s] Level 1:colcon.colcon_core.environment:checking '/home/robotica/Desktop/Taller1/turtle_bot_2/src/install/turtlebot_interfaces/bin'
[3.403s] Level 1:colcon.colcon_core.environment:checking '/home/robotica/Desktop/Taller1/turtle_bot_2/src/install/turtlebot_interfaces/lib/pkgconfig/turtlebot_interfaces.pc'
[3.404s] Level 1:colcon.colcon_core.environment:checking '/home/robotica/Desktop/Taller1/turtle_bot_2/src/install/turtlebot_interfaces/lib/python3.10/site-packages'
[3.404s] Level 1:colcon.colcon_core.environment:checking '/home/robotica/Desktop/Taller1/turtle_bot_2/src/install/turtlebot_interfaces/bin'
[3.414s] INFO:colcon.colcon_core.shell:Creating package script '/home/robotica/Desktop/Taller1/turtle_bot_2/src/install/turtlebot_interfaces/share/turtlebot_interfaces/package.ps1'
[3.416s] INFO:colcon.colcon_core.shell:Creating package descriptor '/home/robotica/Desktop/Taller1/turtle_bot_2/src/install/turtlebot_interfaces/share/turtlebot_interfaces/package.dsv'
[3.426s] INFO:colcon.colcon_core.shell:Creating package script '/home/robotica/Desktop/Taller1/turtle_bot_2/src/install/turtlebot_interfaces/share/turtlebot_interfaces/package.sh'
[3.427s] INFO:colcon.colcon_core.shell:Creating package script '/home/robotica/Desktop/Taller1/turtle_bot_2/src/install/turtlebot_interfaces/share/turtlebot_interfaces/package.bash'
[3.428s] INFO:colcon.colcon_core.shell:Creating package script '/home/robotica/Desktop/Taller1/turtle_bot_2/src/install/turtlebot_interfaces/share/turtlebot_interfaces/package.zsh'
[3.433s] Level 1:colcon.colcon_core.environment:create_file_with_runtime_dependencies(/home/robotica/Desktop/Taller1/turtle_bot_2/src/install/turtlebot_interfaces/share/colcon-core/packages/turtlebot_interfaces)
[3.699s] Level 1:colcon.colcon_core.environment:create_environment_scripts_only(turtlebot_interfaces)
[3.707s] Level 1:colcon.colcon_core.environment:checking '/home/robotica/Desktop/Taller1/turtle_bot_2/src/install/turtlebot_interfaces' for CMake module files
[3.708s] Level 1:colcon.colcon_core.environment:checking '/home/robotica/Desktop/Taller1/turtle_bot_2/src/install/turtlebot_interfaces' for CMake config files
[3.709s] Level 1:colcon.colcon_core.shell:create_environment_hook('turtlebot_interfaces', 'cmake_prefix_path')
[3.711s] INFO:colcon.colcon_core.shell:Creating environment hook '/home/robotica/Desktop/Taller1/turtle_bot_2/src/install/turtlebot_interfaces/share/turtlebot_interfaces/hook/cmake_prefix_path.ps1'
[3.719s] INFO:colcon.colcon_core.shell:Creating environment descriptor '/home/robotica/Desktop/Taller1/turtle_bot_2/src/install/turtlebot_interfaces/share/turtlebot_interfaces/hook/cmake_prefix_path.dsv'
[3.720s] INFO:colcon.colcon_core.shell:Creating environment hook '/home/robotica/Desktop/Taller1/turtle_bot_2/src/install/turtlebot_interfaces/share/turtlebot_interfaces/hook/cmake_prefix_path.sh'
[3.726s] Level 1:colcon.colcon_core.environment:checking '/home/robotica/Desktop/Taller1/turtle_bot_2/src/install/turtlebot_interfaces/lib'
[3.733s] Level 1:colcon.colcon_core.shell:create_environment_hook('turtlebot_interfaces', 'ld_library_path_lib')
[3.736s] INFO:colcon.colcon_core.shell:Creating environment hook '/home/robotica/Desktop/Taller1/turtle_bot_2/src/install/turtlebot_interfaces/share/turtlebot_interfaces/hook/ld_library_path_lib.ps1'
[3.737s] INFO:colcon.colcon_core.shell:Creating environment descriptor '/home/robotica/Desktop/Taller1/turtle_bot_2/src/install/turtlebot_interfaces/share/turtlebot_interfaces/hook/ld_library_path_lib.dsv'
[3.739s] INFO:colcon.colcon_core.shell:Creating environment hook '/home/robotica/Desktop/Taller1/turtle_bot_2/src/install/turtlebot_interfaces/share/turtlebot_interfaces/hook/ld_library_path_lib.sh'
[3.743s] Level 1:colcon.colcon_core.environment:checking '/home/robotica/Desktop/Taller1/turtle_bot_2/src/install/turtlebot_interfaces/bin'
[3.744s] Level 1:colcon.colcon_core.environment:checking '/home/robotica/Desktop/Taller1/turtle_bot_2/src/install/turtlebot_interfaces/lib/pkgconfig/turtlebot_interfaces.pc'
[3.744s] Level 1:colcon.colcon_core.environment:checking '/home/robotica/Desktop/Taller1/turtle_bot_2/src/install/turtlebot_interfaces/lib/python3.10/site-packages'
[3.745s] Level 1:colcon.colcon_core.environment:checking '/home/robotica/Desktop/Taller1/turtle_bot_2/src/install/turtlebot_interfaces/bin'
[3.747s] INFO:colcon.colcon_core.shell:Creating package script '/home/robotica/Desktop/Taller1/turtle_bot_2/src/install/turtlebot_interfaces/share/turtlebot_interfaces/package.ps1'
[3.754s] INFO:colcon.colcon_core.shell:Creating package descriptor '/home/robotica/Desktop/Taller1/turtle_bot_2/src/install/turtlebot_interfaces/share/turtlebot_interfaces/package.dsv'
[3.755s] INFO:colcon.colcon_core.shell:Creating package script '/home/robotica/Desktop/Taller1/turtle_bot_2/src/install/turtlebot_interfaces/share/turtlebot_interfaces/package.sh'
[3.758s] INFO:colcon.colcon_core.shell:Creating package script '/home/robotica/Desktop/Taller1/turtle_bot_2/src/install/turtlebot_interfaces/share/turtlebot_interfaces/package.bash'
[3.765s] INFO:colcon.colcon_core.shell:Creating package script '/home/robotica/Desktop/Taller1/turtle_bot_2/src/install/turtlebot_interfaces/share/turtlebot_interfaces/package.zsh'
[3.769s] Level 1:colcon.colcon_core.environment:create_file_with_runtime_dependencies(/home/robotica/Desktop/Taller1/turtle_bot_2/src/install/turtlebot_interfaces/share/colcon-core/packages/turtlebot_interfaces)
[3.786s] INFO:colcon.colcon_ros.task.ament_python.build:Building ROS package in '/home/robotica/Desktop/Taller1/turtle_bot_2/src/turtle_bot_2' with build type 'ament_python'
[3.787s] Level 1:colcon.colcon_core.shell:create_environment_hook('turtle_bot_2', 'ament_prefix_path')
[3.791s] INFO:colcon.colcon_core.shell:Creating environment hook '/home/robotica/Desktop/Taller1/turtle_bot_2/src/install/turtle_bot_2/share/turtle_bot_2/hook/ament_prefix_path.ps1'
[3.795s] INFO:colcon.colcon_core.shell:Creating environment descriptor '/home/robotica/Desktop/Taller1/turtle_bot_2/src/install/turtle_bot_2/share/turtle_bot_2/hook/ament_prefix_path.dsv'
[3.799s] INFO:colcon.colcon_core.shell:Creating environment hook '/home/robotica/Desktop/Taller1/turtle_bot_2/src/install/turtle_bot_2/share/turtle_bot_2/hook/ament_prefix_path.sh'
[3.812s] INFO:colcon.colcon_core.shell:Skip shell extension 'powershell' for command environment: Not usable outside of PowerShell
[3.817s] DEBUG:colcon.colcon_core.shell:Skip shell extension 'dsv' for command environment
[4.599s] INFO:colcon.colcon_core.task.python.build:Building Python package in '/home/robotica/Desktop/Taller1/turtle_bot_2/src/turtle_bot_2'
[4.601s] INFO:colcon.colcon_core.shell:Skip shell extension 'powershell' for command environment: Not usable outside of PowerShell
[4.601s] DEBUG:colcon.colcon_core.shell:Skip shell extension 'dsv' for command environment
[5.504s] DEBUG:colcon.colcon_core.event_handler.log_command:Invoking command in '/home/robotica/Desktop/Taller1/turtle_bot_2/src/turtle_bot_2': AMENT_PREFIX_PATH=/home/robotica/Desktop/Taller1/turtle_bot_2/src/install/turtlebot_interfaces:${AMENT_PREFIX_PATH} CMAKE_PREFIX_PATH=/home/robotica/Desktop/Taller1/turtle_bot_2/src/install/turtlebot_interfaces LD_LIBRARY_PATH=/home/robotica/Desktop/Taller1/turtle_bot_2/src/install/turtlebot_interfaces/lib:${LD_LIBRARY_PATH} PYTHONPATH=/home/robotica/Desktop/Taller1/turtle_bot_2/src/build/turtle_bot_2/prefix_override:/home/robotica/Desktop/Taller1/turtle_bot_2/src/install/turtle_bot_2/lib/python3.10/site-packages:/home/robotica/Desktop/Taller1/turtle_bot_2/src/install/turtlebot_interfaces/local/lib/python3.10/dist-packages:${PYTHONPATH} /usr/bin/python3 setup.py egg_info --egg-base ../build/turtle_bot_2 build --build-base /home/robotica/Desktop/Taller1/turtle_bot_2/src/build/turtle_bot_2/build install --record /home/robotica/Desktop/Taller1/turtle_bot_2/src/build/turtle_bot_2/install.log --single-version-externally-managed
[6.299s] Level 1:colcon.colcon_core.environment:checking '/home/robotica/Desktop/Taller1/turtle_bot_2/src/install/turtle_bot_2' for CMake module files
[6.300s] DEBUG:colcon.colcon_core.event_handler.log_command:Invoked command in '/home/robotica/Desktop/Taller1/turtle_bot_2/src/turtle_bot_2' returned '0': AMENT_PREFIX_PATH=/home/robotica/Desktop/Taller1/turtle_bot_2/src/install/turtlebot_interfaces:${AMENT_PREFIX_PATH} CMAKE_PREFIX_PATH=/home/robotica/Desktop/Taller1/turtle_bot_2/src/install/turtlebot_interfaces LD_LIBRARY_PATH=/home/robotica/Desktop/Taller1/turtle_bot_2/src/install/turtlebot_interfaces/lib:${LD_LIBRARY_PATH} PYTHONPATH=/home/robotica/Desktop/Taller1/turtle_bot_2/src/build/turtle_bot_2/prefix_override:/home/robotica/Desktop/Taller1/turtle_bot_2/src/install/turtle_bot_2/lib/python3.10/site-packages:/home/robotica/Desktop/Taller1/turtle_bot_2/src/install/turtlebot_interfaces/local/lib/python3.10/dist-packages:${PYTHONPATH} /usr/bin/python3 setup.py egg_info --egg-base ../build/turtle_bot_2 build --build-base /home/robotica/Desktop/Taller1/turtle_bot_2/src/build/turtle_bot_2/build install --record /home/robotica/Desktop/Taller1/turtle_bot_2/src/build/turtle_bot_2/install.log --single-version-externally-managed
[6.302s] Level 1:colcon.colcon_core.environment:checking '/home/robotica/Desktop/Taller1/turtle_bot_2/src/install/turtle_bot_2' for CMake config files
[6.302s] Level 1:colcon.colcon_core.environment:checking '/home/robotica/Desktop/Taller1/turtle_bot_2/src/install/turtle_bot_2/lib'
[6.303s] Level 1:colcon.colcon_core.environment:checking '/home/robotica/Desktop/Taller1/turtle_bot_2/src/install/turtle_bot_2/bin'
[6.303s] Level 1:colcon.colcon_core.environment:checking '/home/robotica/Desktop/Taller1/turtle_bot_2/src/install/turtle_bot_2/lib/pkgconfig/turtle_bot_2.pc'
[6.304s] Level 1:colcon.colcon_core.environment:checking '/home/robotica/Desktop/Taller1/turtle_bot_2/src/install/turtle_bot_2/lib/python3.10/site-packages'
[6.304s] Level 1:colcon.colcon_core.shell:create_environment_hook('turtle_bot_2', 'pythonpath')
[6.306s] INFO:colcon.colcon_core.shell:Creating environment hook '/home/robotica/Desktop/Taller1/turtle_bot_2/src/install/turtle_bot_2/share/turtle_bot_2/hook/pythonpath.ps1'
[6.308s] INFO:colcon.colcon_core.shell:Creating environment descriptor '/home/robotica/Desktop/Taller1/turtle_bot_2/src/install/turtle_bot_2/share/turtle_bot_2/hook/pythonpath.dsv'
[6.309s] INFO:colcon.colcon_core.shell:Creating environment hook '/home/robotica/Desktop/Taller1/turtle_bot_2/src/install/turtle_bot_2/share/turtle_bot_2/hook/pythonpath.sh'
[6.312s] Level 1:colcon.colcon_core.environment:checking '/home/robotica/Desktop/Taller1/turtle_bot_2/src/install/turtle_bot_2/bin'
[6.313s] Level 1:colcon.colcon_core.environment:create_environment_scripts_only(turtle_bot_2)
[6.316s] INFO:colcon.colcon_core.shell:Creating package script '/home/robotica/Desktop/Taller1/turtle_bot_2/src/install/turtle_bot_2/share/turtle_bot_2/package.ps1'
[6.317s] INFO:colcon.colcon_core.shell:Creating package descriptor '/home/robotica/Desktop/Taller1/turtle_bot_2/src/install/turtle_bot_2/share/turtle_bot_2/package.dsv'
[6.319s] INFO:colcon.colcon_core.shell:Creating package script '/home/robotica/Desktop/Taller1/turtle_bot_2/src/install/turtle_bot_2/share/turtle_bot_2/package.sh'
[6.321s] INFO:colcon.colcon_core.shell:Creating package script '/home/robotica/Desktop/Taller1/turtle_bot_2/src/install/turtle_bot_2/share/turtle_bot_2/package.bash'
[6.322s] INFO:colcon.colcon_core.shell:Creating package script '/home/robotica/Desktop/Taller1/turtle_bot_2/src/install/turtle_bot_2/share/turtle_bot_2/package.zsh'
[6.324s] Level 1:colcon.colcon_core.environment:create_file_with_runtime_dependencies(/home/robotica/Desktop/Taller1/turtle_bot_2/src/install/turtle_bot_2/share/colcon-core/packages/turtle_bot_2)
[6.327s] DEBUG:colcon.colcon_parallel_executor.executor.parallel:closing loop
[6.327s] DEBUG:colcon.colcon_parallel_executor.executor.parallel:loop closed
[6.328s] DEBUG:colcon.colcon_parallel_executor.executor.parallel:run_until_complete finished with '0'
[6.328s] DEBUG:colcon.colcon_core.event_reactor:joining thread
[6.335s] INFO:colcon.colcon_core.plugin_system:Skipping extension 'colcon_notification.desktop_notification.terminal_notifier': Not used on non-Darwin systems
[6.336s] INFO:colcon.colcon_core.plugin_system:Skipping extension 'colcon_notification.desktop_notification.win32': Not used on non-Windows systems
[6.336s] INFO:colcon.colcon_notification.desktop_notification:Sending desktop notification using 'notify2'
[6.378s] DEBUG:colcon.colcon_core.event_reactor:joined thread
[6.380s] INFO:colcon.colcon_core.shell:Creating prefix script '/home/robotica/Desktop/Taller1/turtle_bot_2/src/install/local_setup.ps1'
[6.386s] INFO:colcon.colcon_core.shell:Creating prefix util module '/home/robotica/Desktop/Taller1/turtle_bot_2/src/install/_local_setup_util_ps1.py'
[6.396s] INFO:colcon.colcon_core.shell:Creating prefix chain script '/home/robotica/Desktop/Taller1/turtle_bot_2/src/install/setup.ps1'
[6.399s] INFO:colcon.colcon_core.shell:Creating prefix script '/home/robotica/Desktop/Taller1/turtle_bot_2/src/install/local_setup.sh'
[6.401s] INFO:colcon.colcon_core.shell:Creating prefix util module '/home/robotica/Desktop/Taller1/turtle_bot_2/src/install/_local_setup_util_sh.py'
[6.406s] INFO:colcon.colcon_core.shell:Creating prefix chain script '/home/robotica/Desktop/Taller1/turtle_bot_2/src/install/setup.sh'
[6.413s] INFO:colcon.colcon_core.shell:Creating prefix script '/home/robotica/Desktop/Taller1/turtle_bot_2/src/install/local_setup.bash'
[6.415s] INFO:colcon.colcon_core.shell:Creating prefix chain script '/home/robotica/Desktop/Taller1/turtle_bot_2/src/install/setup.bash'
[6.418s] INFO:colcon.colcon_core.shell:Creating prefix script '/home/robotica/Desktop/Taller1/turtle_bot_2/src/install/local_setup.zsh'
[6.423s] INFO:colcon.colcon_core.shell:Creating prefix chain script '/home/robotica/Desktop/Taller1/turtle_bot_2/src/install/setup.zsh'
