[0.025s] Invoking command in '/home/robotica/Desktop/Taller1/turtle_bot_2/src/build/turtlebot_interfaces': CMAKE_PREFIX_PATH=${CMAKE_PREFIX_PATH}:/home/robotica/Desktop/Taller1/turtle_bot_2/src/install/turtle_bot_2:/opt/ros/humble /usr/bin/cmake --build /home/robotica/Desktop/Taller1/turtle_bot_2/src/build/turtlebot_interfaces -- -j1 -l1
[0.130s] [  9%] Built target turtlebot_interfaces_srv__rosidl_generator_c
[0.169s] [ 19%] Built target turtlebot_interfaces_srv__rosidl_typesupport_introspection_c
[0.192s] [ 29%] Built target turtlebot_interfaces_srv__rosidl_typesupport_c
[0.213s] [ 32%] Built target turtlebot_interfaces_srv__cpp
[0.250s] [ 41%] Built target turtlebot_interfaces_srv__rosidl_typesupport_fastrtps_cpp
[0.275s] [ 51%] Built target turtlebot_interfaces_srv__rosidl_typesupport_introspection_cpp
[0.305s] [ 61%] Built target turtlebot_interfaces_srv__rosidl_typesupport_cpp
[0.347s] [ 70%] Built target turtlebot_interfaces_srv__rosidl_typesupport_fastrtps_c
[0.413s] [ 70%] Built target turtlebot_interfaces_srv
[0.564s] [ 70%] Built target ament_cmake_python_copy_turtlebot_interfaces
[1.200s] running egg_info
[1.204s] writing turtlebot_interfaces.egg-info/PKG-INFO
[1.207s] writing dependency_links to turtlebot_interfaces.egg-info/dependency_links.txt
[1.209s] writing top-level names to turtlebot_interfaces.egg-info/top_level.txt
[1.215s] reading manifest file 'turtlebot_interfaces.egg-info/SOURCES.txt'
[1.217s] writing manifest file 'turtlebot_interfaces.egg-info/SOURCES.txt'
[1.278s] [ 70%] Built target ament_cmake_python_build_turtlebot_interfaces_egg
[1.306s] [ 74%] Built target turtlebot_interfaces_srv__py
[1.338s] [ 80%] Built target turtlebot_interfaces_srv__rosidl_generator_py
[1.367s] [ 87%] Built target turtlebot_interfaces__rosidl_typesupport_fastrtps_c__pyext
[1.393s] [ 93%] Built target turtlebot_interfaces__rosidl_typesupport_introspection_c__pyext
[1.417s] [100%] Built target turtlebot_interfaces__rosidl_typesupport_c__pyext
[1.448s] Invoked command in '/home/robotica/Desktop/Taller1/turtle_bot_2/src/build/turtlebot_interfaces' returned '0': CMAKE_PREFIX_PATH=${CMAKE_PREFIX_PATH}:/home/robotica/Desktop/Taller1/turtle_bot_2/src/install/turtle_bot_2:/opt/ros/humble /usr/bin/cmake --build /home/robotica/Desktop/Taller1/turtle_bot_2/src/build/turtlebot_interfaces -- -j1 -l1
[1.527s] Invoking command in '/home/robotica/Desktop/Taller1/turtle_bot_2/src/build/turtlebot_interfaces': CMAKE_PREFIX_PATH=${CMAKE_PREFIX_PATH}:/home/robotica/Desktop/Taller1/turtle_bot_2/src/install/turtle_bot_2:/opt/ros/humble /usr/bin/cmake --install /home/robotica/Desktop/Taller1/turtle_bot_2/src/build/turtlebot_interfaces
[1.548s] -- Install configuration: ""
[1.550s] -- Up-to-date: /home/robotica/Desktop/Taller1/turtle_bot_2/src/install/turtlebot_interfaces/share/ament_index/resource_index/rosidl_interfaces/turtlebot_interfaces
[1.551s] -- Up-to-date: /home/robotica/Desktop/Taller1/turtle_bot_2/src/install/turtlebot_interfaces/include/turtlebot_interfaces/turtlebot_interfaces
[1.553s] -- Up-to-date: /home/robotica/Desktop/Taller1/turtle_bot_2/src/install/turtlebot_interfaces/include/turtlebot_interfaces/turtlebot_interfaces/srv
[1.553s] -- Up-to-date: /home/robotica/Desktop/Taller1/turtle_bot_2/src/install/turtlebot_interfaces/include/turtlebot_interfaces/turtlebot_interfaces/srv/detail
[1.553s] -- Up-to-date: /home/robotica/Desktop/Taller1/turtle_bot_2/src/install/turtlebot_interfaces/include/turtlebot_interfaces/turtlebot_interfaces/srv/detail/reproducir__struct.h
[1.553s] -- Up-to-date: /home/robotica/Desktop/Taller1/turtle_bot_2/src/install/turtlebot_interfaces/include/turtlebot_interfaces/turtlebot_interfaces/srv/detail/reproducir__functions.h
[1.553s] -- Up-to-date: /home/robotica/Desktop/Taller1/turtle_bot_2/src/install/turtlebot_interfaces/include/turtlebot_interfaces/turtlebot_interfaces/srv/detail/reproducir__functions.c
[1.553s] -- Up-to-date: /home/robotica/Desktop/Taller1/turtle_bot_2/src/install/turtlebot_interfaces/include/turtlebot_interfaces/turtlebot_interfaces/srv/detail/reproducir__type_support.h
[1.553s] -- Up-to-date: /home/robotica/Desktop/Taller1/turtle_bot_2/src/install/turtlebot_interfaces/include/turtlebot_interfaces/turtlebot_interfaces/srv/reproducir.h
[1.554s] -- Up-to-date: /home/robotica/Desktop/Taller1/turtle_bot_2/src/install/turtlebot_interfaces/include/turtlebot_interfaces/turtlebot_interfaces/msg
[1.556s] -- Up-to-date: /home/robotica/Desktop/Taller1/turtle_bot_2/src/install/turtlebot_interfaces/include/turtlebot_interfaces/turtlebot_interfaces/msg/rosidl_generator_c__visibility_control.h
[1.557s] -- Up-to-date: /home/robotica/Desktop/Taller1/turtle_bot_2/src/install/turtlebot_interfaces/share/turtlebot_interfaces/environment/library_path.sh
[1.557s] -- Up-to-date: /home/robotica/Desktop/Taller1/turtle_bot_2/src/install/turtlebot_interfaces/share/turtlebot_interfaces/environment/library_path.dsv
[1.557s] -- Up-to-date: /home/robotica/Desktop/Taller1/turtle_bot_2/src/install/turtlebot_interfaces/lib/libturtlebot_interfaces__rosidl_generator_c.so
[1.558s] -- Up-to-date: /home/robotica/Desktop/Taller1/turtle_bot_2/src/install/turtlebot_interfaces/include/turtlebot_interfaces/turtlebot_interfaces
[1.558s] -- Up-to-date: /home/robotica/Desktop/Taller1/turtle_bot_2/src/install/turtlebot_interfaces/include/turtlebot_interfaces/turtlebot_interfaces/srv
[1.558s] -- Up-to-date: /home/robotica/Desktop/Taller1/turtle_bot_2/src/install/turtlebot_interfaces/include/turtlebot_interfaces/turtlebot_interfaces/srv/detail
[1.558s] -- Up-to-date: /home/robotica/Desktop/Taller1/turtle_bot_2/src/install/turtlebot_interfaces/include/turtlebot_interfaces/turtlebot_interfaces/srv/detail/reproducir__rosidl_typesupport_fastrtps_c.h
[1.558s] -- Up-to-date: /home/robotica/Desktop/Taller1/turtle_bot_2/src/install/turtlebot_interfaces/include/turtlebot_interfaces/turtlebot_interfaces/msg
[1.559s] -- Up-to-date: /home/robotica/Desktop/Taller1/turtle_bot_2/src/install/turtlebot_interfaces/include/turtlebot_interfaces/turtlebot_interfaces/msg/rosidl_typesupport_fastrtps_c__visibility_control.h
[1.559s] -- Up-to-date: /home/robotica/Desktop/Taller1/turtle_bot_2/src/install/turtlebot_interfaces/lib/libturtlebot_interfaces__rosidl_typesupport_fastrtps_c.so
[1.559s] -- Up-to-date: /home/robotica/Desktop/Taller1/turtle_bot_2/src/install/turtlebot_interfaces/include/turtlebot_interfaces/turtlebot_interfaces
[1.560s] -- Up-to-date: /home/robotica/Desktop/Taller1/turtle_bot_2/src/install/turtlebot_interfaces/include/turtlebot_interfaces/turtlebot_interfaces/srv
[1.560s] -- Up-to-date: /home/robotica/Desktop/Taller1/turtle_bot_2/src/install/turtlebot_interfaces/include/turtlebot_interfaces/turtlebot_interfaces/srv/detail
[1.560s] -- Up-to-date: /home/robotica/Desktop/Taller1/turtle_bot_2/src/install/turtlebot_interfaces/include/turtlebot_interfaces/turtlebot_interfaces/srv/detail/reproducir__rosidl_typesupport_introspection_c.h
[1.560s] -- Up-to-date: /home/robotica/Desktop/Taller1/turtle_bot_2/src/install/turtlebot_interfaces/include/turtlebot_interfaces/turtlebot_interfaces/srv/detail/reproducir__type_support.c
[1.560s] -- Up-to-date: /home/robotica/Desktop/Taller1/turtle_bot_2/src/install/turtlebot_interfaces/include/turtlebot_interfaces/turtlebot_interfaces/msg
[1.561s] -- Up-to-date: /home/robotica/Desktop/Taller1/turtle_bot_2/src/install/turtlebot_interfaces/include/turtlebot_interfaces/turtlebot_interfaces/msg/rosidl_typesupport_introspection_c__visibility_control.h
[1.561s] -- Up-to-date: /home/robotica/Desktop/Taller1/turtle_bot_2/src/install/turtlebot_interfaces/lib/libturtlebot_interfaces__rosidl_typesupport_introspection_c.so
[1.564s] -- Up-to-date: /home/robotica/Desktop/Taller1/turtle_bot_2/src/install/turtlebot_interfaces/lib/libturtlebot_interfaces__rosidl_typesupport_c.so
[1.565s] -- Up-to-date: /home/robotica/Desktop/Taller1/turtle_bot_2/src/install/turtlebot_interfaces/include/turtlebot_interfaces/turtlebot_interfaces
[1.565s] -- Up-to-date: /home/robotica/Desktop/Taller1/turtle_bot_2/src/install/turtlebot_interfaces/include/turtlebot_interfaces/turtlebot_interfaces/srv
[1.565s] -- Up-to-date: /home/robotica/Desktop/Taller1/turtle_bot_2/src/install/turtlebot_interfaces/include/turtlebot_interfaces/turtlebot_interfaces/srv/detail
[1.565s] -- Up-to-date: /home/robotica/Desktop/Taller1/turtle_bot_2/src/install/turtlebot_interfaces/include/turtlebot_interfaces/turtlebot_interfaces/srv/detail/reproducir__builder.hpp
[1.565s] -- Up-to-date: /home/robotica/Desktop/Taller1/turtle_bot_2/src/install/turtlebot_interfaces/include/turtlebot_interfaces/turtlebot_interfaces/srv/detail/reproducir__traits.hpp
[1.566s] -- Up-to-date: /home/robotica/Desktop/Taller1/turtle_bot_2/src/install/turtlebot_interfaces/include/turtlebot_interfaces/turtlebot_interfaces/srv/detail/reproducir__struct.hpp
[1.566s] -- Up-to-date: /home/robotica/Desktop/Taller1/turtle_bot_2/src/install/turtlebot_interfaces/include/turtlebot_interfaces/turtlebot_interfaces/srv/reproducir.hpp
[1.566s] -- Up-to-date: /home/robotica/Desktop/Taller1/turtle_bot_2/src/install/turtlebot_interfaces/include/turtlebot_interfaces/turtlebot_interfaces
[1.566s] -- Up-to-date: /home/robotica/Desktop/Taller1/turtle_bot_2/src/install/turtlebot_interfaces/include/turtlebot_interfaces/turtlebot_interfaces/srv
[1.566s] -- Up-to-date: /home/robotica/Desktop/Taller1/turtle_bot_2/src/install/turtlebot_interfaces/include/turtlebot_interfaces/turtlebot_interfaces/srv/detail
[1.567s] -- Up-to-date: /home/robotica/Desktop/Taller1/turtle_bot_2/src/install/turtlebot_interfaces/include/turtlebot_interfaces/turtlebot_interfaces/srv/detail/dds_fastrtps
[1.567s] -- Up-to-date: /home/robotica/Desktop/Taller1/turtle_bot_2/src/install/turtlebot_interfaces/include/turtlebot_interfaces/turtlebot_interfaces/srv/detail/reproducir__rosidl_typesupport_fastrtps_cpp.hpp
[1.567s] -- Up-to-date: /home/robotica/Desktop/Taller1/turtle_bot_2/src/install/turtlebot_interfaces/include/turtlebot_interfaces/turtlebot_interfaces/msg
[1.567s] -- Up-to-date: /home/robotica/Desktop/Taller1/turtle_bot_2/src/install/turtlebot_interfaces/include/turtlebot_interfaces/turtlebot_interfaces/msg/rosidl_typesupport_fastrtps_cpp__visibility_control.h
[1.568s] -- Up-to-date: /home/robotica/Desktop/Taller1/turtle_bot_2/src/install/turtlebot_interfaces/lib/libturtlebot_interfaces__rosidl_typesupport_fastrtps_cpp.so
[1.568s] -- Up-to-date: /home/robotica/Desktop/Taller1/turtle_bot_2/src/install/turtlebot_interfaces/include/turtlebot_interfaces/turtlebot_interfaces
[1.568s] -- Up-to-date: /home/robotica/Desktop/Taller1/turtle_bot_2/src/install/turtlebot_interfaces/include/turtlebot_interfaces/turtlebot_interfaces/srv
[1.569s] -- Up-to-date: /home/robotica/Desktop/Taller1/turtle_bot_2/src/install/turtlebot_interfaces/include/turtlebot_interfaces/turtlebot_interfaces/srv/detail
[1.569s] -- Up-to-date: /home/robotica/Desktop/Taller1/turtle_bot_2/src/install/turtlebot_interfaces/include/turtlebot_interfaces/turtlebot_interfaces/srv/detail/reproducir__rosidl_typesupport_introspection_cpp.hpp
[1.569s] -- Up-to-date: /home/robotica/Desktop/Taller1/turtle_bot_2/src/install/turtlebot_interfaces/include/turtlebot_interfaces/turtlebot_interfaces/srv/detail/reproducir__type_support.cpp
[1.570s] -- Up-to-date: /home/robotica/Desktop/Taller1/turtle_bot_2/src/install/turtlebot_interfaces/lib/libturtlebot_interfaces__rosidl_typesupport_introspection_cpp.so
[1.570s] -- Up-to-date: /home/robotica/Desktop/Taller1/turtle_bot_2/src/install/turtlebot_interfaces/lib/libturtlebot_interfaces__rosidl_typesupport_cpp.so
[1.572s] -- Up-to-date: /home/robotica/Desktop/Taller1/turtle_bot_2/src/install/turtlebot_interfaces/share/turtlebot_interfaces/environment/pythonpath.sh
[1.573s] -- Up-to-date: /home/robotica/Desktop/Taller1/turtle_bot_2/src/install/turtlebot_interfaces/share/turtlebot_interfaces/environment/pythonpath.dsv
[1.573s] -- Up-to-date: /home/robotica/Desktop/Taller1/turtle_bot_2/src/install/turtlebot_interfaces/local/lib/python3.10/dist-packages/turtlebot_interfaces-0.0.0-py3.10.egg-info
[1.573s] -- Installing: /home/robotica/Desktop/Taller1/turtle_bot_2/src/install/turtlebot_interfaces/local/lib/python3.10/dist-packages/turtlebot_interfaces-0.0.0-py3.10.egg-info/SOURCES.txt
[1.573s] -- Installing: /home/robotica/Desktop/Taller1/turtle_bot_2/src/install/turtlebot_interfaces/local/lib/python3.10/dist-packages/turtlebot_interfaces-0.0.0-py3.10.egg-info/PKG-INFO
[1.574s] -- Installing: /home/robotica/Desktop/Taller1/turtle_bot_2/src/install/turtlebot_interfaces/local/lib/python3.10/dist-packages/turtlebot_interfaces-0.0.0-py3.10.egg-info/dependency_links.txt
[1.574s] -- Installing: /home/robotica/Desktop/Taller1/turtle_bot_2/src/install/turtlebot_interfaces/local/lib/python3.10/dist-packages/turtlebot_interfaces-0.0.0-py3.10.egg-info/top_level.txt
[1.577s] -- Up-to-date: /home/robotica/Desktop/Taller1/turtle_bot_2/src/install/turtlebot_interfaces/local/lib/python3.10/dist-packages/turtlebot_interfaces
[1.577s] -- Up-to-date: /home/robotica/Desktop/Taller1/turtle_bot_2/src/install/turtlebot_interfaces/local/lib/python3.10/dist-packages/turtlebot_interfaces/turtlebot_interfaces_s__rosidl_typesupport_c.cpython-310-x86_64-linux-gnu.so
[1.577s] -- Up-to-date: /home/robotica/Desktop/Taller1/turtle_bot_2/src/install/turtlebot_interfaces/local/lib/python3.10/dist-packages/turtlebot_interfaces/_turtlebot_interfaces_s.ep.rosidl_typesupport_introspection_c.c
[1.578s] -- Up-to-date: /home/robotica/Desktop/Taller1/turtle_bot_2/src/install/turtlebot_interfaces/local/lib/python3.10/dist-packages/turtlebot_interfaces/srv
[1.578s] -- Up-to-date: /home/robotica/Desktop/Taller1/turtle_bot_2/src/install/turtlebot_interfaces/local/lib/python3.10/dist-packages/turtlebot_interfaces/srv/_reproducir.py
[1.578s] -- Up-to-date: /home/robotica/Desktop/Taller1/turtle_bot_2/src/install/turtlebot_interfaces/local/lib/python3.10/dist-packages/turtlebot_interfaces/srv/__init__.py
[1.578s] -- Up-to-date: /home/robotica/Desktop/Taller1/turtle_bot_2/src/install/turtlebot_interfaces/local/lib/python3.10/dist-packages/turtlebot_interfaces/srv/_reproducir_s.c
[1.578s] -- Up-to-date: /home/robotica/Desktop/Taller1/turtle_bot_2/src/install/turtlebot_interfaces/local/lib/python3.10/dist-packages/turtlebot_interfaces/libturtlebot_interfaces_srv__rosidl_generator_py.so
[1.579s] -- Up-to-date: /home/robotica/Desktop/Taller1/turtle_bot_2/src/install/turtlebot_interfaces/local/lib/python3.10/dist-packages/turtlebot_interfaces/turtlebot_interfaces_s__rosidl_typesupport_introspection_c.cpython-310-x86_64-linux-gnu.so
[1.579s] -- Up-to-date: /home/robotica/Desktop/Taller1/turtle_bot_2/src/install/turtlebot_interfaces/local/lib/python3.10/dist-packages/turtlebot_interfaces/_turtlebot_interfaces_s.ep.rosidl_typesupport_fastrtps_c.c
[1.579s] -- Up-to-date: /home/robotica/Desktop/Taller1/turtle_bot_2/src/install/turtlebot_interfaces/local/lib/python3.10/dist-packages/turtlebot_interfaces/turtlebot_interfaces_s__rosidl_typesupport_fastrtps_c.cpython-310-x86_64-linux-gnu.so
[1.579s] -- Up-to-date: /home/robotica/Desktop/Taller1/turtle_bot_2/src/install/turtlebot_interfaces/local/lib/python3.10/dist-packages/turtlebot_interfaces/__init__.py
[1.580s] -- Up-to-date: /home/robotica/Desktop/Taller1/turtle_bot_2/src/install/turtlebot_interfaces/local/lib/python3.10/dist-packages/turtlebot_interfaces/_turtlebot_interfaces_s.ep.rosidl_typesupport_c.c
[1.700s] Listing '/home/robotica/Desktop/Taller1/turtle_bot_2/src/install/turtlebot_interfaces/local/lib/python3.10/dist-packages/turtlebot_interfaces'...
[1.700s] Listing '/home/robotica/Desktop/Taller1/turtle_bot_2/src/install/turtlebot_interfaces/local/lib/python3.10/dist-packages/turtlebot_interfaces/srv'...
[1.720s] -- Up-to-date: /home/robotica/Desktop/Taller1/turtle_bot_2/src/install/turtlebot_interfaces/local/lib/python3.10/dist-packages/turtlebot_interfaces/turtlebot_interfaces_s__rosidl_typesupport_fastrtps_c.cpython-310-x86_64-linux-gnu.so
[1.721s] -- Up-to-date: /home/robotica/Desktop/Taller1/turtle_bot_2/src/install/turtlebot_interfaces/local/lib/python3.10/dist-packages/turtlebot_interfaces/turtlebot_interfaces_s__rosidl_typesupport_introspection_c.cpython-310-x86_64-linux-gnu.so
[1.721s] -- Up-to-date: /home/robotica/Desktop/Taller1/turtle_bot_2/src/install/turtlebot_interfaces/local/lib/python3.10/dist-packages/turtlebot_interfaces/turtlebot_interfaces_s__rosidl_typesupport_c.cpython-310-x86_64-linux-gnu.so
[1.722s] -- Up-to-date: /home/robotica/Desktop/Taller1/turtle_bot_2/src/install/turtlebot_interfaces/lib/libturtlebot_interfaces_srv__rosidl_generator_py.so
[1.722s] -- Up-to-date: /home/robotica/Desktop/Taller1/turtle_bot_2/src/install/turtlebot_interfaces/share/turtlebot_interfaces/srv/Reproducir.idl
[1.722s] -- Up-to-date: /home/robotica/Desktop/Taller1/turtle_bot_2/src/install/turtlebot_interfaces/share/turtlebot_interfaces/srv/Reproducir.srv
[1.723s] -- Up-to-date: /home/robotica/Desktop/Taller1/turtle_bot_2/src/install/turtlebot_interfaces/share/turtlebot_interfaces/srv/Reproducir_Request.msg
[1.723s] -- Up-to-date: /home/robotica/Desktop/Taller1/turtle_bot_2/src/install/turtlebot_interfaces/share/turtlebot_interfaces/srv/Reproducir_Response.msg
[1.723s] -- Up-to-date: /home/robotica/Desktop/Taller1/turtle_bot_2/src/install/turtlebot_interfaces/share/ament_index/resource_index/package_run_dependencies/turtlebot_interfaces
[1.723s] -- Up-to-date: /home/robotica/Desktop/Taller1/turtle_bot_2/src/install/turtlebot_interfaces/share/ament_index/resource_index/parent_prefix_path/turtlebot_interfaces
[1.723s] -- Up-to-date: /home/robotica/Desktop/Taller1/turtle_bot_2/src/install/turtlebot_interfaces/share/turtlebot_interfaces/environment/ament_prefix_path.sh
[1.724s] -- Up-to-date: /home/robotica/Desktop/Taller1/turtle_bot_2/src/install/turtlebot_interfaces/share/turtlebot_interfaces/environment/ament_prefix_path.dsv
[1.724s] -- Up-to-date: /home/robotica/Desktop/Taller1/turtle_bot_2/src/install/turtlebot_interfaces/share/turtlebot_interfaces/environment/path.sh
[1.724s] -- Up-to-date: /home/robotica/Desktop/Taller1/turtle_bot_2/src/install/turtlebot_interfaces/share/turtlebot_interfaces/environment/path.dsv
[1.724s] -- Up-to-date: /home/robotica/Desktop/Taller1/turtle_bot_2/src/install/turtlebot_interfaces/share/turtlebot_interfaces/local_setup.bash
[1.724s] -- Up-to-date: /home/robotica/Desktop/Taller1/turtle_bot_2/src/install/turtlebot_interfaces/share/turtlebot_interfaces/local_setup.sh
[1.725s] -- Up-to-date: /home/robotica/Desktop/Taller1/turtle_bot_2/src/install/turtlebot_interfaces/share/turtlebot_interfaces/local_setup.zsh
[1.725s] -- Up-to-date: /home/robotica/Desktop/Taller1/turtle_bot_2/src/install/turtlebot_interfaces/share/turtlebot_interfaces/local_setup.dsv
[1.725s] -- Installing: /home/robotica/Desktop/Taller1/turtle_bot_2/src/install/turtlebot_interfaces/share/turtlebot_interfaces/package.dsv
[1.725s] -- Up-to-date: /home/robotica/Desktop/Taller1/turtle_bot_2/src/install/turtlebot_interfaces/share/ament_index/resource_index/packages/turtlebot_interfaces
[1.726s] -- Up-to-date: /home/robotica/Desktop/Taller1/turtle_bot_2/src/install/turtlebot_interfaces/share/turtlebot_interfaces/cmake/export_turtlebot_interfaces_srv__rosidl_generator_cExport.cmake
[1.726s] -- Up-to-date: /home/robotica/Desktop/Taller1/turtle_bot_2/src/install/turtlebot_interfaces/share/turtlebot_interfaces/cmake/export_turtlebot_interfaces_srv__rosidl_generator_cExport-noconfig.cmake
[1.726s] -- Up-to-date: /home/robotica/Desktop/Taller1/turtle_bot_2/src/install/turtlebot_interfaces/share/turtlebot_interfaces/cmake/export_turtlebot_interfaces_srv__rosidl_typesupport_fastrtps_cExport.cmake
[1.726s] -- Up-to-date: /home/robotica/Desktop/Taller1/turtle_bot_2/src/install/turtlebot_interfaces/share/turtlebot_interfaces/cmake/export_turtlebot_interfaces_srv__rosidl_typesupport_fastrtps_cExport-noconfig.cmake
[1.728s] -- Up-to-date: /home/robotica/Desktop/Taller1/turtle_bot_2/src/install/turtlebot_interfaces/share/turtlebot_interfaces/cmake/turtlebot_interfaces_srv__rosidl_typesupport_introspection_cExport.cmake
[1.729s] -- Up-to-date: /home/robotica/Desktop/Taller1/turtle_bot_2/src/install/turtlebot_interfaces/share/turtlebot_interfaces/cmake/turtlebot_interfaces_srv__rosidl_typesupport_introspection_cExport-noconfig.cmake
[1.729s] -- Up-to-date: /home/robotica/Desktop/Taller1/turtle_bot_2/src/install/turtlebot_interfaces/share/turtlebot_interfaces/cmake/turtlebot_interfaces_srv__rosidl_typesupport_cExport.cmake
[1.736s] -- Up-to-date: /home/robotica/Desktop/Taller1/turtle_bot_2/src/install/turtlebot_interfaces/share/turtlebot_interfaces/cmake/turtlebot_interfaces_srv__rosidl_typesupport_cExport-noconfig.cmake
[1.737s] -- Up-to-date: /home/robotica/Desktop/Taller1/turtle_bot_2/src/install/turtlebot_interfaces/share/turtlebot_interfaces/cmake/export_turtlebot_interfaces_srv__rosidl_generator_cppExport.cmake
[1.737s] -- Up-to-date: /home/robotica/Desktop/Taller1/turtle_bot_2/src/install/turtlebot_interfaces/share/turtlebot_interfaces/cmake/export_turtlebot_interfaces_srv__rosidl_typesupport_fastrtps_cppExport.cmake
[1.737s] -- Up-to-date: /home/robotica/Desktop/Taller1/turtle_bot_2/src/install/turtlebot_interfaces/share/turtlebot_interfaces/cmake/export_turtlebot_interfaces_srv__rosidl_typesupport_fastrtps_cppExport-noconfig.cmake
[1.738s] -- Up-to-date: /home/robotica/Desktop/Taller1/turtle_bot_2/src/install/turtlebot_interfaces/share/turtlebot_interfaces/cmake/turtlebot_interfaces_srv__rosidl_typesupport_introspection_cppExport.cmake
[1.738s] -- Up-to-date: /home/robotica/Desktop/Taller1/turtle_bot_2/src/install/turtlebot_interfaces/share/turtlebot_interfaces/cmake/turtlebot_interfaces_srv__rosidl_typesupport_introspection_cppExport-noconfig.cmake
[1.738s] -- Up-to-date: /home/robotica/Desktop/Taller1/turtle_bot_2/src/install/turtlebot_interfaces/share/turtlebot_interfaces/cmake/turtlebot_interfaces_srv__rosidl_typesupport_cppExport.cmake
[1.739s] -- Up-to-date: /home/robotica/Desktop/Taller1/turtle_bot_2/src/install/turtlebot_interfaces/share/turtlebot_interfaces/cmake/turtlebot_interfaces_srv__rosidl_typesupport_cppExport-noconfig.cmake
[1.739s] -- Up-to-date: /home/robotica/Desktop/Taller1/turtle_bot_2/src/install/turtlebot_interfaces/share/turtlebot_interfaces/cmake/export_turtlebot_interfaces_srv__rosidl_generator_pyExport.cmake
[1.739s] -- Up-to-date: /home/robotica/Desktop/Taller1/turtle_bot_2/src/install/turtlebot_interfaces/share/turtlebot_interfaces/cmake/export_turtlebot_interfaces_srv__rosidl_generator_pyExport-noconfig.cmake
[1.740s] -- Up-to-date: /home/robotica/Desktop/Taller1/turtle_bot_2/src/install/turtlebot_interfaces/share/turtlebot_interfaces/cmake/rosidl_cmake-extras.cmake
[1.740s] -- Up-to-date: /home/robotica/Desktop/Taller1/turtle_bot_2/src/install/turtlebot_interfaces/share/turtlebot_interfaces/cmake/ament_cmake_export_include_directories-extras.cmake
[1.740s] -- Up-to-date: /home/robotica/Desktop/Taller1/turtle_bot_2/src/install/turtlebot_interfaces/share/turtlebot_interfaces/cmake/ament_cmake_export_libraries-extras.cmake
[1.740s] -- Up-to-date: /home/robotica/Desktop/Taller1/turtle_bot_2/src/install/turtlebot_interfaces/share/turtlebot_interfaces/cmake/ament_cmake_export_targets-extras.cmake
[1.742s] -- Up-to-date: /home/robotica/Desktop/Taller1/turtle_bot_2/src/install/turtlebot_interfaces/share/turtlebot_interfaces/cmake/rosidl_cmake_export_typesupport_targets-extras.cmake
[1.742s] -- Up-to-date: /home/robotica/Desktop/Taller1/turtle_bot_2/src/install/turtlebot_interfaces/share/turtlebot_interfaces/cmake/ament_cmake_export_dependencies-extras.cmake
[1.742s] -- Up-to-date: /home/robotica/Desktop/Taller1/turtle_bot_2/src/install/turtlebot_interfaces/share/turtlebot_interfaces/cmake/rosidl_cmake_export_typesupport_libraries-extras.cmake
[1.742s] -- Up-to-date: /home/robotica/Desktop/Taller1/turtle_bot_2/src/install/turtlebot_interfaces/share/turtlebot_interfaces/cmake/turtlebot_interfacesConfig.cmake
[1.742s] -- Up-to-date: /home/robotica/Desktop/Taller1/turtle_bot_2/src/install/turtlebot_interfaces/share/turtlebot_interfaces/cmake/turtlebot_interfacesConfig-version.cmake
[1.742s] -- Up-to-date: /home/robotica/Desktop/Taller1/turtle_bot_2/src/install/turtlebot_interfaces/share/turtlebot_interfaces/package.xml
[1.755s] Invoked command in '/home/robotica/Desktop/Taller1/turtle_bot_2/src/build/turtlebot_interfaces' returned '0': CMAKE_PREFIX_PATH=${CMAKE_PREFIX_PATH}:/home/robotica/Desktop/Taller1/turtle_bot_2/src/install/turtle_bot_2:/opt/ros/humble /usr/bin/cmake --install /home/robotica/Desktop/Taller1/turtle_bot_2/src/build/turtlebot_interfaces
