[11.759s] Invoking command in '/home/robotica/Desktop/Taller1/turtle_bot_2/src/turtle_bot_2': AMENT_PREFIX_PATH=/home/robotica/Desktop/Taller1/turtle_bot_2/src/install/turtlebot_interfaces:${AMENT_PREFIX_PATH} CMAKE_PREFIX_PATH=/home/robotica/Desktop/Taller1/turtle_bot_2/src/install/turtlebot_interfaces LD_LIBRARY_PATH=/home/robotica/Desktop/Taller1/turtle_bot_2/src/install/turtlebot_interfaces/lib:${LD_LIBRARY_PATH} PYTHONPATH=/home/robotica/Desktop/Taller1/turtle_bot_2/src/build/turtle_bot_2/prefix_override:/home/robotica/Desktop/Taller1/turtle_bot_2/src/install/turtle_bot_2/lib/python3.10/site-packages:/home/robotica/Desktop/Taller1/turtle_bot_2/src/install/turtlebot_interfaces/local/lib/python3.10/dist-packages:${PYTHONPATH} /usr/bin/python3 setup.py egg_info --egg-base ../build/turtle_bot_2 build --build-base /home/robotica/Desktop/Taller1/turtle_bot_2/src/build/turtle_bot_2/build install --record /home/robotica/Desktop/Taller1/turtle_bot_2/src/build/turtle_bot_2/install.log --single-version-externally-managed
[15.285s] running egg_info
[15.329s] writing ../build/turtle_bot_2/turtle_bot_2.egg-info/PKG-INFO
[15.337s] writing dependency_links to ../build/turtle_bot_2/turtle_bot_2.egg-info/dependency_links.txt
[15.338s] writing entry points to ../build/turtle_bot_2/turtle_bot_2.egg-info/entry_points.txt
[15.338s] writing requirements to ../build/turtle_bot_2/turtle_bot_2.egg-info/requires.txt
[15.338s] writing top-level names to ../build/turtle_bot_2/turtle_bot_2.egg-info/top_level.txt
[15.371s] reading manifest file '../build/turtle_bot_2/turtle_bot_2.egg-info/SOURCES.txt'
[15.378s] writing manifest file '../build/turtle_bot_2/turtle_bot_2.egg-info/SOURCES.txt'
[15.393s] running build
[15.393s] running build_py
[15.405s] running install
[15.405s] /usr/lib/python3/dist-packages/setuptools/command/install.py:34: SetuptoolsDeprecationWarning: setup.py install is deprecated. Use build and pip and other standards-based tools.
[15.406s]   warnings.warn(
[15.420s] running install_lib
[15.433s] running install_data
[15.446s] running install_egg_info
[15.477s] removing '/home/robotica/Desktop/Taller1/turtle_bot_2/src/install/turtle_bot_2/lib/python3.10/site-packages/turtle_bot_2-0.0.0-py3.10.egg-info' (and everything under it)
[15.479s] Copying ../build/turtle_bot_2/turtle_bot_2.egg-info to /home/robotica/Desktop/Taller1/turtle_bot_2/src/install/turtle_bot_2/lib/python3.10/site-packages/turtle_bot_2-0.0.0-py3.10.egg-info
[15.497s] running install_scripts
[15.925s] Installing turtle_bot_interface script to /home/robotica/Desktop/Taller1/turtle_bot_2/src/install/turtle_bot_2/lib/turtle_bot_2
[15.926s] Installing turtle_bot_player script to /home/robotica/Desktop/Taller1/turtle_bot_2/src/install/turtle_bot_2/lib/turtle_bot_2
[15.926s] Installing turtle_bot_teleop script to /home/robotica/Desktop/Taller1/turtle_bot_2/src/install/turtle_bot_2/lib/turtle_bot_2
[15.935s] writing list of installed files to '/home/robotica/Desktop/Taller1/turtle_bot_2/src/build/turtle_bot_2/install.log'
[16.581s] Invoked command in '/home/robotica/Desktop/Taller1/turtle_bot_2/src/turtle_bot_2' returned '0': AMENT_PREFIX_PATH=/home/robotica/Desktop/Taller1/turtle_bot_2/src/install/turtlebot_interfaces:${AMENT_PREFIX_PATH} CMAKE_PREFIX_PATH=/home/robotica/Desktop/Taller1/turtle_bot_2/src/install/turtlebot_interfaces LD_LIBRARY_PATH=/home/robotica/Desktop/Taller1/turtle_bot_2/src/install/turtlebot_interfaces/lib:${LD_LIBRARY_PATH} PYTHONPATH=/home/robotica/Desktop/Taller1/turtle_bot_2/src/build/turtle_bot_2/prefix_override:/home/robotica/Desktop/Taller1/turtle_bot_2/src/install/turtle_bot_2/lib/python3.10/site-packages:/home/robotica/Desktop/Taller1/turtle_bot_2/src/install/turtlebot_interfaces/local/lib/python3.10/dist-packages:${PYTHONPATH} /usr/bin/python3 setup.py egg_info --egg-base ../build/turtle_bot_2 build --build-base /home/robotica/Desktop/Taller1/turtle_bot_2/src/build/turtle_bot_2/build install --record /home/robotica/Desktop/Taller1/turtle_bot_2/src/build/turtle_bot_2/install.log --single-version-externally-managed
