[0.041s] Invoking command in '/home/robotica/turtle_bot_2/build/turtlebot_interfaces': CMAKE_PREFIX_PATH=${CMAKE_PREFIX_PATH}:/home/robotica/turtle_bot_2/install/turtle_bot_2:/opt/ros/humble /usr/bin/cmake --build /home/robotica/turtle_bot_2/build/turtlebot_interfaces -- -j1 -l1
[0.103s] -- Found ament_cmake: 1.3.3 (/opt/ros/humble/share/ament_cmake/cmake)
[0.568s] -- Found rosidl_default_generators: 1.2.0 (/opt/ros/humble/share/rosidl_default_generators/cmake)
[0.576s] -- Using all available rosidl_typesupport_c: rosidl_typesupport_fastrtps_c;rosidl_typesupport_introspection_c
[0.582s] -- Found rosidl_adapter: 3.1.4 (/opt/ros/humble/share/rosidl_adapter/cmake)
[0.692s] -- Using all available rosidl_typesupport_cpp: rosidl_typesupport_fastrtps_cpp;rosidl_typesupport_introspection_cpp
[1.506s] -- Found ament_cmake_ros: 0.10.0 (/opt/ros/humble/share/ament_cmake_ros/cmake)
[2.014s] -- Using all available rosidl_typesupport_c: rosidl_typesupport_fastrtps_c;rosidl_typesupport_introspection_c
[2.712s] -- Using all available rosidl_typesupport_cpp: rosidl_typesupport_fastrtps_cpp;rosidl_typesupport_introspection_cpp
[2.770s] -- Found python_cmake_module: 0.10.0 (/opt/ros/humble/share/python_cmake_module/cmake)
[2.835s] -- Using PYTHON_EXECUTABLE: /usr/bin/python3
[2.835s] -- Using PYTHON_INCLUDE_DIRS: /usr/include/python3.10
[2.836s] -- Using PYTHON_LIBRARIES: /usr/lib/x86_64-linux-gnu/libpython3.10.so
[2.895s] -- Configuring done
[2.986s] -- Generating done
[3.000s] -- Build files have been written to: /home/robotica/turtle_bot_2/build/turtlebot_interfaces
[3.067s] [  3%] Built target turtlebot_interfaces_srv__cpp
[3.095s] [35m[1mConsolidate compiler generated dependencies of target turtlebot_interfaces_srv__rosidl_typesupport_introspection_cpp[0m
[3.123s] [ 12%] Built target turtlebot_interfaces_srv__rosidl_typesupport_introspection_cpp
[3.146s] [35m[1mConsolidate compiler generated dependencies of target turtlebot_interfaces_srv__rosidl_typesupport_cpp[0m
[3.175s] [ 22%] Built target turtlebot_interfaces_srv__rosidl_typesupport_cpp
[3.203s] [35m[1mConsolidate compiler generated dependencies of target turtlebot_interfaces_srv__rosidl_generator_c[0m
[3.224s] [ 32%] Built target turtlebot_interfaces_srv__rosidl_generator_c
[3.247s] [35m[1mConsolidate compiler generated dependencies of target turtlebot_interfaces_srv__rosidl_typesupport_fastrtps_c[0m
[3.274s] [ 41%] Built target turtlebot_interfaces_srv__rosidl_typesupport_fastrtps_c
[3.305s] [35m[1mConsolidate compiler generated dependencies of target turtlebot_interfaces_srv__rosidl_typesupport_introspection_c[0m
[3.328s] [ 51%] Built target turtlebot_interfaces_srv__rosidl_typesupport_introspection_c
[3.348s] [35m[1mConsolidate compiler generated dependencies of target turtlebot_interfaces_srv__rosidl_typesupport_c[0m
[3.373s] [ 61%] Built target turtlebot_interfaces_srv__rosidl_typesupport_c
[3.402s] [35m[1mConsolidate compiler generated dependencies of target turtlebot_interfaces_srv__rosidl_typesupport_fastrtps_cpp[0m
[3.432s] [ 70%] Built target turtlebot_interfaces_srv__rosidl_typesupport_fastrtps_cpp
[3.475s] [ 70%] Built target turtlebot_interfaces_srv
[3.539s] [ 70%] Built target ament_cmake_python_copy_turtlebot_interfaces
[4.293s] running egg_info
[4.294s] writing turtlebot_interfaces.egg-info/PKG-INFO
[4.295s] writing dependency_links to turtlebot_interfaces.egg-info/dependency_links.txt
[4.295s] writing top-level names to turtlebot_interfaces.egg-info/top_level.txt
[4.316s] reading manifest file 'turtlebot_interfaces.egg-info/SOURCES.txt'
[4.317s] writing manifest file 'turtlebot_interfaces.egg-info/SOURCES.txt'
[4.395s] [ 70%] Built target ament_cmake_python_build_turtlebot_interfaces_egg
[4.444s] [ 74%] Built target turtlebot_interfaces_srv__py
[4.467s] [35m[1mConsolidate compiler generated dependencies of target turtlebot_interfaces_srv__rosidl_generator_py[0m
[4.496s] [ 80%] Built target turtlebot_interfaces_srv__rosidl_generator_py
[4.526s] [35m[1mConsolidate compiler generated dependencies of target turtlebot_interfaces__rosidl_typesupport_fastrtps_c__pyext[0m
[4.554s] [ 87%] Built target turtlebot_interfaces__rosidl_typesupport_fastrtps_c__pyext
[4.576s] [35m[1mConsolidate compiler generated dependencies of target turtlebot_interfaces__rosidl_typesupport_introspection_c__pyext[0m
[4.614s] [ 93%] Built target turtlebot_interfaces__rosidl_typesupport_introspection_c__pyext
[4.640s] [35m[1mConsolidate compiler generated dependencies of target turtlebot_interfaces__rosidl_typesupport_c__pyext[0m
[4.668s] [100%] Built target turtlebot_interfaces__rosidl_typesupport_c__pyext
[4.691s] Invoked command in '/home/robotica/turtle_bot_2/build/turtlebot_interfaces' returned '0': CMAKE_PREFIX_PATH=${CMAKE_PREFIX_PATH}:/home/robotica/turtle_bot_2/install/turtle_bot_2:/opt/ros/humble /usr/bin/cmake --build /home/robotica/turtle_bot_2/build/turtlebot_interfaces -- -j1 -l1
[4.877s] Invoking command in '/home/robotica/turtle_bot_2/build/turtlebot_interfaces': CMAKE_PREFIX_PATH=${CMAKE_PREFIX_PATH}:/home/robotica/turtle_bot_2/install/turtle_bot_2:/opt/ros/humble /usr/bin/cmake --install /home/robotica/turtle_bot_2/build/turtlebot_interfaces
[4.897s] -- Install configuration: ""
[4.900s] -- Up-to-date: /home/robotica/turtle_bot_2/install/turtlebot_interfaces/share/ament_index/resource_index/rosidl_interfaces/turtlebot_interfaces
[4.900s] -- Up-to-date: /home/robotica/turtle_bot_2/install/turtlebot_interfaces/include/turtlebot_interfaces/turtlebot_interfaces
[4.900s] -- Up-to-date: /home/robotica/turtle_bot_2/install/turtlebot_interfaces/include/turtlebot_interfaces/turtlebot_interfaces/srv
[4.900s] -- Up-to-date: /home/robotica/turtle_bot_2/install/turtlebot_interfaces/include/turtlebot_interfaces/turtlebot_interfaces/srv/detail
[4.901s] -- Up-to-date: /home/robotica/turtle_bot_2/install/turtlebot_interfaces/include/turtlebot_interfaces/turtlebot_interfaces/srv/detail/reproducir__struct.h
[4.901s] -- Up-to-date: /home/robotica/turtle_bot_2/install/turtlebot_interfaces/include/turtlebot_interfaces/turtlebot_interfaces/srv/detail/reproducir__functions.h
[4.901s] -- Up-to-date: /home/robotica/turtle_bot_2/install/turtlebot_interfaces/include/turtlebot_interfaces/turtlebot_interfaces/srv/detail/reproducir__functions.c
[4.901s] -- Up-to-date: /home/robotica/turtle_bot_2/install/turtlebot_interfaces/include/turtlebot_interfaces/turtlebot_interfaces/srv/detail/reproducir__type_support.h
[4.909s] -- Up-to-date: /home/robotica/turtle_bot_2/install/turtlebot_interfaces/include/turtlebot_interfaces/turtlebot_interfaces/srv/reproducir.h
[4.910s] -- Up-to-date: /home/robotica/turtle_bot_2/install/turtlebot_interfaces/include/turtlebot_interfaces/turtlebot_interfaces/msg
[4.910s] -- Up-to-date: /home/robotica/turtle_bot_2/install/turtlebot_interfaces/include/turtlebot_interfaces/turtlebot_interfaces/msg/rosidl_generator_c__visibility_control.h
[4.910s] -- Up-to-date: /home/robotica/turtle_bot_2/install/turtlebot_interfaces/share/turtlebot_interfaces/environment/library_path.sh
[4.912s] -- Installing: /home/robotica/turtle_bot_2/install/turtlebot_interfaces/share/turtlebot_interfaces/environment/library_path.dsv
[4.914s] -- Up-to-date: /home/robotica/turtle_bot_2/install/turtlebot_interfaces/lib/libturtlebot_interfaces__rosidl_generator_c.so
[4.915s] -- Up-to-date: /home/robotica/turtle_bot_2/install/turtlebot_interfaces/include/turtlebot_interfaces/turtlebot_interfaces
[4.915s] -- Up-to-date: /home/robotica/turtle_bot_2/install/turtlebot_interfaces/include/turtlebot_interfaces/turtlebot_interfaces/srv
[4.915s] -- Up-to-date: /home/robotica/turtle_bot_2/install/turtlebot_interfaces/include/turtlebot_interfaces/turtlebot_interfaces/srv/detail
[4.915s] -- Up-to-date: /home/robotica/turtle_bot_2/install/turtlebot_interfaces/include/turtlebot_interfaces/turtlebot_interfaces/srv/detail/reproducir__rosidl_typesupport_fastrtps_c.h
[4.916s] -- Up-to-date: /home/robotica/turtle_bot_2/install/turtlebot_interfaces/include/turtlebot_interfaces/turtlebot_interfaces/msg
[4.917s] -- Up-to-date: /home/robotica/turtle_bot_2/install/turtlebot_interfaces/include/turtlebot_interfaces/turtlebot_interfaces/msg/rosidl_typesupport_fastrtps_c__visibility_control.h
[4.918s] -- Up-to-date: /home/robotica/turtle_bot_2/install/turtlebot_interfaces/lib/libturtlebot_interfaces__rosidl_typesupport_fastrtps_c.so
[4.919s] -- Up-to-date: /home/robotica/turtle_bot_2/install/turtlebot_interfaces/include/turtlebot_interfaces/turtlebot_interfaces
[4.919s] -- Up-to-date: /home/robotica/turtle_bot_2/install/turtlebot_interfaces/include/turtlebot_interfaces/turtlebot_interfaces/srv
[4.920s] -- Up-to-date: /home/robotica/turtle_bot_2/install/turtlebot_interfaces/include/turtlebot_interfaces/turtlebot_interfaces/srv/detail
[4.920s] -- Up-to-date: /home/robotica/turtle_bot_2/install/turtlebot_interfaces/include/turtlebot_interfaces/turtlebot_interfaces/srv/detail/reproducir__rosidl_typesupport_introspection_c.h
[4.920s] -- Up-to-date: /home/robotica/turtle_bot_2/install/turtlebot_interfaces/include/turtlebot_interfaces/turtlebot_interfaces/srv/detail/reproducir__type_support.c
[4.921s] -- Up-to-date: /home/robotica/turtle_bot_2/install/turtlebot_interfaces/include/turtlebot_interfaces/turtlebot_interfaces/msg
[4.921s] -- Up-to-date: /home/robotica/turtle_bot_2/install/turtlebot_interfaces/include/turtlebot_interfaces/turtlebot_interfaces/msg/rosidl_typesupport_introspection_c__visibility_control.h
[4.922s] -- Up-to-date: /home/robotica/turtle_bot_2/install/turtlebot_interfaces/lib/libturtlebot_interfaces__rosidl_typesupport_introspection_c.so
[4.922s] -- Up-to-date: /home/robotica/turtle_bot_2/install/turtlebot_interfaces/lib/libturtlebot_interfaces__rosidl_typesupport_c.so
[4.924s] -- Up-to-date: /home/robotica/turtle_bot_2/install/turtlebot_interfaces/include/turtlebot_interfaces/turtlebot_interfaces
[4.924s] -- Up-to-date: /home/robotica/turtle_bot_2/install/turtlebot_interfaces/include/turtlebot_interfaces/turtlebot_interfaces/srv
[4.924s] -- Up-to-date: /home/robotica/turtle_bot_2/install/turtlebot_interfaces/include/turtlebot_interfaces/turtlebot_interfaces/srv/detail
[4.927s] -- Up-to-date: /home/robotica/turtle_bot_2/install/turtlebot_interfaces/include/turtlebot_interfaces/turtlebot_interfaces/srv/detail/reproducir__builder.hpp
[4.927s] -- Up-to-date: /home/robotica/turtle_bot_2/install/turtlebot_interfaces/include/turtlebot_interfaces/turtlebot_interfaces/srv/detail/reproducir__traits.hpp
[4.927s] -- Up-to-date: /home/robotica/turtle_bot_2/install/turtlebot_interfaces/include/turtlebot_interfaces/turtlebot_interfaces/srv/detail/reproducir__struct.hpp
[4.928s] -- Up-to-date: /home/robotica/turtle_bot_2/install/turtlebot_interfaces/include/turtlebot_interfaces/turtlebot_interfaces/srv/reproducir.hpp
[4.928s] -- Up-to-date: /home/robotica/turtle_bot_2/install/turtlebot_interfaces/include/turtlebot_interfaces/turtlebot_interfaces
[4.928s] -- Up-to-date: /home/robotica/turtle_bot_2/install/turtlebot_interfaces/include/turtlebot_interfaces/turtlebot_interfaces/srv
[4.928s] -- Up-to-date: /home/robotica/turtle_bot_2/install/turtlebot_interfaces/include/turtlebot_interfaces/turtlebot_interfaces/srv/detail
[4.928s] -- Up-to-date: /home/robotica/turtle_bot_2/install/turtlebot_interfaces/include/turtlebot_interfaces/turtlebot_interfaces/srv/detail/dds_fastrtps
[4.929s] -- Up-to-date: /home/robotica/turtle_bot_2/install/turtlebot_interfaces/include/turtlebot_interfaces/turtlebot_interfaces/srv/detail/reproducir__rosidl_typesupport_fastrtps_cpp.hpp
[4.930s] -- Up-to-date: /home/robotica/turtle_bot_2/install/turtlebot_interfaces/include/turtlebot_interfaces/turtlebot_interfaces/msg
[4.931s] -- Up-to-date: /home/robotica/turtle_bot_2/install/turtlebot_interfaces/include/turtlebot_interfaces/turtlebot_interfaces/msg/rosidl_typesupport_fastrtps_cpp__visibility_control.h
[4.931s] -- Up-to-date: /home/robotica/turtle_bot_2/install/turtlebot_interfaces/lib/libturtlebot_interfaces__rosidl_typesupport_fastrtps_cpp.so
[4.932s] -- Up-to-date: /home/robotica/turtle_bot_2/install/turtlebot_interfaces/include/turtlebot_interfaces/turtlebot_interfaces
[4.934s] -- Up-to-date: /home/robotica/turtle_bot_2/install/turtlebot_interfaces/include/turtlebot_interfaces/turtlebot_interfaces/srv
[4.934s] -- Up-to-date: /home/robotica/turtle_bot_2/install/turtlebot_interfaces/include/turtlebot_interfaces/turtlebot_interfaces/srv/detail
[4.934s] -- Up-to-date: /home/robotica/turtle_bot_2/install/turtlebot_interfaces/include/turtlebot_interfaces/turtlebot_interfaces/srv/detail/reproducir__rosidl_typesupport_introspection_cpp.hpp
[4.934s] -- Up-to-date: /home/robotica/turtle_bot_2/install/turtlebot_interfaces/include/turtlebot_interfaces/turtlebot_interfaces/srv/detail/reproducir__type_support.cpp
[4.935s] -- Up-to-date: /home/robotica/turtle_bot_2/install/turtlebot_interfaces/lib/libturtlebot_interfaces__rosidl_typesupport_introspection_cpp.so
[4.941s] -- Up-to-date: /home/robotica/turtle_bot_2/install/turtlebot_interfaces/lib/libturtlebot_interfaces__rosidl_typesupport_cpp.so
[4.942s] -- Up-to-date: /home/robotica/turtle_bot_2/install/turtlebot_interfaces/share/turtlebot_interfaces/environment/pythonpath.sh
[4.942s] -- Installing: /home/robotica/turtle_bot_2/install/turtlebot_interfaces/share/turtlebot_interfaces/environment/pythonpath.dsv
[4.942s] -- Up-to-date: /home/robotica/turtle_bot_2/install/turtlebot_interfaces/local/lib/python3.10/dist-packages/turtlebot_interfaces-0.0.0-py3.10.egg-info
[4.942s] -- Installing: /home/robotica/turtle_bot_2/install/turtlebot_interfaces/local/lib/python3.10/dist-packages/turtlebot_interfaces-0.0.0-py3.10.egg-info/SOURCES.txt
[4.943s] -- Installing: /home/robotica/turtle_bot_2/install/turtlebot_interfaces/local/lib/python3.10/dist-packages/turtlebot_interfaces-0.0.0-py3.10.egg-info/PKG-INFO
[4.943s] -- Installing: /home/robotica/turtle_bot_2/install/turtlebot_interfaces/local/lib/python3.10/dist-packages/turtlebot_interfaces-0.0.0-py3.10.egg-info/dependency_links.txt
[4.943s] -- Installing: /home/robotica/turtle_bot_2/install/turtlebot_interfaces/local/lib/python3.10/dist-packages/turtlebot_interfaces-0.0.0-py3.10.egg-info/top_level.txt
[4.948s] -- Up-to-date: /home/robotica/turtle_bot_2/install/turtlebot_interfaces/local/lib/python3.10/dist-packages/turtlebot_interfaces
[4.948s] -- Up-to-date: /home/robotica/turtle_bot_2/install/turtlebot_interfaces/local/lib/python3.10/dist-packages/turtlebot_interfaces/turtlebot_interfaces_s__rosidl_typesupport_c.cpython-310-x86_64-linux-gnu.so
[4.948s] -- Up-to-date: /home/robotica/turtle_bot_2/install/turtlebot_interfaces/local/lib/python3.10/dist-packages/turtlebot_interfaces/_turtlebot_interfaces_s.ep.rosidl_typesupport_introspection_c.c
[4.948s] -- Up-to-date: /home/robotica/turtle_bot_2/install/turtlebot_interfaces/local/lib/python3.10/dist-packages/turtlebot_interfaces/srv
[4.948s] -- Up-to-date: /home/robotica/turtle_bot_2/install/turtlebot_interfaces/local/lib/python3.10/dist-packages/turtlebot_interfaces/srv/_reproducir.py
[4.949s] -- Up-to-date: /home/robotica/turtle_bot_2/install/turtlebot_interfaces/local/lib/python3.10/dist-packages/turtlebot_interfaces/srv/__init__.py
[4.949s] -- Up-to-date: /home/robotica/turtle_bot_2/install/turtlebot_interfaces/local/lib/python3.10/dist-packages/turtlebot_interfaces/srv/_reproducir_s.c
[4.949s] -- Up-to-date: /home/robotica/turtle_bot_2/install/turtlebot_interfaces/local/lib/python3.10/dist-packages/turtlebot_interfaces/libturtlebot_interfaces_srv__rosidl_generator_py.so
[4.949s] -- Up-to-date: /home/robotica/turtle_bot_2/install/turtlebot_interfaces/local/lib/python3.10/dist-packages/turtlebot_interfaces/turtlebot_interfaces_s__rosidl_typesupport_introspection_c.cpython-310-x86_64-linux-gnu.so
[4.949s] -- Up-to-date: /home/robotica/turtle_bot_2/install/turtlebot_interfaces/local/lib/python3.10/dist-packages/turtlebot_interfaces/_turtlebot_interfaces_s.ep.rosidl_typesupport_fastrtps_c.c
[4.949s] -- Up-to-date: /home/robotica/turtle_bot_2/install/turtlebot_interfaces/local/lib/python3.10/dist-packages/turtlebot_interfaces/turtlebot_interfaces_s__rosidl_typesupport_fastrtps_c.cpython-310-x86_64-linux-gnu.so
[4.950s] -- Installing: /home/robotica/turtle_bot_2/install/turtlebot_interfaces/local/lib/python3.10/dist-packages/turtlebot_interfaces/__init__.py
[4.950s] -- Up-to-date: /home/robotica/turtle_bot_2/install/turtlebot_interfaces/local/lib/python3.10/dist-packages/turtlebot_interfaces/_turtlebot_interfaces_s.ep.rosidl_typesupport_c.c
[5.039s] Listing '/home/robotica/turtle_bot_2/install/turtlebot_interfaces/local/lib/python3.10/dist-packages/turtlebot_interfaces'...
[5.039s] Compiling '/home/robotica/turtle_bot_2/install/turtlebot_interfaces/local/lib/python3.10/dist-packages/turtlebot_interfaces/__init__.py'...
[5.039s] Listing '/home/robotica/turtle_bot_2/install/turtlebot_interfaces/local/lib/python3.10/dist-packages/turtlebot_interfaces/srv'...
[5.051s] -- Up-to-date: /home/robotica/turtle_bot_2/install/turtlebot_interfaces/local/lib/python3.10/dist-packages/turtlebot_interfaces/turtlebot_interfaces_s__rosidl_typesupport_fastrtps_c.cpython-310-x86_64-linux-gnu.so
[5.052s] -- Up-to-date: /home/robotica/turtle_bot_2/install/turtlebot_interfaces/local/lib/python3.10/dist-packages/turtlebot_interfaces/turtlebot_interfaces_s__rosidl_typesupport_introspection_c.cpython-310-x86_64-linux-gnu.so
[5.052s] -- Up-to-date: /home/robotica/turtle_bot_2/install/turtlebot_interfaces/local/lib/python3.10/dist-packages/turtlebot_interfaces/turtlebot_interfaces_s__rosidl_typesupport_c.cpython-310-x86_64-linux-gnu.so
[5.054s] -- Up-to-date: /home/robotica/turtle_bot_2/install/turtlebot_interfaces/lib/libturtlebot_interfaces_srv__rosidl_generator_py.so
[5.054s] -- Up-to-date: /home/robotica/turtle_bot_2/install/turtlebot_interfaces/share/turtlebot_interfaces/srv/Reproducir.idl
[5.057s] -- Installing: /home/robotica/turtle_bot_2/install/turtlebot_interfaces/share/turtlebot_interfaces/srv/Reproducir.srv
[5.057s] -- Up-to-date: /home/robotica/turtle_bot_2/install/turtlebot_interfaces/share/turtlebot_interfaces/srv/Reproducir_Request.msg
[5.058s] -- Up-to-date: /home/robotica/turtle_bot_2/install/turtlebot_interfaces/share/turtlebot_interfaces/srv/Reproducir_Response.msg
[5.058s] -- Up-to-date: /home/robotica/turtle_bot_2/install/turtlebot_interfaces/share/ament_index/resource_index/package_run_dependencies/turtlebot_interfaces
[5.058s] -- Installing: /home/robotica/turtle_bot_2/install/turtlebot_interfaces/share/ament_index/resource_index/parent_prefix_path/turtlebot_interfaces
[5.058s] -- Up-to-date: /home/robotica/turtle_bot_2/install/turtlebot_interfaces/share/turtlebot_interfaces/environment/ament_prefix_path.sh
[5.059s] -- Installing: /home/robotica/turtle_bot_2/install/turtlebot_interfaces/share/turtlebot_interfaces/environment/ament_prefix_path.dsv
[5.060s] -- Up-to-date: /home/robotica/turtle_bot_2/install/turtlebot_interfaces/share/turtlebot_interfaces/environment/path.sh
[5.060s] -- Installing: /home/robotica/turtle_bot_2/install/turtlebot_interfaces/share/turtlebot_interfaces/environment/path.dsv
[5.062s] -- Up-to-date: /home/robotica/turtle_bot_2/install/turtlebot_interfaces/share/turtlebot_interfaces/local_setup.bash
[5.063s] -- Up-to-date: /home/robotica/turtle_bot_2/install/turtlebot_interfaces/share/turtlebot_interfaces/local_setup.sh
[5.063s] -- Up-to-date: /home/robotica/turtle_bot_2/install/turtlebot_interfaces/share/turtlebot_interfaces/local_setup.zsh
[5.063s] -- Installing: /home/robotica/turtle_bot_2/install/turtlebot_interfaces/share/turtlebot_interfaces/local_setup.dsv
[5.064s] -- Installing: /home/robotica/turtle_bot_2/install/turtlebot_interfaces/share/turtlebot_interfaces/package.dsv
[5.064s] -- Up-to-date: /home/robotica/turtle_bot_2/install/turtlebot_interfaces/share/ament_index/resource_index/packages/turtlebot_interfaces
[5.065s] -- Up-to-date: /home/robotica/turtle_bot_2/install/turtlebot_interfaces/share/turtlebot_interfaces/cmake/export_turtlebot_interfaces_srv__rosidl_generator_cExport.cmake
[5.067s] -- Up-to-date: /home/robotica/turtle_bot_2/install/turtlebot_interfaces/share/turtlebot_interfaces/cmake/export_turtlebot_interfaces_srv__rosidl_generator_cExport-noconfig.cmake
[5.067s] -- Up-to-date: /home/robotica/turtle_bot_2/install/turtlebot_interfaces/share/turtlebot_interfaces/cmake/export_turtlebot_interfaces_srv__rosidl_typesupport_fastrtps_cExport.cmake
[5.067s] -- Up-to-date: /home/robotica/turtle_bot_2/install/turtlebot_interfaces/share/turtlebot_interfaces/cmake/export_turtlebot_interfaces_srv__rosidl_typesupport_fastrtps_cExport-noconfig.cmake
[5.068s] -- Up-to-date: /home/robotica/turtle_bot_2/install/turtlebot_interfaces/share/turtlebot_interfaces/cmake/turtlebot_interfaces_srv__rosidl_typesupport_introspection_cExport.cmake
[5.068s] -- Up-to-date: /home/robotica/turtle_bot_2/install/turtlebot_interfaces/share/turtlebot_interfaces/cmake/turtlebot_interfaces_srv__rosidl_typesupport_introspection_cExport-noconfig.cmake
[5.068s] -- Up-to-date: /home/robotica/turtle_bot_2/install/turtlebot_interfaces/share/turtlebot_interfaces/cmake/turtlebot_interfaces_srv__rosidl_typesupport_cExport.cmake
[5.071s] -- Up-to-date: /home/robotica/turtle_bot_2/install/turtlebot_interfaces/share/turtlebot_interfaces/cmake/turtlebot_interfaces_srv__rosidl_typesupport_cExport-noconfig.cmake
[5.071s] -- Up-to-date: /home/robotica/turtle_bot_2/install/turtlebot_interfaces/share/turtlebot_interfaces/cmake/export_turtlebot_interfaces_srv__rosidl_generator_cppExport.cmake
[5.072s] -- Up-to-date: /home/robotica/turtle_bot_2/install/turtlebot_interfaces/share/turtlebot_interfaces/cmake/export_turtlebot_interfaces_srv__rosidl_typesupport_fastrtps_cppExport.cmake
[5.072s] -- Up-to-date: /home/robotica/turtle_bot_2/install/turtlebot_interfaces/share/turtlebot_interfaces/cmake/export_turtlebot_interfaces_srv__rosidl_typesupport_fastrtps_cppExport-noconfig.cmake
[5.072s] -- Up-to-date: /home/robotica/turtle_bot_2/install/turtlebot_interfaces/share/turtlebot_interfaces/cmake/turtlebot_interfaces_srv__rosidl_typesupport_introspection_cppExport.cmake
[5.072s] -- Up-to-date: /home/robotica/turtle_bot_2/install/turtlebot_interfaces/share/turtlebot_interfaces/cmake/turtlebot_interfaces_srv__rosidl_typesupport_introspection_cppExport-noconfig.cmake
[5.073s] -- Up-to-date: /home/robotica/turtle_bot_2/install/turtlebot_interfaces/share/turtlebot_interfaces/cmake/turtlebot_interfaces_srv__rosidl_typesupport_cppExport.cmake
[5.074s] -- Up-to-date: /home/robotica/turtle_bot_2/install/turtlebot_interfaces/share/turtlebot_interfaces/cmake/turtlebot_interfaces_srv__rosidl_typesupport_cppExport-noconfig.cmake
[5.074s] -- Up-to-date: /home/robotica/turtle_bot_2/install/turtlebot_interfaces/share/turtlebot_interfaces/cmake/export_turtlebot_interfaces_srv__rosidl_generator_pyExport.cmake
[5.074s] -- Up-to-date: /home/robotica/turtle_bot_2/install/turtlebot_interfaces/share/turtlebot_interfaces/cmake/export_turtlebot_interfaces_srv__rosidl_generator_pyExport-noconfig.cmake
[5.075s] -- Up-to-date: /home/robotica/turtle_bot_2/install/turtlebot_interfaces/share/turtlebot_interfaces/cmake/rosidl_cmake-extras.cmake
[5.075s] -- Up-to-date: /home/robotica/turtle_bot_2/install/turtlebot_interfaces/share/turtlebot_interfaces/cmake/ament_cmake_export_include_directories-extras.cmake
[5.076s] -- Up-to-date: /home/robotica/turtle_bot_2/install/turtlebot_interfaces/share/turtlebot_interfaces/cmake/ament_cmake_export_libraries-extras.cmake
[5.076s] -- Up-to-date: /home/robotica/turtle_bot_2/install/turtlebot_interfaces/share/turtlebot_interfaces/cmake/ament_cmake_export_targets-extras.cmake
[5.078s] -- Up-to-date: /home/robotica/turtle_bot_2/install/turtlebot_interfaces/share/turtlebot_interfaces/cmake/rosidl_cmake_export_typesupport_targets-extras.cmake
[5.078s] -- Up-to-date: /home/robotica/turtle_bot_2/install/turtlebot_interfaces/share/turtlebot_interfaces/cmake/ament_cmake_export_dependencies-extras.cmake
[5.078s] -- Up-to-date: /home/robotica/turtle_bot_2/install/turtlebot_interfaces/share/turtlebot_interfaces/cmake/rosidl_cmake_export_typesupport_libraries-extras.cmake
[5.078s] -- Up-to-date: /home/robotica/turtle_bot_2/install/turtlebot_interfaces/share/turtlebot_interfaces/cmake/turtlebot_interfacesConfig.cmake
[5.078s] -- Up-to-date: /home/robotica/turtle_bot_2/install/turtlebot_interfaces/share/turtlebot_interfaces/cmake/turtlebot_interfacesConfig-version.cmake
[5.080s] -- Installing: /home/robotica/turtle_bot_2/install/turtlebot_interfaces/share/turtlebot_interfaces/package.xml
[5.092s] Invoked command in '/home/robotica/turtle_bot_2/build/turtlebot_interfaces' returned '0': CMAKE_PREFIX_PATH=${CMAKE_PREFIX_PATH}:/home/robotica/turtle_bot_2/install/turtle_bot_2:/opt/ros/humble /usr/bin/cmake --install /home/robotica/turtle_bot_2/build/turtlebot_interfaces
