[2.538s] Invoking command in '/home/robotica/turtle_bot_2/src/turtle_bot_2': AMENT_PREFIX_PATH=/home/robotica/turtle_bot_2/install/turtlebot_interfaces:${AMENT_PREFIX_PATH} CMAKE_PREFIX_PATH=/home/robotica/turtle_bot_2/install/turtlebot_interfaces LD_LIBRARY_PATH=/home/robotica/turtle_bot_2/install/turtlebot_interfaces/lib:${LD_LIBRARY_PATH} PYTHONPATH=/home/robotica/turtle_bot_2/build/turtle_bot_2/prefix_override:/home/robotica/turtle_bot_2/install/turtle_bot_2/lib/python3.10/site-packages:/home/robotica/turtle_bot_2/install/turtlebot_interfaces/local/lib/python3.10/dist-packages:${PYTHONPATH} /usr/bin/python3 setup.py egg_info --egg-base ../../build/turtle_bot_2 build --build-base /home/robotica/turtle_bot_2/build/turtle_bot_2/build install --record /home/robotica/turtle_bot_2/build/turtle_bot_2/install.log --single-version-externally-managed
[3.464s] running egg_info
[3.472s] writing ../../build/turtle_bot_2/turtle_bot_2.egg-info/PKG-INFO
[3.473s] writing dependency_links to ../../build/turtle_bot_2/turtle_bot_2.egg-info/dependency_links.txt
[3.473s] writing entry points to ../../build/turtle_bot_2/turtle_bot_2.egg-info/entry_points.txt
[3.474s] writing requirements to ../../build/turtle_bot_2/turtle_bot_2.egg-info/requires.txt
[3.474s] writing top-level names to ../../build/turtle_bot_2/turtle_bot_2.egg-info/top_level.txt
[3.482s] reading manifest file '../../build/turtle_bot_2/turtle_bot_2.egg-info/SOURCES.txt'
[3.487s] writing manifest file '../../build/turtle_bot_2/turtle_bot_2.egg-info/SOURCES.txt'
[3.492s] running build
[3.493s] running build_py
[3.494s] copying turtle_bot_2/turtle_bot_player.py -> /home/robotica/turtle_bot_2/build/turtle_bot_2/build/lib/turtle_bot_2
[3.495s] copying turtle_bot_2/turtle_bot_interface.py -> /home/robotica/turtle_bot_2/build/turtle_bot_2/build/lib/turtle_bot_2
[3.499s] copying turtle_bot_2/__init__.py -> /home/robotica/turtle_bot_2/build/turtle_bot_2/build/lib/turtle_bot_2
[3.500s] copying turtle_bot_2/turtle_bot_teleop.py -> /home/robotica/turtle_bot_2/build/turtle_bot_2/build/lib/turtle_bot_2
[3.501s] running install
[3.508s] /usr/lib/python3/dist-packages/setuptools/command/install.py:34: SetuptoolsDeprecationWarning: setup.py install is deprecated. Use build and pip and other standards-based tools.
[3.508s]   warnings.warn(
[3.508s] running install_lib
[3.508s] copying /home/robotica/turtle_bot_2/build/turtle_bot_2/build/lib/turtle_bot_2/turtle_bot_player.py -> /home/robotica/turtle_bot_2/install/turtle_bot_2/lib/python3.10/site-packages/turtle_bot_2
[3.511s] copying /home/robotica/turtle_bot_2/build/turtle_bot_2/build/lib/turtle_bot_2/turtle_bot_interface.py -> /home/robotica/turtle_bot_2/install/turtle_bot_2/lib/python3.10/site-packages/turtle_bot_2
[3.512s] copying /home/robotica/turtle_bot_2/build/turtle_bot_2/build/lib/turtle_bot_2/__init__.py -> /home/robotica/turtle_bot_2/install/turtle_bot_2/lib/python3.10/site-packages/turtle_bot_2
[3.512s] copying /home/robotica/turtle_bot_2/build/turtle_bot_2/build/lib/turtle_bot_2/turtle_bot_teleop.py -> /home/robotica/turtle_bot_2/install/turtle_bot_2/lib/python3.10/site-packages/turtle_bot_2
[3.516s] byte-compiling /home/robotica/turtle_bot_2/install/turtle_bot_2/lib/python3.10/site-packages/turtle_bot_2/turtle_bot_player.py to turtle_bot_player.cpython-310.pyc
[3.520s] byte-compiling /home/robotica/turtle_bot_2/install/turtle_bot_2/lib/python3.10/site-packages/turtle_bot_2/turtle_bot_interface.py to turtle_bot_interface.cpython-310.pyc
[3.526s] byte-compiling /home/robotica/turtle_bot_2/install/turtle_bot_2/lib/python3.10/site-packages/turtle_bot_2/__init__.py to __init__.cpython-310.pyc
[3.526s] byte-compiling /home/robotica/turtle_bot_2/install/turtle_bot_2/lib/python3.10/site-packages/turtle_bot_2/turtle_bot_teleop.py to turtle_bot_teleop.cpython-310.pyc
[3.531s] running install_data
[3.536s] copying resource/turtle_bot_2 -> /home/robotica/turtle_bot_2/install/turtle_bot_2/share/ament_index/resource_index/packages
[3.536s] copying package.xml -> /home/robotica/turtle_bot_2/install/turtle_bot_2/share/turtle_bot_2
[3.536s] running install_egg_info
[3.542s] removing '/home/robotica/turtle_bot_2/install/turtle_bot_2/lib/python3.10/site-packages/turtle_bot_2-0.0.0-py3.10.egg-info' (and everything under it)
[3.543s] Copying ../../build/turtle_bot_2/turtle_bot_2.egg-info to /home/robotica/turtle_bot_2/install/turtle_bot_2/lib/python3.10/site-packages/turtle_bot_2-0.0.0-py3.10.egg-info
[3.548s] running install_scripts
[3.637s] Installing turtle_bot_interface script to /home/robotica/turtle_bot_2/install/turtle_bot_2/lib/turtle_bot_2
[3.638s] Installing turtle_bot_player script to /home/robotica/turtle_bot_2/install/turtle_bot_2/lib/turtle_bot_2
[3.640s] Installing turtle_bot_teleop script to /home/robotica/turtle_bot_2/install/turtle_bot_2/lib/turtle_bot_2
[3.642s] writing list of installed files to '/home/robotica/turtle_bot_2/build/turtle_bot_2/install.log'
[3.818s] Invoked command in '/home/robotica/turtle_bot_2/src/turtle_bot_2' returned '0': AMENT_PREFIX_PATH=/home/robotica/turtle_bot_2/install/turtlebot_interfaces:${AMENT_PREFIX_PATH} CMAKE_PREFIX_PATH=/home/robotica/turtle_bot_2/install/turtlebot_interfaces LD_LIBRARY_PATH=/home/robotica/turtle_bot_2/install/turtlebot_interfaces/lib:${LD_LIBRARY_PATH} PYTHONPATH=/home/robotica/turtle_bot_2/build/turtle_bot_2/prefix_override:/home/robotica/turtle_bot_2/install/turtle_bot_2/lib/python3.10/site-packages:/home/robotica/turtle_bot_2/install/turtlebot_interfaces/local/lib/python3.10/dist-packages:${PYTHONPATH} /usr/bin/python3 setup.py egg_info --egg-base ../../build/turtle_bot_2 build --build-base /home/robotica/turtle_bot_2/build/turtle_bot_2/build install --record /home/robotica/turtle_bot_2/build/turtle_bot_2/install.log --single-version-externally-managed
