[1.700s] Invoking command in '/home/robotica/turtle_bot_2/src/turtle_bot_2': AMENT_PREFIX_PATH=/home/robotica/turtle_bot_2/install/turtlebot_interfaces:${AMENT_PREFIX_PATH} CMAKE_PREFIX_PATH=/home/robotica/turtle_bot_2/install/turtlebot_interfaces LD_LIBRARY_PATH=/home/robotica/turtle_bot_2/install/turtlebot_interfaces/lib:${LD_LIBRARY_PATH} PYTHONPATH=/home/robotica/turtle_bot_2/build/turtle_bot_2/prefix_override:/home/robotica/turtle_bot_2/install/turtle_bot_2/lib/python3.10/site-packages:/home/robotica/turtle_bot_2/install/turtlebot_interfaces/local/lib/python3.10/dist-packages:${PYTHONPATH} /usr/bin/python3 setup.py egg_info --egg-base ../../build/turtle_bot_2 build --build-base /home/robotica/turtle_bot_2/build/turtle_bot_2/build install --record /home/robotica/turtle_bot_2/build/turtle_bot_2/install.log --single-version-externally-managed
[2.372s] running egg_info
[2.373s] writing ../../build/turtle_bot_2/turtle_bot_2.egg-info/PKG-INFO
[2.381s] writing dependency_links to ../../build/turtle_bot_2/turtle_bot_2.egg-info/dependency_links.txt
[2.382s] writing entry points to ../../build/turtle_bot_2/turtle_bot_2.egg-info/entry_points.txt
[2.382s] writing requirements to ../../build/turtle_bot_2/turtle_bot_2.egg-info/requires.txt
[2.383s] writing top-level names to ../../build/turtle_bot_2/turtle_bot_2.egg-info/top_level.txt
[2.389s] reading manifest file '../../build/turtle_bot_2/turtle_bot_2.egg-info/SOURCES.txt'
[2.391s] writing manifest file '../../build/turtle_bot_2/turtle_bot_2.egg-info/SOURCES.txt'
[2.393s] running build
[2.393s] running build_py
[2.394s] copying turtle_bot_2/turtle_bot_player.py -> /home/robotica/turtle_bot_2/build/turtle_bot_2/build/lib/turtle_bot_2
[2.394s] running install
[2.396s] /usr/lib/python3/dist-packages/setuptools/command/install.py:34: SetuptoolsDeprecationWarning: setup.py install is deprecated. Use build and pip and other standards-based tools.
[2.396s]   warnings.warn(
[2.399s] running install_lib
[2.400s] copying /home/robotica/turtle_bot_2/build/turtle_bot_2/build/lib/turtle_bot_2/turtle_bot_player.py -> /home/robotica/turtle_bot_2/install/turtle_bot_2/lib/python3.10/site-packages/turtle_bot_2
[2.403s] byte-compiling /home/robotica/turtle_bot_2/install/turtle_bot_2/lib/python3.10/site-packages/turtle_bot_2/turtle_bot_player.py to turtle_bot_player.cpython-310.pyc
[2.404s] running install_data
[2.406s] running install_egg_info
[2.410s] removing '/home/robotica/turtle_bot_2/install/turtle_bot_2/lib/python3.10/site-packages/turtle_bot_2-0.0.0-py3.10.egg-info' (and everything under it)
[2.411s] Copying ../../build/turtle_bot_2/turtle_bot_2.egg-info to /home/robotica/turtle_bot_2/install/turtle_bot_2/lib/python3.10/site-packages/turtle_bot_2-0.0.0-py3.10.egg-info
[2.413s] running install_scripts
[2.466s] Installing turtle_bot_interface script to /home/robotica/turtle_bot_2/install/turtle_bot_2/lib/turtle_bot_2
[2.467s] Installing turtle_bot_player script to /home/robotica/turtle_bot_2/install/turtle_bot_2/lib/turtle_bot_2
[2.467s] Installing turtle_bot_teleop script to /home/robotica/turtle_bot_2/install/turtle_bot_2/lib/turtle_bot_2
[2.468s] writing list of installed files to '/home/robotica/turtle_bot_2/build/turtle_bot_2/install.log'
[2.544s] Invoked command in '/home/robotica/turtle_bot_2/src/turtle_bot_2' returned '0': AMENT_PREFIX_PATH=/home/robotica/turtle_bot_2/install/turtlebot_interfaces:${AMENT_PREFIX_PATH} CMAKE_PREFIX_PATH=/home/robotica/turtle_bot_2/install/turtlebot_interfaces LD_LIBRARY_PATH=/home/robotica/turtle_bot_2/install/turtlebot_interfaces/lib:${LD_LIBRARY_PATH} PYTHONPATH=/home/robotica/turtle_bot_2/build/turtle_bot_2/prefix_override:/home/robotica/turtle_bot_2/install/turtle_bot_2/lib/python3.10/site-packages:/home/robotica/turtle_bot_2/install/turtlebot_interfaces/local/lib/python3.10/dist-packages:${PYTHONPATH} /usr/bin/python3 setup.py egg_info --egg-base ../../build/turtle_bot_2 build --build-base /home/robotica/turtle_bot_2/build/turtle_bot_2/build install --record /home/robotica/turtle_bot_2/build/turtle_bot_2/install.log --single-version-externally-managed
