[0.021s] Invoking command in '/home/robotica/Desktop/Taller1/turtle_bot_2/src/build/turtlebot_interfaces': CMAKE_PREFIX_PATH=${CMAKE_PREFIX_PATH}:/home/robotica/Desktop/Taller1/turtle_bot_2/src/install/turtle_bot_2:/opt/ros/humble /usr/bin/cmake --build /home/robotica/Desktop/Taller1/turtle_bot_2/src/build/turtlebot_interfaces -- -j1 -l1
[0.100s] [  9%] Built target turtlebot_interfaces_srv__rosidl_generator_c
[0.181s] [ 19%] Built target turtlebot_interfaces_srv__rosidl_typesupport_introspection_c
[0.211s] [ 29%] Built target turtlebot_interfaces_srv__rosidl_typesupport_c
[0.355s] [ 32%] Built target turtlebot_interfaces_srv__cpp
[0.473s] [ 41%] Built target turtlebot_interfaces_srv__rosidl_typesupport_fastrtps_cpp
[0.602s] [ 51%] Built target turtlebot_interfaces_srv__rosidl_typesupport_introspection_cpp
[0.682s] [ 61%] Built target turtlebot_interfaces_srv__rosidl_typesupport_cpp
[0.720s] [ 70%] Built target turtlebot_interfaces_srv__rosidl_typesupport_fastrtps_c
[0.771s] [ 70%] Built target turtlebot_interfaces_srv
[0.847s] [ 70%] Built target ament_cmake_python_copy_turtlebot_interfaces
[1.356s] running egg_info
[1.362s] writing turtlebot_interfaces.egg-info/PKG-INFO
[1.368s] writing dependency_links to turtlebot_interfaces.egg-info/dependency_links.txt
[1.370s] writing top-level names to turtlebot_interfaces.egg-info/top_level.txt
[1.375s] reading manifest file 'turtlebot_interfaces.egg-info/SOURCES.txt'
[1.378s] writing manifest file 'turtlebot_interfaces.egg-info/SOURCES.txt'
[1.443s] [ 70%] Built target ament_cmake_python_build_turtlebot_interfaces_egg
[1.469s] [ 74%] Built target turtlebot_interfaces_srv__py
[1.501s] [ 80%] Built target turtlebot_interfaces_srv__rosidl_generator_py
[1.544s] [ 87%] Built target turtlebot_interfaces__rosidl_typesupport_fastrtps_c__pyext
[1.583s] [ 93%] Built target turtlebot_interfaces__rosidl_typesupport_introspection_c__pyext
[1.609s] [100%] Built target turtlebot_interfaces__rosidl_typesupport_c__pyext
[1.647s] Invoked command in '/home/robotica/Desktop/Taller1/turtle_bot_2/src/build/turtlebot_interfaces' returned '0': CMAKE_PREFIX_PATH=${CMAKE_PREFIX_PATH}:/home/robotica/Desktop/Taller1/turtle_bot_2/src/install/turtle_bot_2:/opt/ros/humble /usr/bin/cmake --build /home/robotica/Desktop/Taller1/turtle_bot_2/src/build/turtlebot_interfaces -- -j1 -l1
[1.757s] Invoking command in '/home/robotica/Desktop/Taller1/turtle_bot_2/src/build/turtlebot_interfaces': CMAKE_PREFIX_PATH=${CMAKE_PREFIX_PATH}:/home/robotica/Desktop/Taller1/turtle_bot_2/src/install/turtle_bot_2:/opt/ros/humble /usr/bin/cmake --install /home/robotica/Desktop/Taller1/turtle_bot_2/src/build/turtlebot_interfaces
[1.776s] -- Install configuration: ""
[1.778s] -- Up-to-date: /home/robotica/Desktop/Taller1/turtle_bot_2/src/install/turtlebot_interfaces/share/ament_index/resource_index/rosidl_interfaces/turtlebot_interfaces
[1.780s] -- Up-to-date: /home/robotica/Desktop/Taller1/turtle_bot_2/src/install/turtlebot_interfaces/include/turtlebot_interfaces/turtlebot_interfaces
[1.782s] -- Up-to-date: /home/robotica/Desktop/Taller1/turtle_bot_2/src/install/turtlebot_interfaces/include/turtlebot_interfaces/turtlebot_interfaces/srv
[1.783s] -- Up-to-date: /home/robotica/Desktop/Taller1/turtle_bot_2/src/install/turtlebot_interfaces/include/turtlebot_interfaces/turtlebot_interfaces/srv/detail
[1.783s] -- Up-to-date: /home/robotica/Desktop/Taller1/turtle_bot_2/src/install/turtlebot_interfaces/include/turtlebot_interfaces/turtlebot_interfaces/srv/detail/reproducir__struct.h
[1.783s] -- Up-to-date: /home/robotica/Desktop/Taller1/turtle_bot_2/src/install/turtlebot_interfaces/include/turtlebot_interfaces/turtlebot_interfaces/srv/detail/reproducir__functions.h
[1.783s] -- Up-to-date: /home/robotica/Desktop/Taller1/turtle_bot_2/src/install/turtlebot_interfaces/include/turtlebot_interfaces/turtlebot_interfaces/srv/detail/reproducir__functions.c
[1.783s] -- Up-to-date: /home/robotica/Desktop/Taller1/turtle_bot_2/src/install/turtlebot_interfaces/include/turtlebot_interfaces/turtlebot_interfaces/srv/detail/reproducir__type_support.h
[1.783s] -- Up-to-date: /home/robotica/Desktop/Taller1/turtle_bot_2/src/install/turtlebot_interfaces/include/turtlebot_interfaces/turtlebot_interfaces/srv/reproducir.h
[1.784s] -- Up-to-date: /home/robotica/Desktop/Taller1/turtle_bot_2/src/install/turtlebot_interfaces/include/turtlebot_interfaces/turtlebot_interfaces/msg
[1.784s] -- Up-to-date: /home/robotica/Desktop/Taller1/turtle_bot_2/src/install/turtlebot_interfaces/include/turtlebot_interfaces/turtlebot_interfaces/msg/rosidl_generator_c__visibility_control.h
[1.784s] -- Up-to-date: /home/robotica/Desktop/Taller1/turtle_bot_2/src/install/turtlebot_interfaces/share/turtlebot_interfaces/environment/library_path.sh
[1.785s] -- Up-to-date: /home/robotica/Desktop/Taller1/turtle_bot_2/src/install/turtlebot_interfaces/share/turtlebot_interfaces/environment/library_path.dsv
[1.789s] -- Up-to-date: /home/robotica/Desktop/Taller1/turtle_bot_2/src/install/turtlebot_interfaces/lib/libturtlebot_interfaces__rosidl_generator_c.so
[1.789s] -- Up-to-date: /home/robotica/Desktop/Taller1/turtle_bot_2/src/install/turtlebot_interfaces/include/turtlebot_interfaces/turtlebot_interfaces
[1.790s] -- Up-to-date: /home/robotica/Desktop/Taller1/turtle_bot_2/src/install/turtlebot_interfaces/include/turtlebot_interfaces/turtlebot_interfaces/srv
[1.790s] -- Up-to-date: /home/robotica/Desktop/Taller1/turtle_bot_2/src/install/turtlebot_interfaces/include/turtlebot_interfaces/turtlebot_interfaces/srv/detail
[1.790s] -- Up-to-date: /home/robotica/Desktop/Taller1/turtle_bot_2/src/install/turtlebot_interfaces/include/turtlebot_interfaces/turtlebot_interfaces/srv/detail/reproducir__rosidl_typesupport_fastrtps_c.h
[1.790s] -- Up-to-date: /home/robotica/Desktop/Taller1/turtle_bot_2/src/install/turtlebot_interfaces/include/turtlebot_interfaces/turtlebot_interfaces/msg
[1.790s] -- Up-to-date: /home/robotica/Desktop/Taller1/turtle_bot_2/src/install/turtlebot_interfaces/include/turtlebot_interfaces/turtlebot_interfaces/msg/rosidl_typesupport_fastrtps_c__visibility_control.h
[1.791s] -- Up-to-date: /home/robotica/Desktop/Taller1/turtle_bot_2/src/install/turtlebot_interfaces/lib/libturtlebot_interfaces__rosidl_typesupport_fastrtps_c.so
[1.791s] -- Up-to-date: /home/robotica/Desktop/Taller1/turtle_bot_2/src/install/turtlebot_interfaces/include/turtlebot_interfaces/turtlebot_interfaces
[1.791s] -- Up-to-date: /home/robotica/Desktop/Taller1/turtle_bot_2/src/install/turtlebot_interfaces/include/turtlebot_interfaces/turtlebot_interfaces/srv
[1.791s] -- Up-to-date: /home/robotica/Desktop/Taller1/turtle_bot_2/src/install/turtlebot_interfaces/include/turtlebot_interfaces/turtlebot_interfaces/srv/detail
[1.792s] -- Up-to-date: /home/robotica/Desktop/Taller1/turtle_bot_2/src/install/turtlebot_interfaces/include/turtlebot_interfaces/turtlebot_interfaces/srv/detail/reproducir__rosidl_typesupport_introspection_c.h
[1.792s] -- Up-to-date: /home/robotica/Desktop/Taller1/turtle_bot_2/src/install/turtlebot_interfaces/include/turtlebot_interfaces/turtlebot_interfaces/srv/detail/reproducir__type_support.c
[1.792s] -- Up-to-date: /home/robotica/Desktop/Taller1/turtle_bot_2/src/install/turtlebot_interfaces/include/turtlebot_interfaces/turtlebot_interfaces/msg
[1.792s] -- Up-to-date: /home/robotica/Desktop/Taller1/turtle_bot_2/src/install/turtlebot_interfaces/include/turtlebot_interfaces/turtlebot_interfaces/msg/rosidl_typesupport_introspection_c__visibility_control.h
[1.792s] -- Up-to-date: /home/robotica/Desktop/Taller1/turtle_bot_2/src/install/turtlebot_interfaces/lib/libturtlebot_interfaces__rosidl_typesupport_introspection_c.so
[1.793s] -- Up-to-date: /home/robotica/Desktop/Taller1/turtle_bot_2/src/install/turtlebot_interfaces/lib/libturtlebot_interfaces__rosidl_typesupport_c.so
[1.793s] -- Up-to-date: /home/robotica/Desktop/Taller1/turtle_bot_2/src/install/turtlebot_interfaces/include/turtlebot_interfaces/turtlebot_interfaces
[1.793s] -- Up-to-date: /home/robotica/Desktop/Taller1/turtle_bot_2/src/install/turtlebot_interfaces/include/turtlebot_interfaces/turtlebot_interfaces/srv
[1.794s] -- Up-to-date: /home/robotica/Desktop/Taller1/turtle_bot_2/src/install/turtlebot_interfaces/include/turtlebot_interfaces/turtlebot_interfaces/srv/detail
[1.794s] -- Up-to-date: /home/robotica/Desktop/Taller1/turtle_bot_2/src/install/turtlebot_interfaces/include/turtlebot_interfaces/turtlebot_interfaces/srv/detail/reproducir__builder.hpp
[1.794s] -- Up-to-date: /home/robotica/Desktop/Taller1/turtle_bot_2/src/install/turtlebot_interfaces/include/turtlebot_interfaces/turtlebot_interfaces/srv/detail/reproducir__traits.hpp
[1.794s] -- Up-to-date: /home/robotica/Desktop/Taller1/turtle_bot_2/src/install/turtlebot_interfaces/include/turtlebot_interfaces/turtlebot_interfaces/srv/detail/reproducir__struct.hpp
[1.795s] -- Up-to-date: /home/robotica/Desktop/Taller1/turtle_bot_2/src/install/turtlebot_interfaces/include/turtlebot_interfaces/turtlebot_interfaces/srv/reproducir.hpp
[1.795s] -- Up-to-date: /home/robotica/Desktop/Taller1/turtle_bot_2/src/install/turtlebot_interfaces/include/turtlebot_interfaces/turtlebot_interfaces
[1.795s] -- Up-to-date: /home/robotica/Desktop/Taller1/turtle_bot_2/src/install/turtlebot_interfaces/include/turtlebot_interfaces/turtlebot_interfaces/srv
[1.795s] -- Up-to-date: /home/robotica/Desktop/Taller1/turtle_bot_2/src/install/turtlebot_interfaces/include/turtlebot_interfaces/turtlebot_interfaces/srv/detail
[1.795s] -- Up-to-date: /home/robotica/Desktop/Taller1/turtle_bot_2/src/install/turtlebot_interfaces/include/turtlebot_interfaces/turtlebot_interfaces/srv/detail/dds_fastrtps
[1.796s] -- Up-to-date: /home/robotica/Desktop/Taller1/turtle_bot_2/src/install/turtlebot_interfaces/include/turtlebot_interfaces/turtlebot_interfaces/srv/detail/reproducir__rosidl_typesupport_fastrtps_cpp.hpp
[1.796s] -- Up-to-date: /home/robotica/Desktop/Taller1/turtle_bot_2/src/install/turtlebot_interfaces/include/turtlebot_interfaces/turtlebot_interfaces/msg
[1.796s] -- Up-to-date: /home/robotica/Desktop/Taller1/turtle_bot_2/src/install/turtlebot_interfaces/include/turtlebot_interfaces/turtlebot_interfaces/msg/rosidl_typesupport_fastrtps_cpp__visibility_control.h
[1.796s] -- Up-to-date: /home/robotica/Desktop/Taller1/turtle_bot_2/src/install/turtlebot_interfaces/lib/libturtlebot_interfaces__rosidl_typesupport_fastrtps_cpp.so
[1.797s] -- Up-to-date: /home/robotica/Desktop/Taller1/turtle_bot_2/src/install/turtlebot_interfaces/include/turtlebot_interfaces/turtlebot_interfaces
[1.797s] -- Up-to-date: /home/robotica/Desktop/Taller1/turtle_bot_2/src/install/turtlebot_interfaces/include/turtlebot_interfaces/turtlebot_interfaces/srv
[1.797s] -- Up-to-date: /home/robotica/Desktop/Taller1/turtle_bot_2/src/install/turtlebot_interfaces/include/turtlebot_interfaces/turtlebot_interfaces/srv/detail
[1.798s] -- Up-to-date: /home/robotica/Desktop/Taller1/turtle_bot_2/src/install/turtlebot_interfaces/include/turtlebot_interfaces/turtlebot_interfaces/srv/detail/reproducir__rosidl_typesupport_introspection_cpp.hpp
[1.798s] -- Up-to-date: /home/robotica/Desktop/Taller1/turtle_bot_2/src/install/turtlebot_interfaces/include/turtlebot_interfaces/turtlebot_interfaces/srv/detail/reproducir__type_support.cpp
[1.798s] -- Up-to-date: /home/robotica/Desktop/Taller1/turtle_bot_2/src/install/turtlebot_interfaces/lib/libturtlebot_interfaces__rosidl_typesupport_introspection_cpp.so
[1.801s] -- Up-to-date: /home/robotica/Desktop/Taller1/turtle_bot_2/src/install/turtlebot_interfaces/lib/libturtlebot_interfaces__rosidl_typesupport_cpp.so
[1.802s] -- Up-to-date: /home/robotica/Desktop/Taller1/turtle_bot_2/src/install/turtlebot_interfaces/share/turtlebot_interfaces/environment/pythonpath.sh
[1.802s] -- Up-to-date: /home/robotica/Desktop/Taller1/turtle_bot_2/src/install/turtlebot_interfaces/share/turtlebot_interfaces/environment/pythonpath.dsv
[1.802s] -- Up-to-date: /home/robotica/Desktop/Taller1/turtle_bot_2/src/install/turtlebot_interfaces/local/lib/python3.10/dist-packages/turtlebot_interfaces-0.0.0-py3.10.egg-info
[1.802s] -- Installing: /home/robotica/Desktop/Taller1/turtle_bot_2/src/install/turtlebot_interfaces/local/lib/python3.10/dist-packages/turtlebot_interfaces-0.0.0-py3.10.egg-info/SOURCES.txt
[1.803s] -- Installing: /home/robotica/Desktop/Taller1/turtle_bot_2/src/install/turtlebot_interfaces/local/lib/python3.10/dist-packages/turtlebot_interfaces-0.0.0-py3.10.egg-info/PKG-INFO
[1.803s] -- Installing: /home/robotica/Desktop/Taller1/turtle_bot_2/src/install/turtlebot_interfaces/local/lib/python3.10/dist-packages/turtlebot_interfaces-0.0.0-py3.10.egg-info/dependency_links.txt
[1.803s] -- Installing: /home/robotica/Desktop/Taller1/turtle_bot_2/src/install/turtlebot_interfaces/local/lib/python3.10/dist-packages/turtlebot_interfaces-0.0.0-py3.10.egg-info/top_level.txt
[1.804s] -- Up-to-date: /home/robotica/Desktop/Taller1/turtle_bot_2/src/install/turtlebot_interfaces/local/lib/python3.10/dist-packages/turtlebot_interfaces
[1.804s] -- Up-to-date: /home/robotica/Desktop/Taller1/turtle_bot_2/src/install/turtlebot_interfaces/local/lib/python3.10/dist-packages/turtlebot_interfaces/turtlebot_interfaces_s__rosidl_typesupport_c.cpython-310-x86_64-linux-gnu.so
[1.805s] -- Up-to-date: /home/robotica/Desktop/Taller1/turtle_bot_2/src/install/turtlebot_interfaces/local/lib/python3.10/dist-packages/turtlebot_interfaces/_turtlebot_interfaces_s.ep.rosidl_typesupport_introspection_c.c
[1.805s] -- Up-to-date: /home/robotica/Desktop/Taller1/turtle_bot_2/src/install/turtlebot_interfaces/local/lib/python3.10/dist-packages/turtlebot_interfaces/srv
[1.805s] -- Up-to-date: /home/robotica/Desktop/Taller1/turtle_bot_2/src/install/turtlebot_interfaces/local/lib/python3.10/dist-packages/turtlebot_interfaces/srv/_reproducir.py
[1.805s] -- Up-to-date: /home/robotica/Desktop/Taller1/turtle_bot_2/src/install/turtlebot_interfaces/local/lib/python3.10/dist-packages/turtlebot_interfaces/srv/__init__.py
[1.805s] -- Up-to-date: /home/robotica/Desktop/Taller1/turtle_bot_2/src/install/turtlebot_interfaces/local/lib/python3.10/dist-packages/turtlebot_interfaces/srv/_reproducir_s.c
[1.806s] -- Up-to-date: /home/robotica/Desktop/Taller1/turtle_bot_2/src/install/turtlebot_interfaces/local/lib/python3.10/dist-packages/turtlebot_interfaces/libturtlebot_interfaces_srv__rosidl_generator_py.so
[1.806s] -- Up-to-date: /home/robotica/Desktop/Taller1/turtle_bot_2/src/install/turtlebot_interfaces/local/lib/python3.10/dist-packages/turtlebot_interfaces/turtlebot_interfaces_s__rosidl_typesupport_introspection_c.cpython-310-x86_64-linux-gnu.so
[1.806s] -- Up-to-date: /home/robotica/Desktop/Taller1/turtle_bot_2/src/install/turtlebot_interfaces/local/lib/python3.10/dist-packages/turtlebot_interfaces/_turtlebot_interfaces_s.ep.rosidl_typesupport_fastrtps_c.c
[1.806s] -- Up-to-date: /home/robotica/Desktop/Taller1/turtle_bot_2/src/install/turtlebot_interfaces/local/lib/python3.10/dist-packages/turtlebot_interfaces/turtlebot_interfaces_s__rosidl_typesupport_fastrtps_c.cpython-310-x86_64-linux-gnu.so
[1.806s] -- Up-to-date: /home/robotica/Desktop/Taller1/turtle_bot_2/src/install/turtlebot_interfaces/local/lib/python3.10/dist-packages/turtlebot_interfaces/__init__.py
[1.807s] -- Up-to-date: /home/robotica/Desktop/Taller1/turtle_bot_2/src/install/turtlebot_interfaces/local/lib/python3.10/dist-packages/turtlebot_interfaces/_turtlebot_interfaces_s.ep.rosidl_typesupport_c.c
[1.903s] Listing '/home/robotica/Desktop/Taller1/turtle_bot_2/src/install/turtlebot_interfaces/local/lib/python3.10/dist-packages/turtlebot_interfaces'...
[1.904s] Listing '/home/robotica/Desktop/Taller1/turtle_bot_2/src/install/turtlebot_interfaces/local/lib/python3.10/dist-packages/turtlebot_interfaces/srv'...
[1.926s] -- Up-to-date: /home/robotica/Desktop/Taller1/turtle_bot_2/src/install/turtlebot_interfaces/local/lib/python3.10/dist-packages/turtlebot_interfaces/turtlebot_interfaces_s__rosidl_typesupport_fastrtps_c.cpython-310-x86_64-linux-gnu.so
[1.926s] -- Up-to-date: /home/robotica/Desktop/Taller1/turtle_bot_2/src/install/turtlebot_interfaces/local/lib/python3.10/dist-packages/turtlebot_interfaces/turtlebot_interfaces_s__rosidl_typesupport_introspection_c.cpython-310-x86_64-linux-gnu.so
[1.927s] -- Up-to-date: /home/robotica/Desktop/Taller1/turtle_bot_2/src/install/turtlebot_interfaces/local/lib/python3.10/dist-packages/turtlebot_interfaces/turtlebot_interfaces_s__rosidl_typesupport_c.cpython-310-x86_64-linux-gnu.so
[1.927s] -- Up-to-date: /home/robotica/Desktop/Taller1/turtle_bot_2/src/install/turtlebot_interfaces/lib/libturtlebot_interfaces_srv__rosidl_generator_py.so
[1.928s] -- Up-to-date: /home/robotica/Desktop/Taller1/turtle_bot_2/src/install/turtlebot_interfaces/share/turtlebot_interfaces/srv/Reproducir.idl
[1.928s] -- Up-to-date: /home/robotica/Desktop/Taller1/turtle_bot_2/src/install/turtlebot_interfaces/share/turtlebot_interfaces/srv/Reproducir.srv
[1.928s] -- Up-to-date: /home/robotica/Desktop/Taller1/turtle_bot_2/src/install/turtlebot_interfaces/share/turtlebot_interfaces/srv/Reproducir_Request.msg
[1.928s] -- Up-to-date: /home/robotica/Desktop/Taller1/turtle_bot_2/src/install/turtlebot_interfaces/share/turtlebot_interfaces/srv/Reproducir_Response.msg
[1.929s] -- Up-to-date: /home/robotica/Desktop/Taller1/turtle_bot_2/src/install/turtlebot_interfaces/share/ament_index/resource_index/package_run_dependencies/turtlebot_interfaces
[1.929s] -- Up-to-date: /home/robotica/Desktop/Taller1/turtle_bot_2/src/install/turtlebot_interfaces/share/ament_index/resource_index/parent_prefix_path/turtlebot_interfaces
[1.929s] -- Up-to-date: /home/robotica/Desktop/Taller1/turtle_bot_2/src/install/turtlebot_interfaces/share/turtlebot_interfaces/environment/ament_prefix_path.sh
[1.929s] -- Up-to-date: /home/robotica/Desktop/Taller1/turtle_bot_2/src/install/turtlebot_interfaces/share/turtlebot_interfaces/environment/ament_prefix_path.dsv
[1.930s] -- Up-to-date: /home/robotica/Desktop/Taller1/turtle_bot_2/src/install/turtlebot_interfaces/share/turtlebot_interfaces/environment/path.sh
[1.930s] -- Up-to-date: /home/robotica/Desktop/Taller1/turtle_bot_2/src/install/turtlebot_interfaces/share/turtlebot_interfaces/environment/path.dsv
[1.937s] -- Up-to-date: /home/robotica/Desktop/Taller1/turtle_bot_2/src/install/turtlebot_interfaces/share/turtlebot_interfaces/local_setup.bash
[1.938s] -- Up-to-date: /home/robotica/Desktop/Taller1/turtle_bot_2/src/install/turtlebot_interfaces/share/turtlebot_interfaces/local_setup.sh
[1.938s] -- Up-to-date: /home/robotica/Desktop/Taller1/turtle_bot_2/src/install/turtlebot_interfaces/share/turtlebot_interfaces/local_setup.zsh
[1.938s] -- Up-to-date: /home/robotica/Desktop/Taller1/turtle_bot_2/src/install/turtlebot_interfaces/share/turtlebot_interfaces/local_setup.dsv
[1.939s] -- Installing: /home/robotica/Desktop/Taller1/turtle_bot_2/src/install/turtlebot_interfaces/share/turtlebot_interfaces/package.dsv
[1.941s] -- Up-to-date: /home/robotica/Desktop/Taller1/turtle_bot_2/src/install/turtlebot_interfaces/share/ament_index/resource_index/packages/turtlebot_interfaces
[1.941s] -- Up-to-date: /home/robotica/Desktop/Taller1/turtle_bot_2/src/install/turtlebot_interfaces/share/turtlebot_interfaces/cmake/export_turtlebot_interfaces_srv__rosidl_generator_cExport.cmake
[1.942s] -- Up-to-date: /home/robotica/Desktop/Taller1/turtle_bot_2/src/install/turtlebot_interfaces/share/turtlebot_interfaces/cmake/export_turtlebot_interfaces_srv__rosidl_generator_cExport-noconfig.cmake
[1.942s] -- Up-to-date: /home/robotica/Desktop/Taller1/turtle_bot_2/src/install/turtlebot_interfaces/share/turtlebot_interfaces/cmake/export_turtlebot_interfaces_srv__rosidl_typesupport_fastrtps_cExport.cmake
[1.942s] -- Up-to-date: /home/robotica/Desktop/Taller1/turtle_bot_2/src/install/turtlebot_interfaces/share/turtlebot_interfaces/cmake/export_turtlebot_interfaces_srv__rosidl_typesupport_fastrtps_cExport-noconfig.cmake
[1.942s] -- Up-to-date: /home/robotica/Desktop/Taller1/turtle_bot_2/src/install/turtlebot_interfaces/share/turtlebot_interfaces/cmake/turtlebot_interfaces_srv__rosidl_typesupport_introspection_cExport.cmake
[1.943s] -- Up-to-date: /home/robotica/Desktop/Taller1/turtle_bot_2/src/install/turtlebot_interfaces/share/turtlebot_interfaces/cmake/turtlebot_interfaces_srv__rosidl_typesupport_introspection_cExport-noconfig.cmake
[1.943s] -- Up-to-date: /home/robotica/Desktop/Taller1/turtle_bot_2/src/install/turtlebot_interfaces/share/turtlebot_interfaces/cmake/turtlebot_interfaces_srv__rosidl_typesupport_cExport.cmake
[1.943s] -- Up-to-date: /home/robotica/Desktop/Taller1/turtle_bot_2/src/install/turtlebot_interfaces/share/turtlebot_interfaces/cmake/turtlebot_interfaces_srv__rosidl_typesupport_cExport-noconfig.cmake
[1.944s] -- Up-to-date: /home/robotica/Desktop/Taller1/turtle_bot_2/src/install/turtlebot_interfaces/share/turtlebot_interfaces/cmake/export_turtlebot_interfaces_srv__rosidl_generator_cppExport.cmake
[1.944s] -- Up-to-date: /home/robotica/Desktop/Taller1/turtle_bot_2/src/install/turtlebot_interfaces/share/turtlebot_interfaces/cmake/export_turtlebot_interfaces_srv__rosidl_typesupport_fastrtps_cppExport.cmake
[1.944s] -- Up-to-date: /home/robotica/Desktop/Taller1/turtle_bot_2/src/install/turtlebot_interfaces/share/turtlebot_interfaces/cmake/export_turtlebot_interfaces_srv__rosidl_typesupport_fastrtps_cppExport-noconfig.cmake
[1.944s] -- Up-to-date: /home/robotica/Desktop/Taller1/turtle_bot_2/src/install/turtlebot_interfaces/share/turtlebot_interfaces/cmake/turtlebot_interfaces_srv__rosidl_typesupport_introspection_cppExport.cmake
[1.945s] -- Up-to-date: /home/robotica/Desktop/Taller1/turtle_bot_2/src/install/turtlebot_interfaces/share/turtlebot_interfaces/cmake/turtlebot_interfaces_srv__rosidl_typesupport_introspection_cppExport-noconfig.cmake
[1.945s] -- Up-to-date: /home/robotica/Desktop/Taller1/turtle_bot_2/src/install/turtlebot_interfaces/share/turtlebot_interfaces/cmake/turtlebot_interfaces_srv__rosidl_typesupport_cppExport.cmake
[1.945s] -- Up-to-date: /home/robotica/Desktop/Taller1/turtle_bot_2/src/install/turtlebot_interfaces/share/turtlebot_interfaces/cmake/turtlebot_interfaces_srv__rosidl_typesupport_cppExport-noconfig.cmake
[1.945s] -- Up-to-date: /home/robotica/Desktop/Taller1/turtle_bot_2/src/install/turtlebot_interfaces/share/turtlebot_interfaces/cmake/export_turtlebot_interfaces_srv__rosidl_generator_pyExport.cmake
[1.945s] -- Up-to-date: /home/robotica/Desktop/Taller1/turtle_bot_2/src/install/turtlebot_interfaces/share/turtlebot_interfaces/cmake/export_turtlebot_interfaces_srv__rosidl_generator_pyExport-noconfig.cmake
[1.945s] -- Up-to-date: /home/robotica/Desktop/Taller1/turtle_bot_2/src/install/turtlebot_interfaces/share/turtlebot_interfaces/cmake/rosidl_cmake-extras.cmake
[1.949s] -- Up-to-date: /home/robotica/Desktop/Taller1/turtle_bot_2/src/install/turtlebot_interfaces/share/turtlebot_interfaces/cmake/ament_cmake_export_include_directories-extras.cmake
[1.949s] -- Up-to-date: /home/robotica/Desktop/Taller1/turtle_bot_2/src/install/turtlebot_interfaces/share/turtlebot_interfaces/cmake/ament_cmake_export_libraries-extras.cmake
[1.949s] -- Up-to-date: /home/robotica/Desktop/Taller1/turtle_bot_2/src/install/turtlebot_interfaces/share/turtlebot_interfaces/cmake/ament_cmake_export_targets-extras.cmake
[1.950s] -- Up-to-date: /home/robotica/Desktop/Taller1/turtle_bot_2/src/install/turtlebot_interfaces/share/turtlebot_interfaces/cmake/rosidl_cmake_export_typesupport_targets-extras.cmake
[1.950s] -- Up-to-date: /home/robotica/Desktop/Taller1/turtle_bot_2/src/install/turtlebot_interfaces/share/turtlebot_interfaces/cmake/ament_cmake_export_dependencies-extras.cmake
[1.950s] -- Up-to-date: /home/robotica/Desktop/Taller1/turtle_bot_2/src/install/turtlebot_interfaces/share/turtlebot_interfaces/cmake/rosidl_cmake_export_typesupport_libraries-extras.cmake
[1.959s] -- Up-to-date: /home/robotica/Desktop/Taller1/turtle_bot_2/src/install/turtlebot_interfaces/share/turtlebot_interfaces/cmake/turtlebot_interfacesConfig.cmake
[1.960s] -- Up-to-date: /home/robotica/Desktop/Taller1/turtle_bot_2/src/install/turtlebot_interfaces/share/turtlebot_interfaces/cmake/turtlebot_interfacesConfig-version.cmake
[1.960s] -- Up-to-date: /home/robotica/Desktop/Taller1/turtle_bot_2/src/install/turtlebot_interfaces/share/turtlebot_interfaces/package.xml
[1.960s] Invoked command in '/home/robotica/Desktop/Taller1/turtle_bot_2/src/build/turtlebot_interfaces' returned '0': CMAKE_PREFIX_PATH=${CMAKE_PREFIX_PATH}:/home/robotica/Desktop/Taller1/turtle_bot_2/src/install/turtle_bot_2:/opt/ros/humble /usr/bin/cmake --install /home/robotica/Desktop/Taller1/turtle_bot_2/src/build/turtlebot_interfaces
